step 1 launching with inputs scope and file as follows:
/scratch/ejdennis/cm2_brains/X073/488/
smartspim
QStandardPaths: XDG_RUNTIME_DIR points to non-existing path '/run/user/2333', please create it with 0700 permissions.
libEGL warning: DRI2: failed to create any config
libEGL warning: DRI2: failed to create any config
libEGL warning: DRI2: failed to create any config
libEGL warning: DRI2: failed to create any config
about to import workspace
starting
sysarg v output is ['cell_detect.py', '1', '/scratch/ejdennis/cm2_brains/X073/488/', 'smartspim']
/n params are k5, 130
Workspace[CellMap]{/scratch/ejdennis/cm2_brains/X073/488}
              raw: Z<Z,4>.tif {4124 files, ('Z',): (0,) -> (4123,)}
 autofluorescence: no file
         stitched: stitched.npy
           layout: no file
       background: no file
        resampled: no file
resampled_to_auto: no file
auto_to_reference: no file
            cells: no file
          density: no file

None
splitting into blocks
Estimated block size 20 in 229 blocks!
Optimizing block size to fit number of processes!
Optimized block size 20 unchanged in 229 blocks!
Final blocks : 229
Final blocks : [(0, 20), (18, 38), (36, 56), (54, 74), (72, 92), (90, 110), (108, 128), (126, 146), (144, 164), (162, 182)]...
Final borders: [(0, 19), (19, 37), (37, 55), (55, 73), (73, 91), (91, 109), (109, 127), (127, 145), (145, 163), (163, 181)]...
Final sizes  : [20]
Done splitting into blocks
Workspace[CellMap]{/scratch/ejdennis/cm2_brains/X073/488}
              raw: Z<Z,4>.tif {4124 files, ('Z',): (0,) -> (4123,)}
 autofluorescence: no file
         stitched: stitched.npy
           layout: no file
       background: no file
        resampled: no file
resampled_to_auto: no file
auto_to_reference: no file
            cells: no file
          density: no file

None
Running cell detection on single block: blocks[34]
