In the directory: /jukebox/LightSheetData/rat-brody/processed/201910_tracing/clearmap/z265/ClearMapCluster 
As the user: pnilsadmin 
on host: redshirt-n25 
Cpus_allowed_list:	0
Array Allocation Number: 18739715
Array Index: 0
['run_clearmap_cluster.py', '0', '0']
0

*******************STEP 0**********************************

606 *Complete* Zplanes found for /jukebox/LightSheetTransfer/brody/z265

Checking for bad missing files:
     Bad planes per channel:
     {'0000': []}

1 Channels found

1x by 1y tile scan determined

1 Light Sheet(s) found. 1 Horizontal Focus Determined


USING RAW DATA

Generated volume class(cellch) channel(00) pth: /jukebox/LightSheetTransfer/brody/z265

Params dictionary made.
Saved as /jukebox/LightSheetData/rat-brody/processed/201910_tracing/clearmap/z265/param_dict.p