In the directory: /scratch/ejdennis/rat_BrainPipe/ClearMapCluster 
As the user: ejdennis 
on host: spock7-c2-1 
Cpus_allowed_list:	9,11,13,15,17,19,21,23
Array Allocation Number: 19661013
Array Index: 2
In file included from /usr/people/ejdennis/.conda/envs/idisco/lib/python3.7/site-packages/numpy/core/include/numpy/ndarraytypes.h:1822:0,
                 from /usr/people/ejdennis/.conda/envs/idisco/lib/python3.7/site-packages/numpy/core/include/numpy/ndarrayobject.h:12,
                 from /usr/people/ejdennis/.conda/envs/idisco/lib/python3.7/site-packages/numpy/core/include/numpy/arrayobject.h:4,
                 from /usr/people/ejdennis/.pyxbld/temp.linux-x86_64-3.7/pyrex/ClearMap/Analysis/VoxelizationCode.c:606:
/usr/people/ejdennis/.conda/envs/idisco/lib/python3.7/site-packages/numpy/core/include/numpy/npy_1_7_deprecated_api.h:17:2: warning: #warning "Using deprecated NumPy API, disable it with " "#define NPY_NO_DEPRECATED_API NPY_1_7_API_VERSION" [-Wcpp]
 #warning "Using deprecated NumPy API, disable it with " \
  ^
['run_clearmap_cluster.py', '2', '2']
2
setting elastixlib path as /jukebox/pkgs/ELASTIX/4.8/bin, ***note this is a hack and may fail***
Elastix sucessfully initialized from path: /jukebox/pkgs/ELASTIX/4.8
list index out of range
/usr/people/ejdennis/.conda/envs/idisco/lib/python3.7/site-packages/Cython/Compiler/Main.py:369: FutureWarning: Cython directive 'language_level' not set, using 2 for now (Py2). This will change in a later release! File: /mnt/sink/scratch/ejdennis/rat_BrainPipe/ClearMapCluster/ClearMap/Analysis/VoxelizationCode.pyx
  tree = Parsing.p_module(s, pxd, full_module_name)
Process 0: resampleData: resampling in XY: image 0 / 606
Process 10: resampleData: resampling in XY: image 10 / 606
Process 20: resampleData: resampling in XY: image 20 / 606
Process 30: resampleData: resampling in XY: image 30 / 606
Process 40: resampleData: resampling in XY: image 40 / 606
Process 50: resampleData: resampling in XY: image 50 / 606
Process 60: resampleData: resampling in XY: image 60 / 606
Process 70: resampleData: resampling in XY: image 70 / 606
Process 80: resampleData: resampling in XY: image 80 / 606
Process 90: resampleData: resampling in XY: image 90 / 606
Process 100: resampleData: resampling in XY: image 100 / 606
Process 110: resampleData: resampling in XY: image 110 / 606
Process 120: resampleData: resampling in XY: image 120 / 606
Process 130: resampleData: resampling in XY: image 130 / 606
Process 140: resampleData: resampling in XY: image 140 / 606
Process 150: resampleData: resampling in XY: image 150 / 606
Process 10: resampleData: Imagesize: 7341, 8701 Resampled Imagesize: 307, 364
Process 11: resampleData: resampling in XY: image 11 / 606
Process 0: resampleData: Imagesize: 7341, 8701 Resampled Imagesize: 307, 364
Process 1: resampleData: resampling in XY: image 1 / 606
Process 60: resampleData: Imagesize: 7341, 8701 Resampled Imagesize: 307, 364
Process 61: resampleData: resampling in XY: image 61 / 606
Process 50: resampleData: Imagesize: 7341, 8701 Resampled Imagesize: 307, 364
Process 51: resampleData: resampling in XY: image 51 / 606
Process 110: resampleData: Imagesize: 7341, 8701 Resampled Imagesize: 307, 364
Process 111: resampleData: resampling in XY: image 111 / 606
Process 40: resampleData: Imagesize: 7341, 8701 Resampled Imagesize: 307, 364
Process 30: resampleData: Imagesize: 7341, 8701 Resampled Imagesize: 307, 364
Process 41: resampleData: resampling in XY: image 41 / 606
Process 31: resampleData: resampling in XY: image 31 / 606
Process 100: resampleData: Imagesize: 7341, 8701 Resampled Imagesize: 307, 364
Process 20: resampleData: Imagesize: 7341, 8701 Resampled Imagesize: 307, 364
Process 101: resampleData: resampling in XY: image 101 / 606
Process 21: resampleData: resampling in XY: image 21 / 606
Process 70: resampleData: Imagesize: 7341, 8701 Resampled Imagesize: 307, 364
Process 71: resampleData: resampling in XY: image 71 / 606
Process 150: resampleData: Imagesize: 7341, 8701 Resampled Imagesize: 307, 364
Process 151: resampleData: resampling in XY: image 151 / 606
Process 90: resampleData: Imagesize: 7341, 8701 Resampled Imagesize: 307, 364
Process 91: resampleData: resampling in XY: image 91 / 606
Process 120: resampleData: Imagesize: 7341, 8701 Resampled Imagesize: 307, 364
Process 121: resampleData: resampling in XY: image 121 / 606
Process 130: resampleData: Imagesize: 7341, 8701 Resampled Imagesize: 307, 364
Process 80: resampleData: Imagesize: 7341, 8701 Resampled Imagesize: 307, 364
Process 81: resampleData: resampling in XY: image 81 / 606
Process 131: resampleData: resampling in XY: image 131 / 606
Process 140: resampleData: Imagesize: 7341, 8701 Resampled Imagesize: 307, 364
Process 141: resampleData: resampling in XY: image 141 / 606
Process 11: resampleData: Imagesize: 7341, 8701 Resampled Imagesize: 307, 364
Process 12: resampleData: resampling in XY: image 12 / 606
Process 1: resampleData: Imagesize: 7341, 8701 Resampled Imagesize: 307, 364
Process 2: resampleData: resampling in XY: image 2 / 606
Process 61: resampleData: Imagesize: 7341, 8701 Resampled Imagesize: 307, 364
Process 62: resampleData: resampling in XY: image 62 / 606
Process 51: resampleData: Imagesize: 7341, 8701 Resampled Imagesize: 307, 364
Process 52: resampleData: resampling in XY: image 52 / 606
Process 101: resampleData: Imagesize: 7341, 8701 Resampled Imagesize: 307, 364
Process 102: resampleData: resampling in XY: image 102 / 606
Process 111: resampleData: Imagesize: 7341, 8701 Resampled Imagesize: 307, 364
Process 112: resampleData: resampling in XY: image 112 / 606
Process 21: resampleData: Imagesize: 7341, 8701 Resampled Imagesize: 307, 364
Process 22: resampleData: resampling in XY: image 22 / 606
Process 41: resampleData: Imagesize: 7341, 8701 Resampled Imagesize: 307, 364
Process 42: resampleData: resampling in XY: image 42 / 606
Process 151: resampleData: Imagesize: 7341, 8701 Resampled Imagesize: 307, 364
Process 152: resampleData: resampling in XY: image 152 / 606
Process 31: resampleData: Imagesize: 7341, 8701 Resampled Imagesize: 307, 364
Process 32: resampleData: resampling in XY: image 32 / 606
Process 131: resampleData: Imagesize: 7341, 8701 Resampled Imagesize: 307, 364
Process 132: resampleData: resampling in XY: image 132 / 606
Process 71: resampleData: Imagesize: 7341, 8701 Resampled Imagesize: 307, 364
Process 72: resampleData: resampling in XY: image 72 / 606
Process 81: resampleData: Imagesize: 7341, 8701 Resampled Imagesize: 307, 364
Process 82: resampleData: resampling in XY: image 82 / 606
Process 121: resampleData: Imagesize: 7341, 8701 Resampled Imagesize: 307, 364
Process 122: resampleData: resampling in XY: image 122 / 606
Process 2: resampleData: Imagesize: 7341, 8701 Resampled Imagesize: 307, 364
Process 3: resampleData: resampling in XY: image 3 / 606
Process 91: resampleData: Imagesize: 7341, 8701 Resampled Imagesize: 307, 364
Process 92: resampleData: resampling in XY: image 92 / 606
Process 12: resampleData: Imagesize: 7341, 8701 Resampled Imagesize: 307, 364
Process 13: resampleData: resampling in XY: image 13 / 606
Process 141: resampleData: Imagesize: 7341, 8701 Resampled Imagesize: 307, 364
Process 142: resampleData: resampling in XY: image 142 / 606
Process 62: resampleData: Imagesize: 7341, 8701 Resampled Imagesize: 307, 364
Process 63: resampleData: resampling in XY: image 63 / 606
Process 52: resampleData: Imagesize: 7341, 8701 Resampled Imagesize: 307, 364
Process 112: resampleData: Imagesize: 7341, 8701 Resampled Imagesize: 307, 364
Process 53: resampleData: resampling in XY: image 53 / 606
Process 113: resampleData: resampling in XY: image 113 / 606
Process 102: resampleData: Imagesize: 7341, 8701 Resampled Imagesize: 307, 364
Process 103: resampleData: resampling in XY: image 103 / 606
Process 42: resampleData: Imagesize: 7341, 8701 Resampled Imagesize: 307, 364
Process 43: resampleData: resampling in XY: image 43 / 606
Process 152: resampleData: Imagesize: 7341, 8701 Resampled Imagesize: 307, 364
Process 153: resampleData: resampling in XY: image 153 / 606
Process 22: resampleData: Imagesize: 7341, 8701 Resampled Imagesize: 307, 364
Process 23: resampleData: resampling in XY: image 23 / 606
Process 3: resampleData: Imagesize: 7341, 8701 Resampled Imagesize: 307, 364
Process 4: resampleData: resampling in XY: image 4 / 606
Process 82: resampleData: Imagesize: 7341, 8701 Resampled Imagesize: 307, 364
Process 83: resampleData: resampling in XY: image 83 / 606
Process 132: resampleData: Imagesize: 7341, 8701 Resampled Imagesize: 307, 364
Process 133: resampleData: resampling in XY: image 133 / 606
Process 32: resampleData: Imagesize: 7341, 8701 Resampled Imagesize: 307, 364
Process 63: resampleData: Imagesize: 7341, 8701 Resampled Imagesize: 307, 364
Process 33: resampleData: resampling in XY: image 33 / 606
Process 64: resampleData: resampling in XY: image 64 / 606
Process 13: resampleData: Imagesize: 7341, 8701 Resampled Imagesize: 307, 364
Process 14: resampleData: resampling in XY: image 14 / 606
Process 53: resampleData: Imagesize: 7341, 8701 Resampled Imagesize: 307, 364
Process 54: resampleData: resampling in XY: image 54 / 606
Process 92: resampleData: Imagesize: 7341, 8701 Resampled Imagesize: 307, 364
Process 93: resampleData: resampling in XY: image 93 / 606
Process 103: resampleData: Imagesize: 7341, 8701 Resampled Imagesize: 307, 364
Process 104: resampleData: resampling in XY: image 104 / 606
Process 122: resampleData: Imagesize: 7341, 8701 Resampled Imagesize: 307, 364
Process 123: resampleData: resampling in XY: image 123 / 606
Process 72: resampleData: Imagesize: 7341, 8701 Resampled Imagesize: 307, 364
Process 73: resampleData: resampling in XY: image 73 / 606
Process 113: resampleData: Imagesize: 7341, 8701 Resampled Imagesize: 307, 364
Process 114: resampleData: resampling in XY: image 114 / 606
Process 142: resampleData: Imagesize: 7341, 8701 Resampled Imagesize: 307, 364
Process 143: resampleData: resampling in XY: image 143 / 606
Process 153: resampleData: Imagesize: 7341, 8701 Resampled Imagesize: 307, 364
Process 154: resampleData: resampling in XY: image 154 / 606
Process 4: resampleData: Imagesize: 7341, 8701 Resampled Imagesize: 307, 364
Process 5: resampleData: resampling in XY: image 5 / 606
Process 43: resampleData: Imagesize: 7341, 8701 Resampled Imagesize: 307, 364
Process 44: resampleData: resampling in XY: image 44 / 606
Process 23: resampleData: Imagesize: 7341, 8701 Resampled Imagesize: 307, 364
Process 24: resampleData: resampling in XY: image 24 / 606
Process 14: resampleData: Imagesize: 7341, 8701 Resampled Imagesize: 307, 364
Process 15: resampleData: resampling in XY: image 15 / 606
Process 54: resampleData: Imagesize: 7341, 8701 Resampled Imagesize: 307, 364
Process 55: resampleData: resampling in XY: image 55 / 606
Process 83: resampleData: Imagesize: 7341, 8701 Resampled Imagesize: 307, 364
Process 84: resampleData: resampling in XY: image 84 / 606
Process 33: resampleData: Imagesize: 7341, 8701 Resampled Imagesize: 307, 364
Process 104: resampleData: Imagesize: 7341, 8701 Resampled Imagesize: 307, 364
Process 34: resampleData: resampling in XY: image 34 / 606
Process 105: resampleData: resampling in XY: image 105 / 606
Process 73: resampleData: Imagesize: 7341, 8701 Resampled Imagesize: 307, 364
Process 74: resampleData: resampling in XY: image 74 / 606
Process 93: resampleData: Imagesize: 7341, 8701 Resampled Imagesize: 307, 364
Process 94: resampleData: resampling in XY: image 94 / 606
Process 133: resampleData: Imagesize: 7341, 8701 Resampled Imagesize: 307, 364
Process 134: resampleData: resampling in XY: image 134 / 606
Process 123: resampleData: Imagesize: 7341, 8701 Resampled Imagesize: 307, 364
Process 124: resampleData: resampling in XY: image 124 / 606
Process 143: resampleData: Imagesize: 7341, 8701 Resampled Imagesize: 307, 364
Process 144: resampleData: resampling in XY: image 144 / 606
Process 154: resampleData: Imagesize: 7341, 8701 Resampled Imagesize: 307, 364
Process 155: resampleData: resampling in XY: image 155 / 606
Process 64: resampleData: Imagesize: 7341, 8701 Resampled Imagesize: 307, 364
Process 65: resampleData: resampling in XY: image 65 / 606
Process 114: resampleData: Imagesize: 7341, 8701 Resampled Imagesize: 307, 364
Process 115: resampleData: resampling in XY: image 115 / 606
Process 5: resampleData: Imagesize: 7341, 8701 Resampled Imagesize: 307, 364
Process 6: resampleData: resampling in XY: image 6 / 606
Process 15: resampleData: Imagesize: 7341, 8701 Resampled Imagesize: 307, 364
Process 16: resampleData: resampling in XY: image 16 / 606
Process 44: resampleData: Imagesize: 7341, 8701 Resampled Imagesize: 307, 364
Process 45: resampleData: resampling in XY: image 45 / 606
Process 24: resampleData: Imagesize: 7341, 8701 Resampled Imagesize: 307, 364
Process 25: resampleData: resampling in XY: image 25 / 606
Process 55: resampleData: Imagesize: 7341, 8701 Resampled Imagesize: 307, 364
Process 56: resampleData: resampling in XY: image 56 / 606
Process 105: resampleData: Imagesize: 7341, 8701 Resampled Imagesize: 307, 364
Process 106: resampleData: resampling in XY: image 106 / 606
Process 34: resampleData: Imagesize: 7341, 8701 Resampled Imagesize: 307, 364
Process 35: resampleData: resampling in XY: image 35 / 606
Process 84: resampleData: Imagesize: 7341, 8701 Resampled Imagesize: 307, 364
Process 85: resampleData: resampling in XY: image 85 / 606
Process 6: resampleData: Imagesize: 7341, 8701 Resampled Imagesize: 307, 364
Process 7: resampleData: resampling in XY: image 7 / 606
Process 74: resampleData: Imagesize: 7341, 8701 Resampled Imagesize: 307, 364
Process 75: resampleData: resampling in XY: image 75 / 606
Process 134: resampleData: Imagesize: 7341, 8701 Resampled Imagesize: 307, 364
Process 135: resampleData: resampling in XY: image 135 / 606
Process 155: resampleData: Imagesize: 7341, 8701 Resampled Imagesize: 307, 364
Process 94: resampleData: Imagesize: 7341, 8701 Resampled Imagesize: 307, 364
Process 156: resampleData: resampling in XY: image 156 / 606
Process 95: resampleData: resampling in XY: image 95 / 606
Process 65: resampleData: Imagesize: 7341, 8701 Resampled Imagesize: 307, 364
Process 66: resampleData: resampling in XY: image 66 / 606
Process 124: resampleData: Imagesize: 7341, 8701 Resampled Imagesize: 307, 364
Process 125: resampleData: resampling in XY: image 125 / 606
Process 16: resampleData: Imagesize: 7341, 8701 Resampled Imagesize: 307, 364
Process 17: resampleData: resampling in XY: image 17 / 606
Process 115: resampleData: Imagesize: 7341, 8701 Resampled Imagesize: 307, 364
Process 116: resampleData: resampling in XY: image 116 / 606
Process 144: resampleData: Imagesize: 7341, 8701 Resampled Imagesize: 307, 364
Process 25: resampleData: Imagesize: 7341, 8701 Resampled Imagesize: 307, 364
Process 145: resampleData: resampling in XY: image 145 / 606
Process 26: resampleData: resampling in XY: image 26 / 606
Process 56: resampleData: Imagesize: 7341, 8701 Resampled Imagesize: 307, 364
Process 57: resampleData: resampling in XY: image 57 / 606
Process 45: resampleData: Imagesize: 7341, 8701 Resampled Imagesize: 307, 364
Process 46: resampleData: resampling in XY: image 46 / 606
Process 106: resampleData: Imagesize: 7341, 8701 Resampled Imagesize: 307, 364
Process 107: resampleData: resampling in XY: image 107 / 606
Process 7: resampleData: Imagesize: 7341, 8701 Resampled Imagesize: 307, 364
Process 8: resampleData: resampling in XY: image 8 / 606
Process 35: resampleData: Imagesize: 7341, 8701 Resampled Imagesize: 307, 364
Process 156: resampleData: Imagesize: 7341, 8701 Resampled Imagesize: 307, 364
Process 157: resampleData: resampling in XY: image 157 / 606
Process 36: resampleData: resampling in XY: image 36 / 606
Process 85: resampleData: Imagesize: 7341, 8701 Resampled Imagesize: 307, 364
Process 86: resampleData: resampling in XY: image 86 / 606
Process 66: resampleData: Imagesize: 7341, 8701 Resampled Imagesize: 307, 364
Process 75: resampleData: Imagesize: 7341, 8701 Resampled Imagesize: 307, 364
Process 67: resampleData: resampling in XY: image 67 / 606
Process 76: resampleData: resampling in XY: image 76 / 606
Process 26: resampleData: Imagesize: 7341, 8701 Resampled Imagesize: 307, 364
Process 27: resampleData: resampling in XY: image 27 / 606
Process 125: resampleData: Imagesize: 7341, 8701 Resampled Imagesize: 307, 364
Process 126: resampleData: resampling in XY: image 126 / 606
Process 57: resampleData: Imagesize: 7341, 8701 Resampled Imagesize: 307, 364
Process 58: resampleData: resampling in XY: image 58 / 606
Process 8: resampleData: Imagesize: 7341, 8701 Resampled Imagesize: 307, 364
Process 9: resampleData: resampling in XY: image 9 / 606
Process 17: resampleData: Imagesize: 7341, 8701 Resampled Imagesize: 307, 364
Process 18: resampleData: resampling in XY: image 18 / 606
Process 46: resampleData: Imagesize: 7341, 8701 Resampled Imagesize: 307, 364
Process 116: resampleData: Imagesize: 7341, 8701 Resampled Imagesize: 307, 364
Process 117: resampleData: resampling in XY: image 117 / 606
Process 95: resampleData: Imagesize: 7341, 8701 Resampled Imagesize: 307, 364
Process 47: resampleData: resampling in XY: image 47 / 606
Process 107: resampleData: Imagesize: 7341, 8701 Resampled Imagesize: 307, 364
Process 96: resampleData: resampling in XY: image 96 / 606
Process 108: resampleData: resampling in XY: image 108 / 606
Process 135: resampleData: Imagesize: 7341, 8701 Resampled Imagesize: 307, 364
Process 136: resampleData: resampling in XY: image 136 / 606
Process 145: resampleData: Imagesize: 7341, 8701 Resampled Imagesize: 307, 364
Process 146: resampleData: resampling in XY: image 146 / 606
Process 157: resampleData: Imagesize: 7341, 8701 Resampled Imagesize: 307, 364
Process 158: resampleData: resampling in XY: image 158 / 606
Process 36: resampleData: Imagesize: 7341, 8701 Resampled Imagesize: 307, 364
Process 37: resampleData: resampling in XY: image 37 / 606
Process 86: resampleData: Imagesize: 7341, 8701 Resampled Imagesize: 307, 364
Process 87: resampleData: resampling in XY: image 87 / 606
Process 58: resampleData: Imagesize: 7341, 8701 Resampled Imagesize: 307, 364
Process 59: resampleData: resampling in XY: image 59 / 606
Process 9: resampleData: Imagesize: 7341, 8701 Resampled Imagesize: 307, 364
Process 160: resampleData: resampling in XY: image 160 / 606
Process 76: resampleData: Imagesize: 7341, 8701 Resampled Imagesize: 307, 364
Process 77: resampleData: resampling in XY: image 77 / 606
Process 67: resampleData: Imagesize: 7341, 8701 Resampled Imagesize: 307, 364
Process 68: resampleData: resampling in XY: image 68 / 606
Process 18: resampleData: Imagesize: 7341, 8701 Resampled Imagesize: 307, 364
Process 19: resampleData: resampling in XY: image 19 / 606
Process 37: resampleData: Imagesize: 7341, 8701 Resampled Imagesize: 307, 364
Process 38: resampleData: resampling in XY: image 38 / 606
Process 27: resampleData: Imagesize: 7341, 8701 Resampled Imagesize: 307, 364
Process 28: resampleData: resampling in XY: image 28 / 606
Process 108: resampleData: Imagesize: 7341, 8701 Resampled Imagesize: 307, 364
Process 109: resampleData: resampling in XY: image 109 / 606
Process 158: resampleData: Imagesize: 7341, 8701 Resampled Imagesize: 307, 364
Process 96: resampleData: Imagesize: 7341, 8701 Resampled Imagesize: 307, 364
Process 97: resampleData: resampling in XY: image 97 / 606
Process 117: resampleData: Imagesize: 7341, 8701 Resampled Imagesize: 307, 364
Process 159: resampleData: resampling in XY: image 159 / 606
Process 118: resampleData: resampling in XY: image 118 / 606
Process 126: resampleData: Imagesize: 7341, 8701 Resampled Imagesize: 307, 364
Process 127: resampleData: resampling in XY: image 127 / 606
Process 47: resampleData: Imagesize: 7341, 8701 Resampled Imagesize: 307, 364
Process 48: resampleData: resampling in XY: image 48 / 606
Process 136: resampleData: Imagesize: 7341, 8701 Resampled Imagesize: 307, 364
Process 137: resampleData: resampling in XY: image 137 / 606
Process 146: resampleData: Imagesize: 7341, 8701 Resampled Imagesize: 307, 364
Process 147: resampleData: resampling in XY: image 147 / 606
Process 59: resampleData: Imagesize: 7341, 8701 Resampled Imagesize: 307, 364
Process 170: resampleData: resampling in XY: image 170 / 606
Process 87: resampleData: Imagesize: 7341, 8701 Resampled Imagesize: 307, 364
Process 88: resampleData: resampling in XY: image 88 / 606
Process 160: resampleData: Imagesize: 7341, 8701 Resampled Imagesize: 307, 364
Process 161: resampleData: resampling in XY: image 161 / 606
Process 77: resampleData: Imagesize: 7341, 8701 Resampled Imagesize: 307, 364
Process 78: resampleData: resampling in XY: image 78 / 606
Process 68: resampleData: Imagesize: 7341, 8701 Resampled Imagesize: 307, 364
Process 69: resampleData: resampling in XY: image 69 / 606
Process 109: resampleData: Imagesize: 7341, 8701 Resampled Imagesize: 307, 364
Process 180: resampleData: resampling in XY: image 180 / 606
Process 19: resampleData: Imagesize: 7341, 8701 Resampled Imagesize: 307, 364
Process 190: resampleData: resampling in XY: image 190 / 606
Process 159: resampleData: Imagesize: 7341, 8701 Resampled Imagesize: 307, 364
Process 200: resampleData: resampling in XY: image 200 / 606
Process 38: resampleData: Imagesize: 7341, 8701 Resampled Imagesize: 307, 364
Process 39: resampleData: resampling in XY: image 39 / 606
Process 28: resampleData: Imagesize: 7341, 8701 Resampled Imagesize: 307, 364
Process 29: resampleData: resampling in XY: image 29 / 606
Process 97: resampleData: Imagesize: 7341, 8701 Resampled Imagesize: 307, 364
Process 98: resampleData: resampling in XY: image 98 / 606
Process 161: resampleData: Imagesize: 7341, 8701 Resampled Imagesize: 307, 364
Process 162: resampleData: resampling in XY: image 162 / 606
Process 147: resampleData: Imagesize: 7341, 8701 Resampled Imagesize: 307, 364
Process 148: resampleData: resampling in XY: image 148 / 606
Process 48: resampleData: Imagesize: 7341, 8701 Resampled Imagesize: 307, 364
Process 49: resampleData: resampling in XY: image 49 / 606
Process 118: resampleData: Imagesize: 7341, 8701 Resampled Imagesize: 307, 364
Process 119: resampleData: resampling in XY: image 119 / 606
Process 127: resampleData: Imagesize: 7341, 8701 Resampled Imagesize: 307, 364
Process 128: resampleData: resampling in XY: image 128 / 606
Process 88: resampleData: Imagesize: 7341, 8701 Resampled Imagesize: 307, 364
Process 89: resampleData: resampling in XY: image 89 / 606
Process 137: resampleData: Imagesize: 7341, 8701 Resampled Imagesize: 307, 364
Process 138: resampleData: resampling in XY: image 138 / 606
Process 170: resampleData: Imagesize: 7341, 8701 Resampled Imagesize: 307, 364
Process 171: resampleData: resampling in XY: image 171 / 606
Process 78: resampleData: Imagesize: 7341, 8701 Resampled Imagesize: 307, 364
Process 79: resampleData: resampling in XY: image 79 / 606
Process 69: resampleData: Imagesize: 7341, 8701 Resampled Imagesize: 307, 364
Process 210: resampleData: resampling in XY: image 210 / 606
Process 180: resampleData: Imagesize: 7341, 8701 Resampled Imagesize: 307, 364
Process 181: resampleData: resampling in XY: image 181 / 606
Process 200: resampleData: Imagesize: 7341, 8701 Resampled Imagesize: 307, 364
Process 39: resampleData: Imagesize: 7341, 8701 Resampled Imagesize: 307, 364
Process 201: resampleData: resampling in XY: image 201 / 606
Process 220: resampleData: resampling in XY: image 220 / 606
Process 190: resampleData: Imagesize: 7341, 8701 Resampled Imagesize: 307, 364
Process 191: resampleData: resampling in XY: image 191 / 606
Process 29: resampleData: Imagesize: 7341, 8701 Resampled Imagesize: 307, 364
Process 230: resampleData: resampling in XY: image 230 / 606
Process 98: resampleData: Imagesize: 7341, 8701 Resampled Imagesize: 307, 364
Process 99: resampleData: resampling in XY: image 99 / 606
Process 162: resampleData: Imagesize: 7341, 8701 Resampled Imagesize: 307, 364
Process 163: resampleData: resampling in XY: image 163 / 606
Process 201: resampleData: Imagesize: 7341, 8701 Resampled Imagesize: 307, 364
Process 202: resampleData: resampling in XY: image 202 / 606
Process 49: resampleData: Imagesize: 7341, 8701 Resampled Imagesize: 307, 364
Process 240: resampleData: resampling in XY: image 240 / 606
Process 128: resampleData: Imagesize: 7341, 8701 Resampled Imagesize: 307, 364
Process 129: resampleData: resampling in XY: image 129 / 606
Process 79: resampleData: Imagesize: 7341, 8701 Resampled Imagesize: 307, 364
Process 89: resampleData: Imagesize: 7341, 8701 Resampled Imagesize: 307, 364
Process 250: resampleData: resampling in XY: image 250 / 606
Process 260: resampleData: resampling in XY: image 260 / 606
Process 148: resampleData: Imagesize: 7341, 8701 Resampled Imagesize: 307, 364
Process 149: resampleData: resampling in XY: image 149 / 606
Process 119: resampleData: Imagesize: 7341, 8701 Resampled Imagesize: 307, 364
Process 270: resampleData: resampling in XY: image 270 / 606
Process 171: resampleData: Imagesize: 7341, 8701 Resampled Imagesize: 307, 364
Process 172: resampleData: resampling in XY: image 172 / 606
Process 220: resampleData: Imagesize: 7341, 8701 Resampled Imagesize: 307, 364
Process 138: resampleData: Imagesize: 7341, 8701 Resampled Imagesize: 307, 364
Process 221: resampleData: resampling in XY: image 221 / 606
Process 139: resampleData: resampling in XY: image 139 / 606
Process 210: resampleData: Imagesize: 7341, 8701 Resampled Imagesize: 307, 364
Process 211: resampleData: resampling in XY: image 211 / 606
Process 181: resampleData: Imagesize: 7341, 8701 Resampled Imagesize: 307, 364
Process 182: resampleData: resampling in XY: image 182 / 606
Process 191: resampleData: Imagesize: 7341, 8701 Resampled Imagesize: 307, 364
Process 192: resampleData: resampling in XY: image 192 / 606
Process 230: resampleData: Imagesize: 7341, 8701 Resampled Imagesize: 307, 364
Process 231: resampleData: resampling in XY: image 231 / 606
Process 99: resampleData: Imagesize: 7341, 8701 Resampled Imagesize: 307, 364
Process 280: resampleData: resampling in XY: image 280 / 606
Process 202: resampleData: Imagesize: 7341, 8701 Resampled Imagesize: 307, 364
Process 203: resampleData: resampling in XY: image 203 / 606
Process 250: resampleData: Imagesize: 7341, 8701 Resampled Imagesize: 307, 364
Process 251: resampleData: resampling in XY: image 251 / 606
Process 163: resampleData: Imagesize: 7341, 8701 Resampled Imagesize: 307, 364
Process 164: resampleData: resampling in XY: image 164 / 606
Process 149: resampleData: Imagesize: 7341, 8701 Resampled Imagesize: 307, 364
Process 240: resampleData: Imagesize: 7341, 8701 Resampled Imagesize: 307, 364
Process 290: resampleData: resampling in XY: image 290 / 606
Process 241: resampleData: resampling in XY: image 241 / 606
Process 300: resampleData: resampling in XY: image 300 / 606
Process 129: resampleData: Imagesize: 7341, 8701 Resampled Imagesize: 307, 364
Process 310: resampleData: resampling in XY: image 310 / 606
Process 260: resampleData: Imagesize: 7341, 8701 Resampled Imagesize: 307, 364
Process 261: resampleData: resampling in XY: image 261 / 606
Process 270: resampleData: Imagesize: 7341, 8701 Resampled Imagesize: 307, 364
Process 271: resampleData: resampling in XY: image 271 / 606
Process 172: resampleData: Imagesize: 7341, 8701 Resampled Imagesize: 307, 364
Process 173: resampleData: resampling in XY: image 173 / 606
Process 203: resampleData: Imagesize: 7341, 8701 Resampled Imagesize: 307, 364
Process 204: resampleData: resampling in XY: image 204 / 606
Process 139: resampleData: Imagesize: 7341, 8701 Resampled Imagesize: 307, 364
Process 320: resampleData: resampling in XY: image 320 / 606
Process 221: resampleData: Imagesize: 7341, 8701 Resampled Imagesize: 307, 364
Process 222: resampleData: resampling in XY: image 222 / 606
Process 192: resampleData: Imagesize: 7341, 8701 Resampled Imagesize: 307, 364
Process 193: resampleData: resampling in XY: image 193 / 606
Process 211: resampleData: Imagesize: 7341, 8701 Resampled Imagesize: 307, 364
Process 212: resampleData: resampling in XY: image 212 / 606
Process 231: resampleData: Imagesize: 7341, 8701 Resampled Imagesize: 307, 364
Process 232: resampleData: resampling in XY: image 232 / 606
Process 182: resampleData: Imagesize: 7341, 8701 Resampled Imagesize: 307, 364
Process 183: resampleData: resampling in XY: image 183 / 606
Process 280: resampleData: Imagesize: 7341, 8701 Resampled Imagesize: 307, 364
Process 281: resampleData: resampling in XY: image 281 / 606
Process 300: resampleData: Imagesize: 7341, 8701 Resampled Imagesize: 307, 364
Process 301: resampleData: resampling in XY: image 301 / 606
Process 164: resampleData: Imagesize: 7341, 8701 Resampled Imagesize: 307, 364
Process 165: resampleData: resampling in XY: image 165 / 606
Process 290: resampleData: Imagesize: 7341, 8701 Resampled Imagesize: 307, 364
Process 291: resampleData: resampling in XY: image 291 / 606
Process 241: resampleData: Imagesize: 7341, 8701 Resampled Imagesize: 307, 364
Process 242: resampleData: resampling in XY: image 242 / 606
Process 310: resampleData: Imagesize: 7341, 8701 Resampled Imagesize: 307, 364
Process 311: resampleData: resampling in XY: image 311 / 606
Process 261: resampleData: Imagesize: 7341, 8701 Resampled Imagesize: 307, 364
Process 262: resampleData: resampling in XY: image 262 / 606
Process 204: resampleData: Imagesize: 7341, 8701 Resampled Imagesize: 307, 364
Process 205: resampleData: resampling in XY: image 205 / 606
Process 301: resampleData: Imagesize: 7341, 8701 Resampled Imagesize: 307, 364
Process 302: resampleData: resampling in XY: image 302 / 606
Process 222: resampleData: Imagesize: 7341, 8701 Resampled Imagesize: 307, 364
Process 223: resampleData: resampling in XY: image 223 / 606
Process 271: resampleData: Imagesize: 7341, 8701 Resampled Imagesize: 307, 364
Process 272: resampleData: resampling in XY: image 272 / 606
Process 173: resampleData: Imagesize: 7341, 8701 Resampled Imagesize: 307, 364
Process 174: resampleData: resampling in XY: image 174 / 606
Process 320: resampleData: Imagesize: 7341, 8701 Resampled Imagesize: 307, 364
Process 321: resampleData: resampling in XY: image 321 / 606
Process 193: resampleData: Imagesize: 7341, 8701 Resampled Imagesize: 307, 364
Process 194: resampleData: resampling in XY: image 194 / 606
Process 212: resampleData: Imagesize: 7341, 8701 Resampled Imagesize: 307, 364
Process 213: resampleData: resampling in XY: image 213 / 606
Process 330: resampleData: resampling in XY: image 330 / 606
Process 281: resampleData: Imagesize: 7341, 8701 Resampled Imagesize: 307, 364
Process 232: resampleData: Imagesize: 7341, 8701 Resampled Imagesize: 307, 364
Process 233: resampleData: resampling in XY: image 233 / 606
Process 282: resampleData: resampling in XY: image 282 / 606
Process 165: resampleData: Imagesize: 7341, 8701 Resampled Imagesize: 307, 364
Process 166: resampleData: resampling in XY: image 166 / 606
Process 183: resampleData: Imagesize: 7341, 8701 Resampled Imagesize: 307, 364
Process 184: resampleData: resampling in XY: image 184 / 606
Process 242: resampleData: Imagesize: 7341, 8701 Resampled Imagesize: 307, 364
Process 243: resampleData: resampling in XY: image 243 / 606
Process 291: resampleData: Imagesize: 7341, 8701 Resampled Imagesize: 307, 364
Process 292: resampleData: resampling in XY: image 292 / 606
Process 311: resampleData: Imagesize: 7341, 8701 Resampled Imagesize: 307, 364
Process 312: resampleData: resampling in XY: image 312 / 606
Process 205: resampleData: Imagesize: 7341, 8701 Resampled Imagesize: 307, 364
Process 206: resampleData: resampling in XY: image 206 / 606
Process 262: resampleData: Imagesize: 7341, 8701 Resampled Imagesize: 307, 364
Process 263: resampleData: resampling in XY: image 263 / 606
Process 321: resampleData: Imagesize: 7341, 8701 Resampled Imagesize: 307, 364
Process 322: resampleData: resampling in XY: image 322 / 606
Process 223: resampleData: Imagesize: 7341, 8701 Resampled Imagesize: 307, 364
Process 224: resampleData: resampling in XY: image 224 / 606
Process 174: resampleData: Imagesize: 7341, 8701 Resampled Imagesize: 307, 364
Process 175: resampleData: resampling in XY: image 175 / 606
Process 272: resampleData: Imagesize: 7341, 8701 Resampled Imagesize: 307, 364
Process 273: resampleData: resampling in XY: image 273 / 606
Process 166: resampleData: Imagesize: 7341, 8701 Resampled Imagesize: 307, 364
Process 167: resampleData: resampling in XY: image 167 / 606
Process 194: resampleData: Imagesize: 7341, 8701 Resampled Imagesize: 307, 364
Process 195: resampleData: resampling in XY: image 195 / 606
Process 330: resampleData: Imagesize: 7341, 8701 Resampled Imagesize: 307, 364
Process 331: resampleData: resampling in XY: image 331 / 606
Process 184: resampleData: Imagesize: 7341, 8701 Resampled Imagesize: 307, 364
Process 206: resampleData: Imagesize: 7341, 8701 Resampled Imagesize: 307, 364
Process 243: resampleData: Imagesize: 7341, 8701 Resampled Imagesize: 307, 364
Process 207: resampleData: resampling in XY: image 207 / 606
Process 185: resampleData: resampling in XY: image 185 / 606
Process 244: resampleData: resampling in XY: image 244 / 606
Process 233: resampleData: Imagesize: 7341, 8701 Resampled Imagesize: 307, 364
Process 234: resampleData: resampling in XY: image 234 / 606
Process 213: resampleData: Imagesize: 7341, 8701 Resampled Imagesize: 307, 364
Process 214: resampleData: resampling in XY: image 214 / 606
Process 282: resampleData: Imagesize: 7341, 8701 Resampled Imagesize: 307, 364
Process 283: resampleData: resampling in XY: image 283 / 606
Process 292: resampleData: Imagesize: 7341, 8701 Resampled Imagesize: 307, 364
Process 293: resampleData: resampling in XY: image 293 / 606
Process 312: resampleData: Imagesize: 7341, 8701 Resampled Imagesize: 307, 364
Process 313: resampleData: resampling in XY: image 313 / 606
Process 263: resampleData: Imagesize: 7341, 8701 Resampled Imagesize: 307, 364
Process 264: resampleData: resampling in XY: image 264 / 606
Process 322: resampleData: Imagesize: 7341, 8701 Resampled Imagesize: 307, 364
Process 323: resampleData: resampling in XY: image 323 / 606
Process 175: resampleData: Imagesize: 7341, 8701 Resampled Imagesize: 307, 364
Process 176: resampleData: resampling in XY: image 176 / 606
Process 224: resampleData: Imagesize: 7341, 8701 Resampled Imagesize: 307, 364
Process 225: resampleData: resampling in XY: image 225 / 606
Process 207: resampleData: Imagesize: 7341, 8701 Resampled Imagesize: 307, 364
Process 208: resampleData: resampling in XY: image 208 / 606
Process 273: resampleData: Imagesize: 7341, 8701 Resampled Imagesize: 307, 364
Process 274: resampleData: resampling in XY: image 274 / 606
Process 195: resampleData: Imagesize: 7341, 8701 Resampled Imagesize: 307, 364
Process 196: resampleData: resampling in XY: image 196 / 606
Process 167: resampleData: Imagesize: 7341, 8701 Resampled Imagesize: 307, 364
Process 168: resampleData: resampling in XY: image 168 / 606
Process 244: resampleData: Imagesize: 7341, 8701 Resampled Imagesize: 307, 364
Process 245: resampleData: resampling in XY: image 245 / 606
Process 331: resampleData: Imagesize: 7341, 8701 Resampled Imagesize: 307, 364
Process 332: resampleData: resampling in XY: image 332 / 606
Process 185: resampleData: Imagesize: 7341, 8701 Resampled Imagesize: 307, 364
Process 186: resampleData: resampling in XY: image 186 / 606
Process 214: resampleData: Imagesize: 7341, 8701 Resampled Imagesize: 307, 364
Process 215: resampleData: resampling in XY: image 215 / 606
Process 234: resampleData: Imagesize: 7341, 8701 Resampled Imagesize: 307, 364
Process 235: resampleData: resampling in XY: image 235 / 606
Process 293: resampleData: Imagesize: 7341, 8701 Resampled Imagesize: 307, 364
Process 294: resampleData: resampling in XY: image 294 / 606
Process 313: resampleData: Imagesize: 7341, 8701 Resampled Imagesize: 307, 364
Process 314: resampleData: resampling in XY: image 314 / 606
Process 264: resampleData: Imagesize: 7341, 8701 Resampled Imagesize: 307, 364
Process 283: resampleData: Imagesize: 7341, 8701 Resampled Imagesize: 307, 364
Process 265: resampleData: resampling in XY: image 265 / 606
Process 284: resampleData: resampling in XY: image 284 / 606
Process 323: resampleData: Imagesize: 7341, 8701 Resampled Imagesize: 307, 364
Process 324: resampleData: resampling in XY: image 324 / 606
Process 208: resampleData: Imagesize: 7341, 8701 Resampled Imagesize: 307, 364
Process 209: resampleData: resampling in XY: image 209 / 606
Process 225: resampleData: Imagesize: 7341, 8701 Resampled Imagesize: 307, 364
Process 226: resampleData: resampling in XY: image 226 / 606
Process 274: resampleData: Imagesize: 7341, 8701 Resampled Imagesize: 307, 364
Process 275: resampleData: resampling in XY: image 275 / 606
Process 176: resampleData: Imagesize: 7341, 8701 Resampled Imagesize: 307, 364
Process 177: resampleData: resampling in XY: image 177 / 606
Process 196: resampleData: Imagesize: 7341, 8701 Resampled Imagesize: 307, 364
Process 197: resampleData: resampling in XY: image 197 / 606
Process 168: resampleData: Imagesize: 7341, 8701 Resampled Imagesize: 307, 364
Process 169: resampleData: resampling in XY: image 169 / 606
Process 245: resampleData: Imagesize: 7341, 8701 Resampled Imagesize: 307, 364
Process 246: resampleData: resampling in XY: image 246 / 606
Process 235: resampleData: Imagesize: 7341, 8701 Resampled Imagesize: 307, 364
Process 236: resampleData: resampling in XY: image 236 / 606
Process 284: resampleData: Imagesize: 7341, 8701 Resampled Imagesize: 307, 364
Process 285: resampleData: resampling in XY: image 285 / 606
Process 294: resampleData: Imagesize: 7341, 8701 Resampled Imagesize: 307, 364
Process 295: resampleData: resampling in XY: image 295 / 606
Process 186: resampleData: Imagesize: 7341, 8701 Resampled Imagesize: 307, 364
Process 187: resampleData: resampling in XY: image 187 / 606
Process 215: resampleData: Imagesize: 7341, 8701 Resampled Imagesize: 307, 364
Process 216: resampleData: resampling in XY: image 216 / 606
Process 332: resampleData: Imagesize: 7341, 8701 Resampled Imagesize: 307, 364
Process 333: resampleData: resampling in XY: image 333 / 606
Process 314: resampleData: Imagesize: 7341, 8701 Resampled Imagesize: 307, 364
Process 315: resampleData: resampling in XY: image 315 / 606
Process 324: resampleData: Imagesize: 7341, 8701 Resampled Imagesize: 307, 364
Process 325: resampleData: resampling in XY: image 325 / 606
Process 209: resampleData: Imagesize: 7341, 8701 Resampled Imagesize: 307, 364
Process 265: resampleData: Imagesize: 7341, 8701 Resampled Imagesize: 307, 364
Process 340: resampleData: resampling in XY: image 340 / 606
Process 266: resampleData: resampling in XY: image 266 / 606
Process 226: resampleData: Imagesize: 7341, 8701 Resampled Imagesize: 307, 364
Process 227: resampleData: resampling in XY: image 227 / 606
Process 177: resampleData: Imagesize: 7341, 8701 Resampled Imagesize: 307, 364
Process 178: resampleData: resampling in XY: image 178 / 606
Process 275: resampleData: Imagesize: 7341, 8701 Resampled Imagesize: 307, 364
Process 276: resampleData: resampling in XY: image 276 / 606
Process 197: resampleData: Imagesize: 7341, 8701 Resampled Imagesize: 307, 364
Process 198: resampleData: resampling in XY: image 198 / 606
Process 169: resampleData: Imagesize: 7341, 8701 Resampled Imagesize: 307, 364
Process 350: resampleData: resampling in XY: image 350 / 606
Process 246: resampleData: Imagesize: 7341, 8701 Resampled Imagesize: 307, 364
Process 247: resampleData: resampling in XY: image 247 / 606
Process 285: resampleData: Imagesize: 7341, 8701 Resampled Imagesize: 307, 364
Process 236: resampleData: Imagesize: 7341, 8701 Resampled Imagesize: 307, 364
Process 286: resampleData: resampling in XY: image 286 / 606
Process 237: resampleData: resampling in XY: image 237 / 606
Process 216: resampleData: Imagesize: 7341, 8701 Resampled Imagesize: 307, 364
Process 217: resampleData: resampling in XY: image 217 / 606
Process 295: resampleData: Imagesize: 7341, 8701 Resampled Imagesize: 307, 364
Process 325: resampleData: Imagesize: 7341, 8701 Resampled Imagesize: 307, 364
Process 296: resampleData: resampling in XY: image 296 / 606
Process 326: resampleData: resampling in XY: image 326 / 606
Process 187: resampleData: Imagesize: 7341, 8701 Resampled Imagesize: 307, 364
Process 188: resampleData: resampling in XY: image 188 / 606
Process 340: resampleData: Imagesize: 7341, 8701 Resampled Imagesize: 307, 364
Process 341: resampleData: resampling in XY: image 341 / 606
Process 333: resampleData: Imagesize: 7341, 8701 Resampled Imagesize: 307, 364
Process 334: resampleData: resampling in XY: image 334 / 606
Process 315: resampleData: Imagesize: 7341, 8701 Resampled Imagesize: 307, 364
Process 316: resampleData: resampling in XY: image 316 / 606
Process 266: resampleData: Imagesize: 7341, 8701 Resampled Imagesize: 307, 364
Process 267: resampleData: resampling in XY: image 267 / 606
Process 178: resampleData: Imagesize: 7341, 8701 Resampled Imagesize: 307, 364
Process 179: resampleData: resampling in XY: image 179 / 606
Process 227: resampleData: Imagesize: 7341, 8701 Resampled Imagesize: 307, 364
Process 228: resampleData: resampling in XY: image 228 / 606
Process 276: resampleData: Imagesize: 7341, 8701 Resampled Imagesize: 307, 364
Process 277: resampleData: resampling in XY: image 277 / 606
Process 350: resampleData: Imagesize: 7341, 8701 Resampled Imagesize: 307, 364
Process 351: resampleData: resampling in XY: image 351 / 606
Process 198: resampleData: Imagesize: 7341, 8701 Resampled Imagesize: 307, 364
Process 199: resampleData: resampling in XY: image 199 / 606
Process 247: resampleData: Imagesize: 7341, 8701 Resampled Imagesize: 307, 364
Process 248: resampleData: resampling in XY: image 248 / 606
Process 237: resampleData: Imagesize: 7341, 8701 Resampled Imagesize: 307, 364
Process 238: resampleData: resampling in XY: image 238 / 606
Process 286: resampleData: Imagesize: 7341, 8701 Resampled Imagesize: 307, 364
Process 287: resampleData: resampling in XY: image 287 / 606
Process 351: resampleData: Imagesize: 7341, 8701 Resampled Imagesize: 307, 364
Process 352: resampleData: resampling in XY: image 352 / 606
Process 217: resampleData: Imagesize: 7341, 8701 Resampled Imagesize: 307, 364
Process 218: resampleData: resampling in XY: image 218 / 606
Process 326: resampleData: Imagesize: 7341, 8701 Resampled Imagesize: 307, 364
Process 327: resampleData: resampling in XY: image 327 / 606
Process 188: resampleData: Imagesize: 7341, 8701 Resampled Imagesize: 307, 364
Process 189: resampleData: resampling in XY: image 189 / 606
Process 341: resampleData: Imagesize: 7341, 8701 Resampled Imagesize: 307, 364
Process 342: resampleData: resampling in XY: image 342 / 606
Process 267: resampleData: Imagesize: 7341, 8701 Resampled Imagesize: 307, 364
Process 296: resampleData: Imagesize: 7341, 8701 Resampled Imagesize: 307, 364
Process 268: resampleData: resampling in XY: image 268 / 606
Process 297: resampleData: resampling in XY: image 297 / 606
Process 316: resampleData: Imagesize: 7341, 8701 Resampled Imagesize: 307, 364
Process 317: resampleData: resampling in XY: image 317 / 606
Process 228: resampleData: Imagesize: 7341, 8701 Resampled Imagesize: 307, 364
Process 229: resampleData: resampling in XY: image 229 / 606
Process 277: resampleData: Imagesize: 7341, 8701 Resampled Imagesize: 307, 364
Process 278: resampleData: resampling in XY: image 278 / 606
Process 334: resampleData: Imagesize: 7341, 8701 Resampled Imagesize: 307, 364
Process 199: resampleData: Imagesize: 7341, 8701 Resampled Imagesize: 307, 364
Process 335: resampleData: resampling in XY: image 335 / 606
Process 360: resampleData: resampling in XY: image 360 / 606
Process 248: resampleData: Imagesize: 7341, 8701 Resampled Imagesize: 307, 364
Process 179: resampleData: Imagesize: 7341, 8701 Resampled Imagesize: 307, 364
Process 249: resampleData: resampling in XY: image 249 / 606
Process 370: resampleData: resampling in XY: image 370 / 606
Process 352: resampleData: Imagesize: 7341, 8701 Resampled Imagesize: 307, 364
Process 353: resampleData: resampling in XY: image 353 / 606
Process 238: resampleData: Imagesize: 7341, 8701 Resampled Imagesize: 307, 364
Process 239: resampleData: resampling in XY: image 239 / 606
Process 287: resampleData: Imagesize: 7341, 8701 Resampled Imagesize: 307, 364
Process 288: resampleData: resampling in XY: image 288 / 606
Process 327: resampleData: Imagesize: 7341, 8701 Resampled Imagesize: 307, 364
Process 328: resampleData: resampling in XY: image 328 / 606
Process 218: resampleData: Imagesize: 7341, 8701 Resampled Imagesize: 307, 364
Process 219: resampleData: resampling in XY: image 219 / 606
Process 189: resampleData: Imagesize: 7341, 8701 Resampled Imagesize: 307, 364
Process 380: resampleData: resampling in XY: image 380 / 606
Process 297: resampleData: Imagesize: 7341, 8701 Resampled Imagesize: 307, 364
Process 298: resampleData: resampling in XY: image 298 / 606
Process 268: resampleData: Imagesize: 7341, 8701 Resampled Imagesize: 307, 364
Process 269: resampleData: resampling in XY: image 269 / 606
Process 353: resampleData: Imagesize: 7341, 8701 Resampled Imagesize: 307, 364
Process 354: resampleData: resampling in XY: image 354 / 606
Process 335: resampleData: Imagesize: 7341, 8701 Resampled Imagesize: 307, 364
Process 336: resampleData: resampling in XY: image 336 / 606
Process 317: resampleData: Imagesize: 7341, 8701 Resampled Imagesize: 307, 364
Process 318: resampleData: resampling in XY: image 318 / 606
Process 370: resampleData: Imagesize: 7341, 8701 Resampled Imagesize: 307, 364
Process 371: resampleData: resampling in XY: image 371 / 606
Process 342: resampleData: Imagesize: 7341, 8701 Resampled Imagesize: 307, 364
Process 343: resampleData: resampling in XY: image 343 / 606
Process 249: resampleData: Imagesize: 7341, 8701 Resampled Imagesize: 307, 364
Process 390: resampleData: resampling in XY: image 390 / 606
Process 229: resampleData: Imagesize: 7341, 8701 Resampled Imagesize: 307, 364
Process 400: resampleData: resampling in XY: image 400 / 606
Process 288: resampleData: Imagesize: 7341, 8701 Resampled Imagesize: 307, 364
Process 289: resampleData: resampling in XY: image 289 / 606
Process 239: resampleData: Imagesize: 7341, 8701 Resampled Imagesize: 307, 364
Process 410: resampleData: resampling in XY: image 410 / 606
Process 278: resampleData: Imagesize: 7341, 8701 Resampled Imagesize: 307, 364
Process 279: resampleData: resampling in XY: image 279 / 606
Process 360: resampleData: Imagesize: 7341, 8701 Resampled Imagesize: 307, 364
Process 361: resampleData: resampling in XY: image 361 / 606
Process 219: resampleData: Imagesize: 7341, 8701 Resampled Imagesize: 307, 364
Process 420: resampleData: resampling in XY: image 420 / 606
Process 328: resampleData: Imagesize: 7341, 8701 Resampled Imagesize: 307, 364
Process 329: resampleData: resampling in XY: image 329 / 606
Process 354: resampleData: Imagesize: 7341, 8701 Resampled Imagesize: 307, 364
Process 355: resampleData: resampling in XY: image 355 / 606
Process 298: resampleData: Imagesize: 7341, 8701 Resampled Imagesize: 307, 364
Process 299: resampleData: resampling in XY: image 299 / 606
Process 380: resampleData: Imagesize: 7341, 8701 Resampled Imagesize: 307, 364
Process 381: resampleData: resampling in XY: image 381 / 606
Process 400: resampleData: Imagesize: 7341, 8701 Resampled Imagesize: 307, 364
Process 401: resampleData: resampling in XY: image 401 / 606
Process 269: resampleData: Imagesize: 7341, 8701 Resampled Imagesize: 307, 364
Process 430: resampleData: resampling in XY: image 430 / 606
Process 318: resampleData: Imagesize: 7341, 8701 Resampled Imagesize: 307, 364
Process 319: resampleData: resampling in XY: image 319 / 606
Process 343: resampleData: Imagesize: 7341, 8701 Resampled Imagesize: 307, 364
Process 344: resampleData: resampling in XY: image 344 / 606
Process 355: resampleData: Imagesize: 7341, 8701 Resampled Imagesize: 307, 364
Process 356: resampleData: resampling in XY: image 356 / 606
Process 371: resampleData: Imagesize: 7341, 8701 Resampled Imagesize: 307, 364
Process 372: resampleData: resampling in XY: image 372 / 606
Process 410: resampleData: Imagesize: 7341, 8701 Resampled Imagesize: 307, 364
Process 411: resampleData: resampling in XY: image 411 / 606
Process 279: resampleData: Imagesize: 7341, 8701 Resampled Imagesize: 307, 364
Process 440: resampleData: resampling in XY: image 440 / 606
Process 336: resampleData: Imagesize: 7341, 8701 Resampled Imagesize: 307, 364
Process 337: resampleData: resampling in XY: image 337 / 606
Process 420: resampleData: Imagesize: 7341, 8701 Resampled Imagesize: 307, 364
Process 421: resampleData: resampling in XY: image 421 / 606
Process 289: resampleData: Imagesize: 7341, 8701 Resampled Imagesize: 307, 364
Process 390: resampleData: Imagesize: 7341, 8701 Resampled Imagesize: 307, 364
Process 450: resampleData: resampling in XY: image 450 / 606
Process 391: resampleData: resampling in XY: image 391 / 606
Process 361: resampleData: Imagesize: 7341, 8701 Resampled Imagesize: 307, 364
Process 362: resampleData: resampling in XY: image 362 / 606
Process 329: resampleData: Imagesize: 7341, 8701 Resampled Imagesize: 307, 364
Process 460: resampleData: resampling in XY: image 460 / 606
Process 401: resampleData: Imagesize: 7341, 8701 Resampled Imagesize: 307, 364
Process 402: resampleData: resampling in XY: image 402 / 606
Process 381: resampleData: Imagesize: 7341, 8701 Resampled Imagesize: 307, 364
Process 382: resampleData: resampling in XY: image 382 / 606
Process 299: resampleData: Imagesize: 7341, 8701 Resampled Imagesize: 307, 364
Process 470: resampleData: resampling in XY: image 470 / 606
Process 356: resampleData: Imagesize: 7341, 8701 Resampled Imagesize: 307, 364
Process 357: resampleData: resampling in XY: image 357 / 606
Process 480: resampleData: resampling in XY: image 480 / 606
Process 319: resampleData: Imagesize: 7341, 8701 Resampled Imagesize: 307, 364
Process 490: resampleData: resampling in XY: image 490 / 606
Process 430: resampleData: Imagesize: 7341, 8701 Resampled Imagesize: 307, 364
Process 431: resampleData: resampling in XY: image 431 / 606
Process 344: resampleData: Imagesize: 7341, 8701 Resampled Imagesize: 307, 364
Process 345: resampleData: resampling in XY: image 345 / 606
Process 450: resampleData: Imagesize: 7341, 8701 Resampled Imagesize: 307, 364
Process 451: resampleData: resampling in XY: image 451 / 606
Process 440: resampleData: Imagesize: 7341, 8701 Resampled Imagesize: 307, 364
Process 441: resampleData: resampling in XY: image 441 / 606
Process 411: resampleData: Imagesize: 7341, 8701 Resampled Imagesize: 307, 364
Process 412: resampleData: resampling in XY: image 412 / 606
Process 402: resampleData: Imagesize: 7341, 8701 Resampled Imagesize: 307, 364
Process 403: resampleData: resampling in XY: image 403 / 606
Process 372: resampleData: Imagesize: 7341, 8701 Resampled Imagesize: 307, 364
Process 373: resampleData: resampling in XY: image 373 / 606
Process 337: resampleData: Imagesize: 7341, 8701 Resampled Imagesize: 307, 364
Process 338: resampleData: resampling in XY: image 338 / 606
Process 391: resampleData: Imagesize: 7341, 8701 Resampled Imagesize: 307, 364
Process 392: resampleData: resampling in XY: image 392 / 606
Process 421: resampleData: Imagesize: 7341, 8701 Resampled Imagesize: 307, 364
Process 422: resampleData: resampling in XY: image 422 / 606
Process 470: resampleData: Imagesize: 7341, 8701 Resampled Imagesize: 307, 364
Process 471: resampleData: resampling in XY: image 471 / 606
Process 382: resampleData: Imagesize: 7341, 8701 Resampled Imagesize: 307, 364
Process 383: resampleData: resampling in XY: image 383 / 606
Process 460: resampleData: Imagesize: 7341, 8701 Resampled Imagesize: 307, 364
Process 461: resampleData: resampling in XY: image 461 / 606
Process 362: resampleData: Imagesize: 7341, 8701 Resampled Imagesize: 307, 364
Process 363: resampleData: resampling in XY: image 363 / 606
Process 480: resampleData: Imagesize: 7341, 8701 Resampled Imagesize: 307, 364
Process 481: resampleData: resampling in XY: image 481 / 606
Process 490: resampleData: Imagesize: 7341, 8701 Resampled Imagesize: 307, 364
Process 491: resampleData: resampling in XY: image 491 / 606
Process 451: resampleData: Imagesize: 7341, 8701 Resampled Imagesize: 307, 364
Process 452: resampleData: resampling in XY: image 452 / 606
Process 431: resampleData: Imagesize: 7341, 8701 Resampled Imagesize: 307, 364
Process 432: resampleData: resampling in XY: image 432 / 606
Process 345: resampleData: Imagesize: 7341, 8701 Resampled Imagesize: 307, 364
Process 346: resampleData: resampling in XY: image 346 / 606
Process 403: resampleData: Imagesize: 7341, 8701 Resampled Imagesize: 307, 364
Process 404: resampleData: resampling in XY: image 404 / 606
Process 441: resampleData: Imagesize: 7341, 8701 Resampled Imagesize: 307, 364
Process 442: resampleData: resampling in XY: image 442 / 606
Process 412: resampleData: Imagesize: 7341, 8701 Resampled Imagesize: 307, 364
Process 413: resampleData: resampling in XY: image 413 / 606
Process 373: resampleData: Imagesize: 7341, 8701 Resampled Imagesize: 307, 364
Process 374: resampleData: resampling in XY: image 374 / 606
Process 422: resampleData: Imagesize: 7341, 8701 Resampled Imagesize: 307, 364
Process 423: resampleData: resampling in XY: image 423 / 606
Process 338: resampleData: Imagesize: 7341, 8701 Resampled Imagesize: 307, 364
Process 339: resampleData: resampling in XY: image 339 / 606
Process 471: resampleData: Imagesize: 7341, 8701 Resampled Imagesize: 307, 364
Process 472: resampleData: resampling in XY: image 472 / 606
Process 383: resampleData: Imagesize: 7341, 8701 Resampled Imagesize: 307, 364
Process 384: resampleData: resampling in XY: image 384 / 606
Process 461: resampleData: Imagesize: 7341, 8701 Resampled Imagesize: 307, 364
Process 392: resampleData: Imagesize: 7341, 8701 Resampled Imagesize: 307, 364
Process 393: resampleData: resampling in XY: image 393 / 606
Process 462: resampleData: resampling in XY: image 462 / 606
Process 481: resampleData: Imagesize: 7341, 8701 Resampled Imagesize: 307, 364
Process 482: resampleData: resampling in XY: image 482 / 606
Process 363: resampleData: Imagesize: 7341, 8701 Resampled Imagesize: 307, 364
Process 364: resampleData: resampling in XY: image 364 / 606
Process 491: resampleData: Imagesize: 7341, 8701 Resampled Imagesize: 307, 364
Process 492: resampleData: resampling in XY: image 492 / 606
Process 452: resampleData: Imagesize: 7341, 8701 Resampled Imagesize: 307, 364
Process 453: resampleData: resampling in XY: image 453 / 606
Process 404: resampleData: Imagesize: 7341, 8701 Resampled Imagesize: 307, 364
Process 405: resampleData: resampling in XY: image 405 / 606
Process 432: resampleData: Imagesize: 7341, 8701 Resampled Imagesize: 307, 364
Process 433: resampleData: resampling in XY: image 433 / 606
Process 346: resampleData: Imagesize: 7341, 8701 Resampled Imagesize: 307, 364
Process 347: resampleData: resampling in XY: image 347 / 606
Process 442: resampleData: Imagesize: 7341, 8701 Resampled Imagesize: 307, 364
Process 443: resampleData: resampling in XY: image 443 / 606
Process 413: resampleData: Imagesize: 7341, 8701 Resampled Imagesize: 307, 364
Process 414: resampleData: resampling in XY: image 414 / 606
Process 374: resampleData: Imagesize: 7341, 8701 Resampled Imagesize: 307, 364
Process 375: resampleData: resampling in XY: image 375 / 606
Process 472: resampleData: Imagesize: 7341, 8701 Resampled Imagesize: 307, 364
Process 473: resampleData: resampling in XY: image 473 / 606
Process 423: resampleData: Imagesize: 7341, 8701 Resampled Imagesize: 307, 364
Process 424: resampleData: resampling in XY: image 424 / 606
Process 462: resampleData: Imagesize: 7341, 8701 Resampled Imagesize: 307, 364
Process 463: resampleData: resampling in XY: image 463 / 606
Process 405: resampleData: Imagesize: 7341, 8701 Resampled Imagesize: 307, 364
Process 406: resampleData: resampling in XY: image 406 / 606
Process 384: resampleData: Imagesize: 7341, 8701 Resampled Imagesize: 307, 364
Process 385: resampleData: resampling in XY: image 385 / 606
Process 393: resampleData: Imagesize: 7341, 8701 Resampled Imagesize: 307, 364
Process 394: resampleData: resampling in XY: image 394 / 606
Process 364: resampleData: Imagesize: 7341, 8701 Resampled Imagesize: 307, 364
Process 365: resampleData: resampling in XY: image 365 / 606
Process 453: resampleData: Imagesize: 7341, 8701 Resampled Imagesize: 307, 364
Process 454: resampleData: resampling in XY: image 454 / 606
Process 339: resampleData: Imagesize: 7341, 8701 Resampled Imagesize: 307, 364
Process 500: resampleData: resampling in XY: image 500 / 606
Process 482: resampleData: Imagesize: 7341, 8701 Resampled Imagesize: 307, 364
Process 483: resampleData: resampling in XY: image 483 / 606
Process 492: resampleData: Imagesize: 7341, 8701 Resampled Imagesize: 307, 364
Process 493: resampleData: resampling in XY: image 493 / 606
Process 443: resampleData: Imagesize: 7341, 8701 Resampled Imagesize: 307, 364
Process 444: resampleData: resampling in XY: image 444 / 606
Process 433: resampleData: Imagesize: 7341, 8701 Resampled Imagesize: 307, 364
Process 434: resampleData: resampling in XY: image 434 / 606
Process 347: resampleData: Imagesize: 7341, 8701 Resampled Imagesize: 307, 364
Process 348: resampleData: resampling in XY: image 348 / 606
Process 414: resampleData: Imagesize: 7341, 8701 Resampled Imagesize: 307, 364
Process 415: resampleData: resampling in XY: image 415 / 606
Process 375: resampleData: Imagesize: 7341, 8701 Resampled Imagesize: 307, 364
Process 376: resampleData: resampling in XY: image 376 / 606
Process 406: resampleData: Imagesize: 7341, 8701 Resampled Imagesize: 307, 364
Process 407: resampleData: resampling in XY: image 407 / 606
Process 473: resampleData: Imagesize: 7341, 8701 Resampled Imagesize: 307, 364
Process 474: resampleData: resampling in XY: image 474 / 606
Process 500: resampleData: Imagesize: 7341, 8701 Resampled Imagesize: 307, 364
Process 501: resampleData: resampling in XY: image 501 / 606
Process 463: resampleData: Imagesize: 7341, 8701 Resampled Imagesize: 307, 364
Process 464: resampleData: resampling in XY: image 464 / 606
Process 454: resampleData: Imagesize: 7341, 8701 Resampled Imagesize: 307, 364
Process 455: resampleData: resampling in XY: image 455 / 606
Process 424: resampleData: Imagesize: 7341, 8701 Resampled Imagesize: 307, 364
Process 425: resampleData: resampling in XY: image 425 / 606
Process 365: resampleData: Imagesize: 7341, 8701 Resampled Imagesize: 307, 364
Process 366: resampleData: resampling in XY: image 366 / 606
Process 394: resampleData: Imagesize: 7341, 8701 Resampled Imagesize: 307, 364
Process 395: resampleData: resampling in XY: image 395 / 606
Process 483: resampleData: Imagesize: 7341, 8701 Resampled Imagesize: 307, 364
Process 484: resampleData: resampling in XY: image 484 / 606
Process 385: resampleData: Imagesize: 7341, 8701 Resampled Imagesize: 307, 364
Process 386: resampleData: resampling in XY: image 386 / 606
Process 493: resampleData: Imagesize: 7341, 8701 Resampled Imagesize: 307, 364
Process 494: resampleData: resampling in XY: image 494 / 606
Process 444: resampleData: Imagesize: 7341, 8701 Resampled Imagesize: 307, 364
Process 445: resampleData: resampling in XY: image 445 / 606
Process 434: resampleData: Imagesize: 7341, 8701 Resampled Imagesize: 307, 364
Process 435: resampleData: resampling in XY: image 435 / 606
Process 348: resampleData: Imagesize: 7341, 8701 Resampled Imagesize: 307, 364
Process 349: resampleData: resampling in XY: image 349 / 606
Process 415: resampleData: Imagesize: 7341, 8701 Resampled Imagesize: 307, 364
Process 416: resampleData: resampling in XY: image 416 / 606
Process 407: resampleData: Imagesize: 7341, 8701 Resampled Imagesize: 307, 364
Process 408: resampleData: resampling in XY: image 408 / 606
Process 501: resampleData: Imagesize: 7341, 8701 Resampled Imagesize: 307, 364
Process 502: resampleData: resampling in XY: image 502 / 606
Process 376: resampleData: Imagesize: 7341, 8701 Resampled Imagesize: 307, 364
Process 377: resampleData: resampling in XY: image 377 / 606
Process 455: resampleData: Imagesize: 7341, 8701 Resampled Imagesize: 307, 364
Process 456: resampleData: resampling in XY: image 456 / 606
Process 474: resampleData: Imagesize: 7341, 8701 Resampled Imagesize: 307, 364
Process 475: resampleData: resampling in XY: image 475 / 606
Process 464: resampleData: Imagesize: 7341, 8701 Resampled Imagesize: 307, 364
Process 465: resampleData: resampling in XY: image 465 / 606
Process 425: resampleData: Imagesize: 7341, 8701 Resampled Imagesize: 307, 364
Process 426: resampleData: resampling in XY: image 426 / 606
Process 366: resampleData: Imagesize: 7341, 8701 Resampled Imagesize: 307, 364
Process 367: resampleData: resampling in XY: image 367 / 606
Process 494: resampleData: Imagesize: 7341, 8701 Resampled Imagesize: 307, 364
Process 495: resampleData: resampling in XY: image 495 / 606
Process 395: resampleData: Imagesize: 7341, 8701 Resampled Imagesize: 307, 364
Process 396: resampleData: resampling in XY: image 396 / 606
Process 386: resampleData: Imagesize: 7341, 8701 Resampled Imagesize: 307, 364
Process 387: resampleData: resampling in XY: image 387 / 606
Process 445: resampleData: Imagesize: 7341, 8701 Resampled Imagesize: 307, 364
Process 446: resampleData: resampling in XY: image 446 / 606
Process 435: resampleData: Imagesize: 7341, 8701 Resampled Imagesize: 307, 364
Process 436: resampleData: resampling in XY: image 436 / 606
Process 484: resampleData: Imagesize: 7341, 8701 Resampled Imagesize: 307, 364
Process 416: resampleData: Imagesize: 7341, 8701 Resampled Imagesize: 307, 364
Process 485: resampleData: resampling in XY: image 485 / 606
Process 417: resampleData: resampling in XY: image 417 / 606
Process 502: resampleData: Imagesize: 7341, 8701 Resampled Imagesize: 307, 364
Process 408: resampleData: Imagesize: 7341, 8701 Resampled Imagesize: 307, 364
Process 503: resampleData: resampling in XY: image 503 / 606
Process 409: resampleData: resampling in XY: image 409 / 606
Process 456: resampleData: Imagesize: 7341, 8701 Resampled Imagesize: 307, 364
Process 457: resampleData: resampling in XY: image 457 / 606
Process 510: resampleData: resampling in XY: image 510 / 606
Process 349: resampleData: Imagesize: 7341, 8701 Resampled Imagesize: 307, 364
Process 520: resampleData: resampling in XY: image 520 / 606
Process 377: resampleData: Imagesize: 7341, 8701 Resampled Imagesize: 307, 364
Process 378: resampleData: resampling in XY: image 378 / 606
Process 475: resampleData: Imagesize: 7341, 8701 Resampled Imagesize: 307, 364
Process 476: resampleData: resampling in XY: image 476 / 606
Process 465: resampleData: Imagesize: 7341, 8701 Resampled Imagesize: 307, 364
Process 466: resampleData: resampling in XY: image 466 / 606
Process 426: resampleData: Imagesize: 7341, 8701 Resampled Imagesize: 307, 364
Process 427: resampleData: resampling in XY: image 427 / 606
Process 367: resampleData: Imagesize: 7341, 8701 Resampled Imagesize: 307, 364
Process 368: resampleData: resampling in XY: image 368 / 606
Process 417: resampleData: Imagesize: 7341, 8701 Resampled Imagesize: 307, 364
Process 418: resampleData: resampling in XY: image 418 / 606
Process 436: resampleData: Imagesize: 7341, 8701 Resampled Imagesize: 307, 364
Process 437: resampleData: resampling in XY: image 437 / 606
Process 409: resampleData: Imagesize: 7341, 8701 Resampled Imagesize: 307, 364
Process 530: resampleData: resampling in XY: image 530 / 606
Process 510: resampleData: Imagesize: 7341, 8701 Resampled Imagesize: 307, 364
Process 511: resampleData: resampling in XY: image 511 / 606
Process 540: resampleData: resampling in XY: image 540 / 606
Process 387: resampleData: Imagesize: 7341, 8701 Resampled Imagesize: 307, 364
Process 388: resampleData: resampling in XY: image 388 / 606
Process 396: resampleData: Imagesize: 7341, 8701 Resampled Imagesize: 307, 364
Process 397: resampleData: resampling in XY: image 397 / 606
Process 520: resampleData: Imagesize: 7341, 8701 Resampled Imagesize: 307, 364
Process 485: resampleData: Imagesize: 7341, 8701 Resampled Imagesize: 307, 364
Process 521: resampleData: resampling in XY: image 521 / 606
Process 495: resampleData: Imagesize: 7341, 8701 Resampled Imagesize: 307, 364
Process 486: resampleData: resampling in XY: image 486 / 606
Process 496: resampleData: resampling in XY: image 496 / 606
Process 446: resampleData: Imagesize: 7341, 8701 Resampled Imagesize: 307, 364
Process 447: resampleData: resampling in XY: image 447 / 606
Process 457: resampleData: Imagesize: 7341, 8701 Resampled Imagesize: 307, 364
Process 458: resampleData: resampling in XY: image 458 / 606
Process 378: resampleData: Imagesize: 7341, 8701 Resampled Imagesize: 307, 364
Process 379: resampleData: resampling in XY: image 379 / 606
Process 466: resampleData: Imagesize: 7341, 8701 Resampled Imagesize: 307, 364
Process 467: resampleData: resampling in XY: image 467 / 606
Process 476: resampleData: Imagesize: 7341, 8701 Resampled Imagesize: 307, 364
Process 477: resampleData: resampling in XY: image 477 / 606
Process 427: resampleData: Imagesize: 7341, 8701 Resampled Imagesize: 307, 364
Process 428: resampleData: resampling in XY: image 428 / 606
Process 368: resampleData: Imagesize: 7341, 8701 Resampled Imagesize: 307, 364
Process 369: resampleData: resampling in XY: image 369 / 606
Process 418: resampleData: Imagesize: 7341, 8701 Resampled Imagesize: 307, 364
Process 419: resampleData: resampling in XY: image 419 / 606
Process 530: resampleData: Imagesize: 7341, 8701 Resampled Imagesize: 307, 364
Process 521: resampleData: Imagesize: 7341, 8701 Resampled Imagesize: 307, 364
Process 531: resampleData: resampling in XY: image 531 / 606
Process 522: resampleData: resampling in XY: image 522 / 606
Process 540: resampleData: Imagesize: 7341, 8701 Resampled Imagesize: 307, 364
Process 541: resampleData: resampling in XY: image 541 / 606
Process 388: resampleData: Imagesize: 7341, 8701 Resampled Imagesize: 307, 364
Process 389: resampleData: resampling in XY: image 389 / 606
Process 437: resampleData: Imagesize: 7341, 8701 Resampled Imagesize: 307, 364
Process 438: resampleData: resampling in XY: image 438 / 606
Process 458: resampleData: Imagesize: 7341, 8701 Resampled Imagesize: 307, 364
Process 459: resampleData: resampling in XY: image 459 / 606
Process 397: resampleData: Imagesize: 7341, 8701 Resampled Imagesize: 307, 364
Process 398: resampleData: resampling in XY: image 398 / 606
Process 447: resampleData: Imagesize: 7341, 8701 Resampled Imagesize: 307, 364
Process 448: resampleData: resampling in XY: image 448 / 606
Process 486: resampleData: Imagesize: 7341, 8701 Resampled Imagesize: 307, 364
Process 487: resampleData: resampling in XY: image 487 / 606
Process 496: resampleData: Imagesize: 7341, 8701 Resampled Imagesize: 307, 364
Process 379: resampleData: Imagesize: 7341, 8701 Resampled Imagesize: 307, 364
Process 467: resampleData: Imagesize: 7341, 8701 Resampled Imagesize: 307, 364
Process 497: resampleData: resampling in XY: image 497 / 606
Process 550: resampleData: resampling in XY: image 550 / 606
Process 468: resampleData: resampling in XY: image 468 / 606
Process 477: resampleData: Imagesize: 7341, 8701 Resampled Imagesize: 307, 364
Process 478: resampleData: resampling in XY: image 478 / 606
Process 428: resampleData: Imagesize: 7341, 8701 Resampled Imagesize: 307, 364
Process 429: resampleData: resampling in XY: image 429 / 606
Process 369: resampleData: Imagesize: 7341, 8701 Resampled Imagesize: 307, 364
Process 560: resampleData: resampling in XY: image 560 / 606
Process 419: resampleData: Imagesize: 7341, 8701 Resampled Imagesize: 307, 364
Process 570: resampleData: resampling in XY: image 570 / 606
Process 459: resampleData: Imagesize: 7341, 8701 Resampled Imagesize: 307, 364
Process 580: resampleData: resampling in XY: image 580 / 606
Process 531: resampleData: Imagesize: 7341, 8701 Resampled Imagesize: 307, 364
Process 532: resampleData: resampling in XY: image 532 / 606
Process 438: resampleData: Imagesize: 7341, 8701 Resampled Imagesize: 307, 364
Process 439: resampleData: resampling in XY: image 439 / 606
Process 389: resampleData: Imagesize: 7341, 8701 Resampled Imagesize: 307, 364
Process 398: resampleData: Imagesize: 7341, 8701 Resampled Imagesize: 307, 364
Process 590: resampleData: resampling in XY: image 590 / 606
Process 550: resampleData: Imagesize: 7341, 8701 Resampled Imagesize: 307, 364
Process 399: resampleData: resampling in XY: image 399 / 606
Process 551: resampleData: resampling in XY: image 551 / 606
Process 468: resampleData: Imagesize: 7341, 8701 Resampled Imagesize: 307, 364
Process 469: resampleData: resampling in XY: image 469 / 606
Process 522: resampleData: Imagesize: 7341, 8701 Resampled Imagesize: 307, 364
Process 523: resampleData: resampling in XY: image 523 / 606
Process 541: resampleData: Imagesize: 7341, 8701 Resampled Imagesize: 307, 364
Process 542: resampleData: resampling in XY: image 542 / 606
Process 497: resampleData: Imagesize: 7341, 8701 Resampled Imagesize: 307, 364
Process 498: resampleData: resampling in XY: image 498 / 606
Process 448: resampleData: Imagesize: 7341, 8701 Resampled Imagesize: 307, 364
Process 449: resampleData: resampling in XY: image 449 / 606
Process 560: resampleData: Imagesize: 7341, 8701 Resampled Imagesize: 307, 364
Process 561: resampleData: resampling in XY: image 561 / 606
Process 487: resampleData: Imagesize: 7341, 8701 Resampled Imagesize: 307, 364
Process 478: resampleData: Imagesize: 7341, 8701 Resampled Imagesize: 307, 364
Process 488: resampleData: resampling in XY: image 488 / 606
Process 479: resampleData: resampling in XY: image 479 / 606
Process 429: resampleData: Imagesize: 7341, 8701 Resampled Imagesize: 307, 364
Process 600: resampleData: resampling in XY: image 600 / 606
Process 570: resampleData: Imagesize: 7341, 8701 Resampled Imagesize: 307, 364
Process 571: resampleData: resampling in XY: image 571 / 606
Process 580: resampleData: Imagesize: 7341, 8701 Resampled Imagesize: 307, 364
Process 581: resampleData: resampling in XY: image 581 / 606
Process 551: resampleData: Imagesize: 7341, 8701 Resampled Imagesize: 307, 364
Process 532: resampleData: Imagesize: 7341, 8701 Resampled Imagesize: 307, 364
Process 552: resampleData: resampling in XY: image 552 / 606
Process 533: resampleData: resampling in XY: image 533 / 606
Process 439: resampleData: Imagesize: 7341, 8701 Resampled Imagesize: 307, 364
Process 590: resampleData: Imagesize: 7341, 8701 Resampled Imagesize: 307, 364
Process 591: resampleData: resampling in XY: image 591 / 606
Process 561: resampleData: Imagesize: 7341, 8701 Resampled Imagesize: 307, 364
Process 562: resampleData: resampling in XY: image 562 / 606
Process 523: resampleData: Imagesize: 7341, 8701 Resampled Imagesize: 307, 364
Process 524: resampleData: resampling in XY: image 524 / 606
Process 600: resampleData: Imagesize: 7341, 8701 Resampled Imagesize: 307, 364
Process 601: resampleData: resampling in XY: image 601 / 606
Process 469: resampleData: Imagesize: 7341, 8701 Resampled Imagesize: 307, 364
Process 542: resampleData: Imagesize: 7341, 8701 Resampled Imagesize: 307, 364
Process 543: resampleData: resampling in XY: image 543 / 606
Process 488: resampleData: Imagesize: 7341, 8701 Resampled Imagesize: 307, 364
Process 489: resampleData: resampling in XY: image 489 / 606
Process 399: resampleData: Imagesize: 7341, 8701 Resampled Imagesize: 307, 364
Process 498: resampleData: Imagesize: 7341, 8701 Resampled Imagesize: 307, 364
Process 499: resampleData: resampling in XY: image 499 / 606
Process 449: resampleData: Imagesize: 7341, 8701 Resampled Imagesize: 307, 364
Process 479: resampleData: Imagesize: 7341, 8701 Resampled Imagesize: 307, 364
Process 581: resampleData: Imagesize: 7341, 8701 Resampled Imagesize: 307, 364
Process 582: resampleData: resampling in XY: image 582 / 606
Process 571: resampleData: Imagesize: 7341, 8701 Resampled Imagesize: 307, 364
Process 572: resampleData: resampling in XY: image 572 / 606
Process 552: resampleData: Imagesize: 7341, 8701 Resampled Imagesize: 307, 364
Process 553: resampleData: resampling in XY: image 553 / 606
Process 533: resampleData: Imagesize: 7341, 8701 Resampled Imagesize: 307, 364
Process 534: resampleData: resampling in XY: image 534 / 606
Process 562: resampleData: Imagesize: 7341, 8701 Resampled Imagesize: 307, 364
Process 563: resampleData: resampling in XY: image 563 / 606
Process 591: resampleData: Imagesize: 7341, 8701 Resampled Imagesize: 307, 364
Process 601: resampleData: Imagesize: 7341, 8701 Resampled Imagesize: 307, 364
Process 592: resampleData: resampling in XY: image 592 / 606
Process 602: resampleData: resampling in XY: image 602 / 606
Process 524: resampleData: Imagesize: 7341, 8701 Resampled Imagesize: 307, 364
Process 525: resampleData: resampling in XY: image 525 / 606
Process 543: resampleData: Imagesize: 7341, 8701 Resampled Imagesize: 307, 364
Process 544: resampleData: resampling in XY: image 544 / 606
Process 553: resampleData: Imagesize: 7341, 8701 Resampled Imagesize: 307, 364
Process 554: resampleData: resampling in XY: image 554 / 606
Process 489: resampleData: Imagesize: 7341, 8701 Resampled Imagesize: 307, 364
Process 499: resampleData: Imagesize: 7341, 8701 Resampled Imagesize: 307, 364
Process 563: resampleData: Imagesize: 7341, 8701 Resampled Imagesize: 307, 364
Process 564: resampleData: resampling in XY: image 564 / 606
Process 572: resampleData: Imagesize: 7341, 8701 Resampled Imagesize: 307, 364
Process 573: resampleData: resampling in XY: image 573 / 606
Process 582: resampleData: Imagesize: 7341, 8701 Resampled Imagesize: 307, 364
Process 602: resampleData: Imagesize: 7341, 8701 Resampled Imagesize: 307, 364
Process 603: resampleData: resampling in XY: image 603 / 606
Process 583: resampleData: resampling in XY: image 583 / 606
Process 534: resampleData: Imagesize: 7341, 8701 Resampled Imagesize: 307, 364
Process 535: resampleData: resampling in XY: image 535 / 606
Process 592: resampleData: Imagesize: 7341, 8701 Resampled Imagesize: 307, 364
Process 593: resampleData: resampling in XY: image 593 / 606
Process 554: resampleData: Imagesize: 7341, 8701 Resampled Imagesize: 307, 364
Process 555: resampleData: resampling in XY: image 555 / 606
Process 544: resampleData: Imagesize: 7341, 8701 Resampled Imagesize: 307, 364
Process 545: resampleData: resampling in XY: image 545 / 606
Process 525: resampleData: Imagesize: 7341, 8701 Resampled Imagesize: 307, 364
Process 526: resampleData: resampling in XY: image 526 / 606
Process 603: resampleData: Imagesize: 7341, 8701 Resampled Imagesize: 307, 364
Process 604: resampleData: resampling in XY: image 604 / 606
Process 573: resampleData: Imagesize: 7341, 8701 Resampled Imagesize: 307, 364
Process 574: resampleData: resampling in XY: image 574 / 606
Process 583: resampleData: Imagesize: 7341, 8701 Resampled Imagesize: 307, 364
Process 584: resampleData: resampling in XY: image 584 / 606
Process 555: resampleData: Imagesize: 7341, 8701 Resampled Imagesize: 307, 364
Process 556: resampleData: resampling in XY: image 556 / 606
Process 535: resampleData: Imagesize: 7341, 8701 Resampled Imagesize: 307, 364
Process 536: resampleData: resampling in XY: image 536 / 606
Process 604: resampleData: Imagesize: 7341, 8701 Resampled Imagesize: 307, 364
Process 605: resampleData: resampling in XY: image 605 / 606
Process 593: resampleData: Imagesize: 7341, 8701 Resampled Imagesize: 307, 364
Process 594: resampleData: resampling in XY: image 594 / 606
Process 545: resampleData: Imagesize: 7341, 8701 Resampled Imagesize: 307, 364
Process 546: resampleData: resampling in XY: image 546 / 606
Process 526: resampleData: Imagesize: 7341, 8701 Resampled Imagesize: 307, 364
Process 527: resampleData: resampling in XY: image 527 / 606
Process 574: resampleData: Imagesize: 7341, 8701 Resampled Imagesize: 307, 364
Process 575: resampleData: resampling in XY: image 575 / 606
Process 556: resampleData: Imagesize: 7341, 8701 Resampled Imagesize: 307, 364
Process 557: resampleData: resampling in XY: image 557 / 606
Process 584: resampleData: Imagesize: 7341, 8701 Resampled Imagesize: 307, 364
Process 585: resampleData: resampling in XY: image 585 / 606
Process 605: resampleData: Imagesize: 7341, 8701 Resampled Imagesize: 307, 364
Process 536: resampleData: Imagesize: 7341, 8701 Resampled Imagesize: 307, 364
Process 537: resampleData: resampling in XY: image 537 / 606
Process 594: resampleData: Imagesize: 7341, 8701 Resampled Imagesize: 307, 364
Process 595: resampleData: resampling in XY: image 595 / 606
Process 546: resampleData: Imagesize: 7341, 8701 Resampled Imagesize: 307, 364
Process 547: resampleData: resampling in XY: image 547 / 606
Process 527: resampleData: Imagesize: 7341, 8701 Resampled Imagesize: 307, 364
Process 528: resampleData: resampling in XY: image 528 / 606
Process 557: resampleData: Imagesize: 7341, 8701 Resampled Imagesize: 307, 364
Process 558: resampleData: resampling in XY: image 558 / 606
Process 575: resampleData: Imagesize: 7341, 8701 Resampled Imagesize: 307, 364
Process 576: resampleData: resampling in XY: image 576 / 606
Process 585: resampleData: Imagesize: 7341, 8701 Resampled Imagesize: 307, 364
Process 586: resampleData: resampling in XY: image 586 / 606
Process 537: resampleData: Imagesize: 7341, 8701 Resampled Imagesize: 307, 364
Process 538: resampleData: resampling in XY: image 538 / 606
Process 558: resampleData: Imagesize: 7341, 8701 Resampled Imagesize: 307, 364
Process 559: resampleData: resampling in XY: image 559 / 606
Process 547: resampleData: Imagesize: 7341, 8701 Resampled Imagesize: 307, 364
Process 548: resampleData: resampling in XY: image 548 / 606
Process 595: resampleData: Imagesize: 7341, 8701 Resampled Imagesize: 307, 364
Process 596: resampleData: resampling in XY: image 596 / 606
Process 528: resampleData: Imagesize: 7341, 8701 Resampled Imagesize: 307, 364
Process 529: resampleData: resampling in XY: image 529 / 606
Process 576: resampleData: Imagesize: 7341, 8701 Resampled Imagesize: 307, 364
Process 577: resampleData: resampling in XY: image 577 / 606
Process 586: resampleData: Imagesize: 7341, 8701 Resampled Imagesize: 307, 364
Process 587: resampleData: resampling in XY: image 587 / 606
Process 559: resampleData: Imagesize: 7341, 8701 Resampled Imagesize: 307, 364
Process 538: resampleData: Imagesize: 7341, 8701 Resampled Imagesize: 307, 364
Process 539: resampleData: resampling in XY: image 539 / 606
Process 548: resampleData: Imagesize: 7341, 8701 Resampled Imagesize: 307, 364
Process 549: resampleData: resampling in XY: image 549 / 606
Process 596: resampleData: Imagesize: 7341, 8701 Resampled Imagesize: 307, 364
Process 597: resampleData: resampling in XY: image 597 / 606
Process 529: resampleData: Imagesize: 7341, 8701 Resampled Imagesize: 307, 364
Process 577: resampleData: Imagesize: 7341, 8701 Resampled Imagesize: 307, 364
Process 578: resampleData: resampling in XY: image 578 / 606
Process 587: resampleData: Imagesize: 7341, 8701 Resampled Imagesize: 307, 364
Process 588: resampleData: resampling in XY: image 588 / 606
Process 539: resampleData: Imagesize: 7341, 8701 Resampled Imagesize: 307, 364
Process 549: resampleData: Imagesize: 7341, 8701 Resampled Imagesize: 307, 364
Process 597: resampleData: Imagesize: 7341, 8701 Resampled Imagesize: 307, 364
Process 598: resampleData: resampling in XY: image 598 / 606
Process 578: resampleData: Imagesize: 7341, 8701 Resampled Imagesize: 307, 364
Process 579: resampleData: resampling in XY: image 579 / 606
Process 588: resampleData: Imagesize: 7341, 8701 Resampled Imagesize: 307, 364
Process 589: resampleData: resampling in XY: image 589 / 606
Process 598: resampleData: Imagesize: 7341, 8701 Resampled Imagesize: 307, 364
Process 599: resampleData: resampling in XY: image 599 / 606
Process 579: resampleData: Imagesize: 7341, 8701 Resampled Imagesize: 307, 364
Process 589: resampleData: Imagesize: 7341, 8701 Resampled Imagesize: 307, 364
Process 599: resampleData: Imagesize: 7341, 8701 Resampled Imagesize: 307, 364
multiprocessing.pool.RemoteTraceback: 
"""
Traceback (most recent call last):
  File "/usr/people/ejdennis/.conda/envs/idisco/lib/python3.7/multiprocessing/pool.py", line 121, in worker
    result = (True, func(*args, **kwds))
  File "/usr/people/ejdennis/.conda/envs/idisco/lib/python3.7/multiprocessing/pool.py", line 44, in mapstar
    return list(map(*args))
  File "/mnt/sink/scratch/ejdennis/rat_BrainPipe/ClearMapCluster/ClearMap/Alignment/Resampling.py", line 383, in _resampleXYParallel
    data = numpy.squeeze(io.readData(fileSource, z = ii));
  File "/mnt/sink/scratch/ejdennis/rat_BrainPipe/ClearMapCluster/ClearMap/IO/IO.py", line 447, in readData
    return mod.readData(source, **args);
  File "/mnt/sink/scratch/ejdennis/rat_BrainPipe/ClearMapCluster/ClearMap/IO/FileList.py", line 237, in readData
    return readDataFiles(filename, **args);
  File "/mnt/sink/scratch/ejdennis/rat_BrainPipe/ClearMapCluster/ClearMap/IO/FileList.py", line 206, in readDataFiles
    img = io.readData(fn, x = x, y = y);
  File "/mnt/sink/scratch/ejdennis/rat_BrainPipe/ClearMapCluster/ClearMap/IO/IO.py", line 447, in readData
    return mod.readData(source, **args);
  File "/mnt/sink/scratch/ejdennis/rat_BrainPipe/ClearMapCluster/ClearMap/IO/TIF.py", line 93, in readData
    data = tiff.imread(filename, key = 0);
  File "/usr/people/ejdennis/.conda/envs/idisco/lib/python3.7/site-packages/tifffile/tifffile.py", line 632, in imread
    return tif.asarray(**kwargs)
  File "/usr/people/ejdennis/.conda/envs/idisco/lib/python3.7/site-packages/tifffile/tifffile.py", line 2376, in asarray
    result = pages[0].asarray(out=out, maxworkers=maxworkers)
  File "/usr/people/ejdennis/.conda/envs/idisco/lib/python3.7/site-packages/tifffile/tifffile.py", line 4778, in asarray
    func=func, lock=lock, maxworkers=maxworkers, sort=True
  File "/usr/people/ejdennis/.conda/envs/idisco/lib/python3.7/site-packages/tifffile/tifffile.py", line 4651, in segments
    yield from executor.map(decode, segments)
  File "/usr/people/ejdennis/.conda/envs/idisco/lib/python3.7/concurrent/futures/_base.py", line 598, in result_iterator
    yield fs.pop().result()
  File "/usr/people/ejdennis/.conda/envs/idisco/lib/python3.7/concurrent/futures/_base.py", line 428, in result
    return self.__get_result()
  File "/usr/people/ejdennis/.conda/envs/idisco/lib/python3.7/concurrent/futures/_base.py", line 384, in __get_result
    raise self._exception
  File "/usr/people/ejdennis/.conda/envs/idisco/lib/python3.7/concurrent/futures/thread.py", line 57, in run
    result = self.fn(*self.args, **self.kwargs)
  File "/usr/people/ejdennis/.conda/envs/idisco/lib/python3.7/site-packages/tifffile/tifffile.py", line 4631, in decode
    result = keyframe.decode(*args, **decodeargs)
  File "/usr/people/ejdennis/.conda/envs/idisco/lib/python3.7/site-packages/tifffile/tifffile.py", line 4589, in decode
    data = decompress(data, out=size * dtype.itemsize)
  File "/usr/people/ejdennis/.conda/envs/idisco/lib/python3.7/site-packages/tifffile/tifffile.py", line 10773, in zlib_decode
    return zlib.decompress(data)
zlib.error: Error -5 while decompressing data: incomplete or truncated stream
"""

The above exception was the direct cause of the following exception:

Traceback (most recent call last):
  File "run_clearmap_cluster.py", line 108, in <module>
    resampling_operations(jobid, **params)
  File "/mnt/sink/scratch/ejdennis/rat_BrainPipe/ClearMapCluster/ClearMap/cluster/par_tools.py", line 59, in resampling_operations
    if jobid == 2: resampleData(**dct["RegistrationResamplingParameter"])
  File "/mnt/sink/scratch/ejdennis/rat_BrainPipe/ClearMapCluster/ClearMap/Alignment/Resampling.py", line 447, in resampleData
    pool.map(_resampleXYParallel, argdata);
  File "/usr/people/ejdennis/.conda/envs/idisco/lib/python3.7/multiprocessing/pool.py", line 268, in map
    return self._map_async(func, iterable, mapstar, chunksize).get()
  File "/usr/people/ejdennis/.conda/envs/idisco/lib/python3.7/multiprocessing/pool.py", line 657, in get
    raise self._value
zlib.error: Error -5 while decompressing data: incomplete or truncated stream
