In the directory: /scratch/ejdennis/rat_BrainPipe/smartspim_workflow 
As the user: ejdennis 
on host: spock7-c0-8 
Cpus_allowed_list:	1,3-4,6-7,9-12,15,19,22
['spim_downsize.py', '/jukebox/LightSheetData/lightserv/pbibawi/pb_udisco_647_488_/pb_udisco_647_488_A300/imaging_request_1/rawdata/resolution_3.6x', 'Ex_488_Em_0_corrected', 'Ex_642_Em_2_corrected/RESx12060x7605x3756']
['/jukebox/LightSheetData/lightserv/pbibawi/pb_udisco_647_488_/pb_udisco_647_488_A300/imaging_request_1/rawdata/resolution_3.6x/Ex_488_Em_0_corrected', '/jukebox/LightSheetData/lightserv/pbibawi/pb_udisco_647_488_/pb_udisco_647_488_A300/imaging_request_1/rawdata/resolution_3.6x/Ex_642_Em_2_corrected/RESx12060x7605x3756']
reg ch is /jukebox/LightSheetData/lightserv/pbibawi/pb_udisco_647_488_/pb_udisco_647_488_A300/imaging_request_1/rawdata/resolution_3.6x/Ex_488_Em_0_corrected

Path to stitched images: /jukebox/LightSheetData/lightserv/pbibawi/pb_udisco_647_488_/pb_udisco_647_488_A300/imaging_request_1/rawdata/resolution_3.6x/Ex_488_Em_0_corrected


Path to storage directory: /jukebox/LightSheetData/lightserv/pbibawi/pb_udisco_647_488_/pb_udisco_647_488_A300/imaging_request_1/rawdata/reg__downsized


058950_093070_058480.tif
058950_093070_028780.tif
058950_093070_006920.tif
058950_093070_012600.tif
058950_093070_019560.tif
058950_093070_046460.tif
058950_093070_038740.tif
058950_093070_043340.tif
058950_093070_020320.tif
058950_093070_060180.tif
058950_093070_060060.tif
058950_093070_041380.tif
058950_093070_056820.tif
058950_093070_013480.tif
058950_093070_050260.tif
058950_093070_052740.tif
058950_093070_008640.tif
058950_093070_054580.tif
058950_093070_019460.tif
058950_093070_003680.tif
058950_093070_003600.tif
058950_093070_025520.tif
058950_093070_027280.tif
058950_093070_017040.tif
058950_093070_039100.tif
058950_093070_016840.tif
058950_093070_013780.tif
058950_093070_014900.tif
058950_093070_041980.tif
058950_093070_030880.tif
058950_093070_009560.tif
058950_093070_001380.tif
058950_093070_012200.tif
058950_093070_058420.tif
058950_093070_053920.tif
058950_093070_038780.tif
058950_093070_054160.tif
058950_093070_022820.tif
058950_093070_003020.tif
058950_093070_013920.tif
058950_093070_015820.tif
058950_093070_040260.tif
058950_093070_016580.tif
058950_093070_003700.tif
058950_093070_052200.tif
058950_093070_055480.tif
058950_093070_061280.tif
058950_093070_033760.tif
058950_093070_050900.tif
058950_093070_028660.tif
058950_093070_011780.tif
058950_093070_024840.tif
058950_093070_050240.tif
058950_093070_008720.tif
058950_093070_057180.tif
058950_093070_058300.tif
058950_093070_032060.tif
058950_093070_015940.tif
058950_093070_057800.tif
058950_093070_000560.tif
058950_093070_050500.tif
058950_093070_044160.tif
058950_093070_002400.tif
058950_093070_060560.tif
058950_093070_060740.tif
058950_093070_061060.tif
058950_093070_035820.tif
058950_093070_026440.tif
058950_093070_049820.tif
058950_093070_022240.tif
058950_093070_059860.tif
058950_093070_042320.tif
058950_093070_063280.tif
058950_093070_010540.tif
058950_093070_030560.tif
058950_093070_020420.tif
058950_093070_014360.tif
058950_093070_005540.tif
058950_093070_050340.tif
058950_093070_020980.tif
058950_093070_057100.tif
058950_093070_018120.tif
058950_093070_029460.tif
058950_093070_018620.tif
058950_093070_025080.tif
058950_093070_028100.tif
058950_093070_054400.tif
058950_093070_039920.tif
058950_093070_063580.tif
058950_093070_058380.tif
058950_093070_033600.tif
058950_093070_031840.tif
058950_093070_036700.tif
058950_093070_009120.tif
058950_093070_024520.tif
058950_093070_010740.tif
058950_093070_048300.tif
058950_093070_053780.tif
058950_093070_056560.tif
058950_093070_043900.tif
058950_093070_029880.tif
058950_093070_050200.tif
058950_093070_007700.tif
058950_093070_007520.tif
058950_093070_044420.tif
058950_093070_014140.tif
058950_093070_045880.tif
058950_093070_052340.tif
058950_093070_047000.tif
058950_093070_003420.tif
058950_093070_059820.tif
058950_093070_008820.tif
058950_093070_050140.tif
058950_093070_061600.tif
058950_093070_003820.tif
058950_093070_024540.tif
058950_093070_037860.tif
058950_093070_005320.tif
058950_093070_004100.tif
058950_093070_007200.tif
058950_093070_012820.tif
058950_093070_013380.tif
058950_093070_048560.tif
058950_093070_003320.tif
058950_093070_027160.tif
058950_093070_020380.tif
058950_093070_003760.tif
058950_093070_003400.tif
058950_093070_023780.tif
058950_093070_013960.tif
058950_093070_020000.tif
058950_093070_009660.tif
058950_093070_055340.tif
058950_093070_030180.tif
058950_093070_008440.tif
058950_093070_048400.tif
058950_093070_058400.tif
058950_093070_047660.tif
058950_093070_005180.tif
058950_093070_037500.tif
058950_093070_059880.tif
058950_093070_060860.tif
058950_093070_035900.tif
058950_093070_050020.tif
058950_093070_045560.tif
058950_093070_025000.tif
058950_093070_007000.tif
058950_093070_033640.tif
058950_093070_009300.tif
058950_093070_027900.tif
058950_093070_011180.tif
058950_093070_043540.tif
058950_093070_029100.tif
058950_093070_009700.tif
058950_093070_059840.tif
058950_093070_021020.tif
058950_093070_001820.tif
058950_093070_022320.tif
058950_093070_032880.tif
058950_093070_021400.tif
058950_093070_039080.tif
058950_093070_013240.tif
058950_093070_010660.tif
058950_093070_032220.tif
058950_093070_016020.tif
058950_093070_052820.tif
058950_093070_023300.tif
058950_093070_044900.tif
058950_093070_032180.tif
058950_093070_058860.tif
058950_093070_063320.tif
058950_093070_032480.tif
058950_093070_007220.tif
058950_093070_056520.tif
058950_093070_021560.tif
058950_093070_046040.tif
058950_093070_033800.tif
058950_093070_018420.tif
058950_093070_029160.tif
058950_093070_054240.tif
058950_093070_039720.tif
058950_093070_030700.tif
058950_093070_002880.tif
058950_093070_028740.tif
058950_093070_003380.tif
058950_093070_026400.tif
058950_093070_010220.tif
058950_093070_039000.tif
058950_093070_011100.tif
058950_093070_060660.tif
058950_093070_057760.tif
058950_093070_038540.tif
058950_093070_013040.tif
058950_093070_029040.tif
058950_093070_007760.tif
058950_093070_048760.tif
058950_093070_026800.tif
058950_093070_007660.tif
058950_093070_001580.tif
058950_093070_008840.tif
058950_093070_056160.tif
058950_093070_052540.tif
058950_093070_018940.tif
058950_093070_024580.tif
058950_093070_040520.tif
058950_093070_011580.tif
058950_093070_013020.tif
058950_093070_018280.tif
058950_093070_042000.tif
058950_093070_001340.tif
058950_093070_009720.tif
058950_093070_046800.tif
058950_093070_039540.tif
058950_093070_007720.tif
058950_093070_063880.tif
058950_093070_037040.tif
058950_093070_038840.tif
058950_093070_037060.tif
058950_093070_040280.tif
058950_093070_055660.tif
058950_093070_001760.tif
058950_093070_056180.tif
058950_093070_020720.tif
058950_093070_000360.tif
058950_093070_024600.tif
058950_093070_050420.tif
058950_093070_017240.tif
058950_093070_028680.tif
058950_093070_062180.tif
058950_093070_054360.tif
058950_093070_059100.tif
058950_093070_015520.tif
058950_093070_017200.tif
058950_093070_044220.tif
058950_093070_039320.tif
058950_093070_056100.tif
058950_093070_046480.tif
058950_093070_049860.tif
058950_093070_003940.tif
058950_093070_024620.tif
058950_093070_042060.tif
058950_093070_023920.tif
058950_093070_030620.tif
058950_093070_000900.tif
058950_093070_018760.tif
058950_093070_023720.tif
058950_093070_034400.tif
058950_093070_015140.tif
058950_093070_002080.tif
058950_093070_050580.tif
058950_093070_000980.tif
058950_093070_034240.tif
058950_093070_029740.tif
058950_093070_043440.tif
058950_093070_027200.tif
058950_093070_061120.tif
058950_093070_009280.tif
058950_093070_008360.tif
058950_093070_013580.tif
058950_093070_012780.tif
058950_093070_061760.tif
058950_093070_029380.tif
058950_093070_039960.tif
058950_093070_025680.tif
058950_093070_008380.tif
058950_093070_022980.tif
058950_093070_025620.tif
058950_093070_022040.tif
058950_093070_008580.tif
058950_093070_050320.tif
058950_093070_051980.tif
058950_093070_016760.tif
058950_093070_005120.tif
058950_093070_042280.tif
058950_093070_044840.tif
058950_093070_062440.tif
058950_093070_026500.tif
058950_093070_000700.tif
058950_093070_011400.tif
058950_093070_038240.tif
058950_093070_012240.tif
058950_093070_044940.tif
058950_093070_021480.tif
058950_093070_019800.tif
058950_093070_040820.tif
058950_093070_011320.tif
058950_093070_037200.tif
058950_093070_055880.tif
058950_093070_021320.tif
058950_093070_034080.tif
058950_093070_005040.tif
058950_093070_049560.tif
058950_093070_029560.tif
058950_093070_054900.tif
058950_093070_054940.tif
058950_093070_002340.tif
058950_093070_045220.tif
058950_093070_019540.tif
058950_093070_028920.tif
058950_093070_052040.tif
058950_093070_041020.tif
058950_093070_029420.tif
058950_093070_060160.tif
058950_093070_001540.tif
058950_093070_023180.tif
058950_093070_045300.tif
058950_093070_063640.tif
058950_093070_011480.tif
058950_093070_003900.tif
058950_093070_036720.tif
058950_093070_028640.tif
058950_093070_020560.tif
058950_093070_014720.tif
058950_093070_049320.tif
058950_093070_039580.tif
058950_093070_038620.tif
058950_093070_047500.tif
058950_093070_036500.tif
058950_093070_028220.tif
058950_093070_063800.tif
058950_093070_038940.tif
058950_093070_024360.tif
058950_093070_036260.tif
058950_093070_041360.tif
058950_093070_050660.tif
058950_093070_028600.tif
058950_093070_050620.tif
058950_093070_051220.tif
058950_093070_033720.tif
058950_093070_002960.tif
058950_093070_007160.tif
058950_093070_015640.tif
058950_093070_002380.tif
058950_093070_039900.tif
058950_093070_019940.tif
058950_093070_009100.tif
058950_093070_005000.tif
058950_093070_028700.tif
058950_093070_061620.tif
058950_093070_015780.tif
058950_093070_020360.tif
058950_093070_027320.tif
058950_093070_005240.tif
058950_093070_029220.tif
058950_093070_064060.tif
058950_093070_006000.tif
058950_093070_027880.tif
058950_093070_001840.tif
058950_093070_055320.tif
058950_093070_005720.tif
058950_093070_010080.tif
058950_093070_044700.tif
058950_093070_039880.tif
058950_093070_050840.tif
058950_093070_054340.tif
058950_093070_006820.tif
058950_093070_061820.tif
058950_093070_038660.tif
058950_093070_048420.tif
058950_093070_051420.tif
058950_093070_048540.tif
058950_093070_030540.tif
058950_093070_048940.tif
058950_093070_037520.tif
058950_093070_050800.tif
058950_093070_017920.tif
058950_093070_033920.tif
058950_093070_055720.tif
058950_093070_025500.tif
058950_093070_046660.tif
058950_093070_019080.tif
058950_093070_030060.tif
058950_093070_001360.tif
058950_093070_064020.tif
058950_093070_057460.tif
058950_093070_055000.tif
058950_093070_038580.tif
058950_093070_056960.tif
058950_093070_001860.tif
058950_093070_057040.tif
058950_093070_036140.tif
058950_093070_002920.tif
058950_093070_040200.tif
058950_093070_032840.tif
058950_093070_019420.tif
058950_093070_021680.tif
058950_093070_048660.tif
058950_093070_003580.tif
058950_093070_008280.tif
058950_093070_005100.tif
058950_093070_033740.tif
058950_093070_044800.tif
058950_093070_061020.tif
058950_093070_009200.tif
058950_093070_040840.tif
058950_093070_006720.tif
058950_093070_040800.tif
058950_093070_054480.tif
058950_093070_022380.tif
058950_093070_045280.tif
058950_093070_052960.tif
058950_093070_035540.tif
058950_093070_060940.tif
058950_093070_044360.tif
058950_093070_044100.tif
058950_093070_056900.tif
058950_093070_040420.tif
058950_093070_031760.tif
058950_093070_059700.tif
058950_093070_004300.tif
058950_093070_025160.tif
058950_093070_043100.tif
058950_093070_001260.tif
058950_093070_057020.tif
058950_093070_028440.tif
058950_093070_014340.tif
058950_093070_018860.tif
058950_093070_037880.tif
058950_093070_020060.tif
058950_093070_051380.tif
058950_093070_051400.tif
058950_093070_062320.tif
058950_093070_060300.tif
058950_093070_063860.tif
058950_093070_027340.tif
058950_093070_031460.tif
058950_093070_030400.tif
058950_093070_010720.tif
058950_093070_042380.tif
058950_093070_052420.tif
058950_093070_015300.tif
058950_093070_023100.tif
058950_093070_016360.tif
058950_093070_011060.tif
058950_093070_009820.tif
058950_093070_050280.tif
058950_093070_004020.tif
058950_093070_014920.tif
058950_093070_062340.tif
058950_093070_052360.tif
058950_093070_003040.tif
058950_093070_009880.tif
058950_093070_044600.tif
058950_093070_026420.tif
058950_093070_037240.tif
058950_093070_014440.tif
058950_093070_012520.tif
058950_093070_010340.tif
058950_093070_019240.tif
058950_093070_002660.tif
058950_093070_041120.tif
058950_093070_043820.tif
058950_093070_030120.tif
058950_093070_061160.tif
058950_093070_007440.tif
058950_093070_060600.tif
058950_093070_061520.tif
058950_093070_032100.tif
058950_093070_042100.tif
058950_093070_014640.tif
058950_093070_052060.tif
058950_093070_046620.tif
058950_093070_004260.tif
058950_093070_034560.tif
058950_093070_016680.tif
058950_093070_006220.tif
058950_093070_030240.tif
058950_093070_003980.tif
058950_093070_010880.tif
058950_093070_054720.tif
058950_093070_062780.tif
058950_093070_047640.tif
058950_093070_021840.tif
058950_093070_028120.tif
058950_093070_046240.tif
058950_093070_031440.tif
058950_093070_040880.tif
058950_093070_021220.tif
058950_093070_013540.tif
058950_093070_043640.tif
058950_093070_048380.tif
058950_093070_020240.tif
058950_093070_060420.tif
058950_093070_024940.tif
058950_093070_061980.tif
058950_093070_044460.tif
058950_093070_033620.tif
058950_093070_021300.tif
058950_093070_063960.tif
058950_093070_003240.tif
058950_093070_005200.tif
058950_093070_061640.tif
058950_093070_047680.tif
058950_093070_034200.tif
058950_093070_053500.tif
058950_093070_023480.tif
058950_093070_036980.tif
058950_093070_001780.tif
058950_093070_056620.tif
058950_093070_013860.tif
058950_093070_042520.tif
058950_093070_022720.tif
058950_093070_007840.tif
058950_093070_000100.tif
058950_093070_000600.tif
058950_093070_041000.tif
058950_093070_025800.tif
058950_093070_045340.tif
058950_093070_016660.tif
058950_093070_041500.tif
058950_093070_036740.tif
058950_093070_021600.tif
058950_093070_036900.tif
058950_093070_053260.tif
058950_093070_053460.tif
058950_093070_032000.tif
058950_093070_029240.tif
058950_093070_053060.tif
058950_093070_019520.tif
058950_093070_044440.tif
058950_093070_034900.tif
058950_093070_044920.tif
058950_093070_037600.tif
058950_093070_055280.tif
058950_093070_038220.tif
058950_093070_011700.tif
058950_093070_051540.tif
058950_093070_026340.tif
058950_093070_008920.tif
058950_093070_004240.tif
058950_093070_004820.tif
058950_093070_005520.tif
058950_093070_023120.tif
058950_093070_061240.tif
058950_093070_061500.tif
058950_093070_024080.tif
058950_093070_000140.tif
058950_093070_040000.tif
058950_093070_050460.tif
058950_093070_051960.tif
058950_093070_018700.tif
058950_093070_029280.tif
058950_093070_053800.tif
058950_093070_051340.tif
058950_093070_024240.tif
058950_093070_058900.tif
058950_093070_015720.tif
058950_093070_026720.tif
058950_093070_015760.tif
058950_093070_006180.tif
058950_093070_033840.tif
058950_093070_017140.tif
058950_093070_043020.tif
058950_093070_016200.tif
058950_093070_052580.tif
058950_093070_015560.tif
058950_093070_007020.tif
058950_093070_022300.tif
058950_093070_011460.tif
058950_093070_000800.tif
058950_093070_007860.tif
058950_093070_057380.tif
058950_093070_010980.tif
058950_093070_053420.tif
058950_093070_004600.tif
058950_093070_056980.tif
058950_093070_038980.tif
058950_093070_049500.tif
058950_093070_025320.tif
058950_093070_055600.tif
058950_093070_048820.tif
058950_093070_018240.tif
058950_093070_044680.tif
058950_093070_043420.tif
058950_093070_013400.tif
058950_093070_057620.tif
058950_093070_034260.tif
058950_093070_048640.tif
058950_093070_032020.tif
058950_093070_057680.tif
058950_093070_021700.tif
058950_093070_025820.tif
058950_093070_029780.tif
058950_093070_050480.tif
058950_093070_054860.tif
058950_093070_026000.tif
058950_093070_044740.tif
058950_093070_037800.tif
058950_093070_059760.tif
058950_093070_021080.tif
058950_093070_051020.tif
058950_093070_016920.tif
058950_093070_020620.tif
058950_093070_055420.tif
058950_093070_020100.tif
058950_093070_042580.tif
058950_093070_003180.tif
058950_093070_047040.tif
058950_093070_014000.tif
058950_093070_006960.tif
058950_093070_018740.tif
058950_093070_054920.tif
058950_093070_011600.tif
058950_093070_014760.tif
058950_093070_023900.tif
058950_093070_053820.tif
058950_093070_044540.tif
058950_093070_015340.tif
058950_093070_048480.tif
058950_093070_063760.tif
058950_093070_063120.tif
058950_093070_006540.tif
058950_093070_032540.tif
058950_093070_012320.tif
058950_093070_021540.tif
058950_093070_043780.tif
058950_093070_025480.tif
058950_093070_048980.tif
058950_093070_021620.tif
058950_093070_001180.tif
058950_093070_014880.tif
058950_093070_012060.tif
058950_093070_034020.tif
058950_093070_048240.tif
058950_093070_023420.tif
058950_093070_062380.tif
058950_093070_057740.tif
058950_093070_010420.tif
058950_093070_032140.tif
058950_093070_004560.tif
058950_093070_009540.tif
058950_093070_005280.tif
058950_093070_022920.tif
058950_093070_014040.tif
058950_093070_007120.tif
058950_093070_053340.tif
058950_093070_035380.tif
058950_093070_030860.tif
058950_093070_010520.tif
058950_093070_000520.tif
058950_093070_033680.tif
058950_093070_058240.tif
058950_093070_024980.tif
058950_093070_039140.tif
058950_093070_052760.tif
058950_093070_001460.tif
058950_093070_052800.tif
058950_093070_015180.tif
058950_093070_055680.tif
058950_093070_061480.tif
058950_093070_038420.tif
058950_093070_050720.tif
058950_093070_027060.tif
058950_093070_020580.tif
058950_093070_034820.tif
058950_093070_032640.tif
058950_093070_019640.tif
058950_093070_006240.tif
058950_093070_056320.tif
058950_093070_041660.tif
058950_093070_043800.tif
058950_093070_038560.tif
058950_093070_043060.tif
058950_093070_012160.tif
058950_093070_015200.tif
058950_093070_011080.tif
058950_093070_001300.tif
058950_093070_061420.tif
058950_093070_007800.tif
058950_093070_009220.tif
058950_093070_033300.tif
058950_093070_040360.tif
058950_093070_010620.tif
058950_093070_018140.tif
058950_093070_011860.tif
058950_093070_016140.tif
058950_093070_006780.tif
058950_093070_056660.tif
058950_093070_044400.tif
058950_093070_026940.tif
058950_093070_058840.tif
058950_093070_032800.tif
058950_093070_018680.tif
058950_093070_030840.tif
058950_093070_011900.tif
058950_093070_009740.tif
058950_093070_062280.tif
058950_093070_017740.tif
058950_093070_060820.tif
058950_093070_040340.tif
058950_093070_006300.tif
058950_093070_041540.tif
058950_093070_035040.tif
058950_093070_027260.tif
058950_093070_035220.tif
058950_093070_062520.tif
058950_093070_015740.tif
058950_093070_035960.tif
058950_093070_025960.tif
058950_093070_035240.tif
058950_093070_012120.tif
058950_093070_038140.tif
058950_093070_056360.tif
058950_093070_062500.tif
058950_093070_016400.tif
058950_093070_050220.tif
058950_093070_048460.tif
058950_093070_032260.tif
058950_093070_030680.tif
058950_093070_020680.tif
058950_093070_028420.tif
058950_093070_002360.tif
058950_093070_042460.tif
058950_093070_043700.tif
058950_093070_063740.tif
058950_093070_043720.tif
058950_093070_031220.tif
058950_093070_046260.tif
058950_093070_037660.tif
058950_093070_049440.tif
058950_093070_021280.tif
058950_093070_009060.tif
058950_093070_059000.tif
058950_093070_003920.tif
058950_093070_007320.tif
058950_093070_013340.tif
058950_093070_052320.tif
058950_093070_012280.tif
058950_093070_049960.tif
058950_093070_051840.tif
058950_093070_026640.tif
058950_093070_003800.tif
058950_093070_005600.tif
058950_093070_022260.tif
058950_093070_014520.tif
058950_093070_029020.tif
058950_093070_038480.tif
058950_093070_050080.tif
058950_093070_053600.tif
058950_093070_040040.tif
058950_093070_033360.tif
058950_093070_026240.tif
058950_093070_041280.tif
058950_093070_047080.tif
058950_093070_001280.tif
058950_093070_044120.tif
058950_093070_050300.tif
058950_093070_039240.tif
058950_093070_046740.tif
058950_093070_027500.tif
058950_093070_008900.tif
058950_093070_046160.tif
058950_093070_037300.tif
058950_093070_008200.tif
058950_093070_037380.tif
058950_093070_050440.tif
058950_093070_016480.tif
058950_093070_048620.tif
058950_093070_020600.tif
058950_093070_018560.tif
058950_093070_041440.tif
058950_093070_062980.tif
058950_093070_030200.tif
058950_093070_043760.tif
058950_093070_008980.tif
058950_093070_063460.tif
058950_093070_013460.tif
058950_093070_026260.tif
058950_093070_024380.tif
058950_093070_013640.tif
058950_093070_061860.tif
058950_093070_034920.tif
058950_093070_051320.tif
058950_093070_048360.tif
058950_093070_041480.tif
058950_093070_031200.tif
058950_093070_036620.tif
058950_093070_034660.tif
058950_093070_017320.tif
058950_093070_047760.tif
058950_093070_022600.tif
058950_093070_051480.tif
058950_093070_036920.tif
058950_093070_051780.tif
058950_093070_038700.tif
058950_093070_013720.tif
058950_093070_042140.tif
058950_093070_033120.tif
058950_093070_049000.tif
058950_093070_023440.tif
058950_093070_013740.tif
058950_093070_035260.tif
058950_093070_063340.tif
058950_093070_027600.tif
058950_093070_034220.tif
058950_093070_003300.tif
058950_093070_036940.tif
058950_093070_059240.tif
058950_093070_025860.tif
058950_093070_057360.tif
058950_093070_059560.tif
058950_093070_012440.tif
058950_093070_001980.tif
058950_093070_003060.tif
058950_093070_017520.tif
058950_093070_018900.tif
058950_093070_018460.tif
058950_093070_022160.tif
058950_093070_043880.tif
058950_093070_023160.tif
058950_093070_055540.tif
058950_093070_009960.tif
058950_093070_016960.tif
058950_093070_004760.tif
058950_093070_063260.tif
058950_093070_008420.tif
058950_093070_035360.tif
058950_093070_045100.tif
058950_093070_002280.tif
058950_093070_002940.tif
058950_093070_030720.tif
058950_093070_024060.tif
058950_093070_056580.tif
058950_093070_000240.tif
058950_093070_063500.tif
058950_093070_041640.tif
058950_093070_029440.tif
058950_093070_063200.tif
058950_093070_017620.tif
058950_093070_001940.tif
058950_093070_018500.tif
058950_093070_059480.tif
058950_093070_015660.tif
058950_093070_029800.tif
058950_093070_042540.tif
058950_093070_059920.tif
058950_093070_012700.tif
058950_093070_015000.tif
058950_093070_034960.tif
058950_093070_001160.tif
058950_093070_024040.tif
058950_093070_033340.tif
058950_093070_050700.tif
058950_093070_035720.tif
058950_093070_007500.tif
058950_093070_044660.tif
058950_093070_011300.tif
058950_093070_060440.tif
058950_093070_056080.tif
058950_093070_040320.tif
058950_093070_045020.tif
058950_093070_004860.tif
058950_093070_035680.tif
058950_093070_034000.tif
058950_093070_008880.tif
058950_093070_024300.tif
058950_093070_015680.tif
058950_093070_034980.tif
058950_093070_034040.tif
058950_093070_058180.tif
058950_093070_012100.tif
058950_093070_039200.tif
058950_093070_040300.tif
058950_093070_037340.tif
058950_093070_009020.tif
058950_093070_055180.tif
058950_093070_025140.tif
058950_093070_053560.tif
058950_093070_011560.tif
058950_093070_006040.tif
058950_093070_015120.tif
058950_093070_048140.tif
058950_093070_031380.tif
058950_093070_062460.tif
058950_093070_040220.tif
058950_093070_017780.tif
058950_093070_001560.tif
058950_093070_013180.tif
058950_093070_041160.tif
058950_093070_037840.tif
058950_093070_052900.tif
058950_093070_022480.tif
058950_093070_028000.tif
058950_093070_036820.tif
058950_093070_016260.tif
058950_093070_013200.tif
058950_093070_029700.tif
058950_093070_029920.tif
058950_093070_010120.tif
058950_093070_001880.tif
058950_093070_022560.tif
058950_093070_001100.tif
058950_093070_027540.tif
058950_093070_004940.tif
058950_093070_038100.tif
058950_093070_031100.tif
058950_093070_015360.tif
058950_093070_029200.tif
058950_093070_047160.tif
058950_093070_006480.tif
058950_093070_011880.tif
058950_093070_038020.tif
058950_093070_055120.tif
058950_093070_044620.tif
058950_093070_000060.tif
058950_093070_058140.tif
058950_093070_047020.tif
058950_093070_002000.tif
058950_093070_060460.tif
058950_093070_002520.tif
058950_093070_039520.tif
058950_093070_051260.tif
058950_093070_053640.tif
058950_093070_030600.tif
058950_093070_023540.tif
058950_093070_053960.tif
058950_093070_026480.tif
058950_093070_043460.tif
058950_093070_029500.tif
058950_093070_023060.tif
058950_093070_049200.tif
058950_093070_025380.tif
058950_093070_028980.tif
058950_093070_009980.tif
058950_093070_009520.tif
058950_093070_004840.tif
058950_093070_045200.tif
058950_093070_041740.tif
058950_093070_022660.tif
058950_093070_037900.tif
058950_093070_062120.tif
058950_093070_037960.tif
058950_093070_019020.tif
058950_093070_046540.tif
058950_093070_019120.tif
058950_093070_026960.tif
058950_093070_048860.tif
058950_093070_010480.tif
058950_093070_016080.tif
058950_093070_006280.tif
058950_093070_048740.tif
058950_093070_063000.tif
058950_093070_055940.tif
058950_093070_006600.tif
058950_093070_036460.tif
058950_093070_029060.tif
058950_093070_028400.tif
058950_093070_015080.tif
058950_093070_047140.tif
058950_093070_048160.tif
058950_093070_027940.tif
058950_093070_037980.tif
058950_093070_000080.tif
058950_093070_006260.tif
058950_093070_038440.tif
058950_093070_036060.tif
058950_093070_061680.tif
058950_093070_011820.tif
058950_093070_038880.tif
058950_093070_054700.tif
058950_093070_055440.tif
058950_093070_020480.tif
058950_093070_037920.tif
058950_093070_044300.tif
058950_093070_014460.tif
058950_093070_006120.tif
058950_093070_023500.tif
058950_093070_023400.tif
058950_093070_033400.tif
058950_093070_062240.tif
058950_093070_019400.tif
058950_093070_045600.tif
058950_093070_053000.tif
058950_093070_060480.tif
058950_093070_031980.tif
058950_093070_032200.tif
058950_093070_059380.tif
058950_093070_012940.tif
058950_093070_023960.tif
058950_093070_001920.tif
058950_093070_029180.tif
058950_093070_030020.tif
058950_093070_051760.tif
058950_093070_043400.tif
058950_093070_007060.tif
058950_093070_063080.tif
058950_093070_024280.tif
058950_093070_063480.tif
058950_093070_030960.tif
058950_093070_050380.tif
058950_093070_038120.tif
058950_093070_012020.tif
058950_093070_061100.tif
058950_093070_059280.tif
058950_093070_015220.tif
058950_093070_022360.tif
058950_093070_048260.tif
058950_093070_039460.tif
058950_093070_036800.tif
058950_093070_007140.tif
058950_093070_001120.tif
058950_093070_031060.tif
058950_093070_016380.tif
058950_093070_042080.tif
058950_093070_023280.tif
058950_093070_026900.tif
058950_093070_012900.tif
058950_093070_008780.tif
058950_093070_025540.tif
058950_093070_051140.tif
058950_093070_058580.tif
058950_093070_007100.tif
058950_093070_041460.tif
058950_093070_012760.tif
058950_093070_024220.tif
058950_093070_015400.tif
058950_093070_000940.tif
058950_093070_018080.tif
058950_093070_032360.tif
058950_093070_023140.tif
058950_093070_004500.tif
058950_093070_051660.tif
058950_093070_002200.tif
058950_093070_031120.tif
058950_093070_045400.tif
058950_093070_061740.tif
058950_093070_051720.tif
058950_093070_022880.tif
058950_093070_046960.tif
058950_093070_053440.tif
058950_093070_024200.tif
058950_093070_061720.tif
058950_093070_032760.tif
058950_093070_040680.tif
058950_093070_013260.tif
058950_093070_018440.tif
058950_093070_020220.tif
058950_093070_028300.tif
058950_093070_046500.tif
058950_093070_010320.tif
058950_093070_007380.tif
058950_093070_057520.tif
058950_093070_035080.tif
058950_093070_043620.tif
058950_093070_035160.tif
058950_093070_024140.tif
058950_093070_027360.tif
058950_093070_021720.tif
058950_093070_023340.tif
058950_093070_059680.tif
058950_093070_029980.tif
058950_093070_040500.tif
058950_093070_012720.tif
058950_093070_025700.tif
058950_093070_049160.tif
058950_093070_010460.tif
058950_093070_000460.tif
058950_093070_026880.tif
058950_093070_001060.tif
058950_093070_003720.tif
058950_093070_052700.tif
058950_093070_009900.tif
058950_093070_039640.tif
058950_093070_034360.tif
058950_093070_003660.tif
058950_093070_060140.tif
058950_093070_004320.tif
058950_093070_050180.tif
058950_093070_059420.tif
058950_093070_053320.tif
058950_093070_034640.tif
058950_093070_022140.tif
058950_093070_013560.tif
058950_093070_038800.tif
058950_093070_043300.tif
058950_093070_000420.tif
058950_093070_050940.tif
058950_093070_054460.tif
058950_093070_023800.tif
058950_093070_046420.tif
058950_093070_013160.tif
058950_093070_062200.tif
058950_093070_017120.tif
058950_093070_044280.tif
058950_093070_001700.tif
058950_093070_011020.tif
058950_093070_047580.tif
058950_093070_060080.tif
058950_093070_047260.tif
058950_093070_026980.tif
058950_093070_060040.tif
058950_093070_012980.tif
058950_093070_036200.tif
058950_093070_028020.tif
058950_093070_062680.tif
058950_093070_045120.tif
058950_093070_013360.tif
058950_093070_021180.tif
058950_093070_015480.tif
058950_093070_009780.tif
058950_093070_043600.tif
058950_093070_005560.tif
058950_093070_038960.tif
058950_093070_001660.tif
058950_093070_006620.tif
058950_093070_051360.tif
058950_093070_054660.tif
058950_093070_051860.tif
058950_093070_005820.tif
058950_093070_021580.tif
058950_093070_049760.tif
058950_093070_006320.tif
058950_093070_043320.tif
058950_093070_050040.tif
058950_093070_030260.tif
058950_093070_012400.tif
058950_093070_049880.tif
058950_093070_023380.tif
058950_093070_018820.tif
058950_093070_029840.tif
058950_093070_057240.tif
058950_093070_034180.tif
058950_093070_036560.tif
058950_093070_040480.tif
058950_093070_007460.tif
058950_093070_040080.tif
058950_093070_057540.tif
058950_093070_020300.tif
058950_093070_011640.tif
058950_093070_011760.tif
058950_093070_062060.tif
058950_093070_053280.tif
058950_093070_057420.tif
058950_093070_008300.tif
058950_093070_015540.tif
058950_093070_021800.tif
058950_093070_047700.tif
058950_093070_051940.tif
058950_093070_018200.tif
058950_093070_002480.tif
058950_093070_033780.tif
058950_093070_047240.tif
058950_093070_063100.tif
058950_093070_026220.tif
058950_093070_048900.tif
058950_093070_006400.tif
058950_093070_054200.tif
058950_093070_020020.tif
058950_093070_003620.tif
058950_093070_004400.tif
058950_093070_026580.tif
058950_093070_062400.tif
058950_093070_027100.tif
058950_093070_044880.tif
058950_093070_047920.tif
058950_093070_013820.tif
058950_093070_039500.tif
058950_093070_039480.tif
058950_093070_009380.tif
058950_093070_033380.tif
058950_093070_030900.tif
058950_093070_048720.tif
058950_093070_019900.tif
058950_093070_059600.tif
058950_093070_001320.tif
058950_093070_008940.tif
058950_093070_052120.tif
058950_093070_033520.tif
058950_093070_013760.tif
058950_093070_004580.tif
058950_093070_002500.tif
058950_093070_029300.tif
058950_093070_048440.tif
058950_093070_003840.tif
058950_093070_012040.tif
058950_093070_035740.tif
058950_093070_006660.tif
058950_093070_054880.tif
058950_093070_047520.tif
058950_093070_044200.tif
058950_093070_034880.tif
058950_093070_049300.tif
058950_093070_043500.tif
058950_093070_000760.tif
058950_093070_032940.tif
058950_093070_057500.tif
058950_093070_047980.tif
058950_093070_049380.tif
058950_093070_016180.tif
058950_093070_007240.tif
058950_093070_014060.tif
058950_093070_002640.tif
058950_093070_004000.tif
058950_093070_004660.tif
058950_093070_031300.tif
058950_093070_008500.tif
058950_093070_049060.tif
058950_093070_040660.tif
058950_093070_038600.tif
058950_093070_036160.tif
058950_093070_027840.tif
058950_093070_015580.tif
058950_093070_063180.tif
058950_093070_013440.tif
058950_093070_039940.tif
058950_093070_022780.tif
058950_093070_046120.tif
058950_093070_017160.tif
058950_093070_000000.tif
058950_093070_002560.tif
058950_093070_061800.tif
058950_093070_033900.tif
058950_093070_027700.tif
058950_093070_057060.tif
058950_093070_047360.tif
058950_093070_025940.tif
058950_093070_020500.tif
058950_093070_040720.tif
058950_093070_058680.tif
058950_093070_005800.tif
058950_093070_035780.tif
058950_093070_004360.tif
058950_093070_013800.tif
058950_093070_020640.tif
058950_093070_035840.tif
058950_093070_002120.tif
058950_093070_051680.tif
058950_093070_032320.tif
058950_093070_005860.tif
058950_093070_010200.tif
058950_093070_061960.tif
058950_093070_062720.tif
058950_093070_044340.tif
058950_093070_039760.tif
058950_093070_041320.tif
058950_093070_050360.tif
058950_093070_026600.tif
058950_093070_000200.tif
058950_093070_022440.tif
058950_093070_062300.tif
058950_093070_036280.tif
058950_093070_043220.tif
058950_093070_044380.tif
058950_093070_010500.tif
058950_093070_004800.tif
058950_093070_005360.tif
058950_093070_043260.tif
058950_093070_043140.tif
058950_093070_024860.tif
058950_093070_016240.tif
058950_093070_024340.tif
058950_093070_063660.tif
058950_093070_035280.tif
058950_093070_006560.tif
058950_093070_006640.tif
058950_093070_028580.tif
058950_093070_028560.tif
058950_093070_004480.tif
058950_093070_058520.tif
058950_093070_006500.tif
058950_093070_007080.tif
058950_093070_063160.tif
058950_093070_031480.tif
058950_093070_051300.tif
058950_093070_047900.tif
058950_093070_025120.tif
058950_093070_015040.tif
058950_093070_036540.tif
058950_093070_046140.tif
058950_093070_009760.tif
058950_093070_020460.tif
058950_093070_035760.tif
058950_093070_041700.tif
058950_093070_019480.tif
058950_093070_021460.tif
058950_093070_046220.tif
058950_093070_022180.tif
058950_093070_031860.tif
058950_093070_053040.tif
058950_093070_016440.tif
058950_093070_059620.tif
058950_093070_056020.tif
058950_093070_036680.tif
058950_093070_055800.tif
058950_093070_034720.tif
058950_093070_024020.tif
058950_093070_014020.tif
058950_093070_035300.tif
058950_093070_044060.tif
058950_093070_004540.tif
058950_093070_059220.tif
058950_093070_046780.tif
058950_093070_028040.tif
058950_093070_056200.tif
058950_093070_024420.tif
058950_093070_035500.tif
058950_093070_025400.tif
058950_093070_058500.tif
058950_093070_040180.tif
058950_093070_017380.tif
058950_093070_052940.tif
058950_093070_039660.tif
058950_093070_060680.tif
058950_093070_034140.tif
058950_093070_015280.tif
058950_093070_045960.tif
058950_093070_031320.tif
058950_093070_027860.tif
058950_093070_057640.tif
058950_093070_045920.tif
058950_093070_029820.tif
058950_093070_045680.tif
058950_093070_063420.tif
058950_093070_028860.tif
058950_093070_039260.tif
058950_093070_034100.tif
058950_093070_051900.tif
058950_093070_055760.tif
058950_093070_020260.tif
058950_093070_020960.tif
058950_093070_041800.tif
058950_093070_056840.tif
058950_093070_006800.tif
058950_093070_003880.tif
058950_093070_031500.tif
058950_093070_045260.tif
058950_093070_020040.tif
058950_093070_006760.tif
058950_093070_016620.tif
058950_093070_030320.tif
058950_093070_021240.tif
058950_093070_028720.tif
058950_093070_026120.tif
058950_093070_042820.tif
058950_093070_043520.tif
058950_093070_004620.tif
058950_093070_054300.tif
058950_093070_055860.tif
058950_093070_001900.tif
058950_093070_020080.tif
058950_093070_028180.tif
058950_093070_029480.tif
058950_093070_007980.tif
058950_093070_021420.tif
058950_093070_029600.tif
058950_093070_062940.tif
058950_093070_058920.tif
058950_093070_000380.tif
058950_093070_013500.tif
058950_093070_037720.tif
058950_093070_058740.tif
058950_093070_046300.tif
058950_093070_030460.tif
058950_093070_005760.tif
058950_093070_055700.tif
058950_093070_005660.tif
058950_093070_061840.tif
058950_093070_044560.tif
058950_093070_030440.tif
058950_093070_032240.tif
058950_093070_047420.tif
058950_093070_020120.tif
058950_093070_007540.tif
058950_093070_050740.tif
058950_093070_021200.tif
058950_093070_023880.tif
058950_093070_040940.tif
058950_093070_017660.tif
058950_093070_060640.tif
058950_093070_018300.tif
058950_093070_030660.tif
058950_093070_032660.tif
058950_093070_043280.tif
058950_093070_040400.tif
058950_093070_014260.tif
058950_093070_058540.tif
058950_093070_031080.tif
058950_093070_022900.tif
058950_093070_053120.tif
058950_093070_033940.tif
058950_093070_010700.tif
058950_093070_061460.tif
058950_093070_028940.tif
058950_093070_056800.tif
058950_093070_058880.tif
058950_093070_061300.tif
058950_093070_037100.tif
058950_093070_025920.tif
058950_093070_049480.tif
058950_093070_035420.tif
058950_093070_047960.tif
058950_093070_040760.tif
058950_093070_057580.tif
058950_093070_036420.tif
058950_093070_053020.tif
058950_093070_050760.tif
058950_093070_000120.tif
058950_093070_046440.tif
058950_093070_000880.tif
058950_093070_033440.tif
058950_093070_030780.tif
058950_093070_038080.tif
058950_093070_045540.tif
058950_093070_047440.tif
058950_093070_031400.tif
058950_093070_039400.tif
058950_093070_018640.tif
058950_093070_060980.tif
058950_093070_044960.tif
058950_093070_034300.tif
058950_093070_017600.tif
058950_093070_040600.tif
058950_093070_059080.tif
058950_093070_027140.tif
058950_093070_039620.tif
058950_093070_032580.tif
058950_093070_060780.tif
058950_093070_037820.tif
058950_093070_041620.tif
058950_093070_039820.tif
058950_093070_052720.tif
058950_093070_046280.tif
058950_093070_062000.tif
058950_093070_023980.tif
058950_093070_005160.tif
058950_093070_047400.tif
058950_093070_023360.tif
