In the directory: /scratch/ejdennis/rat_BrainPipe/smartspim_workflow 
As the user: ejdennis 
on host: spock7-c0-2 
Cpus_allowed_list:	1,3,5,7,9,11,13,15,17,19,21,23

elastix is started at Thu Jul  1 18:24:53 2021.

which elastix:   elastix
elastix runs at: spock7-c0-2
  Linux 3.10.0-1160.31.1.el7.x86_64 (x64), #1 SMP Mon Jun 14 23:06:37 EDT 2021
  with 257562 MB memory, and 24 cores @ 2899 MHz.
-------------------------------------------------------------------------

Running elastix with parameter file 0: "/scratch/ejdennis/rat_registration_parameter_folder/Order1_Par0000affine.txt".

Current time: Thu Jul  1 18:24:53 2021.
Reading the elastix parameters from file ...

ERROR: could not read fixed image.

itk::ImageFileReaderException (0x28c7380)
Location: "unknown" 
File: /jukebox/pkgs/ITK/InsightToolkit-4.8.2/Modules/IO/ImageBase/include/itkImageFileReader.hxx
Line: 143
Description:  Could not create IO object for reading file /jukebox/LightSheetData/lightserv/pbibawi/pb_udisco/pb_udisco_X077/imaging_request_1/rawdata/reg__downsized_for_atlas.tif
The file doesn't exist. 
Filename = /jukebox/LightSheetData/lightserv/pbibawi/pb_udisco/pb_udisco_X077/imaging_request_1/rawdata/reg__downsized_for_atlas.tif



Errors occurred!
stepid is 1 is False
stepid is 0
src is /jukebox/LightSheetData/lightserv/pbibawi/pb_udisco/pb_udisco_X077/imaging_request_1/rawdata/resolution_3.6x/
elsrc is /jukebox/LightSheetData/lightserv/pbibawi/pb_udisco/pb_udisco_X077/imaging_request_1/rawdata/resolution_3.6x/elastix
stepid is one

Path to downsized vol for inverse registration to atlas: /jukebox/LightSheetData/lightserv/pbibawi/pb_udisco/pb_udisco_X077/imaging_request_1/rawdata/reg__downsized_for_atlas.tif

Path to atlas: /scratch/ejdennis/mPRA_adj.tif
------------------- /scratch/ejdennis/mPRA_adj.tif TO /jukebox/LightSheetData/lightserv/pbibawi/pb_udisco/pb_udisco_X077/imaging_request_1/rawdata/reg__downsized_for_atlas.tif IN /jukebox/LightSheetData/lightserv/pbibawi/pb_udisco/pb_udisco_X077/imaging_request_1/rawdata/resolution_3.6x/elastix/elastix_inverse_transform +++++++++++++++++++++
Elastix Command:
['elastix', '-f', '/jukebox/LightSheetData/lightserv/pbibawi/pb_udisco/pb_udisco_X077/imaging_request_1/rawdata/reg__downsized_for_atlas.tif', '-m', '/scratch/ejdennis/mPRA_adj.tif', '-out', '/jukebox/LightSheetData/lightserv/pbibawi/pb_udisco/pb_udisco_X077/imaging_request_1/rawdata/resolution_3.6x/elastix/elastix_inverse_transform', '-p', '/scratch/ejdennis/rat_registration_parameter_folder/Order1_Par0000affine.txt', '-p', '/scratch/ejdennis/rat_registration_parameter_folder/Order4_Par0000bspline.txt', '-p', '/scratch/ejdennis/rat_registration_parameter_folder/Order5_Par0000bspline.txt', '-p', '/scratch/ejdennis/rat_registration_parameter_folder/Order2_Par0000bspline.txt']
...
Running Elastix, this can take some time....

Past Elastix Commandline Call

***ERROR***Cannot find elastix result file
: /jukebox/LightSheetData/lightserv/pbibawi/pb_udisco/pb_udisco_X077/imaging_request_1/rawdata/resolution_3.6x/elastix/elastix_inverse_transform/result.3.tif

elastix is started at Thu Jul  1 18:24:55 2021.

which elastix:   elastix
elastix runs at: spock7-c0-2
  Linux 3.10.0-1160.31.1.el7.x86_64 (x64), #1 SMP Mon Jun 14 23:06:37 EDT 2021
  with 257562 MB memory, and 24 cores @ 2899 MHz.
-------------------------------------------------------------------------

Running elastix with parameter file 0: "/scratch/ejdennis/rat_registration_parameter_folder/Order1_Par0000affine.txt".

Current time: Thu Jul  1 18:24:55 2021.
Reading the elastix parameters from file ...

ERROR: could not read fixed image.

itk::ImageFileReaderException (0x3411380)
Location: "unknown" 
File: /jukebox/pkgs/ITK/InsightToolkit-4.8.2/Modules/IO/ImageBase/include/itkImageFileReader.hxx
Line: 143
Description:  Could not create IO object for reading file /jukebox/LightSheetData/lightserv/pbibawi/pb_udisco/pb_udisco_X077/imaging_request_1/rawdata/reg__downsized_for_atlas.tif
The file doesn't exist. 
Filename = /jukebox/LightSheetData/lightserv/pbibawi/pb_udisco/pb_udisco_X077/imaging_request_1/rawdata/reg__downsized_for_atlas.tif



Errors occurred!
stepid is 1 is False
stepid is 1
src is /jukebox/LightSheetData/lightserv/pbibawi/pb_udisco/pb_udisco_X077/imaging_request_1/rawdata/resolution_3.6x/
elsrc is /jukebox/LightSheetData/lightserv/pbibawi/pb_udisco/pb_udisco_X077/imaging_request_1/rawdata/resolution_3.6x/elastix
stepid is one

Path to downsized vol for inverse registration to atlas: /jukebox/LightSheetData/lightserv/pbibawi/pb_udisco/pb_udisco_X077/imaging_request_1/rawdata/reg__downsized_for_atlas.tif

Path to atlas: /scratch/ejdennis/mPRA_adj.tif
------------------- /scratch/ejdennis/mPRA_adj.tif TO /jukebox/LightSheetData/lightserv/pbibawi/pb_udisco/pb_udisco_X077/imaging_request_1/rawdata/reg__downsized_for_atlas.tif IN /jukebox/LightSheetData/lightserv/pbibawi/pb_udisco/pb_udisco_X077/imaging_request_1/rawdata/resolution_3.6x/elastix/elastix_inverse_transform +++++++++++++++++++++
Elastix Command:
['elastix', '-f', '/jukebox/LightSheetData/lightserv/pbibawi/pb_udisco/pb_udisco_X077/imaging_request_1/rawdata/reg__downsized_for_atlas.tif', '-m', '/scratch/ejdennis/mPRA_adj.tif', '-out', '/jukebox/LightSheetData/lightserv/pbibawi/pb_udisco/pb_udisco_X077/imaging_request_1/rawdata/resolution_3.6x/elastix/elastix_inverse_transform', '-p', '/scratch/ejdennis/rat_registration_parameter_folder/Order1_Par0000affine.txt', '-p', '/scratch/ejdennis/rat_registration_parameter_folder/Order4_Par0000bspline.txt', '-p', '/scratch/ejdennis/rat_registration_parameter_folder/Order5_Par0000bspline.txt', '-p', '/scratch/ejdennis/rat_registration_parameter_folder/Order2_Par0000bspline.txt']
...
Running Elastix, this can take some time....

Past Elastix Commandline Call

***ERROR***Cannot find elastix result file
: /jukebox/LightSheetData/lightserv/pbibawi/pb_udisco/pb_udisco_X077/imaging_request_1/rawdata/resolution_3.6x/elastix/elastix_inverse_transform/result.3.tif
