In the directory: /scratch/ejdennis/rat_BrainPipe/smartspim_workflow 
As the user: ejdennis 
on host: redshirt-n25 
Cpus_allowed_list:	0-5,16-21

elastix is started at Thu Jul  1 18:05:44 2021.

which elastix:   elastix
elastix runs at: redshirt-n25
  Linux 3.10.0-1160.25.1.el7.x86_64 (x64), #1 SMP Thu Apr 29 08:35:21 EDT 2021
  with 257752 MB memory, and 16 cores @ 3049 MHz.
-------------------------------------------------------------------------

Running elastix with parameter file 0: "/scratch/ejdennis/rat_registration_parameter_folder/Order1_Par0000affine.txt".

Current time: Thu Jul  1 18:05:44 2021.
Reading the elastix parameters from file ...

ERROR: could not read moving image.

itk::ImageFileReaderException (0x2e5f270)
Location: "unknown" 
File: /jukebox/pkgs/ITK/InsightToolkit-4.8.2/Modules/IO/ImageBase/include/itkImageFileReader.hxx
Line: 143
Description:  Could not create IO object for reading file /scratch/ejdennis/mPRA_adj.tif
The file doesn't exist. 
Filename = /scratch/ejdennis/mPRA_adj.tif



Errors occurred!
stepid is 1 is False
stepid is 0
src is /jukebox/LightSheetData/lightserv/pbibawi/pb_udisco/pb_udisco_M122/imaging_request_1/rawdata/resolution_3.6x/
elsrc is /jukebox/LightSheetData/lightserv/pbibawi/pb_udisco/pb_udisco_M122/imaging_request_1/rawdata/resolution_3.6x/elastix
stepid is one

Path to downsized vol for inverse registration to atlas: /jukebox/LightSheetData/lightserv/pbibawi/pb_udisco/pb_udisco_M122/imaging_request_1/rawdata/resolution_3.6x/reg__downsized_for_atlas.tif

Path to atlas: /scratch/ejdennis/mPRA_adj.tif
------------------- /scratch/ejdennis/mPRA_adj.tif TO /jukebox/LightSheetData/lightserv/pbibawi/pb_udisco/pb_udisco_M122/imaging_request_1/rawdata/resolution_3.6x/reg__downsized_for_atlas.tif IN /jukebox/LightSheetData/lightserv/pbibawi/pb_udisco/pb_udisco_M122/imaging_request_1/rawdata/resolution_3.6x/elastix/elastix_inverse_transform +++++++++++++++++++++
Elastix Command:
['elastix', '-f', '/jukebox/LightSheetData/lightserv/pbibawi/pb_udisco/pb_udisco_M122/imaging_request_1/rawdata/resolution_3.6x/reg__downsized_for_atlas.tif', '-m', '/scratch/ejdennis/mPRA_adj.tif', '-out', '/jukebox/LightSheetData/lightserv/pbibawi/pb_udisco/pb_udisco_M122/imaging_request_1/rawdata/resolution_3.6x/elastix/elastix_inverse_transform', '-p', '/scratch/ejdennis/rat_registration_parameter_folder/Order1_Par0000affine.txt', '-p', '/scratch/ejdennis/rat_registration_parameter_folder/Order4_Par0000bspline.txt', '-p', '/scratch/ejdennis/rat_registration_parameter_folder/Order5_Par0000bspline.txt', '-p', '/scratch/ejdennis/rat_registration_parameter_folder/Order2_Par0000bspline.txt']
...
Running Elastix, this can take some time....

Past Elastix Commandline Call

***ERROR***Cannot find elastix result file
: /jukebox/LightSheetData/lightserv/pbibawi/pb_udisco/pb_udisco_M122/imaging_request_1/rawdata/resolution_3.6x/elastix/elastix_inverse_transform/result.3.tif

elastix is started at Thu Jul  1 18:05:46 2021.

which elastix:   elastix
elastix runs at: redshirt-n25
  Linux 3.10.0-1160.25.1.el7.x86_64 (x64), #1 SMP Thu Apr 29 08:35:21 EDT 2021
  with 257752 MB memory, and 16 cores @ 3120 MHz.
-------------------------------------------------------------------------

Running elastix with parameter file 0: "/scratch/ejdennis/rat_registration_parameter_folder/Order1_Par0000affine.txt".

Current time: Thu Jul  1 18:05:46 2021.
Reading the elastix parameters from file ...

ERROR: could not read moving image.

itk::ImageFileReaderException (0x319a270)
Location: "unknown" 
File: /jukebox/pkgs/ITK/InsightToolkit-4.8.2/Modules/IO/ImageBase/include/itkImageFileReader.hxx
Line: 143
Description:  Could not create IO object for reading file /scratch/ejdennis/mPRA_adj.tif
The file doesn't exist. 
Filename = /scratch/ejdennis/mPRA_adj.tif



Errors occurred!
stepid is 1 is False
stepid is 1
src is /jukebox/LightSheetData/lightserv/pbibawi/pb_udisco/pb_udisco_M122/imaging_request_1/rawdata/resolution_3.6x/
elsrc is /jukebox/LightSheetData/lightserv/pbibawi/pb_udisco/pb_udisco_M122/imaging_request_1/rawdata/resolution_3.6x/elastix
stepid is one

Path to downsized vol for inverse registration to atlas: /jukebox/LightSheetData/lightserv/pbibawi/pb_udisco/pb_udisco_M122/imaging_request_1/rawdata/resolution_3.6x/reg__downsized_for_atlas.tif

Path to atlas: /scratch/ejdennis/mPRA_adj.tif
------------------- /scratch/ejdennis/mPRA_adj.tif TO /jukebox/LightSheetData/lightserv/pbibawi/pb_udisco/pb_udisco_M122/imaging_request_1/rawdata/resolution_3.6x/reg__downsized_for_atlas.tif IN /jukebox/LightSheetData/lightserv/pbibawi/pb_udisco/pb_udisco_M122/imaging_request_1/rawdata/resolution_3.6x/elastix/elastix_inverse_transform +++++++++++++++++++++
Elastix Command:
['elastix', '-f', '/jukebox/LightSheetData/lightserv/pbibawi/pb_udisco/pb_udisco_M122/imaging_request_1/rawdata/resolution_3.6x/reg__downsized_for_atlas.tif', '-m', '/scratch/ejdennis/mPRA_adj.tif', '-out', '/jukebox/LightSheetData/lightserv/pbibawi/pb_udisco/pb_udisco_M122/imaging_request_1/rawdata/resolution_3.6x/elastix/elastix_inverse_transform', '-p', '/scratch/ejdennis/rat_registration_parameter_folder/Order1_Par0000affine.txt', '-p', '/scratch/ejdennis/rat_registration_parameter_folder/Order4_Par0000bspline.txt', '-p', '/scratch/ejdennis/rat_registration_parameter_folder/Order5_Par0000bspline.txt', '-p', '/scratch/ejdennis/rat_registration_parameter_folder/Order2_Par0000bspline.txt']
...
Running Elastix, this can take some time....

Past Elastix Commandline Call

***ERROR***Cannot find elastix result file
: /jukebox/LightSheetData/lightserv/pbibawi/pb_udisco/pb_udisco_M122/imaging_request_1/rawdata/resolution_3.6x/elastix/elastix_inverse_transform/result.3.tif
