In the directory: /scratch/ejdennis/rat_BrainPipe/smartspim_workflow 
As the user: ejdennis 
on host: redshirt-n12 
Cpus_allowed_list:	0-5,16-21

elastix is started at Mon Jul  5 13:31:35 2021.

which elastix:   elastix
elastix runs at: redshirt-n12
  Linux 3.10.0-1160.25.1.el7.x86_64 (x64), #1 SMP Thu Apr 29 08:35:21 EDT 2021
  with 257752 MB memory, and 16 cores @ 3100 MHz.
-------------------------------------------------------------------------

Running elastix with parameter file 0: "/scratch/ejdennis/rat_registration_parameter_folder/Order1_Par0000affine.txt".

Current time: Mon Jul  5 13:31:35 2021.
Reading the elastix parameters from file ...

Installing all components.
InstallingComponents was successful.

ELASTIX version: 4.800
Command line options from ElastixBase:
-f        /scratch/ejdennis/mPRA_padded.tif
-m        /jukebox/LightSheetData/lightserv/abondy/A323/A323-001/imaging_request_1/rawdata/reg__downsized_for_atlas.tif
-fMask    /scratch/ejdennis/mPRA_padded_mask.tif
-mMask    unspecified, so no moving mask used
-out      /jukebox/LightSheetData/lightserv/abondy/A323/A323-001/imaging_request_1/rawdata/resolution_3.6x/elastix/reg_to_atl/
-p        /scratch/ejdennis/rat_registration_parameter_folder/Order1_Par0000affine.txt
-p        /scratch/ejdennis/rat_registration_parameter_folder/Order4_Par0000bspline.txt
-p        /scratch/ejdennis/rat_registration_parameter_folder/Order5_Par0000bspline.txt
-p        /scratch/ejdennis/rat_registration_parameter_folder/Order2_Par0000bspline.txt
-threads  unspecified, so all available threads are used
Command line options from TransformBase:
-t0       unspecified, so no initial transform used

Reading images...
Reading images took 9598 ms.

WARNING: the fixed pyramid schedule is not fully specified!
  A default pyramid schedule is used.
WARNING: the moving pyramid schedule is not fully specified!
  A default pyramid schedule is used.
WARNING: The parameter "AutomaticTransformInitializationMethod", requested at entry number 0, does not exist at all.
  The default value "GeometricalCenter" is used instead.
Transform parameters are initialized as: [1, 0, 0, 0, 1, 0, 0, 0, 1, 269.5, 805, 432.5]
Scales are estimated automatically.
Scales for transform parameters are: [114355.25, 611016.25, 128028.25, 114355.25, 611016.25, 128028.25, 114355.25, 611016.25, 128028.25, 1, 1, 1]
Initialization of all components (before registration) took: 56251 ms.
Preparation of the image pyramids took: 174907 ms.

Resolution: 0
WARNING: The parameter "ErodeFixedMask", requested at entry number 0, does not exist at all.
  The default value "true" is used instead.
Setting the fixed masks took: 33179 ms.
Setting the moving masks took: 0 ms.
WARNING: The parameter "NumberOfFixedHistogramBins", requested at entry number 0, does not exist at all.
  The default value "32" is used instead.
WARNING: The parameter "NumberOfMovingHistogramBins", requested at entry number 0, does not exist at all.
  The default value "32" is used instead.
WARNING: The parameter "UseJacobianPreconditioning", requested at entry number 0, does not exist at all.
  The default value "false" is used instead.
WARNING: The parameter "FiniteDifferenceDerivative", requested at entry number 0, does not exist at all.
  The default value "false" is used instead.
WARNING: The parameter "MaximumNumberOfSamplingAttempts", requested at entry number 0, does not exist at all.
  The default value "0" is used instead.
WARNING: The parameter "SigmoidInitialTime", requested at entry number 0, does not exist at all.
  The default value "0" is used instead.
WARNING: The parameter "MaxBandCovSize", requested at entry number 0, does not exist at all.
  The default value "192" is used instead.
WARNING: The parameter "NumberOfBandStructureSamples", requested at entry number 0, does not exist at all.
  The default value "10" is used instead.
WARNING: The parameter "UseAdaptiveStepSizes", requested at entry number 0, does not exist at all.
  The default value "true" is used instead.
WARNING: The parameter "AutomaticParameterEstimation", requested at entry number 0, does not exist at all.
  The default value "true" is used instead.
WARNING: The parameter "MaximumStepLength", requested at entry number 0, does not exist at all.
  The default value "1" is used instead.
WARNING: The parameter "NumberOfGradientMeasurements", requested at entry number 0, does not exist at all.
  The default value "0" is used instead.
WARNING: The parameter "NumberOfJacobianMeasurements", requested at entry number 0, does not exist at all.
  The default value "1000" is used instead.
WARNING: The parameter "NumberOfSamplesForExactGradient", requested at entry number 0, does not exist at all.
  The default value "100000" is used instead.
WARNING: The parameter "SigmoidScaleFactor", requested at entry number 0, does not exist at all.
  The default value "0.1" is used instead.
Elastix initialization of all components (for this resolution) took: 33188 ms.
Initialization of AdvancedMattesMutualInformation metric took: 77766 ms.
Starting automatic parameter estimation for AdaptiveStochasticGradientDescent ...
WARNING: The parameter "ASGDParameterEstimationMethod", requested at entry number 0, does not exist at all.
  The default value "Original" is used instead.
  Computing JacobianTerms ...

itk::ExceptionObject (0x25dc090)
Location: "ElastixTemplate - Run()" 
File: /jukebox/pkgs/ELASTIX/src/src/Common/ImageSamplers/itkImageSamplerBase.hxx
Line: 403
Description: itk::ERROR: ImageGridSampler(0x25d7570): ERROR: the bounding box of the mask lies entirely out of the InputImageRegion!

Error occurred during actual registration.


Errors occurred!
src is /jukebox/LightSheetData/lightserv/abondy/A323/A323-001/imaging_request_1/rawdata/resolution_3.6x/
elsrc is /jukebox/LightSheetData/lightserv/abondy/A323/A323-001/imaging_request_1/rawdata/resolution_3.6x/elastix
step id is zero, reg -> atl
++++++++++++ /jukebox/LightSheetData/lightserv/abondy/A323/A323-001/imaging_request_1/rawdata/reg__downsized_for_atlas.tif TO /scratch/ejdennis/mPRA_padded.tif IN /jukebox/LightSheetData/lightserv/abondy/A323/A323-001/imaging_request_1/rawdata/resolution_3.6x/elastix/reg_to_atl+++++++++++
Elastix Command:
['elastix', '-f', '/scratch/ejdennis/mPRA_padded.tif', '-m', '/jukebox/LightSheetData/lightserv/abondy/A323/A323-001/imaging_request_1/rawdata/reg__downsized_for_atlas.tif', '-fMask', '/scratch/ejdennis/mPRA_padded_mask.tif', '-out', '/jukebox/LightSheetData/lightserv/abondy/A323/A323-001/imaging_request_1/rawdata/resolution_3.6x/elastix/reg_to_atl', '-p', '/scratch/ejdennis/rat_registration_parameter_folder/Order1_Par0000affine.txt', '-p', '/scratch/ejdennis/rat_registration_parameter_folder/Order4_Par0000bspline.txt', '-p', '/scratch/ejdennis/rat_registration_parameter_folder/Order5_Par0000bspline.txt', '-p', '/scratch/ejdennis/rat_registration_parameter_folder/Order2_Par0000bspline.txt']
...
Running Elastix, this can take some time....

Past Elastix Commandline Call

***ERROR***Cannot find elastix result file
: /jukebox/LightSheetData/lightserv/abondy/A323/A323-001/imaging_request_1/rawdata/resolution_3.6x/elastix/reg_to_atl/result.3.tif
