In the directory: /scratch/ejdennis/rat_BrainPipe/smartspim_workflow 
As the user: ejdennis 
on host: spock7-c1-14 
Cpus_allowed_list:	0,2,4,6,8,10,12,14,16,18,20,22
['spim_downsize.py', '/jukebox/LightSheetData/lightserv/pbibawi/pb_udisco/pb_udisco_X077/imaging_request_1/rawdata/resolution_3.6x/', 'Ex_488_Em_0_corrected/RES(10582x7586x4069)/045600/045600_096560/', 'Ex_642_Em_2_corrected/RES(10543x7615x4132)/046290/046290_096450/']
['/jukebox/LightSheetData/lightserv/pbibawi/pb_udisco/pb_udisco_X077/imaging_request_1/rawdata/resolution_3.6x/Ex_488_Em_0_corrected/RES(10582x7586x4069)/045600/045600_096560/', '/jukebox/LightSheetData/lightserv/pbibawi/pb_udisco/pb_udisco_X077/imaging_request_1/rawdata/resolution_3.6x/Ex_642_Em_2_corrected/RES(10543x7615x4132)/046290/046290_096450/']
reg ch is /jukebox/LightSheetData/lightserv/pbibawi/pb_udisco/pb_udisco_X077/imaging_request_1/rawdata/resolution_3.6x/Ex_488_Em_0_corrected/RES(10582x7586x4069)/045600/045600_096560/
downsizing to /jukebox/LightSheetData/lightserv/pbibawi/pb_udisco/pb_udisco_X077/imaging_request_1/rawdata/resolution_3.6x/

Path to stitched images: /jukebox/LightSheetData/lightserv/pbibawi/pb_udisco/pb_udisco_X077/imaging_request_1/rawdata/resolution_3.6x/Ex_488_Em_0_corrected/RES(10582x7586x4069)/045600/045600_096560/


Path to storage directory: /jukebox/LightSheetData/lightserv/pbibawi/pb_udisco/pb_udisco_X077/imaging_request_1/rawdata/resolution_3.6x/reg__downsized


z is 3159
resize factor is 5
045600_096560_080880.tif
045600_096560_032700.tif
045600_096560_068640.tif
045600_096560_020320.tif
045600_096560_016120.tif
045600_096560_023320.tif
045600_096560_064940.tif
045600_096560_031280.tif
045600_096560_051280.tif
045600_096560_057160.tif
045600_096560_078180.tif
045600_096560_029700.tif
045600_096560_046160.tif
045600_096560_057900.tif
045600_096560_047500.tif
045600_096560_034340.tif
045600_096560_042840.tif
045600_096560_050020.tif
045600_096560_042200.tif
045600_096560_024580.tif
045600_096560_056140.tif
045600_096560_000900.tif
045600_096560_014580.tif
045600_096560_032760.tif
045600_096560_074800.tif
045600_096560_057020.tif
045600_096560_029860.tif
045600_096560_060680.tif
045600_096560_020920.tif
045600_096560_071960.tif
045600_096560_070380.tif
045600_096560_044100.tif
045600_096560_053380.tif
045600_096560_019640.tif
045600_096560_054620.tif
045600_096560_037320.tif
045600_096560_020800.tif
045600_096560_029760.tif
045600_096560_080560.tif
045600_096560_001620.tif
045600_096560_072340.tif
045600_096560_025260.tif
045600_096560_019660.tif
045600_096560_018540.tif
045600_096560_072840.tif
045600_096560_081080.tif
045600_096560_060040.tif
045600_096560_015700.tif
045600_096560_069020.tif
045600_096560_032260.tif
045600_096560_078300.tif
045600_096560_007080.tif
045600_096560_020720.tif
045600_096560_004300.tif
045600_096560_033460.tif
045600_096560_037100.tif
045600_096560_052440.tif
045600_096560_064540.tif
045600_096560_040720.tif
045600_096560_079880.tif
045600_096560_049620.tif
045600_096560_059700.tif
045600_096560_065560.tif
045600_096560_006020.tif
045600_096560_027160.tif
045600_096560_010700.tif
045600_096560_072420.tif
045600_096560_040600.tif
045600_096560_053940.tif
045600_096560_077040.tif
045600_096560_008740.tif
045600_096560_045000.tif
045600_096560_043360.tif
045600_096560_009240.tif
045600_096560_030700.tif
045600_096560_042440.tif
045600_096560_006940.tif
045600_096560_078740.tif
045600_096560_030000.tif
045600_096560_034380.tif
045600_096560_062440.tif
045600_096560_047680.tif
045600_096560_076180.tif
045600_096560_023340.tif
045600_096560_053320.tif
045600_096560_030140.tif
045600_096560_072360.tif
045600_096560_053620.tif
045600_096560_058840.tif
045600_096560_010820.tif
045600_096560_053020.tif
045600_096560_020940.tif
045600_096560_049280.tif
045600_096560_051580.tif
045600_096560_027780.tif
045600_096560_029320.tif
045600_096560_054120.tif
045600_096560_049560.tif
045600_096560_010000.tif
045600_096560_029020.tif
045600_096560_001880.tif
045600_096560_002720.tif
045600_096560_038200.tif
045600_096560_039440.tif
045600_096560_022080.tif
045600_096560_013440.tif
045600_096560_053200.tif
045600_096560_003540.tif
045600_096560_040280.tif
045600_096560_002980.tif
045600_096560_013000.tif
045600_096560_048560.tif
045600_096560_016740.tif
045600_096560_050640.tif
045600_096560_046640.tif
045600_096560_065960.tif
045600_096560_033200.tif
045600_096560_074700.tif
045600_096560_080580.tif
045600_096560_061580.tif
045600_096560_060280.tif
045600_096560_003360.tif
045600_096560_054700.tif
045600_096560_038860.tif
045600_096560_029800.tif
045600_096560_079080.tif
045600_096560_069920.tif
045600_096560_047020.tif
045600_096560_053820.tif
045600_096560_067180.tif
045600_096560_009940.tif
045600_096560_037720.tif
045600_096560_028520.tif
045600_096560_041300.tif
045600_096560_029340.tif
045600_096560_002200.tif
045600_096560_020060.tif
045600_096560_038080.tif
045600_096560_066800.tif
045600_096560_016280.tif
045600_096560_049260.tif
045600_096560_033020.tif
045600_096560_031000.tif
045600_096560_042100.tif
045600_096560_034240.tif
045600_096560_042320.tif
045600_096560_051000.tif
045600_096560_009980.tif
045600_096560_038360.tif
045600_096560_010500.tif
045600_096560_013500.tif
045600_096560_026780.tif
045600_096560_022180.tif
045600_096560_022660.tif
045600_096560_012640.tif
045600_096560_041760.tif
045600_096560_046980.tif
045600_096560_067980.tif
045600_096560_046000.tif
045600_096560_007340.tif
045600_096560_010040.tif
045600_096560_003240.tif
045600_096560_060780.tif
045600_096560_035040.tif
045600_096560_029240.tif
045600_096560_041780.tif
045600_096560_072800.tif
045600_096560_008980.tif
045600_096560_067800.tif
045600_096560_058360.tif
045600_096560_061000.tif
045600_096560_005040.tif
045600_096560_047700.tif
045600_096560_056800.tif
045600_096560_039100.tif
045600_096560_062360.tif
045600_096560_078240.tif
045600_096560_013880.tif
045600_096560_034540.tif
045600_096560_065420.tif
045600_096560_010060.tif
045600_096560_004060.tif
045600_096560_070960.tif
045600_096560_014240.tif
045600_096560_059840.tif
045600_096560_036080.tif
045600_096560_001840.tif
045600_096560_036840.tif
045600_096560_058100.tif
045600_096560_021020.tif
045600_096560_010600.tif
045600_096560_050500.tif
045600_096560_037140.tif
045600_096560_004920.tif
045600_096560_051040.tif
045600_096560_051980.tif
045600_096560_037700.tif
045600_096560_027280.tif
045600_096560_065440.tif
045600_096560_017880.tif
045600_096560_054580.tif
045600_096560_026620.tif
045600_096560_060760.tif
045600_096560_027700.tif
045600_096560_038580.tif
045600_096560_002120.tif
045600_096560_059260.tif
045600_096560_052720.tif
045600_096560_028300.tif
045600_096560_054140.tif
045600_096560_066100.tif
045600_096560_066840.tif
045600_096560_035240.tif
045600_096560_073640.tif
045600_096560_075380.tif
045600_096560_077680.tif
045600_096560_002780.tif
045600_096560_022880.tif
045600_096560_041180.tif
045600_096560_042020.tif
045600_096560_057700.tif
045600_096560_024640.tif
045600_096560_047060.tif
045600_096560_039180.tif
045600_096560_058300.tif
045600_096560_030820.tif
045600_096560_007560.tif
045600_096560_038560.tif
045600_096560_079300.tif
045600_096560_053700.tif
045600_096560_002960.tif
045600_096560_073260.tif
045600_096560_002280.tif
045600_096560_054940.tif
045600_096560_063320.tif
045600_096560_048480.tif
045600_096560_046140.tif
045600_096560_073380.tif
045600_096560_063780.tif
045600_096560_050040.tif
045600_096560_015240.tif
045600_096560_074760.tif
045600_096560_081840.tif
045600_096560_065820.tif
045600_096560_077860.tif
045600_096560_052560.tif
045600_096560_023100.tif
045600_096560_012660.tif
045600_096560_023360.tif
045600_096560_079160.tif
045600_096560_031060.tif
045600_096560_003400.tif
045600_096560_056380.tif
045600_096560_029780.tif
045600_096560_079100.tif
045600_096560_069100.tif
045600_096560_018940.tif
045600_096560_042360.tif
045600_096560_037900.tif
045600_096560_046920.tif
045600_096560_021040.tif
045600_096560_018140.tif
045600_096560_079580.tif
045600_096560_003580.tif
045600_096560_050360.tif
045600_096560_046300.tif
045600_096560_067020.tif
045600_096560_056040.tif
045600_096560_051660.tif
045600_096560_044200.tif
045600_096560_014280.tif
045600_096560_067040.tif
045600_096560_070020.tif
045600_096560_047080.tif
045600_096560_075440.tif
045600_096560_074280.tif
045600_096560_041340.tif
045600_096560_078540.tif
045600_096560_069200.tif
045600_096560_025420.tif
045600_096560_046220.tif
045600_096560_041060.tif
045600_096560_050740.tif
045600_096560_021680.tif
045600_096560_023040.tif
045600_096560_046460.tif
045600_096560_017940.tif
045600_096560_007940.tif
045600_096560_032580.tif
045600_096560_020680.tif
045600_096560_002740.tif
045600_096560_071200.tif
045600_096560_073040.tif
045600_096560_077940.tif
045600_096560_080700.tif
045600_096560_015680.tif
045600_096560_073860.tif
045600_096560_043200.tif
045600_096560_042040.tif
045600_096560_080840.tif
045600_096560_069860.tif
045600_096560_029200.tif
045600_096560_046120.tif
045600_096560_021400.tif
045600_096560_026920.tif
045600_096560_034260.tif
045600_096560_078900.tif
045600_096560_058080.tif
045600_096560_061360.tif
045600_096560_045100.tif
045600_096560_051360.tif
045600_096560_049080.tif
045600_096560_064360.tif
045600_096560_072700.tif
045600_096560_078620.tif
045600_096560_028960.tif
045600_096560_019140.tif
045600_096560_049740.tif
045600_096560_065660.tif
045600_096560_061080.tif
045600_096560_018720.tif
045600_096560_016700.tif
045600_096560_036820.tif
045600_096560_019540.tif
045600_096560_040200.tif
045600_096560_078140.tif
045600_096560_008260.tif
045600_096560_073700.tif
045600_096560_034600.tif
045600_096560_073520.tif
045600_096560_020620.tif
045600_096560_050460.tif
045600_096560_035360.tif
045600_096560_043420.tif
045600_096560_017000.tif
045600_096560_016500.tif
045600_096560_057200.tif
045600_096560_056240.tif
045600_096560_045800.tif
045600_096560_052640.tif
045600_096560_074840.tif
045600_096560_025700.tif
045600_096560_055840.tif
045600_096560_069700.tif
045600_096560_079280.tif
045600_096560_045220.tif
045600_096560_032460.tif
045600_096560_042740.tif
045600_096560_049040.tif
045600_096560_038880.tif
045600_096560_068840.tif
045600_096560_061400.tif
045600_096560_062900.tif
045600_096560_019760.tif
045600_096560_064760.tif
045600_096560_049900.tif
045600_096560_051400.tif
045600_096560_059000.tif
045600_096560_047640.tif
045600_096560_081000.tif
045600_096560_037040.tif
045600_096560_062320.tif
045600_096560_020700.tif
045600_096560_004440.tif
045600_096560_043980.tif
045600_096560_063100.tif
045600_096560_021740.tif
045600_096560_033820.tif
045600_096560_053460.tif
045600_096560_064920.tif
045600_096560_063840.tif
045600_096560_072140.tif
045600_096560_021880.tif
045600_096560_035780.tif
045600_096560_033780.tif
045600_096560_066740.tif
045600_096560_017140.tif
045600_096560_017300.tif
045600_096560_055680.tif
045600_096560_006460.tif
045600_096560_032420.tif
045600_096560_040220.tif
045600_096560_057320.tif
045600_096560_046860.tif
045600_096560_066220.tif
045600_096560_056940.tif
045600_096560_003640.tif
045600_096560_066660.tif
045600_096560_072380.tif
045600_096560_058160.tif
045600_096560_062040.tif
045600_096560_068700.tif
045600_096560_026880.tif
045600_096560_002640.tif
045600_096560_005660.tif
045600_096560_008680.tif
045600_096560_030300.tif
045600_096560_075940.tif
045600_096560_072440.tif
045600_096560_077440.tif
045600_096560_001400.tif
045600_096560_017240.tif
045600_096560_059080.tif
045600_096560_020420.tif
045600_096560_047900.tif
045600_096560_077200.tif
045600_096560_081820.tif
045600_096560_067500.tif
045600_096560_020220.tif
045600_096560_063980.tif
045600_096560_074880.tif
045600_096560_078040.tif
045600_096560_082040.tif
045600_096560_067120.tif
045600_096560_019520.tif
045600_096560_016300.tif
045600_096560_043720.tif
045600_096560_064080.tif
045600_096560_039960.tif
045600_096560_019740.tif
045600_096560_005160.tif
045600_096560_059520.tif
045600_096560_070700.tif
045600_096560_039220.tif
045600_096560_014460.tif
045600_096560_040760.tif
045600_096560_028840.tif
045600_096560_065600.tif
045600_096560_021280.tif
045600_096560_000780.tif
045600_096560_023060.tif
045600_096560_053500.tif
045600_096560_038920.tif
045600_096560_002600.tif
045600_096560_028920.tif
045600_096560_063280.tif
045600_096560_007640.tif
045600_096560_061200.tif
045600_096560_025840.tif
045600_096560_058580.tif
045600_096560_064180.tif
045600_096560_065760.tif
045600_096560_010920.tif
045600_096560_057280.tif
045600_096560_036720.tif
045600_096560_041980.tif
045600_096560_028880.tif
045600_096560_051800.tif
045600_096560_073980.tif
045600_096560_074600.tif
045600_096560_011500.tif
045600_096560_021960.tif
045600_096560_023220.tif
045600_096560_012600.tif
045600_096560_012220.tif
045600_096560_025300.tif
045600_096560_050960.tif
045600_096560_059940.tif
045600_096560_028500.tif
045600_096560_032860.tif
045600_096560_036380.tif
045600_096560_033340.tif
045600_096560_013080.tif
045600_096560_076340.tif
045600_096560_004240.tif
045600_096560_035840.tif
045600_096560_021520.tif
045600_096560_037420.tif
045600_096560_033640.tif
045600_096560_053400.tif
045600_096560_071640.tif
045600_096560_023840.tif
045600_096560_020540.tif
045600_096560_023620.tif
045600_096560_073840.tif
045600_096560_054380.tif
045600_096560_077140.tif
045600_096560_051560.tif
045600_096560_047380.tif
045600_096560_011380.tif
045600_096560_061140.tif
045600_096560_027500.tif
045600_096560_070680.tif
045600_096560_081620.tif
045600_096560_039660.tif
045600_096560_039920.tif
045600_096560_070980.tif
045600_096560_049320.tif
045600_096560_026460.tif
045600_096560_004420.tif
045600_096560_050800.tif
045600_096560_056320.tif
045600_096560_036220.tif
045600_096560_019700.tif
045600_096560_034740.tif
045600_096560_009600.tif
045600_096560_081100.tif
045600_096560_043600.tif
045600_096560_054800.tif
045600_096560_044500.tif
045600_096560_043940.tif
045600_096560_054660.tif
045600_096560_060500.tif
045600_096560_069360.tif
045600_096560_029560.tif
045600_096560_062020.tif
045600_096560_047860.tif
045600_096560_058920.tif
045600_096560_063200.tif
045600_096560_042080.tif
045600_096560_048580.tif
045600_096560_066920.tif
045600_096560_080180.tif
045600_096560_002300.tif
045600_096560_034560.tif
045600_096560_009140.tif
045600_096560_032480.tif
045600_096560_079440.tif
045600_096560_032020.tif
045600_096560_048980.tif
045600_096560_054840.tif
045600_096560_024860.tif
045600_096560_039820.tif
045600_096560_042680.tif
045600_096560_046260.tif
045600_096560_036700.tif
045600_096560_009480.tif
045600_096560_070300.tif
045600_096560_031180.tif
045600_096560_043800.tif
045600_096560_012340.tif
045600_096560_022640.tif
045600_096560_071180.tif
045600_096560_037120.tif
045600_096560_035660.tif
045600_096560_068040.tif
045600_096560_023980.tif
045600_096560_081060.tif
045600_096560_078640.tif
045600_096560_069480.tif
045600_096560_064520.tif
045600_096560_009320.tif
045600_096560_079640.tif
045600_096560_034940.tif
045600_096560_051480.tif
045600_096560_041500.tif
045600_096560_065120.tif
045600_096560_070560.tif
045600_096560_070600.tif
045600_096560_039280.tif
045600_096560_015200.tif
045600_096560_023580.tif
045600_096560_011800.tif
045600_096560_066540.tif
045600_096560_005320.tif
045600_096560_067920.tif
045600_096560_003040.tif
045600_096560_052980.tif
045600_096560_078800.tif
045600_096560_057040.tif
045600_096560_040740.tif
045600_096560_040640.tif
045600_096560_013720.tif
045600_096560_037260.tif
045600_096560_013400.tif
045600_096560_051060.tif
045600_096560_066760.tif
045600_096560_066060.tif
045600_096560_045360.tif
045600_096560_011400.tif
045600_096560_065140.tif
045600_096560_058120.tif
045600_096560_004260.tif
045600_096560_075020.tif
045600_096560_026700.tif
045600_096560_056600.tif
045600_096560_066400.tif
045600_096560_077700.tif
045600_096560_018620.tif
045600_096560_026860.tif
045600_096560_038840.tif
045600_096560_013960.tif
045600_096560_069780.tif
045600_096560_020240.tif
045600_096560_070220.tif
045600_096560_008360.tif
045600_096560_016460.tif
045600_096560_057660.tif
045600_096560_066880.tif
045600_096560_073720.tif
045600_096560_019020.tif
045600_096560_024140.tif
045600_096560_014080.tif
045600_096560_052920.tif
045600_096560_025940.tif
045600_096560_062860.tif
045600_096560_069820.tif
045600_096560_034060.tif
045600_096560_069420.tif
045600_096560_049420.tif
045600_096560_010180.tif
045600_096560_054560.tif
045600_096560_077400.tif
045600_096560_017560.tif
045600_096560_073580.tif
045600_096560_037860.tif
045600_096560_043840.tif
045600_096560_069740.tif
045600_096560_013940.tif
045600_096560_023280.tif
045600_096560_036260.tif
045600_096560_036200.tif
045600_096560_066180.tif
045600_096560_003920.tif
045600_096560_062100.tif
045600_096560_040060.tif
045600_096560_069840.tif
045600_096560_071460.tif
045600_096560_045300.tif
045600_096560_063900.tif
045600_096560_019360.tif
045600_096560_024080.tif
045600_096560_053100.tif
045600_096560_005900.tif
045600_096560_018660.tif
045600_096560_046700.tif
045600_096560_075600.tif
045600_096560_019000.tif
045600_096560_070420.tif
045600_096560_014980.tif
045600_096560_042180.tif
045600_096560_062820.tif
045600_096560_042060.tif
045600_096560_064100.tif
045600_096560_064160.tif
045600_096560_075200.tif
045600_096560_042340.tif
045600_096560_043900.tif
045600_096560_037380.tif
045600_096560_072600.tif
045600_096560_053480.tif
045600_096560_005100.tif
045600_096560_060560.tif
045600_096560_056860.tif
045600_096560_057680.tif
045600_096560_029400.tif
045600_096560_046080.tif
045600_096560_050120.tif
045600_096560_073780.tif
045600_096560_031820.tif
045600_096560_055340.tif
045600_096560_037620.tif
045600_096560_009860.tif
045600_096560_068360.tif
045600_096560_065080.tif
045600_096560_071500.tif
045600_096560_062780.tif
045600_096560_072740.tif
045600_096560_007980.tif
045600_096560_070140.tif
045600_096560_025040.tif
045600_096560_009000.tif
045600_096560_063060.tif
045600_096560_049980.tif
045600_096560_042220.tif
045600_096560_006920.tif
045600_096560_069960.tif
045600_096560_018800.tif
045600_096560_008640.tif
045600_096560_048240.tif
045600_096560_015300.tif
045600_096560_030900.tif
045600_096560_018900.tif
045600_096560_076060.tif
045600_096560_041580.tif
045600_096560_033520.tif
045600_096560_081280.tif
045600_096560_043020.tif
045600_096560_076540.tif
045600_096560_063260.tif
045600_096560_024200.tif
045600_096560_017720.tif
045600_096560_009720.tif
045600_096560_060220.tif
045600_096560_022540.tif
045600_096560_010420.tif
045600_096560_030660.tif
045600_096560_059580.tif
045600_096560_019420.tif
045600_096560_039300.tif
045600_096560_048120.tif
045600_096560_052400.tif
045600_096560_008060.tif
045600_096560_034140.tif
045600_096560_012480.tif
045600_096560_053780.tif
045600_096560_055520.tif
045600_096560_035140.tif
045600_096560_052200.tif
045600_096560_048500.tif
045600_096560_016960.tif
045600_096560_058900.tif
045600_096560_016240.tif
045600_096560_007220.tif
045600_096560_028140.tif
045600_096560_066260.tif
045600_096560_023720.tif
045600_096560_005340.tif
045600_096560_005020.tif
045600_096560_054060.tif
045600_096560_016980.tif
045600_096560_044480.tif
045600_096560_051140.tif
045600_096560_052580.tif
045600_096560_053260.tif
045600_096560_039640.tif
045600_096560_061120.tif
045600_096560_020000.tif
045600_096560_012060.tif
045600_096560_076480.tif
045600_096560_040020.tif
045600_096560_076460.tif
045600_096560_014120.tif
045600_096560_043880.tif
045600_096560_061720.tif
045600_096560_013780.tif
045600_096560_017320.tif
045600_096560_015620.tif
045600_096560_061220.tif
045600_096560_035500.tif
045600_096560_080440.tif
045600_096560_059680.tif
045600_096560_018460.tif
045600_096560_034480.tif
045600_096560_047460.tif
045600_096560_028180.tif
045600_096560_033900.tif
045600_096560_027580.tif
045600_096560_001520.tif
045600_096560_060720.tif
045600_096560_074340.tif
045600_096560_052680.tif
045600_096560_022280.tif
045600_096560_045460.tif
045600_096560_043920.tif
045600_096560_081760.tif
045600_096560_050560.tif
045600_096560_075100.tif
045600_096560_044860.tif
045600_096560_001160.tif
045600_096560_076040.tif
045600_096560_025620.tif
045600_096560_029440.tif
045600_096560_036180.tif
045600_096560_035640.tif
045600_096560_075220.tif
045600_096560_001460.tif
045600_096560_080860.tif
045600_096560_076840.tif
045600_096560_000880.tif
045600_096560_079180.tif
045600_096560_026200.tif
045600_096560_081580.tif
045600_096560_033600.tif
045600_096560_014940.tif
045600_096560_026080.tif
045600_096560_058400.tif
045600_096560_004480.tif
045600_096560_017900.tif
045600_096560_025460.tif
045600_096560_060400.tif
045600_096560_064440.tif
045600_096560_045020.tif
045600_096560_063420.tif
045600_096560_069040.tif
045600_096560_010720.tif
045600_096560_035100.tif
045600_096560_031560.tif
045600_096560_024480.tif
045600_096560_058060.tif
045600_096560_012400.tif
045600_096560_028860.tif
045600_096560_070060.tif
045600_096560_059160.tif
045600_096560_034620.tif
045600_096560_031960.tif
045600_096560_063600.tif
045600_096560_039040.tif
045600_096560_058020.tif
045600_096560_018400.tif
045600_096560_061460.tif
045600_096560_064300.tif
045600_096560_010400.tif
045600_096560_045780.tif
045600_096560_032320.tif
045600_096560_034320.tif
045600_096560_070340.tif
045600_096560_034960.tif
045600_096560_060420.tif
045600_096560_081440.tif
045600_096560_044740.tif
045600_096560_073160.tif
045600_096560_041960.tif
045600_096560_018000.tif
045600_096560_050340.tif
045600_096560_027440.tif
045600_096560_042000.tif
045600_096560_002800.tif
045600_096560_009900.tif
045600_096560_014060.tif
045600_096560_037740.tif
045600_096560_046560.tif
045600_096560_062120.tif
045600_096560_005460.tif
045600_096560_028460.tif
045600_096560_004580.tif
045600_096560_042940.tif
045600_096560_042420.tif
045600_096560_018240.tif
045600_096560_017280.tif
045600_096560_058780.tif
045600_096560_056960.tif
045600_096560_053240.tif
045600_096560_073340.tif
045600_096560_081860.tif
045600_096560_004500.tif
045600_096560_011240.tif
045600_096560_000800.tif
045600_096560_005240.tif
045600_096560_000960.tif
045600_096560_055240.tif
045600_096560_013800.tif
045600_096560_058680.tif
045600_096560_071680.tif
045600_096560_029120.tif
045600_096560_006140.tif
045600_096560_047280.tif
045600_096560_042400.tif
045600_096560_044560.tif
045600_096560_011840.tif
045600_096560_070900.tif
045600_096560_059180.tif
045600_096560_036880.tif
045600_096560_022740.tif
045600_096560_037820.tif
045600_096560_017480.tif
045600_096560_006700.tif
045600_096560_022600.tif
045600_096560_010200.tif
045600_096560_002940.tif
045600_096560_080940.tif
045600_096560_018580.tif
045600_096560_018360.tif
045600_096560_070520.tif
045600_096560_035600.tif
045600_096560_068460.tif
045600_096560_014820.tif
045600_096560_078360.tif
045600_096560_039740.tif
045600_096560_065200.tif
045600_096560_054300.tif
045600_096560_033080.tif
045600_096560_015260.tif
045600_096560_014780.tif
045600_096560_016900.tif
045600_096560_036140.tif
045600_096560_035280.tif
045600_096560_009440.tif
045600_096560_027660.tif
045600_096560_064200.tif
045600_096560_056220.tif
045600_096560_012720.tif
045600_096560_049000.tif
045600_096560_056100.tif
045600_096560_078160.tif
045600_096560_062160.tif
045600_096560_064220.tif
045600_096560_052260.tif
045600_096560_061280.tif
045600_096560_042280.tif
045600_096560_006000.tif
045600_096560_079120.tif
045600_096560_043960.tif
045600_096560_039620.tif
045600_096560_050680.tif
045600_096560_079760.tif
045600_096560_015000.tif
045600_096560_080360.tif
045600_096560_053740.tif
045600_096560_046680.tif
045600_096560_051460.tif
045600_096560_068520.tif
045600_096560_064620.tif
045600_096560_036760.tif
045600_096560_080340.tif
045600_096560_003680.tif
045600_096560_020500.tif
045600_096560_009680.tif
045600_096560_059860.tif
045600_096560_065460.tif
045600_096560_079540.tif
045600_096560_066200.tif
045600_096560_040380.tif
045600_096560_009960.tif
045600_096560_031640.tif
045600_096560_018600.tif
045600_096560_073920.tif
045600_096560_042780.tif
045600_096560_035740.tif
045600_096560_065100.tif
045600_096560_047140.tif
045600_096560_012520.tif
045600_096560_029080.tif
045600_096560_034660.tif
045600_096560_011860.tif
045600_096560_068580.tif
045600_096560_031840.tif
045600_096560_056280.tif
045600_096560_043000.tif
045600_096560_006840.tif
045600_096560_003100.tif
045600_096560_001820.tif
045600_096560_064980.tif
045600_096560_076780.tif
045600_096560_010760.tif
045600_096560_050320.tif
045600_096560_024160.tif
045600_096560_055220.tif
045600_096560_055460.tif
045600_096560_044980.tif
045600_096560_045760.tif
045600_096560_003340.tif
045600_096560_043760.tif
045600_096560_028480.tif
045600_096560_036920.tif
045600_096560_014860.tif
045600_096560_040120.tif
045600_096560_014620.tif
045600_096560_039560.tif
045600_096560_052900.tif
045600_096560_029100.tif
045600_096560_052540.tif
045600_096560_064580.tif
045600_096560_048020.tif
045600_096560_033960.tif
045600_096560_048440.tif
045600_096560_024440.tif
045600_096560_072240.tif
045600_096560_007860.tif
045600_096560_030680.tif
045600_096560_041220.tif
045600_096560_067840.tif
045600_096560_036060.tif
045600_096560_066780.tif
045600_096560_057940.tif
045600_096560_077580.tif
045600_096560_052620.tif
045600_096560_036400.tif
045600_096560_054020.tif
045600_096560_020520.tif
045600_096560_007500.tif
045600_096560_014480.tif
045600_096560_053160.tif
045600_096560_035180.tif
045600_096560_057220.tif
045600_096560_021540.tif
045600_096560_074220.tif
045600_096560_005600.tif
045600_096560_058320.tif
045600_096560_003880.tif
045600_096560_073600.tif
045600_096560_081940.tif
045600_096560_044120.tif
045600_096560_026640.tif
045600_096560_031600.tif
045600_096560_069140.tif
045600_096560_052520.tif
045600_096560_061980.tif
045600_096560_027520.tif
045600_096560_000820.tif
045600_096560_047560.tif
045600_096560_065740.tif
045600_096560_071080.tif
045600_096560_001480.tif
045600_096560_061240.tif
045600_096560_024180.tif
045600_096560_079820.tif
045600_096560_028660.tif
045600_096560_058980.tif
045600_096560_008280.tif
045600_096560_057060.tif
045600_096560_057540.tif
045600_096560_057800.tif
045600_096560_074100.tif
045600_096560_030220.tif
045600_096560_077620.tif
045600_096560_034500.tif
045600_096560_033800.tif
045600_096560_006720.tif
045600_096560_078220.tif
045600_096560_073620.tif
045600_096560_071420.tif
045600_096560_077820.tif
045600_096560_039840.tif
045600_096560_032620.tif
045600_096560_065040.tif
045600_096560_079960.tif
045600_096560_042980.tif
045600_096560_009020.tif
045600_096560_062620.tif
045600_096560_072640.tif
045600_096560_026820.tif
045600_096560_062660.tif
045600_096560_032340.tif
045600_096560_018440.tif
045600_096560_049380.tif
045600_096560_030980.tif
045600_096560_049680.tif
045600_096560_028980.tif
045600_096560_025740.tif
045600_096560_041420.tif
045600_096560_036580.tif
045600_096560_070800.tif
045600_096560_040040.tif
045600_096560_015980.tif
045600_096560_029920.tif
045600_096560_035120.tif
045600_096560_012040.tif
045600_096560_040140.tif
045600_096560_075000.tif
045600_096560_013260.tif
045600_096560_051320.tif
045600_096560_005860.tif
045600_096560_057580.tif
045600_096560_066420.tif
045600_096560_064140.tif
045600_096560_019160.tif
045600_096560_039200.tif
045600_096560_016360.tif
045600_096560_015920.tif
045600_096560_002100.tif
045600_096560_006540.tif
045600_096560_024760.tif
045600_096560_078380.tif
045600_096560_053800.tif
045600_096560_075320.tif
045600_096560_072760.tif
045600_096560_018340.tif
045600_096560_003840.tif
045600_096560_062340.tif
045600_096560_074080.tif
045600_096560_035420.tif
045600_096560_066040.tif
045600_096560_076280.tif
045600_096560_026580.tif
045600_096560_049460.tif
045600_096560_008380.tif
045600_096560_063460.tif
045600_096560_061500.tif
045600_096560_034020.tif
045600_096560_011280.tif
045600_096560_045880.tif
045600_096560_071160.tif
045600_096560_062560.tif
045600_096560_037960.tif
045600_096560_015560.tif
045600_096560_036240.tif
045600_096560_024900.tif
045600_096560_032880.tif
045600_096560_072720.tif
045600_096560_037800.tif
045600_096560_074620.tif
045600_096560_066380.tif
045600_096560_035940.tif
045600_096560_080520.tif
045600_096560_055000.tif
045600_096560_074940.tif
045600_096560_007460.tif
045600_096560_063820.tif
045600_096560_007580.tif
045600_096560_074160.tif
045600_096560_062940.tif
045600_096560_036460.tif
045600_096560_071360.tif
045600_096560_022000.tif
045600_096560_068100.tif
045600_096560_023500.tif
045600_096560_055420.tif
045600_096560_000980.tif
045600_096560_026280.tif
045600_096560_071040.tif
045600_096560_067660.tif
045600_096560_064660.tif
045600_096560_063140.tif
045600_096560_014400.tif
045600_096560_051740.tif
045600_096560_011940.tif
045600_096560_047320.tif
045600_096560_009360.tif
045600_096560_008560.tif
045600_096560_000940.tif
045600_096560_019060.tif
045600_096560_010660.tif
045600_096560_018380.tif
045600_096560_002680.tif
045600_096560_037060.tif
045600_096560_060320.tif
045600_096560_030400.tif
045600_096560_067260.tif
045600_096560_003020.tif
045600_096560_061340.tif
045600_096560_025200.tif
045600_096560_080100.tif
045600_096560_058720.tif
045600_096560_036620.tif
045600_096560_026060.tif
045600_096560_059380.tif
045600_096560_040500.tif
045600_096560_031700.tif
045600_096560_021460.tif
045600_096560_017860.tif
045600_096560_033420.tif
045600_096560_007240.tif
045600_096560_015940.tif
045600_096560_052460.tif
045600_096560_032360.tif
045600_096560_080420.tif
045600_096560_054420.tif
045600_096560_063580.tif
045600_096560_067100.tif
045600_096560_030280.tif
045600_096560_075500.tif
045600_096560_003220.tif
045600_096560_003700.tif
045600_096560_065900.tif
045600_096560_078580.tif
045600_096560_035080.tif
045600_096560_028260.tif
045600_096560_043580.tif
045600_096560_006640.tif
045600_096560_051600.tif
045600_096560_076440.tif
045600_096560_041160.tif
045600_096560_049060.tif
045600_096560_055580.tif
045600_096560_036500.tif
045600_096560_025760.tif
045600_096560_004960.tif
045600_096560_006500.tif
045600_096560_055360.tif
045600_096560_032060.tif
045600_096560_010940.tif
045600_096560_026500.tif
045600_096560_045700.tif
045600_096560_014220.tif
045600_096560_009040.tif
045600_096560_029640.tif
045600_096560_046200.tif
045600_096560_016640.tif
045600_096560_045260.tif
045600_096560_073740.tif
045600_096560_080080.tif
045600_096560_070920.tif
045600_096560_036120.tif
045600_096560_077000.tif
045600_096560_031380.tif
045600_096560_049360.tif
045600_096560_008040.tif
045600_096560_077120.tif
045600_096560_015460.tif
045600_096560_063040.tif
045600_096560_022500.tif
045600_096560_070500.tif
045600_096560_028740.tif
045600_096560_065260.tif
045600_096560_035380.tif
045600_096560_048740.tif
045600_096560_031400.tif
045600_096560_017060.tif
045600_096560_064420.tif
045600_096560_065620.tif
045600_096560_056360.tif
045600_096560_001260.tif
045600_096560_043240.tif
045600_096560_060600.tif
045600_096560_021300.tif
045600_096560_019780.tif
045600_096560_074500.tif
045600_096560_071340.tif
045600_096560_029740.tif
045600_096560_027140.tif
045600_096560_021320.tif
045600_096560_030040.tif
045600_096560_033040.tif
045600_096560_025000.tif
045600_096560_024740.tif
045600_096560_079800.tif
045600_096560_025440.tif
045600_096560_077180.tif
045600_096560_026540.tif
045600_096560_024560.tif
045600_096560_075780.tif
045600_096560_059220.tif
045600_096560_074980.tif
045600_096560_012540.tif
045600_096560_042880.tif
045600_096560_009180.tif
045600_096560_060540.tif
045600_096560_032720.tif
045600_096560_015740.tif
045600_096560_005880.tif
045600_096560_074120.tif
045600_096560_001540.tif
045600_096560_071560.tif
045600_096560_063640.tif
045600_096560_080380.tif
045600_096560_052600.tif
045600_096560_066860.tif
045600_096560_051960.tif
045600_096560_050240.tif
045600_096560_058440.tif
045600_096560_021660.tif
045600_096560_022160.tif
045600_096560_043300.tif
045600_096560_070400.tif
045600_096560_064740.tif
045600_096560_061760.tif
045600_096560_065340.tif
045600_096560_068480.tif
045600_096560_025800.tif
045600_096560_054480.tif
045600_096560_075260.tif
045600_096560_065180.tif
045600_096560_079460.tif
045600_096560_037340.tif
045600_096560_004160.tif
045600_096560_058600.tif
045600_096560_029940.tif
045600_096560_006520.tif
045600_096560_075540.tif
045600_096560_035480.tif
045600_096560_080120.tif
045600_096560_025220.tif
045600_096560_048140.tif
045600_096560_034760.tif
045600_096560_064700.tif
045600_096560_057600.tif
045600_096560_005580.tif
045600_096560_001220.tif
045600_096560_039500.tif
045600_096560_049140.tif
045600_096560_071000.tif
045600_096560_012940.tif
045600_096560_027200.tif
045600_096560_033320.tif
045600_096560_070000.tif
045600_096560_080660.tif
045600_096560_009260.tif
045600_096560_012080.tif
045600_096560_070740.tif
045600_096560_020280.tif
045600_096560_018320.tif
045600_096560_008160.tif
045600_096560_016320.tif
045600_096560_033180.tif
045600_096560_065640.tif
045600_096560_070360.tif
045600_096560_025360.tif
045600_096560_061840.tif
045600_096560_001940.tif
045600_096560_010220.tif
045600_096560_074140.tif
045600_096560_028820.tif
045600_096560_027900.tif
045600_096560_037940.tif
045600_096560_035440.tif
045600_096560_030600.tif
045600_096560_007480.tif
045600_096560_053060.tif
045600_096560_001060.tif
045600_096560_041820.tif
045600_096560_055820.tif
045600_096560_030340.tif
045600_096560_026160.tif
045600_096560_071480.tif
045600_096560_010100.tif
045600_096560_068920.tif
045600_096560_026680.tif
045600_096560_050380.tif
045600_096560_001680.tif
045600_096560_008200.tif
045600_096560_043260.tif
045600_096560_011300.tif
045600_096560_053220.tif
045600_096560_056840.tif
045600_096560_003200.tif
045600_096560_054680.tif
045600_096560_040100.tif
045600_096560_041720.tif
045600_096560_079920.tif
045600_096560_026380.tif
045600_096560_075760.tif
045600_096560_056920.tif
045600_096560_054640.tif
045600_096560_023080.tif
045600_096560_030780.tif
045600_096560_019080.tif
045600_096560_036320.tif
045600_096560_038320.tif
045600_096560_005620.tif
045600_096560_068800.tif
045600_096560_048720.tif
045600_096560_019600.tif
045600_096560_022100.tif
045600_096560_079520.tif
045600_096560_010960.tif
045600_096560_057560.tif
045600_096560_077900.tif
045600_096560_070720.tif
045600_096560_023200.tif
045600_096560_044060.tif
045600_096560_055800.tif
045600_096560_062520.tif
045600_096560_005080.tif
045600_096560_004680.tif
045600_096560_071320.tif
045600_096560_033480.tif
045600_096560_067700.tif
045600_096560_014720.tif
045600_096560_014700.tif
045600_096560_064900.tif
045600_096560_059440.tif
045600_096560_067080.tif
045600_096560_059660.tif
045600_096560_041740.tif
045600_096560_011580.tif
045600_096560_051220.tif
045600_096560_008720.tif
045600_096560_021340.tif
045600_096560_039720.tif
045600_096560_052760.tif
045600_096560_037880.tif
045600_096560_001780.tif
045600_096560_061160.tif
045600_096560_016540.tif
045600_096560_056520.tif
045600_096560_041600.tif
045600_096560_031500.tif
045600_096560_076160.tif
045600_096560_058180.tif
045600_096560_028940.tif
045600_096560_001640.tif
045600_096560_059760.tif
045600_096560_019200.tif
045600_096560_060940.tif
045600_096560_052960.tif
045600_096560_059280.tif
045600_096560_049400.tif
045600_096560_025980.tif
045600_096560_081160.tif
045600_096560_004080.tif
045600_096560_001080.tif
045600_096560_053600.tif
045600_096560_050860.tif
045600_096560_013640.tif
045600_096560_050940.tif
045600_096560_062380.tif
045600_096560_069120.tif
045600_096560_033140.tif
045600_096560_006680.tif
045600_096560_045840.tif
045600_096560_047620.tif
045600_096560_077260.tif
045600_096560_076360.tif
045600_096560_040480.tif
045600_096560_009580.tif
045600_096560_062200.tif
045600_096560_060740.tif
045600_096560_071600.tif
045600_096560_076300.tif
045600_096560_062500.tif
045600_096560_033300.tif
045600_096560_063220.tif
045600_096560_012280.tif
045600_096560_072560.tif
045600_096560_054960.tif
045600_096560_049500.tif
045600_096560_022360.tif
045600_096560_046400.tif
045600_096560_009820.tif
045600_096560_063720.tif
045600_096560_052860.tif
045600_096560_037560.tif
045600_096560_058960.tif
045600_096560_045960.tif
045600_096560_061480.tif
045600_096560_060620.tif
045600_096560_040000.tif
045600_096560_009460.tif
045600_096560_006480.tif
045600_096560_019560.tif
045600_096560_053580.tif
045600_096560_077060.tif
045600_096560_079940.tif
045600_096560_050280.tif
045600_096560_013600.tif
045600_096560_080160.tif
045600_096560_041120.tif
045600_096560_077220.tif
045600_096560_076200.tif
045600_096560_070200.tif
045600_096560_038660.tif
045600_096560_053080.tif
045600_096560_034280.tif
045600_096560_057840.tif
045600_096560_069240.tif
045600_096560_079620.tif
045600_096560_042500.tif
045600_096560_014420.tif
045600_096560_053860.tif
045600_096560_004840.tif
045600_096560_017220.tif
045600_096560_017420.tif
045600_096560_060660.tif
045600_096560_049940.tif
045600_096560_003480.tif
045600_096560_071540.tif
045600_096560_007660.tif
045600_096560_043080.tif
045600_096560_019040.tif
045600_096560_075620.tif
045600_096560_008620.tif
045600_096560_007440.tif
045600_096560_031880.tif
045600_096560_042720.tif
045600_096560_023300.tif
045600_096560_050080.tif
045600_096560_076000.tif
045600_096560_035900.tif
045600_096560_015420.tif
045600_096560_040820.tif
045600_096560_073360.tif
045600_096560_005420.tif
045600_096560_058620.tif
045600_096560_067300.tif
045600_096560_068280.tif
045600_096560_033560.tif
045600_096560_031220.tif
045600_096560_027840.tif
045600_096560_081740.tif
045600_096560_001980.tif
045600_096560_014000.tif
045600_096560_070180.tif
045600_096560_033160.tif
045600_096560_020260.tif
045600_096560_022240.tif
045600_096560_055780.tif
045600_096560_075160.tif
045600_096560_068660.tif
045600_096560_019800.tif
045600_096560_060180.tif
045600_096560_078500.tif
045600_096560_017780.tif
045600_096560_061680.tif
045600_096560_001720.tif
045600_096560_046900.tif
045600_096560_039520.tif
045600_096560_048900.tif
045600_096560_069560.tif
045600_096560_032100.tif
045600_096560_027860.tif
045600_096560_056480.tif
045600_096560_034360.tif
045600_096560_005140.tif
045600_096560_070280.tif
045600_096560_080960.tif
045600_096560_062760.tif
045600_096560_029620.tif
045600_096560_004040.tif
045600_096560_032940.tif
045600_096560_049640.tif
045600_096560_067400.tif
045600_096560_017100.tif
045600_096560_008460.tif
045600_096560_063000.tif
045600_096560_058640.tif
045600_096560_047660.tif
045600_096560_034120.tif
045600_096560_068600.tif
045600_096560_016820.tif
045600_096560_037280.tif
045600_096560_041900.tif
045600_096560_048200.tif
045600_096560_039400.tif
045600_096560_035460.tif
045600_096560_059060.tif
045600_096560_074640.tif
045600_096560_022040.tif
045600_096560_047920.tif
045600_096560_077720.tif
045600_096560_019860.tif
045600_096560_067360.tif
045600_096560_019260.tif
045600_096560_034720.tif
045600_096560_063180.tif
045600_096560_036280.tif
045600_096560_005280.tif
045600_096560_011760.tif
045600_096560_038600.tif
045600_096560_001240.tif
045600_096560_051900.tif
045600_096560_016860.tif
045600_096560_045160.tif
045600_096560_079840.tif
045600_096560_002820.tif
045600_096560_048920.tif
045600_096560_030200.tif
045600_096560_057520.tif
045600_096560_036160.tif
045600_096560_074680.tif
045600_096560_038960.tif
045600_096560_076620.tif
045600_096560_012960.tif
045600_096560_073080.tif
045600_096560_064960.tif
045600_096560_038120.tif
045600_096560_076680.tif
045600_096560_012420.tif
045600_096560_076980.tif
045600_096560_029160.tif
045600_096560_038180.tif
045600_096560_062280.tif
045600_096560_051940.tif
045600_096560_065220.tif
045600_096560_072960.tif
045600_096560_015180.tif
045600_096560_018820.tif
045600_096560_048380.tif
045600_096560_034820.tif
045600_096560_072820.tif
045600_096560_051780.tif
045600_096560_028280.tif
045600_096560_076600.tif
045600_096560_007000.tif
045600_096560_027400.tif
045600_096560_022460.tif
045600_096560_023940.tif
045600_096560_008880.tif
045600_096560_070840.tif
045600_096560_014180.tif
045600_096560_036600.tif
045600_096560_040800.tif
045600_096560_076560.tif
045600_096560_011340.tif
045600_096560_008840.tif
045600_096560_072400.tif
045600_096560_051420.tif
045600_096560_063500.tif
045600_096560_000920.tif
045600_096560_036480.tif
045600_096560_040660.tif
045600_096560_048880.tif
045600_096560_068380.tif
045600_096560_053760.tif
045600_096560_022700.tif
045600_096560_077520.tif
045600_096560_026260.tif
045600_096560_009920.tif
045600_096560_039420.tif
045600_096560_003960.tif
045600_096560_045320.tif
045600_096560_068880.tif
045600_096560_008960.tif
045600_096560_003060.tif
045600_096560_040340.tif
045600_096560_064040.tif
045600_096560_078480.tif
045600_096560_056400.tif
045600_096560_081220.tif
045600_096560_066460.tif
045600_096560_029260.tif
045600_096560_070120.tif
045600_096560_061740.tif
045600_096560_060020.tif
045600_096560_010560.tif
045600_096560_048300.tif
045600_096560_057140.tif
045600_096560_033700.tif
045600_096560_057420.tif
045600_096560_021140.tif
045600_096560_047160.tif
045600_096560_074060.tif
045600_096560_008440.tif
045600_096560_007180.tif
045600_096560_044680.tif
045600_096560_078680.tif
045600_096560_015480.tif
045600_096560_019500.tif
045600_096560_080820.tif
045600_096560_022620.tif
045600_096560_015800.tif
045600_096560_047180.tif
045600_096560_060480.tif
045600_096560_078600.tif
045600_096560_008100.tif
045600_096560_021200.tif
045600_096560_043700.tif
045600_096560_027340.tif
045600_096560_077380.tif
045600_096560_062000.tif
045600_096560_077340.tif
045600_096560_010080.tif
045600_096560_040920.tif
045600_096560_055480.tif
045600_096560_046420.tif
045600_096560_074440.tif
045600_096560_032380.tif
045600_096560_072480.tif
045600_096560_082100.tif
045600_096560_063860.tif
045600_096560_033740.tif
045600_096560_012160.tif
045600_096560_077500.tif
045600_096560_045720.tif
045600_096560_016260.tif
045600_096560_022940.tif
045600_096560_075240.tif
045600_096560_010440.tif
045600_096560_060440.tif
045600_096560_070780.tif
045600_096560_024980.tif
045600_096560_024000.tif
045600_096560_038100.tif
045600_096560_056660.tif
045600_096560_061380.tif
045600_096560_014800.tif
045600_096560_045980.tif
045600_096560_029420.tif
045600_096560_067000.tif
045600_096560_067380.tif
045600_096560_061800.tif
045600_096560_029840.tif
045600_096560_027060.tif
045600_096560_013280.tif
045600_096560_001000.tif
045600_096560_058540.tif
045600_096560_055920.tif
045600_096560_005640.tif
045600_096560_060820.tif
045600_096560_023400.tif
045600_096560_038300.tif
045600_096560_062400.tif
045600_096560_058700.tif
045600_096560_031300.tif
045600_096560_060100.tif
045600_096560_049840.tif
045600_096560_033580.tif
045600_096560_009380.tif
045600_096560_058820.tif
045600_096560_078020.tif
045600_096560_071220.tif
045600_096560_027020.tif
045600_096560_002660.tif
045600_096560_067960.tif
045600_096560_017160.tif
045600_096560_026420.tif
045600_096560_017020.tif
045600_096560_037760.tif
045600_096560_073140.tif
045600_096560_032140.tif
045600_096560_063760.tif
045600_096560_028340.tif
045600_096560_065840.tif
045600_096560_067320.tif
045600_096560_003520.tif
045600_096560_059960.tif
045600_096560_056780.tif
045600_096560_007280.tif
045600_096560_024720.tif
045600_096560_052000.tif
045600_096560_045500.tif
045600_096560_079040.tif
045600_096560_017460.tif
045600_096560_030420.tif
045600_096560_014760.tif
045600_096560_041200.tif
045600_096560_032000.tif
045600_096560_051760.tif
045600_096560_029140.tif
045600_096560_023120.tif
045600_096560_031100.tif
045600_096560_065800.tif
045600_096560_075560.tif
045600_096560_066080.tif
045600_096560_024040.tif
045600_096560_010900.tif
045600_096560_049600.tif
045600_096560_046520.tif
045600_096560_077660.tif
045600_096560_029880.tif
045600_096560_006160.tif
045600_096560_015640.tif
045600_096560_016660.tif
045600_096560_076900.tif
045600_096560_071920.tif
045600_096560_042480.tif
045600_096560_002420.tif
045600_096560_056340.tif
045600_096560_002760.tif
045600_096560_071240.tif
045600_096560_008900.tif
045600_096560_021820.tif
045600_096560_018500.tif
045600_096560_052380.tif
045600_096560_003260.tif
045600_096560_080220.tif
045600_096560_077760.tif
045600_096560_040260.tif
045600_096560_071980.tif
045600_096560_006960.tif
045600_096560_052140.tif
045600_096560_005720.tif
045600_096560_027600.tif
045600_096560_053040.tif
045600_096560_002440.tif
045600_096560_055980.tif
045600_096560_060580.tif
045600_096560_069380.tif
045600_096560_013480.tif
045600_096560_016920.tif
045600_096560_011020.tif
045600_096560_020780.tif
045600_096560_074780.tif
045600_096560_018280.tif
045600_096560_079420.tif
045600_096560_063700.tif
045600_096560_067600.tif
045600_096560_006740.tif
045600_096560_016760.tif
045600_096560_031680.tif
045600_096560_015960.tif
045600_096560_041640.tif
045600_096560_040320.tif
045600_096560_023560.tif
045600_096560_067520.tif
045600_096560_078720.tif
045600_096560_034800.tif
045600_096560_002360.tif
045600_096560_017580.tif
045600_096560_033920.tif
045600_096560_017340.tif
045600_096560_058940.tif
045600_096560_043340.tif
045600_096560_060860.tif
045600_096560_059400.tif
045600_096560_055200.tif
045600_096560_027820.tif
045600_096560_042160.tif
045600_096560_055380.tif
045600_096560_013240.tif
045600_096560_024220.tif
045600_096560_044520.tif
045600_096560_057880.tif
045600_096560_063360.tif
045600_096560_021840.tif
045600_096560_018180.tif
045600_096560_030640.tif
045600_096560_075480.tif
045600_096560_046180.tif
045600_096560_067680.tif
045600_096560_022480.tif
045600_096560_054760.tif
045600_096560_029820.tif
045600_096560_018700.tif
045600_096560_050520.tif
045600_096560_041240.tif
045600_096560_056980.tif
045600_096560_050140.tif
045600_096560_053680.tif
045600_096560_073300.tif
045600_096560_018920.tif
045600_096560_034520.tif
045600_096560_029960.tif
045600_096560_016200.tif
045600_096560_029600.tif
045600_096560_002480.tif
045600_096560_038340.tif
045600_096560_016420.tif
045600_096560_032780.tif
045600_096560_080640.tif
045600_096560_017200.tif
045600_096560_034920.tif
045600_096560_045680.tif
045600_096560_014440.tif
045600_096560_047120.tif
045600_096560_031860.tif
045600_096560_010340.tif
045600_096560_048460.tif
045600_096560_021060.tif
045600_096560_037200.tif
045600_096560_066600.tif
045600_096560_016140.tif
045600_096560_037980.tif
045600_096560_015900.tif
045600_096560_048040.tif
045600_096560_070080.tif
045600_096560_022860.tif
045600_096560_004120.tif
045600_096560_055940.tif
045600_096560_044340.tif
045600_096560_036900.tif
045600_096560_035060.tif
045600_096560_026140.tif
045600_096560_060080.tif
045600_096560_070620.tif
045600_096560_072080.tif
045600_096560_021500.tif
045600_096560_073900.tif
045600_096560_061940.tif
045600_096560_051440.tif
045600_096560_057720.tif
045600_096560_073000.tif
045600_096560_046800.tif
045600_096560_059740.tif
045600_096560_004800.tif
045600_096560_065940.tif
045600_096560_025400.tif
045600_096560_009840.tif
045600_096560_040560.tif
045600_096560_044140.tif
045600_096560_060960.tif
045600_096560_070460.tif
045600_096560_001420.tif
045600_096560_038540.tif
045600_096560_066480.tif
045600_096560_036980.tif
045600_096560_006600.tif
045600_096560_045740.tif
045600_096560_046360.tif
045600_096560_062880.tif
045600_096560_054980.tif
045600_096560_066020.tif
045600_096560_060700.tif
045600_096560_067200.tif
045600_096560_053640.tif
045600_096560_014140.tif
045600_096560_080400.tif
045600_096560_026520.tif
045600_096560_035560.tif
045600_096560_013060.tif
045600_096560_055900.tif
045600_096560_054100.tif
045600_096560_038800.tif
045600_096560_056460.tif
045600_096560_064260.tif
045600_096560_048840.tif
045600_096560_008420.tif
045600_096560_066320.tif
045600_096560_012560.tif
045600_096560_028320.tif
045600_096560_007300.tif
045600_096560_078760.tif
045600_096560_037000.tif
045600_096560_070320.tif
045600_096560_011920.tif
045600_096560_040460.tif
045600_096560_068900.tif
045600_096560_073460.tif
045600_096560_059720.tif
045600_096560_063880.tif
045600_096560_011780.tif
045600_096560_073100.tif
045600_096560_052820.tif
045600_096560_003980.tif
045600_096560_005700.tif
045600_096560_026180.tif
045600_096560_071800.tif
045600_096560_061960.tif
045600_096560_018560.tif
045600_096560_005800.tif
045600_096560_003300.tif
045600_096560_072060.tif
045600_096560_079700.tif
045600_096560_048700.tif
045600_096560_016560.tif
045600_096560_080460.tif
045600_096560_002160.tif
045600_096560_045240.tif
045600_096560_064340.tif
045600_096560_023780.tif
045600_096560_016060.tif
045600_096560_034420.tif
045600_096560_044220.tif
045600_096560_020040.tif
045600_096560_006760.tif
045600_096560_040780.tif
045600_096560_064460.tif
045600_096560_027120.tif
045600_096560_068720.tif
045600_096560_048520.tif
045600_096560_026340.tif
045600_096560_012680.tif
045600_096560_072880.tif
045600_096560_006300.tif
045600_096560_004180.tif
045600_096560_070440.tif
045600_096560_006260.tif
045600_096560_026240.tif
045600_096560_081200.tif
045600_096560_075960.tif
045600_096560_055740.tif
045600_096560_069980.tif
045600_096560_051260.tif
045600_096560_070160.tif
045600_096560_064320.tif
045600_096560_037240.tif
045600_096560_024360.tif
045600_096560_068340.tif
045600_096560_047720.tif
045600_096560_061420.tif
045600_096560_002140.tif
045600_096560_079480.tif
045600_096560_053300.tif
045600_096560_026100.tif
045600_096560_077100.tif
045600_096560_007840.tif
045600_096560_048940.tif
045600_096560_014540.tif
045600_096560_032980.tif
045600_096560_012820.tif
045600_096560_042600.tif
045600_096560_031480.tif
045600_096560_031040.tif
045600_096560_014160.tif
045600_096560_052500.tif
045600_096560_027320.tif
045600_096560_030740.tif
045600_096560_047000.tif
045600_096560_073420.tif
045600_096560_062140.tif
045600_096560_021480.tif
045600_096560_020480.tif
045600_096560_046240.tif
045600_096560_015160.tif
045600_096560_081540.tif
045600_096560_074520.tif
045600_096560_033280.tif
045600_096560_069060.tif
045600_096560_043040.tif
045600_096560_039000.tif
045600_096560_048220.tif
045600_096560_047240.tif
045600_096560_076940.tif
045600_096560_012840.tif
045600_096560_011520.tif
045600_096560_070540.tif
045600_096560_047420.tif
045600_096560_034200.tif
045600_096560_054080.tif
045600_096560_028080.tif
045600_096560_081140.tif
045600_096560_066120.tif
045600_096560_015320.tif
045600_096560_080600.tif
045600_096560_063340.tif
045600_096560_072000.tif
045600_096560_079380.tif
045600_096560_031800.tif
045600_096560_007200.tif
045600_096560_003380.tif
045600_096560_061180.tif
045600_096560_022400.tif
045600_096560_028240.tif
045600_096560_023920.tif
045600_096560_012260.tif
045600_096560_056880.tif
045600_096560_046480.tif
045600_096560_066900.tif
045600_096560_050260.tif
045600_096560_044660.tif
045600_096560_006340.tif
045600_096560_041840.tif
045600_096560_081320.tif
045600_096560_021120.tif
045600_096560_065580.tif
045600_096560_046780.tif
045600_096560_056900.tif
045600_096560_058860.tif
045600_096560_038500.tif
045600_096560_071860.tif
045600_096560_012240.tif
045600_096560_058220.tif
045600_096560_074900.tif
045600_096560_062300.tif
045600_096560_033100.tif
045600_096560_037660.tif
045600_096560_073540.tif
045600_096560_033660.tif
045600_096560_056500.tif
045600_096560_076960.tif
045600_096560_063680.tif
045600_096560_011640.tif
045600_096560_019920.tif
045600_096560_022780.tif
045600_096560_053660.tif
045600_096560_062740.tif
045600_096560_069180.tif
045600_096560_066280.tif
045600_096560_004660.tif
045600_096560_003720.tif
045600_096560_002180.tif
045600_096560_037460.tif
045600_096560_044600.tif
045600_096560_008320.tif
045600_096560_074720.tif
045600_096560_037680.tif
045600_096560_058500.tif
045600_096560_009100.tif
045600_096560_047960.tif
045600_096560_016620.tif
045600_096560_069460.tif
045600_096560_019100.tif
045600_096560_065280.tif
045600_096560_052220.tif
045600_096560_001860.tif
045600_096560_019380.tif
045600_096560_048760.tif
045600_096560_001900.tif
045600_096560_022300.tif
045600_096560_033540.tif
045600_096560_036560.tif
045600_096560_050900.tif
045600_096560_011620.tif
045600_096560_037480.tif
045600_096560_004380.tif
045600_096560_026800.tif
045600_096560_021800.tif
045600_096560_063240.tif
045600_096560_037840.tif
045600_096560_008660.tif
045600_096560_079140.tif
045600_096560_058140.tif
045600_096560_007160.tif
045600_096560_066240.tif
045600_096560_045560.tif
045600_096560_045420.tif
045600_096560_044440.tif
045600_096560_058800.tif
045600_096560_024100.tif
045600_096560_073660.tif
045600_096560_039080.tif
045600_096560_045600.tif
045600_096560_013120.tif
045600_096560_039540.tif
045600_096560_036740.tif
045600_096560_021700.tif
045600_096560_063300.tif
045600_096560_050600.tif
045600_096560_007720.tif
045600_096560_024880.tif
045600_096560_007360.tif
045600_096560_049860.tif
045600_096560_060640.tif
045600_096560_013140.tif
045600_096560_036860.tif
045600_096560_039480.tif
045600_096560_015760.tif
045600_096560_032440.tif
045600_096560_022200.tif
045600_096560_052360.tif
045600_096560_024500.tif
045600_096560_038700.tif
045600_096560_043220.tif
045600_096560_043560.tif
045600_096560_062600.tif
045600_096560_006820.tif
045600_096560_043780.tif
045600_096560_013760.tif
045600_096560_033620.tif
045600_096560_041360.tif
045600_096560_073820.tif
045600_096560_003900.tif
045600_096560_046020.tif
045600_096560_066940.tif
045600_096560_025380.tif
045600_096560_020100.tif
045600_096560_064800.tif
045600_096560_031980.tif
045600_096560_022020.tif
045600_096560_010640.tif
045600_096560_033980.tif
045600_096560_072520.tif
045600_096560_011120.tif
045600_096560_038680.tif
045600_096560_029720.tif
045600_096560_017660.tif
045600_096560_019980.tif
045600_096560_081020.tif
045600_096560_029480.tif
045600_096560_020960.tif
045600_096560_017380.tif
045600_096560_021560.tif
045600_096560_076760.tif
045600_096560_074020.tif
045600_096560_049780.tif
045600_096560_074200.tif
045600_096560_035220.tif
045600_096560_065060.tif
045600_096560_072780.tif
045600_096560_072500.tif
045600_096560_013620.tif
045600_096560_056300.tif
045600_096560_004760.tif
045600_096560_038220.tif
045600_096560_033500.tif
045600_096560_043440.tif
045600_096560_079200.tif
045600_096560_039880.tif
045600_096560_015720.tif
045600_096560_049720.tif
045600_096560_002020.tif
045600_096560_038280.tif
045600_096560_045660.tif
045600_096560_037220.tif
045600_096560_010360.tif
045600_096560_005260.tif
045600_096560_067140.tif
045600_096560_049440.tif
045600_096560_058660.tif
045600_096560_060900.tif
045600_096560_060240.tif
045600_096560_048060.tif
045600_096560_063480.tif
045600_096560_056060.tif
045600_096560_043460.tif
045600_096560_006080.tif
045600_096560_080740.tif
045600_096560_007920.tif
045600_096560_048780.tif
045600_096560_066720.tif
045600_096560_061900.tif
045600_096560_013840.tif
045600_096560_045380.tif
045600_096560_061920.tif
045600_096560_067580.tif
045600_096560_029220.tif
045600_096560_081880.tif
045600_096560_030920.tif
045600_096560_071820.tif
045600_096560_056640.tif
045600_096560_009880.tif
045600_096560_048660.tif
045600_096560_044080.tif
045600_096560_001180.tif
045600_096560_011200.tif
045600_096560_024420.tif
045600_096560_001040.tif
045600_096560_064680.tif
045600_096560_007260.tif
045600_096560_067420.tif
045600_096560_061860.tif
045600_096560_077600.tif
045600_096560_061440.tif
045600_096560_059500.tif
045600_096560_005760.tif
045600_096560_022920.tif
045600_096560_047440.tif
045600_096560_027420.tif
045600_096560_079360.tif
045600_096560_024660.tif
045600_096560_065500.tif
045600_096560_076020.tif
045600_096560_031920.tif
045600_096560_045200.tif
045600_096560_017960.tif
045600_096560_076260.tif
045600_096560_074580.tif
045600_096560_015080.tif
045600_096560_078440.tif
045600_096560_073060.tif
045600_096560_067720.tif
045600_096560_036780.tif
045600_096560_022720.tif
045600_096560_013380.tif
045600_096560_019120.tif
045600_096560_054320.tif
045600_096560_059340.tif
045600_096560_069720.tif
045600_096560_022680.tif
045600_096560_029500.tif
045600_096560_017180.tif
045600_096560_051500.tif
045600_096560_079680.tif
045600_096560_064480.tif
045600_096560_013300.tif
045600_096560_077420.tif
045600_096560_041800.tif
045600_096560_040300.tif
045600_096560_065780.tif
045600_096560_038440.tif
045600_096560_075520.tif
045600_096560_020760.tif
045600_096560_026600.tif
045600_096560_043140.tif
045600_096560_070660.tif
045600_096560_082000.tif
045600_096560_064120.tif
045600_096560_080300.tif
045600_096560_065320.tif
045600_096560_020080.tif
045600_096560_012360.tif
045600_096560_024520.tif
045600_096560_080540.tif
045600_096560_074740.tif
045600_096560_055160.tif
045600_096560_035400.tif
045600_096560_058040.tif
045600_096560_046720.tif
045600_096560_044000.tif
045600_096560_069580.tif
045600_096560_006620.tif
045600_096560_007960.tif
045600_096560_073220.tif
045600_096560_017080.tif
045600_096560_077540.tif
045600_096560_037300.tif
045600_096560_056020.tif
045600_096560_068180.tif
045600_096560_059120.tif
045600_096560_057000.tif
045600_096560_007700.tif
045600_096560_037520.tif
045600_096560_079240.tif
045600_096560_048360.tif
045600_096560_051300.tif
045600_096560_017400.tif
045600_096560_048640.tif
045600_096560_013040.tif
045600_096560_023020.tif
045600_096560_078660.tif
045600_096560_050980.tif
045600_096560_006860.tif
045600_096560_067160.tif
045600_096560_002220.tif
045600_096560_034460.tif
045600_096560_015820.tif
045600_096560_044760.tif
045600_096560_003320.tif
045600_096560_013020.tif
045600_096560_023600.tif
045600_096560_007780.tif
045600_096560_069540.tif
045600_096560_003080.tif
045600_096560_064880.tif
045600_096560_055500.tif
045600_096560_037500.tif
045600_096560_082080.tif
045600_096560_061700.tif
045600_096560_054820.tif
045600_096560_044380.tif
045600_096560_026760.tif
045600_096560_023820.tif
045600_096560_076920.tif
045600_096560_010880.tif
045600_096560_075460.tif
045600_096560_080780.tif
045600_096560_055960.tif
045600_096560_045440.tif
045600_096560_057920.tif
045600_096560_031440.tif
045600_096560_007040.tif
045600_096560_081520.tif
045600_096560_070100.tif
045600_096560_041020.tif
045600_096560_026720.tif
045600_096560_016020.tif
045600_096560_032080.tif
045600_096560_076660.tif
045600_096560_059540.tif
045600_096560_004460.tif
045600_096560_006900.tif
045600_096560_057740.tif
045600_096560_041040.tif
045600_096560_044640.tif
045600_096560_041260.tif
045600_096560_015340.tif
045600_096560_002580.tif
045600_096560_021220.tif
045600_096560_024700.tif
045600_096560_050780.tif
045600_096560_040360.tif
045600_096560_021100.tif
045600_096560_038380.tif
045600_096560_049520.tif
045600_096560_049120.tif
045600_096560_001740.tif
045600_096560_052060.tif
045600_096560_071760.tif
045600_096560_050000.tif
045600_096560_068680.tif
045600_096560_044040.tif
045600_096560_077020.tif
045600_096560_002040.tif
045600_096560_028220.tif
045600_096560_078420.tif
045600_096560_005400.tif
045600_096560_012000.tif
045600_096560_078060.tif
045600_096560_072940.tif
045600_096560_020360.tif
045600_096560_049760.tif
045600_096560_044400.tif
045600_096560_053880.tif
045600_096560_020900.tif
045600_096560_046620.tif
045600_096560_034400.tif
045600_096560_032800.tif
045600_096560_008860.tif
045600_096560_017260.tif
045600_096560_003820.tif
045600_096560_002880.tif
045600_096560_028040.tif
045600_096560_053280.tif
045600_096560_039900.tif
045600_096560_025120.tif
045600_096560_046840.tif
045600_096560_002840.tif
045600_096560_003780.tif
045600_096560_035200.tif
045600_096560_019440.tif
045600_096560_016840.tif
045600_096560_058480.tif
045600_096560_050200.tif
045600_096560_021180.tif
045600_096560_069260.tif
045600_096560_043120.tif
045600_096560_027880.tif
045600_096560_018260.tif
045600_096560_081920.tif
045600_096560_055180.tif
045600_096560_075300.tif
045600_096560_008580.tif
045600_096560_073020.tif
045600_096560_076380.tif
045600_096560_005500.tif
045600_096560_047780.tif
045600_096560_069080.tif
045600_096560_043380.tif
045600_096560_077300.tif
045600_096560_027380.tif
045600_096560_075720.tif
045600_096560_002560.tif
045600_096560_031760.tif
045600_096560_072180.tif
045600_096560_055700.tif
045600_096560_001020.tif
045600_096560_036420.tif
045600_096560_002540.tif
045600_096560_010800.tif
045600_096560_062800.tif
045600_096560_022340.tif
045600_096560_006200.tif
045600_096560_011540.tif
045600_096560_038020.tif
045600_096560_080240.tif
045600_096560_026040.tif
045600_096560_080320.tif
045600_096560_057180.tif
045600_096560_072020.tif
045600_096560_069300.tif
045600_096560_007100.tif
045600_096560_031160.tif
045600_096560_021080.tif
045600_096560_025580.tif
045600_096560_050100.tif
045600_096560_005180.tif
045600_096560_051620.tif
045600_096560_041700.tif
045600_096560_080140.tif
045600_096560_078860.tif
045600_096560_033380.tif
045600_096560_060380.tif
045600_096560_061260.tif
045600_096560_040240.tif
045600_096560_038240.tif
045600_096560_026660.tif
045600_096560_068940.tif
045600_096560_052020.tif
045600_096560_081120.tif
045600_096560_026360.tif
045600_096560_068500.tif
045600_096560_014960.tif
045600_096560_048180.tif
045600_096560_043680.tif
045600_096560_040520.tif
045600_096560_014680.tif
045600_096560_005200.tif
045600_096560_010840.tif
045600_096560_071380.tif
045600_096560_030440.tif
045600_096560_033760.tif
045600_096560_004980.tif
045600_096560_055620.tif
045600_096560_017040.tif
045600_096560_046940.tif
045600_096560_010300.tif
045600_096560_062240.tif
045600_096560_012880.tif
045600_096560_059620.tif
045600_096560_026900.tif
045600_096560_066960.tif
045600_096560_044260.tif
045600_096560_068160.tif
045600_096560_020600.tif
045600_096560_057860.tif
045600_096560_006980.tif
045600_096560_005680.tif
045600_096560_028400.tif
