In the directory: /scratch/ejdennis/rat_BrainPipe/smartspim_workflow 
As the user: ejdennis 
on host: redshirt-n35 
Cpus_allowed_list:	2,8-12,17-18,24-27

elastix is started at Wed Jul  7 09:24:29 2021.

which elastix:   elastix
elastix runs at: redshirt-n35
  Linux 3.10.0-1160.25.1.el7.x86_64 (x64), #1 SMP Thu Apr 29 08:35:21 EDT 2021
  with 257752 MB memory, and 16 cores @ 3293 MHz.
-------------------------------------------------------------------------

Running elastix with parameter file 0: "/scratch/ejdennis/rat_registration_parameter_folder/Order1_Par0000affine.txt".

Current time: Wed Jul  7 09:24:29 2021.
Reading the elastix parameters from file ...

Installing all components.
InstallingComponents was successful.

ELASTIX version: 4.800
Command line options from ElastixBase:
-f        /jukebox/LightSheetData/lightserv/pbibawi/pb_udisco_647_488_4x/pb_udisco_647_488_4x-005/imaging_request_1/rawdata/reg__downsized_for_atlas.tif
-m        /scratch/ejdennis/mPRA_0703.tif
-fMask    unspecified, so no fixed mask used
-mMask    unspecified, so no moving mask used
-out      /jukebox/LightSheetData/lightserv/pbibawi/pb_udisco_647_488_4x/pb_udisco_647_488_4x-005/imaging_request_1/rawdata/resolution_3.6x/elastix/atl_to_reg/
-p        /scratch/ejdennis/rat_registration_parameter_folder/Order1_Par0000affine.txt
-p        /scratch/ejdennis/rat_registration_parameter_folder/Order4_Par0000bspline.txt
-p        /scratch/ejdennis/rat_registration_parameter_folder/Order5_Par0000bspline.txt
-p        /scratch/ejdennis/rat_registration_parameter_folder/Order2_Par0000bspline.txt
-threads  unspecified, so all available threads are used
Command line options from TransformBase:
-t0       unspecified, so no initial transform used

Reading images...
Reading images took 8616 ms.

WARNING: the fixed pyramid schedule is not fully specified!
  A default pyramid schedule is used.
WARNING: the moving pyramid schedule is not fully specified!
  A default pyramid schedule is used.
WARNING: The parameter "AutomaticTransformInitializationMethod", requested at entry number 0, does not exist at all.
  The default value "GeometricalCenter" is used instead.
Transform parameters are initialized as: [1, 0, 0, 0, 1, 0, 0, 0, 1, -77, -230, -123.5]
Scales are estimated automatically.
Scales for transform parameters are: [24696, 223440.25, 64680, 24696, 223440.25, 64680, 24696, 223440.25, 64680, 1, 1, 1]
