In the directory: /scratch/ejdennis/rat_BrainPipe/smartspim_workflow 
As the user: ejdennis 
on host: redshirt-n12 
Cpus_allowed_list:	0-5,16-21

elastix is started at Sun Jul  4 22:09:44 2021.

which elastix:   elastix
elastix runs at: redshirt-n12
  Linux 3.10.0-1160.25.1.el7.x86_64 (x64), #1 SMP Thu Apr 29 08:35:21 EDT 2021
  with 257752 MB memory, and 16 cores @ 1518 MHz.
-------------------------------------------------------------------------

Running elastix with parameter file 0: "/scratch/ejdennis/rat_registration_parameter_folder/Order1_Par0000affine.txt".

Current time: Sun Jul  4 22:09:44 2021.
Reading the elastix parameters from file ...

ERROR: problem defining fixed image dimension.
  The parameter file says:     3
  The fixed image header says: 2
  Note that from elastix 4.6 the parameter file definition "FixedImageDimension" is not needed anymore.
  Please remove this entry from your parameter file.
Errors occurred!
src is /jukebox/LightSheetData/lightserv/abondy/A323/A323-001/imaging_request_1/rawdata/resolution_3.6x/
elsrc is /jukebox/LightSheetData/lightserv/abondy/A323/A323-001/imaging_request_1/rawdata/resolution_3.6x/elastix
step id is zero, reg -> atl
++++++++++++ /jukebox/LightSheetData/lightserv/abondy/A323/A323-001/imaging_request_1/rawdata/reg__downsized_for_atlas.tif TO /scratch/ejdennis/mPRA_padded.tif IN /jukebox/LightSheetData/lightserv/abondy/A323/A323-001/imaging_request_1/rawdata/resolution_3.6x/elastix/reg_to_atl+++++++++++
Elastix Command:
['elastix', '-f', '/scratch/ejdennis/mPRA_padded.tif', '-m', '/jukebox/LightSheetData/lightserv/abondy/A323/A323-001/imaging_request_1/rawdata/reg__downsized_for_atlas.tif', '-out', '/jukebox/LightSheetData/lightserv/abondy/A323/A323-001/imaging_request_1/rawdata/resolution_3.6x/elastix/reg_to_atl', '-p', '/scratch/ejdennis/rat_registration_parameter_folder/Order1_Par0000affine.txt', '-p', '/scratch/ejdennis/rat_registration_parameter_folder/Order4_Par0000bspline.txt', '-p', '/scratch/ejdennis/rat_registration_parameter_folder/Order5_Par0000bspline.txt', '-p', '/scratch/ejdennis/rat_registration_parameter_folder/Order2_Par0000bspline.txt']
...
Running Elastix, this can take some time....

Past Elastix Commandline Call

***ERROR***Cannot find elastix result file
: /jukebox/LightSheetData/lightserv/abondy/A323/A323-001/imaging_request_1/rawdata/resolution_3.6x/elastix/reg_to_atl/result.3.tif
