In the directory: /scratch/ejdennis/rat_BrainPipe/smartspim_workflow 
As the user: ejdennis 
on host: redshirt-n25 
Cpus_allowed_list:	6-11,22-27

elastix is started at Mon Jul  5 11:02:22 2021.

which elastix:   elastix
elastix runs at: redshirt-n25
  Linux 3.10.0-1160.25.1.el7.x86_64 (x64), #1 SMP Thu Apr 29 08:35:21 EDT 2021
  with 257752 MB memory, and 16 cores @ 1441 MHz.
-------------------------------------------------------------------------

Running elastix with parameter file 0: "/scratch/ejdennis/rat_BrainPipe/parameterfolder_affine/Order1_Par0000affine.txt".

Current time: Mon Jul  5 11:02:22 2021.
Reading the elastix parameters from file ...

Installing all components.
InstallingComponents was successful.

ELASTIX version: 4.800
Command line options from ElastixBase:
-f        /jukebox/LightSheetData/lightserv/abondy/A323/A323-001/imaging_request_1/rawdata/cell__downsized_for_atlas.tif
-m        /jukebox/LightSheetData/lightserv/abondy/A323/A323-001/imaging_request_1/rawdata/reg__downsized_for_atlas.tif
-fMask    unspecified, so no fixed mask used
-mMask    unspecified, so no moving mask used
-out      /jukebox/LightSheetData/lightserv/abondy/A323/A323-001/imaging_request_1/rawdata/resolution_3.6x/elastix/reg_to_cell/
-p        /scratch/ejdennis/rat_BrainPipe/parameterfolder_affine/Order1_Par0000affine.txt
-threads  unspecified, so all available threads are used
Command line options from TransformBase:
-t0       unspecified, so no initial transform used

Reading images...
Reading images took 12445 ms.

WARNING: the fixed pyramid schedule is not fully specified!
  A default pyramid schedule is used.
WARNING: the moving pyramid schedule is not fully specified!
  A default pyramid schedule is used.
WARNING: The parameter "AutomaticTransformInitializationMethod", requested at entry number 0, does not exist at all.
  The default value "GeometricalCenter" is used instead.
Transform parameters are initialized as: [1, 0, 0, 0, 1, 0, 0, 0, 1, 0, 0, 0]
Scales are estimated automatically.
Scales for transform parameters are: [24696, 223440.25, 64680, 24696, 223440.25, 64680, 24696, 223440.25, 64680, 1, 1, 1]
