In the directory: /jukebox/LightSheetData/rat-brody/processed/201910_tracing/clearmap/z265/ClearMapCluster 
As the user: pnilsadmin 
on host: spock7-c0-6 
Cpus_allowed_list:	1,3,5,7,16-23
Array Allocation Number: 18758199
Array Index: 28
['run_clearmap_cluster.py', '4', '28']
28
setting elastixlib path as /jukebox/pkgs/ELASTIX/4.8/bin, ***note this is a hack and may fail***
Elastix sucessfully initialized from path: /jukebox/pkgs/ELASTIX/4.8
list index out of range
ProcessMethod = cluster
Process 28: Illumination correction: flatfield : None
Process 28: Illumination correction: background: None
Process 28: Illumination correction: scaling   : None
Process 28: Illumination correction: save      : None
Process 28: 
{'stackId': 28, 'nStacks': 60, 'source': '/jukebox/LightSheetData/rat-brody/processed/201910_tracing/clearmap/z265/full_sizedatafld/_ch00/_C00_Z\\d{4}.tif', 'x': <built-in function all>, 'y': <built-in function all>, 'z': (278, 298), 'zCenters': (283.0, 293.0), 'zCenterIndices': (283, 293), 'zSubStackCenterIndices': (5, 15)}
Process 28: Background Removal: size: (7, 7)
Process 28: Background Removal: save: None
Process 28: 
Process 28: Background: elapsed time: 0:00:18
Process 28: 
Process 28: DoG: size  : None
Process 28: DoG: sigma : None
Process 28: DoG: sigma2: None
Process 28: DoG: save  : None
Process 28: 
Process 28: DoG: elapsed time: 0:00:02
Process 28: 
Process 28: Extended Max: hMax     : None
Process 28: Extended Max: size     : 0
Process 28: Extended Max: threshold: None
Process 28: Extended Max: save     : None
Process 28: 
Process 28: Extended Max: elapsed time: 0:00:05
Process 28: 
Process 28: Cell shape detection: threshold: 500
Process 28: Cell shape detection: save     : None
Process 28: 
Process 28: Cell Shape:: elapsed time: 1:15:32
Process 28: 
Cell detection complete: jobid 0028,
     saved as /jukebox/LightSheetData/rat-brody/processed/201910_tracing/clearmap/z265/clearmap_cluster_output/cell_detection/cells_jobid_0028.p
