In the directory: /jukebox/LightSheetData/rat-brody/processed/201910_tracing/clearmap/z265/ClearMapCluster 
As the user: pnilsadmin 
on host: spock7-c1-5 
Cpus_allowed_list:	1,3,5,7-8,16-21,23
Array Allocation Number: 18753398
Array Index: 2
['run_clearmap_cluster.py', '4', '2']
2
setting elastixlib path as /jukebox/pkgs/ELASTIX/4.8/bin, ***note this is a hack and may fail***
Elastix sucessfully initialized from path: /jukebox/pkgs/ELASTIX/4.8
list index out of range
ProcessMethod = cluster
Process 2: Illumination correction: flatfield : None
Process 2: Illumination correction: background: None
Process 2: Illumination correction: scaling   : None
Process 2: Illumination correction: save      : None
Process 2: 
{'stackId': 2, 'nStacks': 60, 'source': '/jukebox/LightSheetData/rat-brody/processed/201910_tracing/clearmap/z265/full_sizedatafld/_ch00/_C00_Z\\d{4}.tif', 'x': <built-in function all>, 'y': <built-in function all>, 'z': (19, 39), 'zCenters': (24.0, 34.0), 'zCenterIndices': (24, 34), 'zSubStackCenterIndices': (5, 15)}
Process 2: Background Removal: size: (7, 7)
Process 2: Background Removal: save: None
Process 2: 
Process 2: Background: elapsed time: 0:00:20
Process 2: 
Process 2: DoG: size  : None
Process 2: DoG: sigma : None
Process 2: DoG: sigma2: None
Process 2: DoG: save  : None
Process 2: 
Process 2: DoG: elapsed time: 0:00:02
Process 2: 
Process 2: Extended Max: hMax     : None
Process 2: Extended Max: size     : 0
Process 2: Extended Max: threshold: None
Process 2: Extended Max: save     : None
Process 2: 
Process 2: Extended Max: elapsed time: 0:00:04
Process 2: 
Process 2: Cell shape detection: threshold: 500
Process 2: Cell shape detection: save     : None
Process 2: 
Process 2: Cell Shape:: elapsed time: 1:16:14
Process 2: 
Cell detection complete: jobid 0002,
     saved as /jukebox/LightSheetData/rat-brody/processed/201910_tracing/clearmap/z265/clearmap_cluster_output/cell_detection/cells_jobid_0002.p
