In the directory: /jukebox/LightSheetData/rat-brody/processed/201910_tracing/clearmap/z265/ClearMapCluster 
As the user: pnilsadmin 
on host: spock7-c1-3 
Cpus_allowed_list:	1,3,5,7,9,11,13,15-16,18,20,22
Array Allocation Number: 18758199
Array Index: 24
['run_clearmap_cluster.py', '4', '24']
24
setting elastixlib path as /jukebox/pkgs/ELASTIX/4.8/bin, ***note this is a hack and may fail***
Elastix sucessfully initialized from path: /jukebox/pkgs/ELASTIX/4.8
list index out of range
ProcessMethod = cluster
Process 24: Illumination correction: flatfield : None
Process 24: Illumination correction: background: None
Process 24: Illumination correction: scaling   : None
Process 24: Illumination correction: save      : None
Process 24: 
{'stackId': 24, 'nStacks': 60, 'source': '/jukebox/LightSheetData/rat-brody/processed/201910_tracing/clearmap/z265/full_sizedatafld/_ch00/_C00_Z\\d{4}.tif', 'x': <built-in function all>, 'y': <built-in function all>, 'z': (238, 258), 'zCenters': (243.0, 253.0), 'zCenterIndices': (243, 253), 'zSubStackCenterIndices': (5, 15)}
Process 24: Background Removal: size: (7, 7)
Process 24: Background Removal: save: None
Process 24: 
Process 24: Background: elapsed time: 0:00:18
Process 24: 
Process 24: DoG: size  : None
Process 24: DoG: sigma : None
Process 24: DoG: sigma2: None
Process 24: DoG: save  : None
Process 24: 
Process 24: DoG: elapsed time: 0:00:02
Process 24: 
Process 24: Extended Max: hMax     : None
Process 24: Extended Max: size     : 0
Process 24: Extended Max: threshold: None
Process 24: Extended Max: save     : None
Process 24: 
Process 24: Extended Max: elapsed time: 0:00:05
Process 24: 
Process 24: Cell shape detection: threshold: 500
Process 24: Cell shape detection: save     : None
Process 24: 
Process 24: Cell Shape:: elapsed time: 1:14:12
Process 24: 
Cell detection complete: jobid 0024,
     saved as /jukebox/LightSheetData/rat-brody/processed/201910_tracing/clearmap/z265/clearmap_cluster_output/cell_detection/cells_jobid_0024.p
