In the directory: /jukebox/LightSheetData/rat-brody/processed/201910_tracing/clearmap/z265/ClearMapCluster 
As the user: pnilsadmin 
on host: spock7-c0-16 
Cpus_allowed_list:	0-3,5-7,13-15,17,20
Array Allocation Number: 18758199
Array Index: 30
['run_clearmap_cluster.py', '4', '30']
30
setting elastixlib path as /jukebox/pkgs/ELASTIX/4.8/bin, ***note this is a hack and may fail***
Elastix sucessfully initialized from path: /jukebox/pkgs/ELASTIX/4.8
list index out of range
ProcessMethod = cluster
Process 30: Illumination correction: flatfield : None
Process 30: Illumination correction: background: None
Process 30: Illumination correction: scaling   : None
Process 30: Illumination correction: save      : None
Process 30: 
{'stackId': 30, 'nStacks': 60, 'source': '/jukebox/LightSheetData/rat-brody/processed/201910_tracing/clearmap/z265/full_sizedatafld/_ch00/_C00_Z\\d{4}.tif', 'x': <built-in function all>, 'y': <built-in function all>, 'z': (298, 317), 'zCenters': (303.0, 312.0), 'zCenterIndices': (303, 312), 'zSubStackCenterIndices': (5, 14)}
Process 30: Background Removal: size: (7, 7)
Process 30: Background Removal: save: None
Process 30: 
Process 30: Background: elapsed time: 0:00:17
Process 30: 
Process 30: DoG: size  : None
Process 30: DoG: sigma : None
Process 30: DoG: sigma2: None
Process 30: DoG: save  : None
Process 30: 
Process 30: DoG: elapsed time: 0:00:01
Process 30: 
Process 30: Extended Max: hMax     : None
Process 30: Extended Max: size     : 0
Process 30: Extended Max: threshold: None
Process 30: Extended Max: save     : None
Process 30: 
Process 30: Extended Max: elapsed time: 0:00:02
Process 30: 
Process 30: Cell shape detection: threshold: 500
Process 30: Cell shape detection: save     : None
Process 30: 
Process 30: Cell Shape:: elapsed time: 1:11:48
Process 30: 
Cell detection complete: jobid 0030,
     saved as /jukebox/LightSheetData/rat-brody/processed/201910_tracing/clearmap/z265/clearmap_cluster_output/cell_detection/cells_jobid_0030.p
