In the directory: /jukebox/LightSheetData/rat-brody/processed/201910_tracing/clearmap/z265/ClearMapCluster 
As the user: pnilsadmin 
on host: spock7-c0-16 
Cpus_allowed_list:	0-3,5-7,13-15,17,20
Array Allocation Number: 18758199
Array Index: 54
['run_clearmap_cluster.py', '4', '54']
54
setting elastixlib path as /jukebox/pkgs/ELASTIX/4.8/bin, ***note this is a hack and may fail***
Elastix sucessfully initialized from path: /jukebox/pkgs/ELASTIX/4.8
list index out of range
ProcessMethod = cluster
Process 54: Illumination correction: flatfield : None
Process 54: Illumination correction: background: None
Process 54: Illumination correction: scaling   : None
Process 54: Illumination correction: save      : None
Process 54: 
{'stackId': 54, 'nStacks': 60, 'source': '/jukebox/LightSheetData/rat-brody/processed/201910_tracing/clearmap/z265/full_sizedatafld/_ch00/_C00_Z\\d{4}.tif', 'x': <built-in function all>, 'y': <built-in function all>, 'z': (536, 556), 'zCenters': (541.0, 551.0), 'zCenterIndices': (541, 551), 'zSubStackCenterIndices': (5, 15)}
Process 54: Background Removal: size: (7, 7)
Process 54: Background Removal: save: None
Process 54: 
Process 54: Background: elapsed time: 0:00:19
Process 54: 
Process 54: DoG: size  : None
Process 54: DoG: sigma : None
Process 54: DoG: sigma2: None
Process 54: DoG: save  : None
Process 54: 
Process 54: DoG: elapsed time: 0:00:01
Process 54: 
Process 54: Extended Max: hMax     : None
Process 54: Extended Max: size     : 0
Process 54: Extended Max: threshold: None
Process 54: Extended Max: save     : None
Process 54: 
Process 54: Extended Max: elapsed time: 0:00:02
Process 54: 
Process 54: Cell shape detection: threshold: 500
Process 54: Cell shape detection: save     : None
Process 54: 
Process 54: Cell Shape:: elapsed time: 1:18:10
Process 54: 
Cell detection complete: jobid 0054,
     saved as /jukebox/LightSheetData/rat-brody/processed/201910_tracing/clearmap/z265/clearmap_cluster_output/cell_detection/cells_jobid_0054.p
