In the directory: /jukebox/LightSheetData/rat-brody/processed/201910_tracing/clearmap/z265/ClearMapCluster 
As the user: pnilsadmin 
on host: spock7-c0-8 
Cpus_allowed_list:	2,4-10,12,14,16,20
Array Allocation Number: 18758199
Array Index: 44
['run_clearmap_cluster.py', '4', '44']
44
setting elastixlib path as /jukebox/pkgs/ELASTIX/4.8/bin, ***note this is a hack and may fail***
Elastix sucessfully initialized from path: /jukebox/pkgs/ELASTIX/4.8
list index out of range
ProcessMethod = cluster
Process 44: Illumination correction: flatfield : None
Process 44: Illumination correction: background: None
Process 44: Illumination correction: scaling   : None
Process 44: Illumination correction: save      : None
Process 44: 
{'stackId': 44, 'nStacks': 60, 'source': '/jukebox/LightSheetData/rat-brody/processed/201910_tracing/clearmap/z265/full_sizedatafld/_ch00/_C00_Z\\d{4}.tif', 'x': <built-in function all>, 'y': <built-in function all>, 'z': (437, 457), 'zCenters': (442.0, 452.0), 'zCenterIndices': (442, 452), 'zSubStackCenterIndices': (5, 15)}
Process 44: Background Removal: size: (7, 7)
Process 44: Background Removal: save: None
Process 44: 
Process 44: Background: elapsed time: 0:00:22
Process 44: 
Process 44: DoG: size  : None
Process 44: DoG: sigma : None
Process 44: DoG: sigma2: None
Process 44: DoG: save  : None
Process 44: 
Process 44: DoG: elapsed time: 0:00:03
Process 44: 
Process 44: Extended Max: hMax     : None
Process 44: Extended Max: size     : 0
Process 44: Extended Max: threshold: None
Process 44: Extended Max: save     : None
Process 44: 
Process 44: Extended Max: elapsed time: 0:00:05
Process 44: 
Process 44: Cell shape detection: threshold: 500
Process 44: Cell shape detection: save     : None
Process 44: 
Process 44: Cell Shape:: elapsed time: 1:15:29
Process 44: 
Cell detection complete: jobid 0044,
     saved as /jukebox/LightSheetData/rat-brody/processed/201910_tracing/clearmap/z265/clearmap_cluster_output/cell_detection/cells_jobid_0044.p
