In the directory: /jukebox/LightSheetData/rat-brody/processed/201910_tracing/clearmap/z265/ClearMapCluster 
As the user: pnilsadmin 
on host: spock7-c0-12 
Cpus_allowed_list:	1,3,5,7,9,11,13,15-16,18,20,22
Array Allocation Number: 18753398
Array Index: 0
['run_clearmap_cluster.py', '4', '0']
0
setting elastixlib path as /jukebox/pkgs/ELASTIX/4.8/bin, ***note this is a hack and may fail***
Elastix sucessfully initialized from path: /jukebox/pkgs/ELASTIX/4.8
list index out of range
ProcessMethod = cluster
Process 0: Illumination correction: flatfield : None
Process 0: Illumination correction: background: None
Process 0: Illumination correction: scaling   : None
Process 0: Illumination correction: save      : None
Process 0: 
{'stackId': 0, 'nStacks': 60, 'source': '/jukebox/LightSheetData/rat-brody/processed/201910_tracing/clearmap/z265/full_sizedatafld/_ch00/_C00_Z\\d{4}.tif', 'x': <built-in function all>, 'y': <built-in function all>, 'z': (0, 19), 'zCenters': (0, 14.0), 'zCenterIndices': (0, 14), 'zSubStackCenterIndices': (0, 14)}
Process 0: Background Removal: size: (7, 7)
Process 0: Background Removal: save: None
Process 0: 
Process 0: Background: elapsed time: 0:00:17
Process 0: 
Process 0: DoG: size  : None
Process 0: DoG: sigma : None
Process 0: DoG: sigma2: None
Process 0: DoG: save  : None
Process 0: 
Process 0: DoG: elapsed time: 0:00:01
Process 0: 
Process 0: Extended Max: hMax     : None
Process 0: Extended Max: size     : 0
Process 0: Extended Max: threshold: None
Process 0: Extended Max: save     : None
Process 0: 
Process 0: Extended Max: elapsed time: 0:00:02
Process 0: 
Process 0: Cell shape detection: threshold: 500
Process 0: Cell shape detection: save     : None
Process 0: 
Process 0: Cell Shape:: elapsed time: 1:10:22
Process 0: 
Cell detection complete: jobid 0000,
     saved as /jukebox/LightSheetData/rat-brody/processed/201910_tracing/clearmap/z265/clearmap_cluster_output/cell_detection/cells_jobid_0000.p
