In the directory: /jukebox/LightSheetData/rat-brody/processed/201910_tracing/clearmap/z265/ClearMapCluster 
As the user: pnilsadmin 
on host: spock7-c0-10 
Cpus_allowed_list:	0-1,3,5-7,9-12,14,16
Array Allocation Number: 18753398
Array Index: 8
['run_clearmap_cluster.py', '4', '8']
8
setting elastixlib path as /jukebox/pkgs/ELASTIX/4.8/bin, ***note this is a hack and may fail***
Elastix sucessfully initialized from path: /jukebox/pkgs/ELASTIX/4.8
list index out of range
ProcessMethod = cluster
Process 8: Illumination correction: flatfield : None
Process 8: Illumination correction: background: None
Process 8: Illumination correction: scaling   : None
Process 8: Illumination correction: save      : None
Process 8: 
{'stackId': 8, 'nStacks': 60, 'source': '/jukebox/LightSheetData/rat-brody/processed/201910_tracing/clearmap/z265/full_sizedatafld/_ch00/_C00_Z\\d{4}.tif', 'x': <built-in function all>, 'y': <built-in function all>, 'z': (79, 99), 'zCenters': (84.0, 94.0), 'zCenterIndices': (84, 94), 'zSubStackCenterIndices': (5, 15)}
Process 8: Background Removal: size: (7, 7)
Process 8: Background Removal: save: None
Process 8: 
Process 8: Background: elapsed time: 0:00:22
Process 8: 
Process 8: DoG: size  : None
Process 8: DoG: sigma : None
Process 8: DoG: sigma2: None
Process 8: DoG: save  : None
Process 8: 
Process 8: DoG: elapsed time: 0:00:03
Process 8: 
Process 8: Extended Max: hMax     : None
Process 8: Extended Max: size     : 0
Process 8: Extended Max: threshold: None
Process 8: Extended Max: save     : None
Process 8: 
Process 8: Extended Max: elapsed time: 0:00:05
Process 8: 
Process 8: Cell shape detection: threshold: 500
Process 8: Cell shape detection: save     : None
Process 8: 
Process 8: Cell Shape:: elapsed time: 1:19:19
Process 8: 
Cell detection complete: jobid 0008,
     saved as /jukebox/LightSheetData/rat-brody/processed/201910_tracing/clearmap/z265/clearmap_cluster_output/cell_detection/cells_jobid_0008.p
