In the directory: /jukebox/LightSheetData/rat-brody/processed/201910_tracing/clearmap/z265/ClearMapCluster 
As the user: pnilsadmin 
on host: spock7-c1-14 
Cpus_allowed_list:	0,2,4,6,8,10,12,14,17,19,21,23
Array Allocation Number: 18753398
Array Index: 19
['run_clearmap_cluster.py', '4', '19']
19
setting elastixlib path as /jukebox/pkgs/ELASTIX/4.8/bin, ***note this is a hack and may fail***
Elastix sucessfully initialized from path: /jukebox/pkgs/ELASTIX/4.8
list index out of range
ProcessMethod = cluster
Process 19: Illumination correction: flatfield : None
Process 19: Illumination correction: background: None
Process 19: Illumination correction: scaling   : None
Process 19: Illumination correction: save      : None
Process 19: 
{'stackId': 19, 'nStacks': 60, 'source': '/jukebox/LightSheetData/rat-brody/processed/201910_tracing/clearmap/z265/full_sizedatafld/_ch00/_C00_Z\\d{4}.tif', 'x': <built-in function all>, 'y': <built-in function all>, 'z': (188, 208), 'zCenters': (193.0, 203.0), 'zCenterIndices': (193, 203), 'zSubStackCenterIndices': (5, 15)}
Process 19: Background Removal: size: (7, 7)
Process 19: Background Removal: save: None
Process 19: 
Process 19: Background: elapsed time: 0:00:19
Process 19: 
Process 19: DoG: size  : None
Process 19: DoG: sigma : None
Process 19: DoG: sigma2: None
Process 19: DoG: save  : None
Process 19: 
Process 19: DoG: elapsed time: 0:00:01
Process 19: 
Process 19: Extended Max: hMax     : None
Process 19: Extended Max: size     : 0
Process 19: Extended Max: threshold: None
Process 19: Extended Max: save     : None
Process 19: 
Process 19: Extended Max: elapsed time: 0:00:02
Process 19: 
Process 19: Cell shape detection: threshold: 500
Process 19: Cell shape detection: save     : None
Process 19: 
Process 19: Cell Shape:: elapsed time: 1:16:18
Process 19: 
Cell detection complete: jobid 0019,
     saved as /jukebox/LightSheetData/rat-brody/processed/201910_tracing/clearmap/z265/clearmap_cluster_output/cell_detection/cells_jobid_0019.p
