In the directory: /jukebox/LightSheetData/rat-brody/processed/201910_tracing/clearmap/z265/ClearMapCluster 
As the user: pnilsadmin 
on host: spock7-c1-9 
Cpus_allowed_list:	0,4,6,11,14,16,18-23
Array Allocation Number: 18758199
Array Index: 33
['run_clearmap_cluster.py', '4', '33']
33
setting elastixlib path as /jukebox/pkgs/ELASTIX/4.8/bin, ***note this is a hack and may fail***
Elastix sucessfully initialized from path: /jukebox/pkgs/ELASTIX/4.8
list index out of range
ProcessMethod = cluster
Process 33: Illumination correction: flatfield : None
Process 33: Illumination correction: background: None
Process 33: Illumination correction: scaling   : None
Process 33: Illumination correction: save      : None
Process 33: 
{'stackId': 33, 'nStacks': 60, 'source': '/jukebox/LightSheetData/rat-brody/processed/201910_tracing/clearmap/z265/full_sizedatafld/_ch00/_C00_Z\\d{4}.tif', 'x': <built-in function all>, 'y': <built-in function all>, 'z': (327, 347), 'zCenters': (332.0, 342.0), 'zCenterIndices': (332, 342), 'zSubStackCenterIndices': (5, 15)}
Process 33: Background Removal: size: (7, 7)
Process 33: Background Removal: save: None
Process 33: 
Process 33: Background: elapsed time: 0:00:19
Process 33: 
Process 33: DoG: size  : None
Process 33: DoG: sigma : None
Process 33: DoG: sigma2: None
Process 33: DoG: save  : None
Process 33: 
Process 33: DoG: elapsed time: 0:00:01
Process 33: 
Process 33: Extended Max: hMax     : None
Process 33: Extended Max: size     : 0
Process 33: Extended Max: threshold: None
Process 33: Extended Max: save     : None
Process 33: 
Process 33: Extended Max: elapsed time: 0:00:02
Process 33: 
Process 33: Cell shape detection: threshold: 500
Process 33: Cell shape detection: save     : None
Process 33: 
Process 33: Cell Shape:: elapsed time: 1:15:45
Process 33: 
Cell detection complete: jobid 0033,
     saved as /jukebox/LightSheetData/rat-brody/processed/201910_tracing/clearmap/z265/clearmap_cluster_output/cell_detection/cells_jobid_0033.p
