In the directory: /jukebox/LightSheetData/rat-brody/processed/201910_tracing/clearmap/z265/ClearMapCluster 
As the user: pnilsadmin 
on host: spock7-c0-8 
Cpus_allowed_list:	2,4-10,12,14,16,20
Array Allocation Number: 18758199
Array Index: 23
['run_clearmap_cluster.py', '4', '23']
23
setting elastixlib path as /jukebox/pkgs/ELASTIX/4.8/bin, ***note this is a hack and may fail***
Elastix sucessfully initialized from path: /jukebox/pkgs/ELASTIX/4.8
list index out of range
ProcessMethod = cluster
Process 23: Illumination correction: flatfield : None
Process 23: Illumination correction: background: None
Process 23: Illumination correction: scaling   : None
Process 23: Illumination correction: save      : None
Process 23: 
{'stackId': 23, 'nStacks': 60, 'source': '/jukebox/LightSheetData/rat-brody/processed/201910_tracing/clearmap/z265/full_sizedatafld/_ch00/_C00_Z\\d{4}.tif', 'x': <built-in function all>, 'y': <built-in function all>, 'z': (228, 248), 'zCenters': (233.0, 243.0), 'zCenterIndices': (233, 243), 'zSubStackCenterIndices': (5, 15)}
Process 23: Background Removal: size: (7, 7)
Process 23: Background Removal: save: None
Process 23: 
Process 23: Background: elapsed time: 0:00:21
Process 23: 
Process 23: DoG: size  : None
Process 23: DoG: sigma : None
Process 23: DoG: sigma2: None
Process 23: DoG: save  : None
Process 23: 
Process 23: DoG: elapsed time: 0:00:02
Process 23: 
Process 23: Extended Max: hMax     : None
Process 23: Extended Max: size     : 0
Process 23: Extended Max: threshold: None
Process 23: Extended Max: save     : None
Process 23: 
Process 23: Extended Max: elapsed time: 0:00:05
Process 23: 
Process 23: Cell shape detection: threshold: 500
Process 23: Cell shape detection: save     : None
Process 23: 
Process 23: Cell Shape:: elapsed time: 1:19:53
Process 23: 
Cell detection complete: jobid 0023,
     saved as /jukebox/LightSheetData/rat-brody/processed/201910_tracing/clearmap/z265/clearmap_cluster_output/cell_detection/cells_jobid_0023.p
