In the directory: /jukebox/LightSheetData/rat-brody/processed/201910_tracing/clearmap/z265/ClearMapCluster 
As the user: pnilsadmin 
on host: spock7-c1-16 
Cpus_allowed_list:	0-1,3-7,9-10,12,16,22
Array Allocation Number: 18758199
Array Index: 49
['run_clearmap_cluster.py', '4', '49']
49
setting elastixlib path as /jukebox/pkgs/ELASTIX/4.8/bin, ***note this is a hack and may fail***
Elastix sucessfully initialized from path: /jukebox/pkgs/ELASTIX/4.8
list index out of range
ProcessMethod = cluster
Process 49: Illumination correction: flatfield : None
Process 49: Illumination correction: background: None
Process 49: Illumination correction: scaling   : None
Process 49: Illumination correction: save      : None
Process 49: 
{'stackId': 49, 'nStacks': 60, 'source': '/jukebox/LightSheetData/rat-brody/processed/201910_tracing/clearmap/z265/full_sizedatafld/_ch00/_C00_Z\\d{4}.tif', 'x': <built-in function all>, 'y': <built-in function all>, 'z': (486, 506), 'zCenters': (491.0, 501.0), 'zCenterIndices': (491, 501), 'zSubStackCenterIndices': (5, 15)}
Process 49: Background Removal: size: (7, 7)
Process 49: Background Removal: save: None
Process 49: 
Process 49: Background: elapsed time: 0:00:20
Process 49: 
Process 49: DoG: size  : None
Process 49: DoG: sigma : None
Process 49: DoG: sigma2: None
Process 49: DoG: save  : None
Process 49: 
Process 49: DoG: elapsed time: 0:00:02
Process 49: 
Process 49: Extended Max: hMax     : None
Process 49: Extended Max: size     : 0
Process 49: Extended Max: threshold: None
Process 49: Extended Max: save     : None
Process 49: 
Process 49: Extended Max: elapsed time: 0:00:05
Process 49: 
Process 49: Cell shape detection: threshold: 500
Process 49: Cell shape detection: save     : None
Process 49: 
Process 49: Cell Shape:: elapsed time: 1:12:54
Process 49: 
Cell detection complete: jobid 0049,
     saved as /jukebox/LightSheetData/rat-brody/processed/201910_tracing/clearmap/z265/clearmap_cluster_output/cell_detection/cells_jobid_0049.p
