In the directory: /jukebox/LightSheetData/rat-brody/processed/201910_tracing/clearmap/z265/ClearMapCluster 
As the user: pnilsadmin 
on host: spock7-c0-15 
Cpus_allowed_list:	0-1,3-5,7,9,11,19,21-23
Array Allocation Number: 18758199
Array Index: 35
['run_clearmap_cluster.py', '4', '35']
35
setting elastixlib path as /jukebox/pkgs/ELASTIX/4.8/bin, ***note this is a hack and may fail***
Elastix sucessfully initialized from path: /jukebox/pkgs/ELASTIX/4.8
list index out of range
ProcessMethod = cluster
Process 35: Illumination correction: flatfield : None
Process 35: Illumination correction: background: None
Process 35: Illumination correction: scaling   : None
Process 35: Illumination correction: save      : None
Process 35: 
{'stackId': 35, 'nStacks': 60, 'source': '/jukebox/LightSheetData/rat-brody/processed/201910_tracing/clearmap/z265/full_sizedatafld/_ch00/_C00_Z\\d{4}.tif', 'x': <built-in function all>, 'y': <built-in function all>, 'z': (347, 367), 'zCenters': (352.0, 362.0), 'zCenterIndices': (352, 362), 'zSubStackCenterIndices': (5, 15)}
Process 35: Background Removal: size: (7, 7)
Process 35: Background Removal: save: None
Process 35: 
Process 35: Background: elapsed time: 0:00:20
Process 35: 
Process 35: DoG: size  : None
Process 35: DoG: sigma : None
Process 35: DoG: sigma2: None
Process 35: DoG: save  : None
Process 35: 
Process 35: DoG: elapsed time: 0:00:02
Process 35: 
Process 35: Extended Max: hMax     : None
Process 35: Extended Max: size     : 0
Process 35: Extended Max: threshold: None
Process 35: Extended Max: save     : None
Process 35: 
Process 35: Extended Max: elapsed time: 0:00:04
Process 35: 
Process 35: Cell shape detection: threshold: 500
Process 35: Cell shape detection: save     : None
Process 35: 
Process 35: Cell Shape:: elapsed time: 1:07:44
Process 35: 
Cell detection complete: jobid 0035,
     saved as /jukebox/LightSheetData/rat-brody/processed/201910_tracing/clearmap/z265/clearmap_cluster_output/cell_detection/cells_jobid_0035.p
