In the directory: /jukebox/LightSheetData/rat-brody/processed/201910_tracing/clearmap/z265/ClearMapCluster 
As the user: pnilsadmin 
on host: spock7-c1-9 
Cpus_allowed_list:	0,4,6,11,14,16,18-23
Array Allocation Number: 18758199
Array Index: 56
['run_clearmap_cluster.py', '4', '56']
56
setting elastixlib path as /jukebox/pkgs/ELASTIX/4.8/bin, ***note this is a hack and may fail***
Elastix sucessfully initialized from path: /jukebox/pkgs/ELASTIX/4.8
list index out of range
ProcessMethod = cluster
Process 56: Illumination correction: flatfield : None
Process 56: Illumination correction: background: None
Process 56: Illumination correction: scaling   : None
Process 56: Illumination correction: save      : None
Process 56: 
{'stackId': 56, 'nStacks': 60, 'source': '/jukebox/LightSheetData/rat-brody/processed/201910_tracing/clearmap/z265/full_sizedatafld/_ch00/_C00_Z\\d{4}.tif', 'x': <built-in function all>, 'y': <built-in function all>, 'z': (556, 576), 'zCenters': (561.0, 571.0), 'zCenterIndices': (561, 571), 'zSubStackCenterIndices': (5, 15)}
Process 56: Background Removal: size: (7, 7)
Process 56: Background Removal: save: None
Process 56: 
Process 56: Background: elapsed time: 0:00:19
Process 56: 
Process 56: DoG: size  : None
Process 56: DoG: sigma : None
Process 56: DoG: sigma2: None
Process 56: DoG: save  : None
Process 56: 
Process 56: DoG: elapsed time: 0:00:01
Process 56: 
Process 56: Extended Max: hMax     : None
Process 56: Extended Max: size     : 0
Process 56: Extended Max: threshold: None
Process 56: Extended Max: save     : None
Process 56: 
Process 56: Extended Max: elapsed time: 0:00:02
Process 56: 
Process 56: Cell shape detection: threshold: 500
Process 56: Cell shape detection: save     : None
Process 56: 
Process 56: Cell Shape:: elapsed time: 1:16:11
Process 56: 
Cell detection complete: jobid 0056,
     saved as /jukebox/LightSheetData/rat-brody/processed/201910_tracing/clearmap/z265/clearmap_cluster_output/cell_detection/cells_jobid_0056.p
