In the directory: /jukebox/LightSheetData/rat-brody/processed/201910_tracing/clearmap/z265/ClearMapCluster 
As the user: pnilsadmin 
on host: spock7-c1-3 
Cpus_allowed_list:	1,3,5,7,9,11,13,15-16,18,20,22
Array Allocation Number: 18758199
Array Index: 42
['run_clearmap_cluster.py', '4', '42']
42
setting elastixlib path as /jukebox/pkgs/ELASTIX/4.8/bin, ***note this is a hack and may fail***
Elastix sucessfully initialized from path: /jukebox/pkgs/ELASTIX/4.8
list index out of range
ProcessMethod = cluster
Process 42: Illumination correction: flatfield : None
Process 42: Illumination correction: background: None
Process 42: Illumination correction: scaling   : None
Process 42: Illumination correction: save      : None
Process 42: 
{'stackId': 42, 'nStacks': 60, 'source': '/jukebox/LightSheetData/rat-brody/processed/201910_tracing/clearmap/z265/full_sizedatafld/_ch00/_C00_Z\\d{4}.tif', 'x': <built-in function all>, 'y': <built-in function all>, 'z': (417, 437), 'zCenters': (422.0, 432.0), 'zCenterIndices': (422, 432), 'zSubStackCenterIndices': (5, 15)}
Process 42: Background Removal: size: (7, 7)
Process 42: Background Removal: save: None
Process 42: 
Process 42: Background: elapsed time: 0:00:18
Process 42: 
Process 42: DoG: size  : None
Process 42: DoG: sigma : None
Process 42: DoG: sigma2: None
Process 42: DoG: save  : None
Process 42: 
Process 42: DoG: elapsed time: 0:00:02
Process 42: 
Process 42: Extended Max: hMax     : None
Process 42: Extended Max: size     : 0
Process 42: Extended Max: threshold: None
Process 42: Extended Max: save     : None
Process 42: 
Process 42: Extended Max: elapsed time: 0:00:05
Process 42: 
Process 42: Cell shape detection: threshold: 500
Process 42: Cell shape detection: save     : None
Process 42: 
Process 42: Cell Shape:: elapsed time: 1:16:56
Process 42: 
Cell detection complete: jobid 0042,
     saved as /jukebox/LightSheetData/rat-brody/processed/201910_tracing/clearmap/z265/clearmap_cluster_output/cell_detection/cells_jobid_0042.p
