In the directory: /jukebox/LightSheetData/rat-brody/processed/201910_tracing/clearmap/z265/ClearMapCluster 
As the user: pnilsadmin 
on host: spock7-c1-7 
Cpus_allowed_list:	0-8,10,12,14
Array Allocation Number: 18758199
Array Index: 32
['run_clearmap_cluster.py', '4', '32']
32
setting elastixlib path as /jukebox/pkgs/ELASTIX/4.8/bin, ***note this is a hack and may fail***
Elastix sucessfully initialized from path: /jukebox/pkgs/ELASTIX/4.8
list index out of range
ProcessMethod = cluster
Process 32: Illumination correction: flatfield : None
Process 32: Illumination correction: background: None
Process 32: Illumination correction: scaling   : None
Process 32: Illumination correction: save      : None
Process 32: 
{'stackId': 32, 'nStacks': 60, 'source': '/jukebox/LightSheetData/rat-brody/processed/201910_tracing/clearmap/z265/full_sizedatafld/_ch00/_C00_Z\\d{4}.tif', 'x': <built-in function all>, 'y': <built-in function all>, 'z': (317, 337), 'zCenters': (322.0, 332.0), 'zCenterIndices': (322, 332), 'zSubStackCenterIndices': (5, 15)}
Process 32: Background Removal: size: (7, 7)
Process 32: Background Removal: save: None
Process 32: 
Process 32: Background: elapsed time: 0:00:17
Process 32: 
Process 32: DoG: size  : None
Process 32: DoG: sigma : None
Process 32: DoG: sigma2: None
Process 32: DoG: save  : None
Process 32: 
Process 32: DoG: elapsed time: 0:00:01
Process 32: 
Process 32: Extended Max: hMax     : None
Process 32: Extended Max: size     : 0
Process 32: Extended Max: threshold: None
Process 32: Extended Max: save     : None
Process 32: 
Process 32: Extended Max: elapsed time: 0:00:02
Process 32: 
Process 32: Cell shape detection: threshold: 500
Process 32: Cell shape detection: save     : None
Process 32: 
Process 32: Cell Shape:: elapsed time: 1:13:44
Process 32: 
Cell detection complete: jobid 0032,
     saved as /jukebox/LightSheetData/rat-brody/processed/201910_tracing/clearmap/z265/clearmap_cluster_output/cell_detection/cells_jobid_0032.p
