In the directory: /jukebox/LightSheetData/rat-brody/processed/201910_tracing/clearmap/z265/ClearMapCluster 
As the user: pnilsadmin 
on host: spock7-c0-10 
Cpus_allowed_list:	0-1,3,5-7,9-12,14,16
Array Allocation Number: 18758199
Array Index: 22
['run_clearmap_cluster.py', '4', '22']
22
setting elastixlib path as /jukebox/pkgs/ELASTIX/4.8/bin, ***note this is a hack and may fail***
Elastix sucessfully initialized from path: /jukebox/pkgs/ELASTIX/4.8
list index out of range
ProcessMethod = cluster
Process 22: Illumination correction: flatfield : None
Process 22: Illumination correction: background: None
Process 22: Illumination correction: scaling   : None
Process 22: Illumination correction: save      : None
Process 22: 
{'stackId': 22, 'nStacks': 60, 'source': '/jukebox/LightSheetData/rat-brody/processed/201910_tracing/clearmap/z265/full_sizedatafld/_ch00/_C00_Z\\d{4}.tif', 'x': <built-in function all>, 'y': <built-in function all>, 'z': (218, 238), 'zCenters': (223.0, 233.0), 'zCenterIndices': (223, 233), 'zSubStackCenterIndices': (5, 15)}
Process 22: Background Removal: size: (7, 7)
Process 22: Background Removal: save: None
Process 22: 
Process 22: Background: elapsed time: 0:00:22
Process 22: 
Process 22: DoG: size  : None
Process 22: DoG: sigma : None
Process 22: DoG: sigma2: None
Process 22: DoG: save  : None
Process 22: 
Process 22: DoG: elapsed time: 0:00:02
Process 22: 
Process 22: Extended Max: hMax     : None
Process 22: Extended Max: size     : 0
Process 22: Extended Max: threshold: None
Process 22: Extended Max: save     : None
Process 22: 
Process 22: Extended Max: elapsed time: 0:00:05
Process 22: 
Process 22: Cell shape detection: threshold: 500
Process 22: Cell shape detection: save     : None
Process 22: 
Process 22: Cell Shape:: elapsed time: 1:21:58
Process 22: 
Cell detection complete: jobid 0022,
     saved as /jukebox/LightSheetData/rat-brody/processed/201910_tracing/clearmap/z265/clearmap_cluster_output/cell_detection/cells_jobid_0022.p
