In the directory: /jukebox/LightSheetData/rat-brody/processed/201910_tracing/clearmap/z265/ClearMapCluster 
As the user: pnilsadmin 
on host: spock7-c1-12 
Cpus_allowed_list:	0-7,16,18,20,22
Array Allocation Number: 18753398
Array Index: 7
['run_clearmap_cluster.py', '4', '7']
7
setting elastixlib path as /jukebox/pkgs/ELASTIX/4.8/bin, ***note this is a hack and may fail***
Elastix sucessfully initialized from path: /jukebox/pkgs/ELASTIX/4.8
list index out of range
ProcessMethod = cluster
Process 7: Illumination correction: flatfield : None
Process 7: Illumination correction: background: None
Process 7: Illumination correction: scaling   : None
Process 7: Illumination correction: save      : None
Process 7: 
{'stackId': 7, 'nStacks': 60, 'source': '/jukebox/LightSheetData/rat-brody/processed/201910_tracing/clearmap/z265/full_sizedatafld/_ch00/_C00_Z\\d{4}.tif', 'x': <built-in function all>, 'y': <built-in function all>, 'z': (69, 89), 'zCenters': (74.0, 84.0), 'zCenterIndices': (74, 84), 'zSubStackCenterIndices': (5, 15)}
Process 7: Background Removal: size: (7, 7)
Process 7: Background Removal: save: None
Process 7: 
Process 7: Background: elapsed time: 0:00:19
Process 7: 
Process 7: DoG: size  : None
Process 7: DoG: sigma : None
Process 7: DoG: sigma2: None
Process 7: DoG: save  : None
Process 7: 
Process 7: DoG: elapsed time: 0:00:01
Process 7: 
Process 7: Extended Max: hMax     : None
Process 7: Extended Max: size     : 0
Process 7: Extended Max: threshold: None
Process 7: Extended Max: save     : None
Process 7: 
Process 7: Extended Max: elapsed time: 0:00:02
Process 7: 
Process 7: Cell shape detection: threshold: 500
Process 7: Cell shape detection: save     : None
Process 7: 
Process 7: Cell Shape:: elapsed time: 1:14:18
Process 7: 
Cell detection complete: jobid 0007,
     saved as /jukebox/LightSheetData/rat-brody/processed/201910_tracing/clearmap/z265/clearmap_cluster_output/cell_detection/cells_jobid_0007.p
