In the directory: /jukebox/LightSheetData/rat-brody/processed/201910_tracing/clearmap/z265/ClearMapCluster 
As the user: pnilsadmin 
on host: spock7-c0-14 
Cpus_allowed_list:	8-15,17,19,21,23
Array Allocation Number: 18753398
Array Index: 1
['run_clearmap_cluster.py', '4', '1']
1
setting elastixlib path as /jukebox/pkgs/ELASTIX/4.8/bin, ***note this is a hack and may fail***
Elastix sucessfully initialized from path: /jukebox/pkgs/ELASTIX/4.8
list index out of range
ProcessMethod = cluster
Process 1: Illumination correction: flatfield : None
Process 1: Illumination correction: background: None
Process 1: Illumination correction: scaling   : None
Process 1: Illumination correction: save      : None
Process 1: 
{'stackId': 1, 'nStacks': 60, 'source': '/jukebox/LightSheetData/rat-brody/processed/201910_tracing/clearmap/z265/full_sizedatafld/_ch00/_C00_Z\\d{4}.tif', 'x': <built-in function all>, 'y': <built-in function all>, 'z': (9, 29), 'zCenters': (14.0, 24.0), 'zCenterIndices': (14, 24), 'zSubStackCenterIndices': (5, 15)}
Process 1: Background Removal: size: (7, 7)
Process 1: Background Removal: save: None
Process 1: 
Process 1: Background: elapsed time: 0:00:17
Process 1: 
Process 1: DoG: size  : None
Process 1: DoG: sigma : None
Process 1: DoG: sigma2: None
Process 1: DoG: save  : None
Process 1: 
Process 1: DoG: elapsed time: 0:00:01
Process 1: 
Process 1: Extended Max: hMax     : None
Process 1: Extended Max: size     : 0
Process 1: Extended Max: threshold: None
Process 1: Extended Max: save     : None
Process 1: 
Process 1: Extended Max: elapsed time: 0:00:02
Process 1: 
Process 1: Cell shape detection: threshold: 500
Process 1: Cell shape detection: save     : None
Process 1: 
Process 1: Cell Shape:: elapsed time: 1:19:34
Process 1: 
Cell detection complete: jobid 0001,
     saved as /jukebox/LightSheetData/rat-brody/processed/201910_tracing/clearmap/z265/clearmap_cluster_output/cell_detection/cells_jobid_0001.p
