In the directory: /jukebox/LightSheetData/rat-brody/processed/201910_tracing/clearmap/z265/ClearMapCluster 
As the user: pnilsadmin 
on host: spock7-c0-7 
Cpus_allowed_list:	0-1,4,6,10,12,14,17,19,21-23
Array Allocation Number: 18758199
Array Index: 38
['run_clearmap_cluster.py', '4', '38']
38
setting elastixlib path as /jukebox/pkgs/ELASTIX/4.8/bin, ***note this is a hack and may fail***
Elastix sucessfully initialized from path: /jukebox/pkgs/ELASTIX/4.8
list index out of range
ProcessMethod = cluster
Process 38: Illumination correction: flatfield : None
Process 38: Illumination correction: background: None
Process 38: Illumination correction: scaling   : None
Process 38: Illumination correction: save      : None
Process 38: 
{'stackId': 38, 'nStacks': 60, 'source': '/jukebox/LightSheetData/rat-brody/processed/201910_tracing/clearmap/z265/full_sizedatafld/_ch00/_C00_Z\\d{4}.tif', 'x': <built-in function all>, 'y': <built-in function all>, 'z': (377, 397), 'zCenters': (382.0, 392.0), 'zCenterIndices': (382, 392), 'zSubStackCenterIndices': (5, 15)}
Process 38: Background Removal: size: (7, 7)
Process 38: Background Removal: save: None
Process 38: 
Process 38: Background: elapsed time: 0:00:18
Process 38: 
Process 38: DoG: size  : None
Process 38: DoG: sigma : None
Process 38: DoG: sigma2: None
Process 38: DoG: save  : None
Process 38: 
Process 38: DoG: elapsed time: 0:00:01
Process 38: 
Process 38: Extended Max: hMax     : None
Process 38: Extended Max: size     : 0
Process 38: Extended Max: threshold: None
Process 38: Extended Max: save     : None
Process 38: 
Process 38: Extended Max: elapsed time: 0:00:02
Process 38: 
Process 38: Cell shape detection: threshold: 500
Process 38: Cell shape detection: save     : None
Process 38: 
Process 38: Cell Shape:: elapsed time: 1:15:29
Process 38: 
Cell detection complete: jobid 0038,
     saved as /jukebox/LightSheetData/rat-brody/processed/201910_tracing/clearmap/z265/clearmap_cluster_output/cell_detection/cells_jobid_0038.p
