In the directory: /jukebox/LightSheetData/rat-brody/processed/201910_tracing/clearmap/z265/ClearMapCluster 
As the user: pnilsadmin 
on host: spock7-c0-6 
Cpus_allowed_list:	1,3,5,7,16-23
Array Allocation Number: 18758199
Array Index: 52
['run_clearmap_cluster.py', '4', '52']
52
setting elastixlib path as /jukebox/pkgs/ELASTIX/4.8/bin, ***note this is a hack and may fail***
Elastix sucessfully initialized from path: /jukebox/pkgs/ELASTIX/4.8
list index out of range
ProcessMethod = cluster
Process 52: Illumination correction: flatfield : None
Process 52: Illumination correction: background: None
Process 52: Illumination correction: scaling   : None
Process 52: Illumination correction: save      : None
Process 52: 
{'stackId': 52, 'nStacks': 60, 'source': '/jukebox/LightSheetData/rat-brody/processed/201910_tracing/clearmap/z265/full_sizedatafld/_ch00/_C00_Z\\d{4}.tif', 'x': <built-in function all>, 'y': <built-in function all>, 'z': (516, 536), 'zCenters': (521.0, 531.0), 'zCenterIndices': (521, 531), 'zSubStackCenterIndices': (5, 15)}
Process 52: Background Removal: size: (7, 7)
Process 52: Background Removal: save: None
Process 52: 
Process 52: Background: elapsed time: 0:00:19
Process 52: 
Process 52: DoG: size  : None
Process 52: DoG: sigma : None
Process 52: DoG: sigma2: None
Process 52: DoG: save  : None
Process 52: 
Process 52: DoG: elapsed time: 0:00:01
Process 52: 
Process 52: Extended Max: hMax     : None
Process 52: Extended Max: size     : 0
Process 52: Extended Max: threshold: None
Process 52: Extended Max: save     : None
Process 52: 
Process 52: Extended Max: elapsed time: 0:00:02
Process 52: 
Process 52: Cell shape detection: threshold: 500
Process 52: Cell shape detection: save     : None
Process 52: 
Process 52: Cell Shape:: elapsed time: 1:14:59
Process 52: 
Cell detection complete: jobid 0052,
     saved as /jukebox/LightSheetData/rat-brody/processed/201910_tracing/clearmap/z265/clearmap_cluster_output/cell_detection/cells_jobid_0052.p
