In the directory: /jukebox/LightSheetData/rat-brody/processed/201910_tracing/clearmap/z265/ClearMapCluster 
As the user: pnilsadmin 
on host: spock7-c1-5 
Cpus_allowed_list:	0,2,4,6,10,12,14,17,19,21-23
Array Allocation Number: 18758199
Array Index: 34
['run_clearmap_cluster.py', '4', '34']
34
setting elastixlib path as /jukebox/pkgs/ELASTIX/4.8/bin, ***note this is a hack and may fail***
Elastix sucessfully initialized from path: /jukebox/pkgs/ELASTIX/4.8
list index out of range
ProcessMethod = cluster
Process 34: Illumination correction: flatfield : None
Process 34: Illumination correction: background: None
Process 34: Illumination correction: scaling   : None
Process 34: Illumination correction: save      : None
Process 34: 
{'stackId': 34, 'nStacks': 60, 'source': '/jukebox/LightSheetData/rat-brody/processed/201910_tracing/clearmap/z265/full_sizedatafld/_ch00/_C00_Z\\d{4}.tif', 'x': <built-in function all>, 'y': <built-in function all>, 'z': (337, 357), 'zCenters': (342.0, 352.0), 'zCenterIndices': (342, 352), 'zSubStackCenterIndices': (5, 15)}
Process 34: Background Removal: size: (7, 7)
Process 34: Background Removal: save: None
Process 34: 
Process 34: Background: elapsed time: 0:00:18
Process 34: 
Process 34: DoG: size  : None
Process 34: DoG: sigma : None
Process 34: DoG: sigma2: None
Process 34: DoG: save  : None
Process 34: 
Process 34: DoG: elapsed time: 0:00:01
Process 34: 
Process 34: Extended Max: hMax     : None
Process 34: Extended Max: size     : 0
Process 34: Extended Max: threshold: None
Process 34: Extended Max: save     : None
Process 34: 
Process 34: Extended Max: elapsed time: 0:00:02
Process 34: 
Process 34: Cell shape detection: threshold: 500
Process 34: Cell shape detection: save     : None
Process 34: 
Process 34: Cell Shape:: elapsed time: 1:13:32
Process 34: 
Cell detection complete: jobid 0034,
     saved as /jukebox/LightSheetData/rat-brody/processed/201910_tracing/clearmap/z265/clearmap_cluster_output/cell_detection/cells_jobid_0034.p
