In the directory: /jukebox/LightSheetData/rat-brody/processed/201910_tracing/clearmap/z265/ClearMapCluster 
As the user: pnilsadmin 
on host: spock7-c1-1 
Cpus_allowed_list:	9-18,20,22
Array Allocation Number: 18758199
Array Index: 53
['run_clearmap_cluster.py', '4', '53']
53
setting elastixlib path as /jukebox/pkgs/ELASTIX/4.8/bin, ***note this is a hack and may fail***
Elastix sucessfully initialized from path: /jukebox/pkgs/ELASTIX/4.8
list index out of range
ProcessMethod = cluster
Process 53: Illumination correction: flatfield : None
Process 53: Illumination correction: background: None
Process 53: Illumination correction: scaling   : None
Process 53: Illumination correction: save      : None
Process 53: 
{'stackId': 53, 'nStacks': 60, 'source': '/jukebox/LightSheetData/rat-brody/processed/201910_tracing/clearmap/z265/full_sizedatafld/_ch00/_C00_Z\\d{4}.tif', 'x': <built-in function all>, 'y': <built-in function all>, 'z': (526, 546), 'zCenters': (531.0, 541.0), 'zCenterIndices': (531, 541), 'zSubStackCenterIndices': (5, 15)}
Process 53: Background Removal: size: (7, 7)
Process 53: Background Removal: save: None
Process 53: 
Process 53: Background: elapsed time: 0:00:22
Process 53: 
Process 53: DoG: size  : None
Process 53: DoG: sigma : None
Process 53: DoG: sigma2: None
Process 53: DoG: save  : None
Process 53: 
Process 53: DoG: elapsed time: 0:00:02
Process 53: 
Process 53: Extended Max: hMax     : None
Process 53: Extended Max: size     : 0
Process 53: Extended Max: threshold: None
Process 53: Extended Max: save     : None
Process 53: 
Process 53: Extended Max: elapsed time: 0:00:05
Process 53: 
Process 53: Cell shape detection: threshold: 500
Process 53: Cell shape detection: save     : None
Process 53: 
Process 53: Cell Shape:: elapsed time: 1:16:22
Process 53: 
Cell detection complete: jobid 0053,
     saved as /jukebox/LightSheetData/rat-brody/processed/201910_tracing/clearmap/z265/clearmap_cluster_output/cell_detection/cells_jobid_0053.p
