In the directory: /jukebox/LightSheetData/rat-brody/processed/201910_tracing/clearmap/z265/ClearMapCluster 
As the user: pnilsadmin 
on host: spock7-c0-8 
Cpus_allowed_list:	2,4-10,12,14,16,20
Array Allocation Number: 18753398
Array Index: 9
['run_clearmap_cluster.py', '4', '9']
9
setting elastixlib path as /jukebox/pkgs/ELASTIX/4.8/bin, ***note this is a hack and may fail***
Elastix sucessfully initialized from path: /jukebox/pkgs/ELASTIX/4.8
list index out of range
ProcessMethod = cluster
Process 9: Illumination correction: flatfield : None
Process 9: Illumination correction: background: None
Process 9: Illumination correction: scaling   : None
Process 9: Illumination correction: save      : None
Process 9: 
{'stackId': 9, 'nStacks': 60, 'source': '/jukebox/LightSheetData/rat-brody/processed/201910_tracing/clearmap/z265/full_sizedatafld/_ch00/_C00_Z\\d{4}.tif', 'x': <built-in function all>, 'y': <built-in function all>, 'z': (89, 109), 'zCenters': (94.0, 104.0), 'zCenterIndices': (94, 104), 'zSubStackCenterIndices': (5, 15)}
Process 9: Background Removal: size: (7, 7)
Process 9: Background Removal: save: None
Process 9: 
Process 9: Background: elapsed time: 0:00:21
Process 9: 
Process 9: DoG: size  : None
Process 9: DoG: sigma : None
Process 9: DoG: sigma2: None
Process 9: DoG: save  : None
Process 9: 
Process 9: DoG: elapsed time: 0:00:02
Process 9: 
Process 9: Extended Max: hMax     : None
Process 9: Extended Max: size     : 0
Process 9: Extended Max: threshold: None
Process 9: Extended Max: save     : None
Process 9: 
Process 9: Extended Max: elapsed time: 0:00:05
Process 9: 
Process 9: Cell shape detection: threshold: 500
Process 9: Cell shape detection: save     : None
Process 9: 
Process 9: Cell Shape:: elapsed time: 1:12:55
Process 9: 
Cell detection complete: jobid 0009,
     saved as /jukebox/LightSheetData/rat-brody/processed/201910_tracing/clearmap/z265/clearmap_cluster_output/cell_detection/cells_jobid_0009.p
