In the directory: /jukebox/LightSheetData/rat-brody/processed/201910_tracing/clearmap/z265/ClearMapCluster 
As the user: pnilsadmin 
on host: spock7-c1-4 
Cpus_allowed_list:	0-1,3,5,7,10,12,14,16,18,20,22
Array Allocation Number: 18758199
Array Index: 25
['run_clearmap_cluster.py', '4', '25']
25
setting elastixlib path as /jukebox/pkgs/ELASTIX/4.8/bin, ***note this is a hack and may fail***
Elastix sucessfully initialized from path: /jukebox/pkgs/ELASTIX/4.8
list index out of range
ProcessMethod = cluster
Process 25: Illumination correction: flatfield : None
Process 25: Illumination correction: background: None
Process 25: Illumination correction: scaling   : None
Process 25: Illumination correction: save      : None
Process 25: 
{'stackId': 25, 'nStacks': 60, 'source': '/jukebox/LightSheetData/rat-brody/processed/201910_tracing/clearmap/z265/full_sizedatafld/_ch00/_C00_Z\\d{4}.tif', 'x': <built-in function all>, 'y': <built-in function all>, 'z': (248, 268), 'zCenters': (253.0, 263.0), 'zCenterIndices': (253, 263), 'zSubStackCenterIndices': (5, 15)}
Process 25: Background Removal: size: (7, 7)
Process 25: Background Removal: save: None
Process 25: 
Process 25: Background: elapsed time: 0:00:18
Process 25: 
Process 25: DoG: size  : None
Process 25: DoG: sigma : None
Process 25: DoG: sigma2: None
Process 25: DoG: save  : None
Process 25: 
Process 25: DoG: elapsed time: 0:00:01
Process 25: 
Process 25: Extended Max: hMax     : None
Process 25: Extended Max: size     : 0
Process 25: Extended Max: threshold: None
Process 25: Extended Max: save     : None
Process 25: 
Process 25: Extended Max: elapsed time: 0:00:02
Process 25: 
Process 25: Cell shape detection: threshold: 500
Process 25: Cell shape detection: save     : None
Process 25: 
Process 25: Cell Shape:: elapsed time: 1:12:24
Process 25: 
Cell detection complete: jobid 0025,
     saved as /jukebox/LightSheetData/rat-brody/processed/201910_tracing/clearmap/z265/clearmap_cluster_output/cell_detection/cells_jobid_0025.p
