In the directory: /jukebox/LightSheetData/rat-brody/processed/201910_tracing/clearmap/z265/ClearMapCluster 
As the user: pnilsadmin 
on host: spock7-c0-14 
Cpus_allowed_list:	8-16,18,20,22
Array Allocation Number: 18758199
Array Index: 41
['run_clearmap_cluster.py', '4', '41']
41
setting elastixlib path as /jukebox/pkgs/ELASTIX/4.8/bin, ***note this is a hack and may fail***
Elastix sucessfully initialized from path: /jukebox/pkgs/ELASTIX/4.8
list index out of range
ProcessMethod = cluster
Process 41: Illumination correction: flatfield : None
Process 41: Illumination correction: background: None
Process 41: Illumination correction: scaling   : None
Process 41: Illumination correction: save      : None
Process 41: 
{'stackId': 41, 'nStacks': 60, 'source': '/jukebox/LightSheetData/rat-brody/processed/201910_tracing/clearmap/z265/full_sizedatafld/_ch00/_C00_Z\\d{4}.tif', 'x': <built-in function all>, 'y': <built-in function all>, 'z': (407, 427), 'zCenters': (412.0, 422.0), 'zCenterIndices': (412, 422), 'zSubStackCenterIndices': (5, 15)}
Process 41: Background Removal: size: (7, 7)
Process 41: Background Removal: save: None
Process 41: 
Process 41: Background: elapsed time: 0:00:17
Process 41: 
Process 41: DoG: size  : None
Process 41: DoG: sigma : None
Process 41: DoG: sigma2: None
Process 41: DoG: save  : None
Process 41: 
Process 41: DoG: elapsed time: 0:00:01
Process 41: 
Process 41: Extended Max: hMax     : None
Process 41: Extended Max: size     : 0
Process 41: Extended Max: threshold: None
Process 41: Extended Max: save     : None
Process 41: 
Process 41: Extended Max: elapsed time: 0:00:02
Process 41: 
Process 41: Cell shape detection: threshold: 500
Process 41: Cell shape detection: save     : None
Process 41: 
Process 41: Cell Shape:: elapsed time: 1:03:57
Process 41: 
Cell detection complete: jobid 0041,
     saved as /jukebox/LightSheetData/rat-brody/processed/201910_tracing/clearmap/z265/clearmap_cluster_output/cell_detection/cells_jobid_0041.p
