In the directory: /jukebox/LightSheetData/rat-brody/processed/201910_tracing/clearmap/z265/ClearMapCluster 
As the user: pnilsadmin 
on host: spock7-c1-13 
Cpus_allowed_list:	8-16,18,20,22
Array Allocation Number: 18758199
Array Index: 58
['run_clearmap_cluster.py', '4', '58']
58
setting elastixlib path as /jukebox/pkgs/ELASTIX/4.8/bin, ***note this is a hack and may fail***
Elastix sucessfully initialized from path: /jukebox/pkgs/ELASTIX/4.8
list index out of range
ProcessMethod = cluster
Process 58: Illumination correction: flatfield : None
Process 58: Illumination correction: background: None
Process 58: Illumination correction: scaling   : None
Process 58: Illumination correction: save      : None
Process 58: 
{'stackId': 58, 'nStacks': 60, 'source': '/jukebox/LightSheetData/rat-brody/processed/201910_tracing/clearmap/z265/full_sizedatafld/_ch00/_C00_Z\\d{4}.tif', 'x': <built-in function all>, 'y': <built-in function all>, 'z': (576, 596), 'zCenters': (581.0, 591.0), 'zCenterIndices': (581, 591), 'zSubStackCenterIndices': (5, 15)}
Process 58: Background Removal: size: (7, 7)
Process 58: Background Removal: save: None
Process 58: 
Process 58: Background: elapsed time: 0:00:18
Process 58: 
Process 58: DoG: size  : None
Process 58: DoG: sigma : None
Process 58: DoG: sigma2: None
Process 58: DoG: save  : None
Process 58: 
Process 58: DoG: elapsed time: 0:00:01
Process 58: 
Process 58: Extended Max: hMax     : None
Process 58: Extended Max: size     : 0
Process 58: Extended Max: threshold: None
Process 58: Extended Max: save     : None
Process 58: 
Process 58: Extended Max: elapsed time: 0:00:02
Process 58: 
Process 58: Cell shape detection: threshold: 500
Process 58: Cell shape detection: save     : None
Process 58: 
Process 58: Cell Shape:: elapsed time: 1:10:39
Process 58: 
Cell detection complete: jobid 0058,
     saved as /jukebox/LightSheetData/rat-brody/processed/201910_tracing/clearmap/z265/clearmap_cluster_output/cell_detection/cells_jobid_0058.p
