In the directory: /jukebox/LightSheetData/rat-brody/processed/201910_tracing/clearmap/z265/ClearMapCluster 
As the user: pnilsadmin 
on host: spock7-c1-6 
Cpus_allowed_list:	8-16,18,20,22
Array Allocation Number: 18753398
Array Index: 4
['run_clearmap_cluster.py', '4', '4']
4
setting elastixlib path as /jukebox/pkgs/ELASTIX/4.8/bin, ***note this is a hack and may fail***
Elastix sucessfully initialized from path: /jukebox/pkgs/ELASTIX/4.8
list index out of range
ProcessMethod = cluster
Process 4: Illumination correction: flatfield : None
Process 4: Illumination correction: background: None
Process 4: Illumination correction: scaling   : None
Process 4: Illumination correction: save      : None
Process 4: 
{'stackId': 4, 'nStacks': 60, 'source': '/jukebox/LightSheetData/rat-brody/processed/201910_tracing/clearmap/z265/full_sizedatafld/_ch00/_C00_Z\\d{4}.tif', 'x': <built-in function all>, 'y': <built-in function all>, 'z': (39, 59), 'zCenters': (44.0, 54.0), 'zCenterIndices': (44, 54), 'zSubStackCenterIndices': (5, 15)}
Process 4: Background Removal: size: (7, 7)
Process 4: Background Removal: save: None
Process 4: 
Process 4: Background: elapsed time: 0:00:18
Process 4: 
Process 4: DoG: size  : None
Process 4: DoG: sigma : None
Process 4: DoG: sigma2: None
Process 4: DoG: save  : None
Process 4: 
Process 4: DoG: elapsed time: 0:00:01
Process 4: 
Process 4: Extended Max: hMax     : None
Process 4: Extended Max: size     : 0
Process 4: Extended Max: threshold: None
Process 4: Extended Max: save     : None
Process 4: 
Process 4: Extended Max: elapsed time: 0:00:02
Process 4: 
Process 4: Cell shape detection: threshold: 500
Process 4: Cell shape detection: save     : None
Process 4: 
Process 4: Cell Shape:: elapsed time: 1:15:19
Process 4: 
Cell detection complete: jobid 0004,
     saved as /jukebox/LightSheetData/rat-brody/processed/201910_tracing/clearmap/z265/clearmap_cluster_output/cell_detection/cells_jobid_0004.p
