In the directory: /jukebox/LightSheetData/rat-brody/processed/201910_tracing/clearmap/z265/ClearMapCluster 
As the user: pnilsadmin 
on host: spock7-c1-10 
Cpus_allowed_list:	2,4,6,9,11,13,15-18,20,22
Array Allocation Number: 18758199
Array Index: 39
['run_clearmap_cluster.py', '4', '39']
39
setting elastixlib path as /jukebox/pkgs/ELASTIX/4.8/bin, ***note this is a hack and may fail***
Elastix sucessfully initialized from path: /jukebox/pkgs/ELASTIX/4.8
list index out of range
ProcessMethod = cluster
Process 39: Illumination correction: flatfield : None
Process 39: Illumination correction: background: None
Process 39: Illumination correction: scaling   : None
Process 39: Illumination correction: save      : None
Process 39: 
{'stackId': 39, 'nStacks': 60, 'source': '/jukebox/LightSheetData/rat-brody/processed/201910_tracing/clearmap/z265/full_sizedatafld/_ch00/_C00_Z\\d{4}.tif', 'x': <built-in function all>, 'y': <built-in function all>, 'z': (387, 407), 'zCenters': (392.0, 402.0), 'zCenterIndices': (392, 402), 'zSubStackCenterIndices': (5, 15)}
Process 39: Background Removal: size: (7, 7)
Process 39: Background Removal: save: None
Process 39: 
Process 39: Background: elapsed time: 0:00:21
Process 39: 
Process 39: DoG: size  : None
Process 39: DoG: sigma : None
Process 39: DoG: sigma2: None
Process 39: DoG: save  : None
Process 39: 
Process 39: DoG: elapsed time: 0:00:01
Process 39: 
Process 39: Extended Max: hMax     : None
Process 39: Extended Max: size     : 0
Process 39: Extended Max: threshold: None
Process 39: Extended Max: save     : None
Process 39: 
Process 39: Extended Max: elapsed time: 0:00:02
Process 39: 
Process 39: Cell shape detection: threshold: 500
Process 39: Cell shape detection: save     : None
Process 39: 
Process 39: Cell Shape:: elapsed time: 1:17:35
Process 39: 
Cell detection complete: jobid 0039,
     saved as /jukebox/LightSheetData/rat-brody/processed/201910_tracing/clearmap/z265/clearmap_cluster_output/cell_detection/cells_jobid_0039.p
