In the directory: /jukebox/LightSheetData/rat-brody/processed/201910_tracing/clearmap/z265/ClearMapCluster 
As the user: pnilsadmin 
on host: spock7-c1-16 
Cpus_allowed_list:	0-1,3-7,9-10,12,16,22
Array Allocation Number: 18758199
Array Index: 26
['run_clearmap_cluster.py', '4', '26']
26
setting elastixlib path as /jukebox/pkgs/ELASTIX/4.8/bin, ***note this is a hack and may fail***
Elastix sucessfully initialized from path: /jukebox/pkgs/ELASTIX/4.8
list index out of range
ProcessMethod = cluster
Process 26: Illumination correction: flatfield : None
Process 26: Illumination correction: background: None
Process 26: Illumination correction: scaling   : None
Process 26: Illumination correction: save      : None
Process 26: 
{'stackId': 26, 'nStacks': 60, 'source': '/jukebox/LightSheetData/rat-brody/processed/201910_tracing/clearmap/z265/full_sizedatafld/_ch00/_C00_Z\\d{4}.tif', 'x': <built-in function all>, 'y': <built-in function all>, 'z': (258, 278), 'zCenters': (263.0, 273.0), 'zCenterIndices': (263, 273), 'zSubStackCenterIndices': (5, 15)}
Process 26: Background Removal: size: (7, 7)
Process 26: Background Removal: save: None
Process 26: 
Process 26: Background: elapsed time: 0:00:21
Process 26: 
Process 26: DoG: size  : None
Process 26: DoG: sigma : None
Process 26: DoG: sigma2: None
Process 26: DoG: save  : None
Process 26: 
Process 26: DoG: elapsed time: 0:00:02
Process 26: 
Process 26: Extended Max: hMax     : None
Process 26: Extended Max: size     : 0
Process 26: Extended Max: threshold: None
Process 26: Extended Max: save     : None
Process 26: 
Process 26: Extended Max: elapsed time: 0:00:05
Process 26: 
Process 26: Cell shape detection: threshold: 500
Process 26: Cell shape detection: save     : None
Process 26: 
Process 26: Cell Shape:: elapsed time: 1:11:51
Process 26: 
Cell detection complete: jobid 0026,
     saved as /jukebox/LightSheetData/rat-brody/processed/201910_tracing/clearmap/z265/clearmap_cluster_output/cell_detection/cells_jobid_0026.p
