In the directory: /jukebox/LightSheetData/rat-brody/processed/201910_tracing/clearmap/z265/ClearMapCluster 
As the user: pnilsadmin 
on host: spock7-c0-7 
Cpus_allowed_list:	0-1,4,6,10,12,14,17,19,21-23
Array Allocation Number: 18753398
Array Index: 5
['run_clearmap_cluster.py', '4', '5']
5
setting elastixlib path as /jukebox/pkgs/ELASTIX/4.8/bin, ***note this is a hack and may fail***
Elastix sucessfully initialized from path: /jukebox/pkgs/ELASTIX/4.8
list index out of range
ProcessMethod = cluster
Process 5: Illumination correction: flatfield : None
Process 5: Illumination correction: background: None
Process 5: Illumination correction: scaling   : None
Process 5: Illumination correction: save      : None
Process 5: 
{'stackId': 5, 'nStacks': 60, 'source': '/jukebox/LightSheetData/rat-brody/processed/201910_tracing/clearmap/z265/full_sizedatafld/_ch00/_C00_Z\\d{4}.tif', 'x': <built-in function all>, 'y': <built-in function all>, 'z': (49, 69), 'zCenters': (54.0, 64.0), 'zCenterIndices': (54, 64), 'zSubStackCenterIndices': (5, 15)}
Process 5: Background Removal: size: (7, 7)
Process 5: Background Removal: save: None
Process 5: 
Process 5: Background: elapsed time: 0:00:19
Process 5: 
Process 5: DoG: size  : None
Process 5: DoG: sigma : None
Process 5: DoG: sigma2: None
Process 5: DoG: save  : None
Process 5: 
Process 5: DoG: elapsed time: 0:00:01
Process 5: 
Process 5: Extended Max: hMax     : None
Process 5: Extended Max: size     : 0
Process 5: Extended Max: threshold: None
Process 5: Extended Max: save     : None
Process 5: 
Process 5: Extended Max: elapsed time: 0:00:02
Process 5: 
Process 5: Cell shape detection: threshold: 500
Process 5: Cell shape detection: save     : None
Process 5: 
Process 5: Cell Shape:: elapsed time: 1:23:30
Process 5: 
Cell detection complete: jobid 0005,
     saved as /jukebox/LightSheetData/rat-brody/processed/201910_tracing/clearmap/z265/clearmap_cluster_output/cell_detection/cells_jobid_0005.p
