In the directory: /jukebox/LightSheetData/rat-brody/processed/201910_tracing/clearmap/z265/ClearMapCluster 
As the user: pnilsadmin 
on host: spock7-c0-5 
Cpus_allowed_list:	1,3-4,6,8,10,12,14,16,18,20,22
Array Allocation Number: 18758199
Array Index: 27
['run_clearmap_cluster.py', '4', '27']
27
setting elastixlib path as /jukebox/pkgs/ELASTIX/4.8/bin, ***note this is a hack and may fail***
Elastix sucessfully initialized from path: /jukebox/pkgs/ELASTIX/4.8
list index out of range
ProcessMethod = cluster
Process 27: Illumination correction: flatfield : None
Process 27: Illumination correction: background: None
Process 27: Illumination correction: scaling   : None
Process 27: Illumination correction: save      : None
Process 27: 
{'stackId': 27, 'nStacks': 60, 'source': '/jukebox/LightSheetData/rat-brody/processed/201910_tracing/clearmap/z265/full_sizedatafld/_ch00/_C00_Z\\d{4}.tif', 'x': <built-in function all>, 'y': <built-in function all>, 'z': (268, 288), 'zCenters': (273.0, 283.0), 'zCenterIndices': (273, 283), 'zSubStackCenterIndices': (5, 15)}
Process 27: Background Removal: size: (7, 7)
Process 27: Background Removal: save: None
Process 27: 
Process 27: Background: elapsed time: 0:00:18
Process 27: 
Process 27: DoG: size  : None
Process 27: DoG: sigma : None
Process 27: DoG: sigma2: None
Process 27: DoG: save  : None
Process 27: 
Process 27: DoG: elapsed time: 0:00:01
Process 27: 
Process 27: Extended Max: hMax     : None
Process 27: Extended Max: size     : 0
Process 27: Extended Max: threshold: None
Process 27: Extended Max: save     : None
Process 27: 
Process 27: Extended Max: elapsed time: 0:00:03
Process 27: 
Process 27: Cell shape detection: threshold: 500
Process 27: Cell shape detection: save     : None
Process 27: 
Process 27: Cell Shape:: elapsed time: 1:13:36
Process 27: 
Cell detection complete: jobid 0027,
     saved as /jukebox/LightSheetData/rat-brody/processed/201910_tracing/clearmap/z265/clearmap_cluster_output/cell_detection/cells_jobid_0027.p
