In the directory: /jukebox/LightSheetData/rat-brody/processed/201910_tracing/clearmap/z265/ClearMapCluster 
As the user: pnilsadmin 
on host: spock7-c1-6 
Cpus_allowed_list:	1,3,5,7,9,11,13,15-16,18,20,22
Array Allocation Number: 18758199
Array Index: 36
['run_clearmap_cluster.py', '4', '36']
36
setting elastixlib path as /jukebox/pkgs/ELASTIX/4.8/bin, ***note this is a hack and may fail***
Elastix sucessfully initialized from path: /jukebox/pkgs/ELASTIX/4.8
list index out of range
ProcessMethod = cluster
Process 36: Illumination correction: flatfield : None
Process 36: Illumination correction: background: None
Process 36: Illumination correction: scaling   : None
Process 36: Illumination correction: save      : None
Process 36: 
{'stackId': 36, 'nStacks': 60, 'source': '/jukebox/LightSheetData/rat-brody/processed/201910_tracing/clearmap/z265/full_sizedatafld/_ch00/_C00_Z\\d{4}.tif', 'x': <built-in function all>, 'y': <built-in function all>, 'z': (357, 377), 'zCenters': (362.0, 372.0), 'zCenterIndices': (362, 372), 'zSubStackCenterIndices': (5, 15)}
Process 36: Background Removal: size: (7, 7)
Process 36: Background Removal: save: None
Process 36: 
Process 36: Background: elapsed time: 0:00:19
Process 36: 
Process 36: DoG: size  : None
Process 36: DoG: sigma : None
Process 36: DoG: sigma2: None
Process 36: DoG: save  : None
Process 36: 
Process 36: DoG: elapsed time: 0:00:01
Process 36: 
Process 36: Extended Max: hMax     : None
Process 36: Extended Max: size     : 0
Process 36: Extended Max: threshold: None
Process 36: Extended Max: save     : None
Process 36: 
Process 36: Extended Max: elapsed time: 0:00:02
Process 36: 
Process 36: Cell shape detection: threshold: 500
Process 36: Cell shape detection: save     : None
Process 36: 
Process 36: Cell Shape:: elapsed time: 1:16:28
Process 36: 
Cell detection complete: jobid 0036,
     saved as /jukebox/LightSheetData/rat-brody/processed/201910_tracing/clearmap/z265/clearmap_cluster_output/cell_detection/cells_jobid_0036.p
