In the directory: /jukebox/LightSheetData/rat-brody/processed/201910_tracing/clearmap/z265/ClearMapCluster 
As the user: pnilsadmin 
on host: spock7-c0-10 
Cpus_allowed_list:	0-1,3,5-7,9-12,14,16
Array Allocation Number: 18758199
Array Index: 43
['run_clearmap_cluster.py', '4', '43']
43
setting elastixlib path as /jukebox/pkgs/ELASTIX/4.8/bin, ***note this is a hack and may fail***
Elastix sucessfully initialized from path: /jukebox/pkgs/ELASTIX/4.8
list index out of range
ProcessMethod = cluster
Process 43: Illumination correction: flatfield : None
Process 43: Illumination correction: background: None
Process 43: Illumination correction: scaling   : None
Process 43: Illumination correction: save      : None
Process 43: 
{'stackId': 43, 'nStacks': 60, 'source': '/jukebox/LightSheetData/rat-brody/processed/201910_tracing/clearmap/z265/full_sizedatafld/_ch00/_C00_Z\\d{4}.tif', 'x': <built-in function all>, 'y': <built-in function all>, 'z': (427, 447), 'zCenters': (432.0, 442.0), 'zCenterIndices': (432, 442), 'zSubStackCenterIndices': (5, 15)}
Process 43: Background Removal: size: (7, 7)
Process 43: Background Removal: save: None
Process 43: 
Process 43: Background: elapsed time: 0:00:22
Process 43: 
Process 43: DoG: size  : None
Process 43: DoG: sigma : None
Process 43: DoG: sigma2: None
Process 43: DoG: save  : None
Process 43: 
Process 43: DoG: elapsed time: 0:00:03
Process 43: 
Process 43: Extended Max: hMax     : None
Process 43: Extended Max: size     : 0
Process 43: Extended Max: threshold: None
Process 43: Extended Max: save     : None
Process 43: 
Process 43: Extended Max: elapsed time: 0:00:05
Process 43: 
Process 43: Cell shape detection: threshold: 500
Process 43: Cell shape detection: save     : None
Process 43: 
Process 43: Cell Shape:: elapsed time: 1:16:59
Process 43: 
Cell detection complete: jobid 0043,
     saved as /jukebox/LightSheetData/rat-brody/processed/201910_tracing/clearmap/z265/clearmap_cluster_output/cell_detection/cells_jobid_0043.p
