In the directory: /jukebox/LightSheetData/rat-brody/processed/201910_tracing/clearmap/z265/ClearMapCluster 
As the user: pnilsadmin 
on host: spock7-c0-16 
Cpus_allowed_list:	0-3,5-7,13-15,17,20
Array Allocation Number: 18753398
Array Index: 14
['run_clearmap_cluster.py', '4', '14']
14
setting elastixlib path as /jukebox/pkgs/ELASTIX/4.8/bin, ***note this is a hack and may fail***
Elastix sucessfully initialized from path: /jukebox/pkgs/ELASTIX/4.8
list index out of range
ProcessMethod = cluster
Process 14: Illumination correction: flatfield : None
Process 14: Illumination correction: background: None
Process 14: Illumination correction: scaling   : None
Process 14: Illumination correction: save      : None
Process 14: 
{'stackId': 14, 'nStacks': 60, 'source': '/jukebox/LightSheetData/rat-brody/processed/201910_tracing/clearmap/z265/full_sizedatafld/_ch00/_C00_Z\\d{4}.tif', 'x': <built-in function all>, 'y': <built-in function all>, 'z': (139, 159), 'zCenters': (144.0, 154.0), 'zCenterIndices': (144, 154), 'zSubStackCenterIndices': (5, 15)}
Process 14: Background Removal: size: (7, 7)
Process 14: Background Removal: save: None
Process 14: 
Process 14: Background: elapsed time: 0:00:20
Process 14: 
Process 14: DoG: size  : None
Process 14: DoG: sigma : None
Process 14: DoG: sigma2: None
Process 14: DoG: save  : None
Process 14: 
Process 14: DoG: elapsed time: 0:00:01
Process 14: 
Process 14: Extended Max: hMax     : None
Process 14: Extended Max: size     : 0
Process 14: Extended Max: threshold: None
Process 14: Extended Max: save     : None
Process 14: 
Process 14: Extended Max: elapsed time: 0:00:02
Process 14: 
Process 14: Cell shape detection: threshold: 500
Process 14: Cell shape detection: save     : None
Process 14: 
Process 14: Cell Shape:: elapsed time: 1:17:13
Process 14: 
Cell detection complete: jobid 0014,
     saved as /jukebox/LightSheetData/rat-brody/processed/201910_tracing/clearmap/z265/clearmap_cluster_output/cell_detection/cells_jobid_0014.p
