In the directory: /jukebox/LightSheetData/rat-brody/processed/201910_tracing/clearmap/z265/ClearMapCluster 
As the user: pnilsadmin 
on host: spock7-c0-12 
Cpus_allowed_list:	0,2,4,6,8,10,12,14,17,19,21,23
Array Allocation Number: 18758199
Array Index: 51
['run_clearmap_cluster.py', '4', '51']
51
setting elastixlib path as /jukebox/pkgs/ELASTIX/4.8/bin, ***note this is a hack and may fail***
Elastix sucessfully initialized from path: /jukebox/pkgs/ELASTIX/4.8
list index out of range
ProcessMethod = cluster
Process 51: Illumination correction: flatfield : None
Process 51: Illumination correction: background: None
Process 51: Illumination correction: scaling   : None
Process 51: Illumination correction: save      : None
Process 51: 
{'stackId': 51, 'nStacks': 60, 'source': '/jukebox/LightSheetData/rat-brody/processed/201910_tracing/clearmap/z265/full_sizedatafld/_ch00/_C00_Z\\d{4}.tif', 'x': <built-in function all>, 'y': <built-in function all>, 'z': (506, 526), 'zCenters': (511.0, 521.0), 'zCenterIndices': (511, 521), 'zSubStackCenterIndices': (5, 15)}
Process 51: Background Removal: size: (7, 7)
Process 51: Background Removal: save: None
Process 51: 
Process 51: Background: elapsed time: 0:00:17
Process 51: 
Process 51: DoG: size  : None
Process 51: DoG: sigma : None
Process 51: DoG: sigma2: None
Process 51: DoG: save  : None
Process 51: 
Process 51: DoG: elapsed time: 0:00:01
Process 51: 
Process 51: Extended Max: hMax     : None
Process 51: Extended Max: size     : 0
Process 51: Extended Max: threshold: None
Process 51: Extended Max: save     : None
Process 51: 
Process 51: Extended Max: elapsed time: 0:00:02
Process 51: 
Process 51: Cell shape detection: threshold: 500
Process 51: Cell shape detection: save     : None
Process 51: 
Process 51: Cell Shape:: elapsed time: 1:06:08
Process 51: 
Cell detection complete: jobid 0051,
     saved as /jukebox/LightSheetData/rat-brody/processed/201910_tracing/clearmap/z265/clearmap_cluster_output/cell_detection/cells_jobid_0051.p
