In the directory: /jukebox/LightSheetData/rat-brody/processed/201910_tracing/clearmap/z265/ClearMapCluster 
As the user: pnilsadmin 
on host: spock7-c0-15 
Cpus_allowed_list:	0-1,3-5,7,9,11,19,21-23
Array Allocation Number: 18758199
Array Index: 57
['run_clearmap_cluster.py', '4', '57']
57
setting elastixlib path as /jukebox/pkgs/ELASTIX/4.8/bin, ***note this is a hack and may fail***
Elastix sucessfully initialized from path: /jukebox/pkgs/ELASTIX/4.8
list index out of range
ProcessMethod = cluster
Process 57: Illumination correction: flatfield : None
Process 57: Illumination correction: background: None
Process 57: Illumination correction: scaling   : None
Process 57: Illumination correction: save      : None
Process 57: 
{'stackId': 57, 'nStacks': 60, 'source': '/jukebox/LightSheetData/rat-brody/processed/201910_tracing/clearmap/z265/full_sizedatafld/_ch00/_C00_Z\\d{4}.tif', 'x': <built-in function all>, 'y': <built-in function all>, 'z': (566, 586), 'zCenters': (571.0, 581.0), 'zCenterIndices': (571, 581), 'zSubStackCenterIndices': (5, 15)}
Process 57: Background Removal: size: (7, 7)
Process 57: Background Removal: save: None
Process 57: 
Process 57: Background: elapsed time: 0:00:20
Process 57: 
Process 57: DoG: size  : None
Process 57: DoG: sigma : None
Process 57: DoG: sigma2: None
Process 57: DoG: save  : None
Process 57: 
Process 57: DoG: elapsed time: 0:00:02
Process 57: 
Process 57: Extended Max: hMax     : None
Process 57: Extended Max: size     : 0
Process 57: Extended Max: threshold: None
Process 57: Extended Max: save     : None
Process 57: 
Process 57: Extended Max: elapsed time: 0:00:04
Process 57: 
Process 57: Cell shape detection: threshold: 500
Process 57: Cell shape detection: save     : None
Process 57: 
Process 57: Cell Shape:: elapsed time: 1:10:30
Process 57: 
Cell detection complete: jobid 0057,
     saved as /jukebox/LightSheetData/rat-brody/processed/201910_tracing/clearmap/z265/clearmap_cluster_output/cell_detection/cells_jobid_0057.p
