In the directory: /scratch/ejdennis/rat_BrainPipe/rat_atlas 
As the user: ejdennis 
on host: spock-brody01-02 
Cpus_allowed_list:	12-21,34-35
Array Index: 2
2
/jukebox/LightSheetData/brodyatlas/processed/k292
k292
k292
0
100
200
300
400
500
600
700
800
900
k292_1_1x_488_008na_1hfds_z10um_350msec_40povlp_ch00_C00_Z0200.tif
k292_1_1x_488_008na_1hfds_z10um_350msec_40povlp_ch00_C00_Z0201.tif
k292_1_1x_488_008na_1hfds_z10um_350msec_40povlp_ch00_C00_Z0202.tif
k292_1_1x_488_008na_1hfds_z10um_350msec_40povlp_ch00_C00_Z0203.tif
k292_1_1x_488_008na_1hfds_z10um_350msec_40povlp_ch00_C00_Z0204.tif
k292_1_1x_488_008na_1hfds_z10um_350msec_40povlp_ch00_C00_Z0205.tif
k292_1_1x_488_008na_1hfds_z10um_350msec_40povlp_ch00_C00_Z0206.tif
k292_1_1x_488_008na_1hfds_z10um_350msec_40povlp_ch00_C00_Z0207.tif
k292_1_1x_488_008na_1hfds_z10um_350msec_40povlp_ch00_C00_Z0208.tif
k292_1_1x_488_008na_1hfds_z10um_350msec_40povlp_ch00_C00_Z0209.tif
k292_1_1x_488_008na_1hfds_z10um_350msec_40povlp_ch00_C00_Z0210.tif
k292_1_1x_488_008na_1hfds_z10um_350msec_40povlp_ch00_C00_Z0211.tif
k292_1_1x_488_008na_1hfds_z10um_350msec_40povlp_ch00_C00_Z0212.tif
k292_1_1x_488_008na_1hfds_z10um_350msec_40povlp_ch00_C00_Z0213.tif
k292_1_1x_488_008na_1hfds_z10um_350msec_40povlp_ch00_C00_Z0214.tif
k292_1_1x_488_008na_1hfds_z10um_350msec_40povlp_ch00_C00_Z0215.tif
k292_1_1x_488_008na_1hfds_z10um_350msec_40povlp_ch00_C00_Z0216.tif
k292_1_1x_488_008na_1hfds_z10um_350msec_40povlp_ch00_C00_Z0217.tif
k292_1_1x_488_008na_1hfds_z10um_350msec_40povlp_ch00_C00_Z0218.tif
k292_1_1x_488_008na_1hfds_z10um_350msec_40povlp_ch00_C00_Z0219.tif
k292_1_1x_488_008na_1hfds_z10um_350msec_40povlp_ch00_C00_Z0460.tif
k292_1_1x_488_008na_1hfds_z10um_350msec_40povlp_ch00_C00_Z0461.tif
k292_1_1x_488_008na_1hfds_z10um_350msec_40povlp_ch00_C00_Z0462.tif
k292_1_1x_488_008na_1hfds_z10um_350msec_40povlp_ch00_C00_Z0463.tif
k292_1_1x_488_008na_1hfds_z10um_350msec_40povlp_ch00_C00_Z0464.tif
k292_1_1x_488_008na_1hfds_z10um_350msec_40povlp_ch00_C00_Z0465.tif
k292_1_1x_488_008na_1hfds_z10um_350msec_40povlp_ch00_C00_Z0466.tif
k292_1_1x_488_008na_1hfds_z10um_350msec_40povlp_ch00_C00_Z0467.tif
k292_1_1x_488_008na_1hfds_z10um_350msec_40povlp_ch00_C00_Z0468.tif
k292_1_1x_488_008na_1hfds_z10um_350msec_40povlp_ch00_C00_Z0469.tif
k292_1_1x_488_008na_1hfds_z10um_350msec_40povlp_ch00_C00_Z0470.tif
k292_1_1x_488_008na_1hfds_z10um_350msec_40povlp_ch00_C00_Z0471.tif
k292_1_1x_488_008na_1hfds_z10um_350msec_40povlp_ch00_C00_Z0472.tif
k292_1_1x_488_008na_1hfds_z10um_350msec_40povlp_ch00_C00_Z0473.tif
k292_1_1x_488_008na_1hfds_z10um_350msec_40povlp_ch00_C00_Z0474.tif
k292_1_1x_488_008na_1hfds_z10um_350msec_40povlp_ch00_C00_Z0475.tif
k292_1_1x_488_008na_1hfds_z10um_350msec_40povlp_ch00_C00_Z0476.tif
k292_1_1x_488_008na_1hfds_z10um_350msec_40povlp_ch00_C00_Z0477.tif
k292_1_1x_488_008na_1hfds_z10um_350msec_40povlp_ch00_C00_Z0478.tif
k292_1_1x_488_008na_1hfds_z10um_350msec_40povlp_ch00_C00_Z0479.tif
k292_1_1x_488_008na_1hfds_z10um_350msec_40povlp_ch00_C00_Z0700.tif
k292_1_1x_488_008na_1hfds_z10um_350msec_40povlp_ch00_C00_Z0701.tif
k292_1_1x_488_008na_1hfds_z10um_350msec_40povlp_ch00_C00_Z0702.tif
k292_1_1x_488_008na_1hfds_z10um_350msec_40povlp_ch00_C00_Z0703.tif
k292_1_1x_488_008na_1hfds_z10um_350msec_40povlp_ch00_C00_Z0704.tif
k292_1_1x_488_008na_1hfds_z10um_350msec_40povlp_ch00_C00_Z0705.tif
k292_1_1x_488_008na_1hfds_z10um_350msec_40povlp_ch00_C00_Z0706.tif
k292_1_1x_488_008na_1hfds_z10um_350msec_40povlp_ch00_C00_Z0707.tif
k292_1_1x_488_008na_1hfds_z10um_350msec_40povlp_ch00_C00_Z0708.tif
k292_1_1x_488_008na_1hfds_z10um_350msec_40povlp_ch00_C00_Z0709.tif
k292_1_1x_488_008na_1hfds_z10um_350msec_40povlp_ch00_C00_Z0710.tif
k292_1_1x_488_008na_1hfds_z10um_350msec_40povlp_ch00_C00_Z0711.tif
k292_1_1x_488_008na_1hfds_z10um_350msec_40povlp_ch00_C00_Z0712.tif
k292_1_1x_488_008na_1hfds_z10um_350msec_40povlp_ch00_C00_Z0713.tif
k292_1_1x_488_008na_1hfds_z10um_350msec_40povlp_ch00_C00_Z0714.tif
k292_1_1x_488_008na_1hfds_z10um_350msec_40povlp_ch00_C00_Z0715.tif
k292_1_1x_488_008na_1hfds_z10um_350msec_40povlp_ch00_C00_Z0716.tif
k292_1_1x_488_008na_1hfds_z10um_350msec_40povlp_ch00_C00_Z0717.tif
k292_1_1x_488_008na_1hfds_z10um_350msec_40povlp_ch00_C00_Z0718.tif
k292_1_1x_488_008na_1hfds_z10um_350msec_40povlp_ch00_C00_Z0719.tif
k292_1_1x_488_008na_1hfds_z10um_350msec_40povlp_ch00_C00_Z0180.tif
k292_1_1x_488_008na_1hfds_z10um_350msec_40povlp_ch00_C00_Z0181.tif
k292_1_1x_488_008na_1hfds_z10um_350msec_40povlp_ch00_C00_Z0182.tif
k292_1_1x_488_008na_1hfds_z10um_350msec_40povlp_ch00_C00_Z0183.tif
k292_1_1x_488_008na_1hfds_z10um_350msec_40povlp_ch00_C00_Z0184.tif
k292_1_1x_488_008na_1hfds_z10um_350msec_40povlp_ch00_C00_Z0185.tif
k292_1_1x_488_008na_1hfds_z10um_350msec_40povlp_ch00_C00_Z0186.tif
k292_1_1x_488_008na_1hfds_z10um_350msec_40povlp_ch00_C00_Z0187.tif
k292_1_1x_488_008na_1hfds_z10um_350msec_40povlp_ch00_C00_Z0188.tif
k292_1_1x_488_008na_1hfds_z10um_350msec_40povlp_ch00_C00_Z0189.tif
k292_1_1x_488_008na_1hfds_z10um_350msec_40povlp_ch00_C00_Z0190.tif
k292_1_1x_488_008na_1hfds_z10um_350msec_40povlp_ch00_C00_Z0191.tif
k292_1_1x_488_008na_1hfds_z10um_350msec_40povlp_ch00_C00_Z0192.tif
k292_1_1x_488_008na_1hfds_z10um_350msec_40povlp_ch00_C00_Z0193.tif
k292_1_1x_488_008na_1hfds_z10um_350msec_40povlp_ch00_C00_Z0194.tif
k292_1_1x_488_008na_1hfds_z10um_350msec_40povlp_ch00_C00_Z0195.tif
k292_1_1x_488_008na_1hfds_z10um_350msec_40povlp_ch00_C00_Z0196.tif
k292_1_1x_488_008na_1hfds_z10um_350msec_40povlp_ch00_C00_Z0197.tif
k292_1_1x_488_008na_1hfds_z10um_350msec_40povlp_ch00_C00_Z0198.tif
k292_1_1x_488_008na_1hfds_z10um_350msec_40povlp_ch00_C00_Z0199.tif
k292_1_1x_488_008na_1hfds_z10um_350msec_40povlp_ch00_C00_Z0420.tif
k292_1_1x_488_008na_1hfds_z10um_350msec_40povlp_ch00_C00_Z0421.tif
k292_1_1x_488_008na_1hfds_z10um_350msec_40povlp_ch00_C00_Z0422.tif
k292_1_1x_488_008na_1hfds_z10um_350msec_40povlp_ch00_C00_Z0423.tif
k292_1_1x_488_008na_1hfds_z10um_350msec_40povlp_ch00_C00_Z0424.tif
k292_1_1x_488_008na_1hfds_z10um_350msec_40povlp_ch00_C00_Z0425.tif
k292_1_1x_488_008na_1hfds_z10um_350msec_40povlp_ch00_C00_Z0426.tif
k292_1_1x_488_008na_1hfds_z10um_350msec_40povlp_ch00_C00_Z0427.tif
k292_1_1x_488_008na_1hfds_z10um_350msec_40povlp_ch00_C00_Z0428.tif
k292_1_1x_488_008na_1hfds_z10um_350msec_40povlp_ch00_C00_Z0429.tif
k292_1_1x_488_008na_1hfds_z10um_350msec_40povlp_ch00_C00_Z0430.tif
k292_1_1x_488_008na_1hfds_z10um_350msec_40povlp_ch00_C00_Z0431.tif
k292_1_1x_488_008na_1hfds_z10um_350msec_40povlp_ch00_C00_Z0432.tif
k292_1_1x_488_008na_1hfds_z10um_350msec_40povlp_ch00_C00_Z0433.tif
k292_1_1x_488_008na_1hfds_z10um_350msec_40povlp_ch00_C00_Z0434.tif
k292_1_1x_488_008na_1hfds_z10um_350msec_40povlp_ch00_C00_Z0435.tif
k292_1_1x_488_008na_1hfds_z10um_350msec_40povlp_ch00_C00_Z0436.tif
k292_1_1x_488_008na_1hfds_z10um_350msec_40povlp_ch00_C00_Z0437.tif
k292_1_1x_488_008na_1hfds_z10um_350msec_40povlp_ch00_C00_Z0438.tif
k292_1_1x_488_008na_1hfds_z10um_350msec_40povlp_ch00_C00_Z0439.tif
k292_1_1x_488_008na_1hfds_z10um_350msec_40povlp_ch00_C00_Z0640.tif
k292_1_1x_488_008na_1hfds_z10um_350msec_40povlp_ch00_C00_Z0641.tif
k292_1_1x_488_008na_1hfds_z10um_350msec_40povlp_ch00_C00_Z0642.tif
k292_1_1x_488_008na_1hfds_z10um_350msec_40povlp_ch00_C00_Z0643.tif
k292_1_1x_488_008na_1hfds_z10um_350msec_40povlp_ch00_C00_Z0644.tif
k292_1_1x_488_008na_1hfds_z10um_350msec_40povlp_ch00_C00_Z0645.tif
k292_1_1x_488_008na_1hfds_z10um_350msec_40povlp_ch00_C00_Z0646.tif
k292_1_1x_488_008na_1hfds_z10um_350msec_40povlp_ch00_C00_Z0647.tif
k292_1_1x_488_008na_1hfds_z10um_350msec_40povlp_ch00_C00_Z0648.tif
k292_1_1x_488_008na_1hfds_z10um_350msec_40povlp_ch00_C00_Z0649.tif
k292_1_1x_488_008na_1hfds_z10um_350msec_40povlp_ch00_C00_Z0650.tif
k292_1_1x_488_008na_1hfds_z10um_350msec_40povlp_ch00_C00_Z0651.tif
k292_1_1x_488_008na_1hfds_z10um_350msec_40povlp_ch00_C00_Z0652.tif
k292_1_1x_488_008na_1hfds_z10um_350msec_40povlp_ch00_C00_Z0653.tif
k292_1_1x_488_008na_1hfds_z10um_350msec_40povlp_ch00_C00_Z0654.tif
k292_1_1x_488_008na_1hfds_z10um_350msec_40povlp_ch00_C00_Z0655.tif
k292_1_1x_488_008na_1hfds_z10um_350msec_40povlp_ch00_C00_Z0656.tif
k292_1_1x_488_008na_1hfds_z10um_350msec_40povlp_ch00_C00_Z0657.tif
k292_1_1x_488_008na_1hfds_z10um_350msec_40povlp_ch00_C00_Z0658.tif
k292_1_1x_488_008na_1hfds_z10um_350msec_40povlp_ch00_C00_Z0659.tif
k292_1_1x_488_008na_1hfds_z10um_350msec_40povlp_ch00_C00_Z0920.tif
k292_1_1x_488_008na_1hfds_z10um_350msec_40povlp_ch00_C00_Z0921.tif
k292_1_1x_488_008na_1hfds_z10um_350msec_40povlp_ch00_C00_Z0922.tif
k292_1_1x_488_008na_1hfds_z10um_350msec_40povlp_ch00_C00_Z0923.tif
k292_1_1x_488_008na_1hfds_z10um_350msec_40povlp_ch00_C00_Z0924.tif
k292_1_1x_488_008na_1hfds_z10um_350msec_40povlp_ch00_C00_Z0925.tif
k292_1_1x_488_008na_1hfds_z10um_350msec_40povlp_ch00_C00_Z0926.tif
k292_1_1x_488_008na_1hfds_z10um_350msec_40povlp_ch00_C00_Z0927.tif
k292_1_1x_488_008na_1hfds_z10um_350msec_40povlp_ch00_C00_Z0928.tif
k292_1_1x_488_008na_1hfds_z10um_350msec_40povlp_ch00_C00_Z0929.tif
k292_1_1x_488_008na_1hfds_z10um_350msec_40povlp_ch00_C00_Z0930.tif
k292_1_1x_488_008na_1hfds_z10um_350msec_40povlp_ch00_C00_Z0931.tif
k292_1_1x_488_008na_1hfds_z10um_350msec_40povlp_ch00_C00_Z0160.tif
k292_1_1x_488_008na_1hfds_z10um_350msec_40povlp_ch00_C00_Z0161.tif
k292_1_1x_488_008na_1hfds_z10um_350msec_40povlp_ch00_C00_Z0162.tif
k292_1_1x_488_008na_1hfds_z10um_350msec_40povlp_ch00_C00_Z0163.tif
k292_1_1x_488_008na_1hfds_z10um_350msec_40povlp_ch00_C00_Z0164.tif
k292_1_1x_488_008na_1hfds_z10um_350msec_40povlp_ch00_C00_Z0165.tif
k292_1_1x_488_008na_1hfds_z10um_350msec_40povlp_ch00_C00_Z0166.tif
k292_1_1x_488_008na_1hfds_z10um_350msec_40povlp_ch00_C00_Z0167.tif
k292_1_1x_488_008na_1hfds_z10um_350msec_40povlp_ch00_C00_Z0168.tif
k292_1_1x_488_008na_1hfds_z10um_350msec_40povlp_ch00_C00_Z0169.tif
k292_1_1x_488_008na_1hfds_z10um_350msec_40povlp_ch00_C00_Z0170.tif
k292_1_1x_488_008na_1hfds_z10um_350msec_40povlp_ch00_C00_Z0171.tif
k292_1_1x_488_008na_1hfds_z10um_350msec_40povlp_ch00_C00_Z0172.tif
k292_1_1x_488_008na_1hfds_z10um_350msec_40povlp_ch00_C00_Z0173.tif
k292_1_1x_488_008na_1hfds_z10um_350msec_40povlp_ch00_C00_Z0174.tif
k292_1_1x_488_008na_1hfds_z10um_350msec_40povlp_ch00_C00_Z0175.tif
k292_1_1x_488_008na_1hfds_z10um_350msec_40povlp_ch00_C00_Z0176.tif
k292_1_1x_488_008na_1hfds_z10um_350msec_40povlp_ch00_C00_Z0177.tif
k292_1_1x_488_008na_1hfds_z10um_350msec_40povlp_ch00_C00_Z0178.tif
k292_1_1x_488_008na_1hfds_z10um_350msec_40povlp_ch00_C00_Z0179.tif
k292_1_1x_488_008na_1hfds_z10um_350msec_40povlp_ch00_C00_Z0400.tif
k292_1_1x_488_008na_1hfds_z10um_350msec_40povlp_ch00_C00_Z0401.tif
k292_1_1x_488_008na_1hfds_z10um_350msec_40povlp_ch00_C00_Z0402.tif
k292_1_1x_488_008na_1hfds_z10um_350msec_40povlp_ch00_C00_Z0403.tif
k292_1_1x_488_008na_1hfds_z10um_350msec_40povlp_ch00_C00_Z0404.tif
k292_1_1x_488_008na_1hfds_z10um_350msec_40povlp_ch00_C00_Z0405.tif
k292_1_1x_488_008na_1hfds_z10um_350msec_40povlp_ch00_C00_Z0406.tif
k292_1_1x_488_008na_1hfds_z10um_350msec_40povlp_ch00_C00_Z0407.tif
k292_1_1x_488_008na_1hfds_z10um_350msec_40povlp_ch00_C00_Z0408.tif
k292_1_1x_488_008na_1hfds_z10um_350msec_40povlp_ch00_C00_Z0409.tif
k292_1_1x_488_008na_1hfds_z10um_350msec_40povlp_ch00_C00_Z0410.tif
k292_1_1x_488_008na_1hfds_z10um_350msec_40povlp_ch00_C00_Z0411.tif
k292_1_1x_488_008na_1hfds_z10um_350msec_40povlp_ch00_C00_Z0412.tif
k292_1_1x_488_008na_1hfds_z10um_350msec_40povlp_ch00_C00_Z0413.tif
k292_1_1x_488_008na_1hfds_z10um_350msec_40povlp_ch00_C00_Z0414.tif
k292_1_1x_488_008na_1hfds_z10um_350msec_40povlp_ch00_C00_Z0415.tif
k292_1_1x_488_008na_1hfds_z10um_350msec_40povlp_ch00_C00_Z0416.tif
k292_1_1x_488_008na_1hfds_z10um_350msec_40povlp_ch00_C00_Z0417.tif
k292_1_1x_488_008na_1hfds_z10um_350msec_40povlp_ch00_C00_Z0418.tif
k292_1_1x_488_008na_1hfds_z10um_350msec_40povlp_ch00_C00_Z0419.tif
k292_1_1x_488_008na_1hfds_z10um_350msec_40povlp_ch00_C00_Z0680.tif
k292_1_1x_488_008na_1hfds_z10um_350msec_40povlp_ch00_C00_Z0681.tif
k292_1_1x_488_008na_1hfds_z10um_350msec_40povlp_ch00_C00_Z0682.tif
k292_1_1x_488_008na_1hfds_z10um_350msec_40povlp_ch00_C00_Z0683.tif
k292_1_1x_488_008na_1hfds_z10um_350msec_40povlp_ch00_C00_Z0684.tif
k292_1_1x_488_008na_1hfds_z10um_350msec_40povlp_ch00_C00_Z0685.tif
k292_1_1x_488_008na_1hfds_z10um_350msec_40povlp_ch00_C00_Z0686.tif
k292_1_1x_488_008na_1hfds_z10um_350msec_40povlp_ch00_C00_Z0687.tif
k292_1_1x_488_008na_1hfds_z10um_350msec_40povlp_ch00_C00_Z0688.tif
k292_1_1x_488_008na_1hfds_z10um_350msec_40povlp_ch00_C00_Z0689.tif
k292_1_1x_488_008na_1hfds_z10um_350msec_40povlp_ch00_C00_Z0690.tif
k292_1_1x_488_008na_1hfds_z10um_350msec_40povlp_ch00_C00_Z0691.tif
k292_1_1x_488_008na_1hfds_z10um_350msec_40povlp_ch00_C00_Z0692.tif
k292_1_1x_488_008na_1hfds_z10um_350msec_40povlp_ch00_C00_Z0693.tif
k292_1_1x_488_008na_1hfds_z10um_350msec_40povlp_ch00_C00_Z0694.tif
k292_1_1x_488_008na_1hfds_z10um_350msec_40povlp_ch00_C00_Z0695.tif
k292_1_1x_488_008na_1hfds_z10um_350msec_40povlp_ch00_C00_Z0696.tif
k292_1_1x_488_008na_1hfds_z10um_350msec_40povlp_ch00_C00_Z0697.tif
k292_1_1x_488_008na_1hfds_z10um_350msec_40povlp_ch00_C00_Z0698.tif
k292_1_1x_488_008na_1hfds_z10um_350msec_40povlp_ch00_C00_Z0699.tif
k292_1_1x_488_008na_1hfds_z10um_350msec_40povlp_ch00_C00_Z0900.tif
k292_1_1x_488_008na_1hfds_z10um_350msec_40povlp_ch00_C00_Z0901.tif
k292_1_1x_488_008na_1hfds_z10um_350msec_40povlp_ch00_C00_Z0902.tif
k292_1_1x_488_008na_1hfds_z10um_350msec_40povlp_ch00_C00_Z0903.tif
k292_1_1x_488_008na_1hfds_z10um_350msec_40povlp_ch00_C00_Z0904.tif
k292_1_1x_488_008na_1hfds_z10um_350msec_40povlp_ch00_C00_Z0905.tif
k292_1_1x_488_008na_1hfds_z10um_350msec_40povlp_ch00_C00_Z0906.tif
k292_1_1x_488_008na_1hfds_z10um_350msec_40povlp_ch00_C00_Z0907.tif
k292_1_1x_488_008na_1hfds_z10um_350msec_40povlp_ch00_C00_Z0908.tif
k292_1_1x_488_008na_1hfds_z10um_350msec_40povlp_ch00_C00_Z0909.tif
k292_1_1x_488_008na_1hfds_z10um_350msec_40povlp_ch00_C00_Z0910.tif
k292_1_1x_488_008na_1hfds_z10um_350msec_40povlp_ch00_C00_Z0911.tif
k292_1_1x_488_008na_1hfds_z10um_350msec_40povlp_ch00_C00_Z0912.tif
k292_1_1x_488_008na_1hfds_z10um_350msec_40povlp_ch00_C00_Z0913.tif
k292_1_1x_488_008na_1hfds_z10um_350msec_40povlp_ch00_C00_Z0914.tif
k292_1_1x_488_008na_1hfds_z10um_350msec_40povlp_ch00_C00_Z0915.tif
k292_1_1x_488_008na_1hfds_z10um_350msec_40povlp_ch00_C00_Z0916.tif
k292_1_1x_488_008na_1hfds_z10um_350msec_40povlp_ch00_C00_Z0917.tif
k292_1_1x_488_008na_1hfds_z10um_350msec_40povlp_ch00_C00_Z0918.tif
k292_1_1x_488_008na_1hfds_z10um_350msec_40povlp_ch00_C00_Z0919.tif
k292_1_1x_488_008na_1hfds_z10um_350msec_40povlp_ch00_C00_Z0100.tif
k292_1_1x_488_008na_1hfds_z10um_350msec_40povlp_ch00_C00_Z0101.tif
k292_1_1x_488_008na_1hfds_z10um_350msec_40povlp_ch00_C00_Z0102.tif
k292_1_1x_488_008na_1hfds_z10um_350msec_40povlp_ch00_C00_Z0103.tif
k292_1_1x_488_008na_1hfds_z10um_350msec_40povlp_ch00_C00_Z0104.tif
k292_1_1x_488_008na_1hfds_z10um_350msec_40povlp_ch00_C00_Z0105.tif
k292_1_1x_488_008na_1hfds_z10um_350msec_40povlp_ch00_C00_Z0106.tif
k292_1_1x_488_008na_1hfds_z10um_350msec_40povlp_ch00_C00_Z0107.tif
k292_1_1x_488_008na_1hfds_z10um_350msec_40povlp_ch00_C00_Z0108.tif
k292_1_1x_488_008na_1hfds_z10um_350msec_40povlp_ch00_C00_Z0109.tif
k292_1_1x_488_008na_1hfds_z10um_350msec_40povlp_ch00_C00_Z0110.tif
k292_1_1x_488_008na_1hfds_z10um_350msec_40povlp_ch00_C00_Z0111.tif
k292_1_1x_488_008na_1hfds_z10um_350msec_40povlp_ch00_C00_Z0112.tif
k292_1_1x_488_008na_1hfds_z10um_350msec_40povlp_ch00_C00_Z0113.tif
k292_1_1x_488_008na_1hfds_z10um_350msec_40povlp_ch00_C00_Z0114.tif
k292_1_1x_488_008na_1hfds_z10um_350msec_40povlp_ch00_C00_Z0115.tif
k292_1_1x_488_008na_1hfds_z10um_350msec_40povlp_ch00_C00_Z0116.tif
k292_1_1x_488_008na_1hfds_z10um_350msec_40povlp_ch00_C00_Z0117.tif
k292_1_1x_488_008na_1hfds_z10um_350msec_40povlp_ch00_C00_Z0118.tif
k292_1_1x_488_008na_1hfds_z10um_350msec_40povlp_ch00_C00_Z0119.tif
k292_1_1x_488_008na_1hfds_z10um_350msec_40povlp_ch00_C00_Z0380.tif
k292_1_1x_488_008na_1hfds_z10um_350msec_40povlp_ch00_C00_Z0381.tif
k292_1_1x_488_008na_1hfds_z10um_350msec_40povlp_ch00_C00_Z0382.tif
k292_1_1x_488_008na_1hfds_z10um_350msec_40povlp_ch00_C00_Z0383.tif
k292_1_1x_488_008na_1hfds_z10um_350msec_40povlp_ch00_C00_Z0384.tif
k292_1_1x_488_008na_1hfds_z10um_350msec_40povlp_ch00_C00_Z0385.tif
k292_1_1x_488_008na_1hfds_z10um_350msec_40povlp_ch00_C00_Z0386.tif
k292_1_1x_488_008na_1hfds_z10um_350msec_40povlp_ch00_C00_Z0387.tif
k292_1_1x_488_008na_1hfds_z10um_350msec_40povlp_ch00_C00_Z0388.tif
k292_1_1x_488_008na_1hfds_z10um_350msec_40povlp_ch00_C00_Z0389.tif
k292_1_1x_488_008na_1hfds_z10um_350msec_40povlp_ch00_C00_Z0390.tif
k292_1_1x_488_008na_1hfds_z10um_350msec_40povlp_ch00_C00_Z0391.tif
k292_1_1x_488_008na_1hfds_z10um_350msec_40povlp_ch00_C00_Z0392.tif
k292_1_1x_488_008na_1hfds_z10um_350msec_40povlp_ch00_C00_Z0393.tif
k292_1_1x_488_008na_1hfds_z10um_350msec_40povlp_ch00_C00_Z0394.tif
k292_1_1x_488_008na_1hfds_z10um_350msec_40povlp_ch00_C00_Z0395.tif
k292_1_1x_488_008na_1hfds_z10um_350msec_40povlp_ch00_C00_Z0396.tif
k292_1_1x_488_008na_1hfds_z10um_350msec_40povlp_ch00_C00_Z0397.tif
k292_1_1x_488_008na_1hfds_z10um_350msec_40povlp_ch00_C00_Z0398.tif
k292_1_1x_488_008na_1hfds_z10um_350msec_40povlp_ch00_C00_Z0399.tif
k292_1_1x_488_008na_1hfds_z10um_350msec_40povlp_ch00_C00_Z0620.tif
k292_1_1x_488_008na_1hfds_z10um_350msec_40povlp_ch00_C00_Z0621.tif
k292_1_1x_488_008na_1hfds_z10um_350msec_40povlp_ch00_C00_Z0622.tif
k292_1_1x_488_008na_1hfds_z10um_350msec_40povlp_ch00_C00_Z0623.tif
k292_1_1x_488_008na_1hfds_z10um_350msec_40povlp_ch00_C00_Z0624.tif
k292_1_1x_488_008na_1hfds_z10um_350msec_40povlp_ch00_C00_Z0625.tif
k292_1_1x_488_008na_1hfds_z10um_350msec_40povlp_ch00_C00_Z0626.tif
k292_1_1x_488_008na_1hfds_z10um_350msec_40povlp_ch00_C00_Z0627.tif
k292_1_1x_488_008na_1hfds_z10um_350msec_40povlp_ch00_C00_Z0628.tif
k292_1_1x_488_008na_1hfds_z10um_350msec_40povlp_ch00_C00_Z0629.tif
k292_1_1x_488_008na_1hfds_z10um_350msec_40povlp_ch00_C00_Z0630.tif
k292_1_1x_488_008na_1hfds_z10um_350msec_40povlp_ch00_C00_Z0631.tif
k292_1_1x_488_008na_1hfds_z10um_350msec_40povlp_ch00_C00_Z0632.tif
k292_1_1x_488_008na_1hfds_z10um_350msec_40povlp_ch00_C00_Z0633.tif
k292_1_1x_488_008na_1hfds_z10um_350msec_40povlp_ch00_C00_Z0634.tif
k292_1_1x_488_008na_1hfds_z10um_350msec_40povlp_ch00_C00_Z0635.tif
k292_1_1x_488_008na_1hfds_z10um_350msec_40povlp_ch00_C00_Z0636.tif
k292_1_1x_488_008na_1hfds_z10um_350msec_40povlp_ch00_C00_Z0637.tif
k292_1_1x_488_008na_1hfds_z10um_350msec_40povlp_ch00_C00_Z0638.tif
k292_1_1x_488_008na_1hfds_z10um_350msec_40povlp_ch00_C00_Z0639.tif
k292_1_1x_488_008na_1hfds_z10um_350msec_40povlp_ch00_C00_Z0880.tif
k292_1_1x_488_008na_1hfds_z10um_350msec_40povlp_ch00_C00_Z0881.tif
k292_1_1x_488_008na_1hfds_z10um_350msec_40povlp_ch00_C00_Z0882.tif
k292_1_1x_488_008na_1hfds_z10um_350msec_40povlp_ch00_C00_Z0883.tif
k292_1_1x_488_008na_1hfds_z10um_350msec_40povlp_ch00_C00_Z0884.tif
k292_1_1x_488_008na_1hfds_z10um_350msec_40povlp_ch00_C00_Z0885.tif
k292_1_1x_488_008na_1hfds_z10um_350msec_40povlp_ch00_C00_Z0886.tif
k292_1_1x_488_008na_1hfds_z10um_350msec_40povlp_ch00_C00_Z0887.tif
k292_1_1x_488_008na_1hfds_z10um_350msec_40povlp_ch00_C00_Z0888.tif
k292_1_1x_488_008na_1hfds_z10um_350msec_40povlp_ch00_C00_Z0889.tif
k292_1_1x_488_008na_1hfds_z10um_350msec_40povlp_ch00_C00_Z0890.tif
k292_1_1x_488_008na_1hfds_z10um_350msec_40povlp_ch00_C00_Z0891.tif
k292_1_1x_488_008na_1hfds_z10um_350msec_40povlp_ch00_C00_Z0892.tif
k292_1_1x_488_008na_1hfds_z10um_350msec_40povlp_ch00_C00_Z0893.tif
k292_1_1x_488_008na_1hfds_z10um_350msec_40povlp_ch00_C00_Z0894.tif
k292_1_1x_488_008na_1hfds_z10um_350msec_40povlp_ch00_C00_Z0895.tif
k292_1_1x_488_008na_1hfds_z10um_350msec_40povlp_ch00_C00_Z0896.tif
k292_1_1x_488_008na_1hfds_z10um_350msec_40povlp_ch00_C00_Z0897.tif
k292_1_1x_488_008na_1hfds_z10um_350msec_40povlp_ch00_C00_Z0898.tif
k292_1_1x_488_008na_1hfds_z10um_350msec_40povlp_ch00_C00_Z0899.tif
k292_1_1x_488_008na_1hfds_z10um_350msec_40povlp_ch00_C00_Z0040.tif
k292_1_1x_488_008na_1hfds_z10um_350msec_40povlp_ch00_C00_Z0041.tif
k292_1_1x_488_008na_1hfds_z10um_350msec_40povlp_ch00_C00_Z0042.tif
k292_1_1x_488_008na_1hfds_z10um_350msec_40povlp_ch00_C00_Z0043.tif
k292_1_1x_488_008na_1hfds_z10um_350msec_40povlp_ch00_C00_Z0044.tif
k292_1_1x_488_008na_1hfds_z10um_350msec_40povlp_ch00_C00_Z0045.tif
k292_1_1x_488_008na_1hfds_z10um_350msec_40povlp_ch00_C00_Z0046.tif
k292_1_1x_488_008na_1hfds_z10um_350msec_40povlp_ch00_C00_Z0047.tif
k292_1_1x_488_008na_1hfds_z10um_350msec_40povlp_ch00_C00_Z0048.tif
k292_1_1x_488_008na_1hfds_z10um_350msec_40povlp_ch00_C00_Z0049.tif
k292_1_1x_488_008na_1hfds_z10um_350msec_40povlp_ch00_C00_Z0050.tif
k292_1_1x_488_008na_1hfds_z10um_350msec_40povlp_ch00_C00_Z0051.tif
k292_1_1x_488_008na_1hfds_z10um_350msec_40povlp_ch00_C00_Z0052.tif
k292_1_1x_488_008na_1hfds_z10um_350msec_40povlp_ch00_C00_Z0053.tif
k292_1_1x_488_008na_1hfds_z10um_350msec_40povlp_ch00_C00_Z0054.tif
k292_1_1x_488_008na_1hfds_z10um_350msec_40povlp_ch00_C00_Z0055.tif
k292_1_1x_488_008na_1hfds_z10um_350msec_40povlp_ch00_C00_Z0056.tif
k292_1_1x_488_008na_1hfds_z10um_350msec_40povlp_ch00_C00_Z0057.tif
k292_1_1x_488_008na_1hfds_z10um_350msec_40povlp_ch00_C00_Z0058.tif
k292_1_1x_488_008na_1hfds_z10um_350msec_40povlp_ch00_C00_Z0059.tif
k292_1_1x_488_008na_1hfds_z10um_350msec_40povlp_ch00_C00_Z0240.tif
k292_1_1x_488_008na_1hfds_z10um_350msec_40povlp_ch00_C00_Z0241.tif
k292_1_1x_488_008na_1hfds_z10um_350msec_40povlp_ch00_C00_Z0242.tif
k292_1_1x_488_008na_1hfds_z10um_350msec_40povlp_ch00_C00_Z0243.tif
k292_1_1x_488_008na_1hfds_z10um_350msec_40povlp_ch00_C00_Z0244.tif
k292_1_1x_488_008na_1hfds_z10um_350msec_40povlp_ch00_C00_Z0245.tif
k292_1_1x_488_008na_1hfds_z10um_350msec_40povlp_ch00_C00_Z0246.tif
k292_1_1x_488_008na_1hfds_z10um_350msec_40povlp_ch00_C00_Z0247.tif
k292_1_1x_488_008na_1hfds_z10um_350msec_40povlp_ch00_C00_Z0248.tif
k292_1_1x_488_008na_1hfds_z10um_350msec_40povlp_ch00_C00_Z0249.tif
k292_1_1x_488_008na_1hfds_z10um_350msec_40povlp_ch00_C00_Z0250.tif
k292_1_1x_488_008na_1hfds_z10um_350msec_40povlp_ch00_C00_Z0251.tif
k292_1_1x_488_008na_1hfds_z10um_350msec_40povlp_ch00_C00_Z0252.tif
k292_1_1x_488_008na_1hfds_z10um_350msec_40povlp_ch00_C00_Z0253.tif
k292_1_1x_488_008na_1hfds_z10um_350msec_40povlp_ch00_C00_Z0254.tif
k292_1_1x_488_008na_1hfds_z10um_350msec_40povlp_ch00_C00_Z0255.tif
k292_1_1x_488_008na_1hfds_z10um_350msec_40povlp_ch00_C00_Z0256.tif
k292_1_1x_488_008na_1hfds_z10um_350msec_40povlp_ch00_C00_Z0257.tif
k292_1_1x_488_008na_1hfds_z10um_350msec_40povlp_ch00_C00_Z0258.tif
k292_1_1x_488_008na_1hfds_z10um_350msec_40povlp_ch00_C00_Z0259.tif
k292_1_1x_488_008na_1hfds_z10um_350msec_40povlp_ch00_C00_Z0480.tif
k292_1_1x_488_008na_1hfds_z10um_350msec_40povlp_ch00_C00_Z0481.tif
k292_1_1x_488_008na_1hfds_z10um_350msec_40povlp_ch00_C00_Z0482.tif
k292_1_1x_488_008na_1hfds_z10um_350msec_40povlp_ch00_C00_Z0483.tif
k292_1_1x_488_008na_1hfds_z10um_350msec_40povlp_ch00_C00_Z0484.tif
k292_1_1x_488_008na_1hfds_z10um_350msec_40povlp_ch00_C00_Z0485.tif
k292_1_1x_488_008na_1hfds_z10um_350msec_40povlp_ch00_C00_Z0486.tif
k292_1_1x_488_008na_1hfds_z10um_350msec_40povlp_ch00_C00_Z0487.tif
k292_1_1x_488_008na_1hfds_z10um_350msec_40povlp_ch00_C00_Z0488.tif
k292_1_1x_488_008na_1hfds_z10um_350msec_40povlp_ch00_C00_Z0489.tif
k292_1_1x_488_008na_1hfds_z10um_350msec_40povlp_ch00_C00_Z0490.tif
k292_1_1x_488_008na_1hfds_z10um_350msec_40povlp_ch00_C00_Z0491.tif
k292_1_1x_488_008na_1hfds_z10um_350msec_40povlp_ch00_C00_Z0492.tif
k292_1_1x_488_008na_1hfds_z10um_350msec_40povlp_ch00_C00_Z0493.tif
k292_1_1x_488_008na_1hfds_z10um_350msec_40povlp_ch00_C00_Z0494.tif
k292_1_1x_488_008na_1hfds_z10um_350msec_40povlp_ch00_C00_Z0495.tif
k292_1_1x_488_008na_1hfds_z10um_350msec_40povlp_ch00_C00_Z0496.tif
k292_1_1x_488_008na_1hfds_z10um_350msec_40povlp_ch00_C00_Z0497.tif
k292_1_1x_488_008na_1hfds_z10um_350msec_40povlp_ch00_C00_Z0498.tif
k292_1_1x_488_008na_1hfds_z10um_350msec_40povlp_ch00_C00_Z0499.tif
k292_1_1x_488_008na_1hfds_z10um_350msec_40povlp_ch00_C00_Z0720.tif
k292_1_1x_488_008na_1hfds_z10um_350msec_40povlp_ch00_C00_Z0721.tif
k292_1_1x_488_008na_1hfds_z10um_350msec_40povlp_ch00_C00_Z0722.tif
k292_1_1x_488_008na_1hfds_z10um_350msec_40povlp_ch00_C00_Z0723.tif
k292_1_1x_488_008na_1hfds_z10um_350msec_40povlp_ch00_C00_Z0724.tif
k292_1_1x_488_008na_1hfds_z10um_350msec_40povlp_ch00_C00_Z0725.tif
k292_1_1x_488_008na_1hfds_z10um_350msec_40povlp_ch00_C00_Z0726.tif
k292_1_1x_488_008na_1hfds_z10um_350msec_40povlp_ch00_C00_Z0727.tif
k292_1_1x_488_008na_1hfds_z10um_350msec_40povlp_ch00_C00_Z0728.tif
k292_1_1x_488_008na_1hfds_z10um_350msec_40povlp_ch00_C00_Z0729.tif
k292_1_1x_488_008na_1hfds_z10um_350msec_40povlp_ch00_C00_Z0730.tif
k292_1_1x_488_008na_1hfds_z10um_350msec_40povlp_ch00_C00_Z0731.tif
k292_1_1x_488_008na_1hfds_z10um_350msec_40povlp_ch00_C00_Z0732.tif
k292_1_1x_488_008na_1hfds_z10um_350msec_40povlp_ch00_C00_Z0733.tif
k292_1_1x_488_008na_1hfds_z10um_350msec_40povlp_ch00_C00_Z0734.tif
k292_1_1x_488_008na_1hfds_z10um_350msec_40povlp_ch00_C00_Z0735.tif
k292_1_1x_488_008na_1hfds_z10um_350msec_40povlp_ch00_C00_Z0736.tif
k292_1_1x_488_008na_1hfds_z10um_350msec_40povlp_ch00_C00_Z0737.tif
k292_1_1x_488_008na_1hfds_z10um_350msec_40povlp_ch00_C00_Z0738.tif
k292_1_1x_488_008na_1hfds_z10um_350msec_40povlp_ch00_C00_Z0739.tif
k292_1_1x_488_008na_1hfds_z10um_350msec_40povlp_ch00_C00_Z0080.tif
k292_1_1x_488_008na_1hfds_z10um_350msec_40povlp_ch00_C00_Z0081.tif
k292_1_1x_488_008na_1hfds_z10um_350msec_40povlp_ch00_C00_Z0082.tif
k292_1_1x_488_008na_1hfds_z10um_350msec_40povlp_ch00_C00_Z0083.tif
k292_1_1x_488_008na_1hfds_z10um_350msec_40povlp_ch00_C00_Z0084.tif
k292_1_1x_488_008na_1hfds_z10um_350msec_40povlp_ch00_C00_Z0085.tif
k292_1_1x_488_008na_1hfds_z10um_350msec_40povlp_ch00_C00_Z0086.tif
k292_1_1x_488_008na_1hfds_z10um_350msec_40povlp_ch00_C00_Z0087.tif
k292_1_1x_488_008na_1hfds_z10um_350msec_40povlp_ch00_C00_Z0088.tif
k292_1_1x_488_008na_1hfds_z10um_350msec_40povlp_ch00_C00_Z0089.tif
k292_1_1x_488_008na_1hfds_z10um_350msec_40povlp_ch00_C00_Z0090.tif
k292_1_1x_488_008na_1hfds_z10um_350msec_40povlp_ch00_C00_Z0091.tif
k292_1_1x_488_008na_1hfds_z10um_350msec_40povlp_ch00_C00_Z0092.tif
k292_1_1x_488_008na_1hfds_z10um_350msec_40povlp_ch00_C00_Z0093.tif
k292_1_1x_488_008na_1hfds_z10um_350msec_40povlp_ch00_C00_Z0094.tif
k292_1_1x_488_008na_1hfds_z10um_350msec_40povlp_ch00_C00_Z0095.tif
k292_1_1x_488_008na_1hfds_z10um_350msec_40povlp_ch00_C00_Z0096.tif
k292_1_1x_488_008na_1hfds_z10um_350msec_40povlp_ch00_C00_Z0097.tif
k292_1_1x_488_008na_1hfds_z10um_350msec_40povlp_ch00_C00_Z0098.tif
k292_1_1x_488_008na_1hfds_z10um_350msec_40povlp_ch00_C00_Z0099.tif
k292_1_1x_488_008na_1hfds_z10um_350msec_40povlp_ch00_C00_Z0300.tif
k292_1_1x_488_008na_1hfds_z10um_350msec_40povlp_ch00_C00_Z0301.tif
k292_1_1x_488_008na_1hfds_z10um_350msec_40povlp_ch00_C00_Z0302.tif
k292_1_1x_488_008na_1hfds_z10um_350msec_40povlp_ch00_C00_Z0303.tif
k292_1_1x_488_008na_1hfds_z10um_350msec_40povlp_ch00_C00_Z0304.tif
k292_1_1x_488_008na_1hfds_z10um_350msec_40povlp_ch00_C00_Z0305.tif
k292_1_1x_488_008na_1hfds_z10um_350msec_40povlp_ch00_C00_Z0306.tif
k292_1_1x_488_008na_1hfds_z10um_350msec_40povlp_ch00_C00_Z0307.tif
k292_1_1x_488_008na_1hfds_z10um_350msec_40povlp_ch00_C00_Z0308.tif
k292_1_1x_488_008na_1hfds_z10um_350msec_40povlp_ch00_C00_Z0309.tif
k292_1_1x_488_008na_1hfds_z10um_350msec_40povlp_ch00_C00_Z0310.tif
k292_1_1x_488_008na_1hfds_z10um_350msec_40povlp_ch00_C00_Z0311.tif
k292_1_1x_488_008na_1hfds_z10um_350msec_40povlp_ch00_C00_Z0312.tif
k292_1_1x_488_008na_1hfds_z10um_350msec_40povlp_ch00_C00_Z0313.tif
k292_1_1x_488_008na_1hfds_z10um_350msec_40povlp_ch00_C00_Z0314.tif
k292_1_1x_488_008na_1hfds_z10um_350msec_40povlp_ch00_C00_Z0315.tif
k292_1_1x_488_008na_1hfds_z10um_350msec_40povlp_ch00_C00_Z0316.tif
k292_1_1x_488_008na_1hfds_z10um_350msec_40povlp_ch00_C00_Z0317.tif
k292_1_1x_488_008na_1hfds_z10um_350msec_40povlp_ch00_C00_Z0318.tif
k292_1_1x_488_008na_1hfds_z10um_350msec_40povlp_ch00_C00_Z0319.tif
k292_1_1x_488_008na_1hfds_z10um_350msec_40povlp_ch00_C00_Z0540.tif
k292_1_1x_488_008na_1hfds_z10um_350msec_40povlp_ch00_C00_Z0541.tif
k292_1_1x_488_008na_1hfds_z10um_350msec_40povlp_ch00_C00_Z0542.tif
k292_1_1x_488_008na_1hfds_z10um_350msec_40povlp_ch00_C00_Z0543.tif
k292_1_1x_488_008na_1hfds_z10um_350msec_40povlp_ch00_C00_Z0544.tif
k292_1_1x_488_008na_1hfds_z10um_350msec_40povlp_ch00_C00_Z0545.tif
k292_1_1x_488_008na_1hfds_z10um_350msec_40povlp_ch00_C00_Z0546.tif
k292_1_1x_488_008na_1hfds_z10um_350msec_40povlp_ch00_C00_Z0547.tif
k292_1_1x_488_008na_1hfds_z10um_350msec_40povlp_ch00_C00_Z0548.tif
k292_1_1x_488_008na_1hfds_z10um_350msec_40povlp_ch00_C00_Z0549.tif
k292_1_1x_488_008na_1hfds_z10um_350msec_40povlp_ch00_C00_Z0550.tif
k292_1_1x_488_008na_1hfds_z10um_350msec_40povlp_ch00_C00_Z0551.tif
k292_1_1x_488_008na_1hfds_z10um_350msec_40povlp_ch00_C00_Z0552.tif
k292_1_1x_488_008na_1hfds_z10um_350msec_40povlp_ch00_C00_Z0553.tif
k292_1_1x_488_008na_1hfds_z10um_350msec_40povlp_ch00_C00_Z0554.tif
k292_1_1x_488_008na_1hfds_z10um_350msec_40povlp_ch00_C00_Z0555.tif
k292_1_1x_488_008na_1hfds_z10um_350msec_40povlp_ch00_C00_Z0556.tif
k292_1_1x_488_008na_1hfds_z10um_350msec_40povlp_ch00_C00_Z0557.tif
k292_1_1x_488_008na_1hfds_z10um_350msec_40povlp_ch00_C00_Z0558.tif
k292_1_1x_488_008na_1hfds_z10um_350msec_40povlp_ch00_C00_Z0559.tif
k292_1_1x_488_008na_1hfds_z10um_350msec_40povlp_ch00_C00_Z0760.tif
k292_1_1x_488_008na_1hfds_z10um_350msec_40povlp_ch00_C00_Z0761.tif
k292_1_1x_488_008na_1hfds_z10um_350msec_40povlp_ch00_C00_Z0762.tif
k292_1_1x_488_008na_1hfds_z10um_350msec_40povlp_ch00_C00_Z0763.tif
k292_1_1x_488_008na_1hfds_z10um_350msec_40povlp_ch00_C00_Z0764.tif
k292_1_1x_488_008na_1hfds_z10um_350msec_40povlp_ch00_C00_Z0765.tif
k292_1_1x_488_008na_1hfds_z10um_350msec_40povlp_ch00_C00_Z0766.tif
k292_1_1x_488_008na_1hfds_z10um_350msec_40povlp_ch00_C00_Z0767.tif
k292_1_1x_488_008na_1hfds_z10um_350msec_40povlp_ch00_C00_Z0768.tif
k292_1_1x_488_008na_1hfds_z10um_350msec_40povlp_ch00_C00_Z0769.tif
k292_1_1x_488_008na_1hfds_z10um_350msec_40povlp_ch00_C00_Z0770.tif
k292_1_1x_488_008na_1hfds_z10um_350msec_40povlp_ch00_C00_Z0771.tif
k292_1_1x_488_008na_1hfds_z10um_350msec_40povlp_ch00_C00_Z0772.tif
k292_1_1x_488_008na_1hfds_z10um_350msec_40povlp_ch00_C00_Z0773.tif
k292_1_1x_488_008na_1hfds_z10um_350msec_40povlp_ch00_C00_Z0774.tif
k292_1_1x_488_008na_1hfds_z10um_350msec_40povlp_ch00_C00_Z0775.tif
k292_1_1x_488_008na_1hfds_z10um_350msec_40povlp_ch00_C00_Z0776.tif
k292_1_1x_488_008na_1hfds_z10um_350msec_40povlp_ch00_C00_Z0777.tif
k292_1_1x_488_008na_1hfds_z10um_350msec_40povlp_ch00_C00_Z0778.tif
k292_1_1x_488_008na_1hfds_z10um_350msec_40povlp_ch00_C00_Z0779.tif
k292_1_1x_488_008na_1hfds_z10um_350msec_40povlp_ch00_C00_Z0220.tif
k292_1_1x_488_008na_1hfds_z10um_350msec_40povlp_ch00_C00_Z0221.tif
k292_1_1x_488_008na_1hfds_z10um_350msec_40povlp_ch00_C00_Z0222.tif
k292_1_1x_488_008na_1hfds_z10um_350msec_40povlp_ch00_C00_Z0223.tif
k292_1_1x_488_008na_1hfds_z10um_350msec_40povlp_ch00_C00_Z0224.tif
k292_1_1x_488_008na_1hfds_z10um_350msec_40povlp_ch00_C00_Z0225.tif
k292_1_1x_488_008na_1hfds_z10um_350msec_40povlp_ch00_C00_Z0226.tif
k292_1_1x_488_008na_1hfds_z10um_350msec_40povlp_ch00_C00_Z0227.tif
k292_1_1x_488_008na_1hfds_z10um_350msec_40povlp_ch00_C00_Z0228.tif
k292_1_1x_488_008na_1hfds_z10um_350msec_40povlp_ch00_C00_Z0229.tif
k292_1_1x_488_008na_1hfds_z10um_350msec_40povlp_ch00_C00_Z0230.tif
k292_1_1x_488_008na_1hfds_z10um_350msec_40povlp_ch00_C00_Z0231.tif
k292_1_1x_488_008na_1hfds_z10um_350msec_40povlp_ch00_C00_Z0232.tif
k292_1_1x_488_008na_1hfds_z10um_350msec_40povlp_ch00_C00_Z0233.tif
k292_1_1x_488_008na_1hfds_z10um_350msec_40povlp_ch00_C00_Z0234.tif
k292_1_1x_488_008na_1hfds_z10um_350msec_40povlp_ch00_C00_Z0235.tif
k292_1_1x_488_008na_1hfds_z10um_350msec_40povlp_ch00_C00_Z0236.tif
k292_1_1x_488_008na_1hfds_z10um_350msec_40povlp_ch00_C00_Z0237.tif
k292_1_1x_488_008na_1hfds_z10um_350msec_40povlp_ch00_C00_Z0238.tif
k292_1_1x_488_008na_1hfds_z10um_350msec_40povlp_ch00_C00_Z0239.tif
k292_1_1x_488_008na_1hfds_z10um_350msec_40povlp_ch00_C00_Z0440.tif
k292_1_1x_488_008na_1hfds_z10um_350msec_40povlp_ch00_C00_Z0441.tif
k292_1_1x_488_008na_1hfds_z10um_350msec_40povlp_ch00_C00_Z0442.tif
k292_1_1x_488_008na_1hfds_z10um_350msec_40povlp_ch00_C00_Z0443.tif
k292_1_1x_488_008na_1hfds_z10um_350msec_40povlp_ch00_C00_Z0444.tif
k292_1_1x_488_008na_1hfds_z10um_350msec_40povlp_ch00_C00_Z0445.tif
k292_1_1x_488_008na_1hfds_z10um_350msec_40povlp_ch00_C00_Z0446.tif
k292_1_1x_488_008na_1hfds_z10um_350msec_40povlp_ch00_C00_Z0447.tif
k292_1_1x_488_008na_1hfds_z10um_350msec_40povlp_ch00_C00_Z0448.tif
k292_1_1x_488_008na_1hfds_z10um_350msec_40povlp_ch00_C00_Z0449.tif
k292_1_1x_488_008na_1hfds_z10um_350msec_40povlp_ch00_C00_Z0450.tif
k292_1_1x_488_008na_1hfds_z10um_350msec_40povlp_ch00_C00_Z0451.tif
k292_1_1x_488_008na_1hfds_z10um_350msec_40povlp_ch00_C00_Z0452.tif
k292_1_1x_488_008na_1hfds_z10um_350msec_40povlp_ch00_C00_Z0453.tif
k292_1_1x_488_008na_1hfds_z10um_350msec_40povlp_ch00_C00_Z0454.tif
k292_1_1x_488_008na_1hfds_z10um_350msec_40povlp_ch00_C00_Z0455.tif
k292_1_1x_488_008na_1hfds_z10um_350msec_40povlp_ch00_C00_Z0456.tif
k292_1_1x_488_008na_1hfds_z10um_350msec_40povlp_ch00_C00_Z0457.tif
k292_1_1x_488_008na_1hfds_z10um_350msec_40povlp_ch00_C00_Z0458.tif
k292_1_1x_488_008na_1hfds_z10um_350msec_40povlp_ch00_C00_Z0459.tif
k292_1_1x_488_008na_1hfds_z10um_350msec_40povlp_ch00_C00_Z0660.tif
k292_1_1x_488_008na_1hfds_z10um_350msec_40povlp_ch00_C00_Z0661.tif
k292_1_1x_488_008na_1hfds_z10um_350msec_40povlp_ch00_C00_Z0662.tif
k292_1_1x_488_008na_1hfds_z10um_350msec_40povlp_ch00_C00_Z0663.tif
k292_1_1x_488_008na_1hfds_z10um_350msec_40povlp_ch00_C00_Z0664.tif
k292_1_1x_488_008na_1hfds_z10um_350msec_40povlp_ch00_C00_Z0665.tif
k292_1_1x_488_008na_1hfds_z10um_350msec_40povlp_ch00_C00_Z0666.tif
k292_1_1x_488_008na_1hfds_z10um_350msec_40povlp_ch00_C00_Z0667.tif
k292_1_1x_488_008na_1hfds_z10um_350msec_40povlp_ch00_C00_Z0668.tif
k292_1_1x_488_008na_1hfds_z10um_350msec_40povlp_ch00_C00_Z0669.tif
k292_1_1x_488_008na_1hfds_z10um_350msec_40povlp_ch00_C00_Z0670.tif
k292_1_1x_488_008na_1hfds_z10um_350msec_40povlp_ch00_C00_Z0671.tif
k292_1_1x_488_008na_1hfds_z10um_350msec_40povlp_ch00_C00_Z0672.tif
k292_1_1x_488_008na_1hfds_z10um_350msec_40povlp_ch00_C00_Z0673.tif
k292_1_1x_488_008na_1hfds_z10um_350msec_40povlp_ch00_C00_Z0674.tif
k292_1_1x_488_008na_1hfds_z10um_350msec_40povlp_ch00_C00_Z0675.tif
k292_1_1x_488_008na_1hfds_z10um_350msec_40povlp_ch00_C00_Z0676.tif
k292_1_1x_488_008na_1hfds_z10um_350msec_40povlp_ch00_C00_Z0677.tif
k292_1_1x_488_008na_1hfds_z10um_350msec_40povlp_ch00_C00_Z0678.tif
k292_1_1x_488_008na_1hfds_z10um_350msec_40povlp_ch00_C00_Z0679.tif
k292_1_1x_488_008na_1hfds_z10um_350msec_40povlp_ch00_C00_Z0860.tif
k292_1_1x_488_008na_1hfds_z10um_350msec_40povlp_ch00_C00_Z0861.tif
k292_1_1x_488_008na_1hfds_z10um_350msec_40povlp_ch00_C00_Z0862.tif
k292_1_1x_488_008na_1hfds_z10um_350msec_40povlp_ch00_C00_Z0863.tif
k292_1_1x_488_008na_1hfds_z10um_350msec_40povlp_ch00_C00_Z0864.tif
k292_1_1x_488_008na_1hfds_z10um_350msec_40povlp_ch00_C00_Z0865.tif
k292_1_1x_488_008na_1hfds_z10um_350msec_40povlp_ch00_C00_Z0866.tif
k292_1_1x_488_008na_1hfds_z10um_350msec_40povlp_ch00_C00_Z0867.tif
k292_1_1x_488_008na_1hfds_z10um_350msec_40povlp_ch00_C00_Z0868.tif
k292_1_1x_488_008na_1hfds_z10um_350msec_40povlp_ch00_C00_Z0869.tif
k292_1_1x_488_008na_1hfds_z10um_350msec_40povlp_ch00_C00_Z0870.tif
k292_1_1x_488_008na_1hfds_z10um_350msec_40povlp_ch00_C00_Z0871.tif
k292_1_1x_488_008na_1hfds_z10um_350msec_40povlp_ch00_C00_Z0872.tif
k292_1_1x_488_008na_1hfds_z10um_350msec_40povlp_ch00_C00_Z0873.tif
k292_1_1x_488_008na_1hfds_z10um_350msec_40povlp_ch00_C00_Z0874.tif
k292_1_1x_488_008na_1hfds_z10um_350msec_40povlp_ch00_C00_Z0875.tif
k292_1_1x_488_008na_1hfds_z10um_350msec_40povlp_ch00_C00_Z0876.tif
k292_1_1x_488_008na_1hfds_z10um_350msec_40povlp_ch00_C00_Z0877.tif
k292_1_1x_488_008na_1hfds_z10um_350msec_40povlp_ch00_C00_Z0878.tif
k292_1_1x_488_008na_1hfds_z10um_350msec_40povlp_ch00_C00_Z0879.tif
k292_1_1x_488_008na_1hfds_z10um_350msec_40povlp_ch00_C00_Z0020.tif
k292_1_1x_488_008na_1hfds_z10um_350msec_40povlp_ch00_C00_Z0021.tif
k292_1_1x_488_008na_1hfds_z10um_350msec_40povlp_ch00_C00_Z0022.tif
k292_1_1x_488_008na_1hfds_z10um_350msec_40povlp_ch00_C00_Z0023.tif
k292_1_1x_488_008na_1hfds_z10um_350msec_40povlp_ch00_C00_Z0024.tif
k292_1_1x_488_008na_1hfds_z10um_350msec_40povlp_ch00_C00_Z0025.tif
k292_1_1x_488_008na_1hfds_z10um_350msec_40povlp_ch00_C00_Z0026.tif
k292_1_1x_488_008na_1hfds_z10um_350msec_40povlp_ch00_C00_Z0027.tif
k292_1_1x_488_008na_1hfds_z10um_350msec_40povlp_ch00_C00_Z0028.tif
k292_1_1x_488_008na_1hfds_z10um_350msec_40povlp_ch00_C00_Z0029.tif
k292_1_1x_488_008na_1hfds_z10um_350msec_40povlp_ch00_C00_Z0030.tif
k292_1_1x_488_008na_1hfds_z10um_350msec_40povlp_ch00_C00_Z0031.tif
k292_1_1x_488_008na_1hfds_z10um_350msec_40povlp_ch00_C00_Z0032.tif
k292_1_1x_488_008na_1hfds_z10um_350msec_40povlp_ch00_C00_Z0033.tif
k292_1_1x_488_008na_1hfds_z10um_350msec_40povlp_ch00_C00_Z0034.tif
k292_1_1x_488_008na_1hfds_z10um_350msec_40povlp_ch00_C00_Z0035.tif
k292_1_1x_488_008na_1hfds_z10um_350msec_40povlp_ch00_C00_Z0036.tif
k292_1_1x_488_008na_1hfds_z10um_350msec_40povlp_ch00_C00_Z0037.tif
k292_1_1x_488_008na_1hfds_z10um_350msec_40povlp_ch00_C00_Z0038.tif
k292_1_1x_488_008na_1hfds_z10um_350msec_40povlp_ch00_C00_Z0039.tif
k292_1_1x_488_008na_1hfds_z10um_350msec_40povlp_ch00_C00_Z0280.tif
k292_1_1x_488_008na_1hfds_z10um_350msec_40povlp_ch00_C00_Z0281.tif
k292_1_1x_488_008na_1hfds_z10um_350msec_40povlp_ch00_C00_Z0282.tif
k292_1_1x_488_008na_1hfds_z10um_350msec_40povlp_ch00_C00_Z0283.tif
k292_1_1x_488_008na_1hfds_z10um_350msec_40povlp_ch00_C00_Z0284.tif
k292_1_1x_488_008na_1hfds_z10um_350msec_40povlp_ch00_C00_Z0285.tif
k292_1_1x_488_008na_1hfds_z10um_350msec_40povlp_ch00_C00_Z0286.tif
k292_1_1x_488_008na_1hfds_z10um_350msec_40povlp_ch00_C00_Z0287.tif
k292_1_1x_488_008na_1hfds_z10um_350msec_40povlp_ch00_C00_Z0288.tif
k292_1_1x_488_008na_1hfds_z10um_350msec_40povlp_ch00_C00_Z0289.tif
k292_1_1x_488_008na_1hfds_z10um_350msec_40povlp_ch00_C00_Z0290.tif
k292_1_1x_488_008na_1hfds_z10um_350msec_40povlp_ch00_C00_Z0291.tif
k292_1_1x_488_008na_1hfds_z10um_350msec_40povlp_ch00_C00_Z0292.tif
k292_1_1x_488_008na_1hfds_z10um_350msec_40povlp_ch00_C00_Z0293.tif
k292_1_1x_488_008na_1hfds_z10um_350msec_40povlp_ch00_C00_Z0294.tif
k292_1_1x_488_008na_1hfds_z10um_350msec_40povlp_ch00_C00_Z0295.tif
k292_1_1x_488_008na_1hfds_z10um_350msec_40povlp_ch00_C00_Z0296.tif
k292_1_1x_488_008na_1hfds_z10um_350msec_40povlp_ch00_C00_Z0297.tif
k292_1_1x_488_008na_1hfds_z10um_350msec_40povlp_ch00_C00_Z0298.tif
k292_1_1x_488_008na_1hfds_z10um_350msec_40povlp_ch00_C00_Z0299.tif
k292_1_1x_488_008na_1hfds_z10um_350msec_40povlp_ch00_C00_Z0500.tif
k292_1_1x_488_008na_1hfds_z10um_350msec_40povlp_ch00_C00_Z0501.tif
k292_1_1x_488_008na_1hfds_z10um_350msec_40povlp_ch00_C00_Z0502.tif
k292_1_1x_488_008na_1hfds_z10um_350msec_40povlp_ch00_C00_Z0503.tif
k292_1_1x_488_008na_1hfds_z10um_350msec_40povlp_ch00_C00_Z0504.tif
k292_1_1x_488_008na_1hfds_z10um_350msec_40povlp_ch00_C00_Z0505.tif
k292_1_1x_488_008na_1hfds_z10um_350msec_40povlp_ch00_C00_Z0506.tif
k292_1_1x_488_008na_1hfds_z10um_350msec_40povlp_ch00_C00_Z0507.tif
k292_1_1x_488_008na_1hfds_z10um_350msec_40povlp_ch00_C00_Z0508.tif
k292_1_1x_488_008na_1hfds_z10um_350msec_40povlp_ch00_C00_Z0509.tif
k292_1_1x_488_008na_1hfds_z10um_350msec_40povlp_ch00_C00_Z0510.tif
k292_1_1x_488_008na_1hfds_z10um_350msec_40povlp_ch00_C00_Z0511.tif
k292_1_1x_488_008na_1hfds_z10um_350msec_40povlp_ch00_C00_Z0512.tif
k292_1_1x_488_008na_1hfds_z10um_350msec_40povlp_ch00_C00_Z0513.tif
k292_1_1x_488_008na_1hfds_z10um_350msec_40povlp_ch00_C00_Z0514.tif
k292_1_1x_488_008na_1hfds_z10um_350msec_40povlp_ch00_C00_Z0515.tif
k292_1_1x_488_008na_1hfds_z10um_350msec_40povlp_ch00_C00_Z0516.tif
k292_1_1x_488_008na_1hfds_z10um_350msec_40povlp_ch00_C00_Z0517.tif
k292_1_1x_488_008na_1hfds_z10um_350msec_40povlp_ch00_C00_Z0518.tif
k292_1_1x_488_008na_1hfds_z10um_350msec_40povlp_ch00_C00_Z0519.tif
k292_1_1x_488_008na_1hfds_z10um_350msec_40povlp_ch00_C00_Z0740.tif
k292_1_1x_488_008na_1hfds_z10um_350msec_40povlp_ch00_C00_Z0741.tif
k292_1_1x_488_008na_1hfds_z10um_350msec_40povlp_ch00_C00_Z0742.tif
k292_1_1x_488_008na_1hfds_z10um_350msec_40povlp_ch00_C00_Z0743.tif
k292_1_1x_488_008na_1hfds_z10um_350msec_40povlp_ch00_C00_Z0744.tif
k292_1_1x_488_008na_1hfds_z10um_350msec_40povlp_ch00_C00_Z0745.tif
k292_1_1x_488_008na_1hfds_z10um_350msec_40povlp_ch00_C00_Z0746.tif
k292_1_1x_488_008na_1hfds_z10um_350msec_40povlp_ch00_C00_Z0747.tif
k292_1_1x_488_008na_1hfds_z10um_350msec_40povlp_ch00_C00_Z0748.tif
k292_1_1x_488_008na_1hfds_z10um_350msec_40povlp_ch00_C00_Z0749.tif
k292_1_1x_488_008na_1hfds_z10um_350msec_40povlp_ch00_C00_Z0750.tif
k292_1_1x_488_008na_1hfds_z10um_350msec_40povlp_ch00_C00_Z0751.tif
k292_1_1x_488_008na_1hfds_z10um_350msec_40povlp_ch00_C00_Z0752.tif
k292_1_1x_488_008na_1hfds_z10um_350msec_40povlp_ch00_C00_Z0753.tif
k292_1_1x_488_008na_1hfds_z10um_350msec_40povlp_ch00_C00_Z0754.tif
k292_1_1x_488_008na_1hfds_z10um_350msec_40povlp_ch00_C00_Z0755.tif
k292_1_1x_488_008na_1hfds_z10um_350msec_40povlp_ch00_C00_Z0756.tif
k292_1_1x_488_008na_1hfds_z10um_350msec_40povlp_ch00_C00_Z0757.tif
k292_1_1x_488_008na_1hfds_z10um_350msec_40povlp_ch00_C00_Z0758.tif
k292_1_1x_488_008na_1hfds_z10um_350msec_40povlp_ch00_C00_Z0759.tif
k292_1_1x_488_008na_1hfds_z10um_350msec_40povlp_ch00_C00_Z0000.tif
k292_1_1x_488_008na_1hfds_z10um_350msec_40povlp_ch00_C00_Z0001.tif
k292_1_1x_488_008na_1hfds_z10um_350msec_40povlp_ch00_C00_Z0002.tif
k292_1_1x_488_008na_1hfds_z10um_350msec_40povlp_ch00_C00_Z0003.tif
k292_1_1x_488_008na_1hfds_z10um_350msec_40povlp_ch00_C00_Z0004.tif
k292_1_1x_488_008na_1hfds_z10um_350msec_40povlp_ch00_C00_Z0005.tif
k292_1_1x_488_008na_1hfds_z10um_350msec_40povlp_ch00_C00_Z0006.tif
k292_1_1x_488_008na_1hfds_z10um_350msec_40povlp_ch00_C00_Z0007.tif
k292_1_1x_488_008na_1hfds_z10um_350msec_40povlp_ch00_C00_Z0008.tif
k292_1_1x_488_008na_1hfds_z10um_350msec_40povlp_ch00_C00_Z0009.tif
k292_1_1x_488_008na_1hfds_z10um_350msec_40povlp_ch00_C00_Z0010.tif
k292_1_1x_488_008na_1hfds_z10um_350msec_40povlp_ch00_C00_Z0011.tif
k292_1_1x_488_008na_1hfds_z10um_350msec_40povlp_ch00_C00_Z0012.tif
k292_1_1x_488_008na_1hfds_z10um_350msec_40povlp_ch00_C00_Z0013.tif
k292_1_1x_488_008na_1hfds_z10um_350msec_40povlp_ch00_C00_Z0014.tif
k292_1_1x_488_008na_1hfds_z10um_350msec_40povlp_ch00_C00_Z0015.tif
k292_1_1x_488_008na_1hfds_z10um_350msec_40povlp_ch00_C00_Z0016.tif
k292_1_1x_488_008na_1hfds_z10um_350msec_40povlp_ch00_C00_Z0017.tif
k292_1_1x_488_008na_1hfds_z10um_350msec_40povlp_ch00_C00_Z0018.tif
k292_1_1x_488_008na_1hfds_z10um_350msec_40povlp_ch00_C00_Z0019.tif
k292_1_1x_488_008na_1hfds_z10um_350msec_40povlp_ch00_C00_Z0260.tif
k292_1_1x_488_008na_1hfds_z10um_350msec_40povlp_ch00_C00_Z0261.tif
k292_1_1x_488_008na_1hfds_z10um_350msec_40povlp_ch00_C00_Z0262.tif
k292_1_1x_488_008na_1hfds_z10um_350msec_40povlp_ch00_C00_Z0263.tif
k292_1_1x_488_008na_1hfds_z10um_350msec_40povlp_ch00_C00_Z0264.tif
k292_1_1x_488_008na_1hfds_z10um_350msec_40povlp_ch00_C00_Z0265.tif
k292_1_1x_488_008na_1hfds_z10um_350msec_40povlp_ch00_C00_Z0266.tif
k292_1_1x_488_008na_1hfds_z10um_350msec_40povlp_ch00_C00_Z0267.tif
k292_1_1x_488_008na_1hfds_z10um_350msec_40povlp_ch00_C00_Z0268.tif
k292_1_1x_488_008na_1hfds_z10um_350msec_40povlp_ch00_C00_Z0269.tif
k292_1_1x_488_008na_1hfds_z10um_350msec_40povlp_ch00_C00_Z0270.tif
k292_1_1x_488_008na_1hfds_z10um_350msec_40povlp_ch00_C00_Z0271.tif
k292_1_1x_488_008na_1hfds_z10um_350msec_40povlp_ch00_C00_Z0272.tif
k292_1_1x_488_008na_1hfds_z10um_350msec_40povlp_ch00_C00_Z0273.tif
k292_1_1x_488_008na_1hfds_z10um_350msec_40povlp_ch00_C00_Z0274.tif
k292_1_1x_488_008na_1hfds_z10um_350msec_40povlp_ch00_C00_Z0275.tif
k292_1_1x_488_008na_1hfds_z10um_350msec_40povlp_ch00_C00_Z0276.tif
k292_1_1x_488_008na_1hfds_z10um_350msec_40povlp_ch00_C00_Z0277.tif
k292_1_1x_488_008na_1hfds_z10um_350msec_40povlp_ch00_C00_Z0278.tif
k292_1_1x_488_008na_1hfds_z10um_350msec_40povlp_ch00_C00_Z0279.tif
k292_1_1x_488_008na_1hfds_z10um_350msec_40povlp_ch00_C00_Z0520.tif
k292_1_1x_488_008na_1hfds_z10um_350msec_40povlp_ch00_C00_Z0521.tif
k292_1_1x_488_008na_1hfds_z10um_350msec_40povlp_ch00_C00_Z0522.tif
k292_1_1x_488_008na_1hfds_z10um_350msec_40povlp_ch00_C00_Z0523.tif
k292_1_1x_488_008na_1hfds_z10um_350msec_40povlp_ch00_C00_Z0524.tif
k292_1_1x_488_008na_1hfds_z10um_350msec_40povlp_ch00_C00_Z0525.tif
k292_1_1x_488_008na_1hfds_z10um_350msec_40povlp_ch00_C00_Z0526.tif
k292_1_1x_488_008na_1hfds_z10um_350msec_40povlp_ch00_C00_Z0527.tif
k292_1_1x_488_008na_1hfds_z10um_350msec_40povlp_ch00_C00_Z0528.tif
k292_1_1x_488_008na_1hfds_z10um_350msec_40povlp_ch00_C00_Z0529.tif
k292_1_1x_488_008na_1hfds_z10um_350msec_40povlp_ch00_C00_Z0530.tif
k292_1_1x_488_008na_1hfds_z10um_350msec_40povlp_ch00_C00_Z0531.tif
k292_1_1x_488_008na_1hfds_z10um_350msec_40povlp_ch00_C00_Z0532.tif
k292_1_1x_488_008na_1hfds_z10um_350msec_40povlp_ch00_C00_Z0533.tif
k292_1_1x_488_008na_1hfds_z10um_350msec_40povlp_ch00_C00_Z0534.tif
k292_1_1x_488_008na_1hfds_z10um_350msec_40povlp_ch00_C00_Z0535.tif
k292_1_1x_488_008na_1hfds_z10um_350msec_40povlp_ch00_C00_Z0536.tif
k292_1_1x_488_008na_1hfds_z10um_350msec_40povlp_ch00_C00_Z0537.tif
k292_1_1x_488_008na_1hfds_z10um_350msec_40povlp_ch00_C00_Z0538.tif
k292_1_1x_488_008na_1hfds_z10um_350msec_40povlp_ch00_C00_Z0539.tif
k292_1_1x_488_008na_1hfds_z10um_350msec_40povlp_ch00_C00_Z0780.tif
k292_1_1x_488_008na_1hfds_z10um_350msec_40povlp_ch00_C00_Z0781.tif
k292_1_1x_488_008na_1hfds_z10um_350msec_40povlp_ch00_C00_Z0782.tif
k292_1_1x_488_008na_1hfds_z10um_350msec_40povlp_ch00_C00_Z0783.tif
k292_1_1x_488_008na_1hfds_z10um_350msec_40povlp_ch00_C00_Z0784.tif
k292_1_1x_488_008na_1hfds_z10um_350msec_40povlp_ch00_C00_Z0785.tif
k292_1_1x_488_008na_1hfds_z10um_350msec_40povlp_ch00_C00_Z0786.tif
k292_1_1x_488_008na_1hfds_z10um_350msec_40povlp_ch00_C00_Z0787.tif
k292_1_1x_488_008na_1hfds_z10um_350msec_40povlp_ch00_C00_Z0788.tif
k292_1_1x_488_008na_1hfds_z10um_350msec_40povlp_ch00_C00_Z0789.tif
k292_1_1x_488_008na_1hfds_z10um_350msec_40povlp_ch00_C00_Z0790.tif
k292_1_1x_488_008na_1hfds_z10um_350msec_40povlp_ch00_C00_Z0791.tif
k292_1_1x_488_008na_1hfds_z10um_350msec_40povlp_ch00_C00_Z0792.tif
k292_1_1x_488_008na_1hfds_z10um_350msec_40povlp_ch00_C00_Z0793.tif
k292_1_1x_488_008na_1hfds_z10um_350msec_40povlp_ch00_C00_Z0794.tif
k292_1_1x_488_008na_1hfds_z10um_350msec_40povlp_ch00_C00_Z0795.tif
k292_1_1x_488_008na_1hfds_z10um_350msec_40povlp_ch00_C00_Z0796.tif
k292_1_1x_488_008na_1hfds_z10um_350msec_40povlp_ch00_C00_Z0797.tif
k292_1_1x_488_008na_1hfds_z10um_350msec_40povlp_ch00_C00_Z0798.tif
k292_1_1x_488_008na_1hfds_z10um_350msec_40povlp_ch00_C00_Z0799.tif
k292_1_1x_488_008na_1hfds_z10um_350msec_40povlp_ch00_C00_Z0060.tif
k292_1_1x_488_008na_1hfds_z10um_350msec_40povlp_ch00_C00_Z0061.tif
k292_1_1x_488_008na_1hfds_z10um_350msec_40povlp_ch00_C00_Z0062.tif
k292_1_1x_488_008na_1hfds_z10um_350msec_40povlp_ch00_C00_Z0063.tif
k292_1_1x_488_008na_1hfds_z10um_350msec_40povlp_ch00_C00_Z0064.tif
k292_1_1x_488_008na_1hfds_z10um_350msec_40povlp_ch00_C00_Z0065.tif
k292_1_1x_488_008na_1hfds_z10um_350msec_40povlp_ch00_C00_Z0066.tif
k292_1_1x_488_008na_1hfds_z10um_350msec_40povlp_ch00_C00_Z0067.tif
k292_1_1x_488_008na_1hfds_z10um_350msec_40povlp_ch00_C00_Z0068.tif
k292_1_1x_488_008na_1hfds_z10um_350msec_40povlp_ch00_C00_Z0069.tif
k292_1_1x_488_008na_1hfds_z10um_350msec_40povlp_ch00_C00_Z0070.tif
k292_1_1x_488_008na_1hfds_z10um_350msec_40povlp_ch00_C00_Z0071.tif
k292_1_1x_488_008na_1hfds_z10um_350msec_40povlp_ch00_C00_Z0072.tif
k292_1_1x_488_008na_1hfds_z10um_350msec_40povlp_ch00_C00_Z0073.tif
k292_1_1x_488_008na_1hfds_z10um_350msec_40povlp_ch00_C00_Z0074.tif
k292_1_1x_488_008na_1hfds_z10um_350msec_40povlp_ch00_C00_Z0075.tif
k292_1_1x_488_008na_1hfds_z10um_350msec_40povlp_ch00_C00_Z0076.tif
k292_1_1x_488_008na_1hfds_z10um_350msec_40povlp_ch00_C00_Z0077.tif
k292_1_1x_488_008na_1hfds_z10um_350msec_40povlp_ch00_C00_Z0078.tif
k292_1_1x_488_008na_1hfds_z10um_350msec_40povlp_ch00_C00_Z0079.tif
k292_1_1x_488_008na_1hfds_z10um_350msec_40povlp_ch00_C00_Z0320.tif
k292_1_1x_488_008na_1hfds_z10um_350msec_40povlp_ch00_C00_Z0321.tif
k292_1_1x_488_008na_1hfds_z10um_350msec_40povlp_ch00_C00_Z0322.tif
k292_1_1x_488_008na_1hfds_z10um_350msec_40povlp_ch00_C00_Z0323.tif
k292_1_1x_488_008na_1hfds_z10um_350msec_40povlp_ch00_C00_Z0324.tif
k292_1_1x_488_008na_1hfds_z10um_350msec_40povlp_ch00_C00_Z0325.tif
k292_1_1x_488_008na_1hfds_z10um_350msec_40povlp_ch00_C00_Z0326.tif
k292_1_1x_488_008na_1hfds_z10um_350msec_40povlp_ch00_C00_Z0327.tif
k292_1_1x_488_008na_1hfds_z10um_350msec_40povlp_ch00_C00_Z0328.tif
k292_1_1x_488_008na_1hfds_z10um_350msec_40povlp_ch00_C00_Z0329.tif
k292_1_1x_488_008na_1hfds_z10um_350msec_40povlp_ch00_C00_Z0330.tif
k292_1_1x_488_008na_1hfds_z10um_350msec_40povlp_ch00_C00_Z0331.tif
k292_1_1x_488_008na_1hfds_z10um_350msec_40povlp_ch00_C00_Z0332.tif
k292_1_1x_488_008na_1hfds_z10um_350msec_40povlp_ch00_C00_Z0333.tif
k292_1_1x_488_008na_1hfds_z10um_350msec_40povlp_ch00_C00_Z0334.tif
k292_1_1x_488_008na_1hfds_z10um_350msec_40povlp_ch00_C00_Z0335.tif
k292_1_1x_488_008na_1hfds_z10um_350msec_40povlp_ch00_C00_Z0336.tif
k292_1_1x_488_008na_1hfds_z10um_350msec_40povlp_ch00_C00_Z0337.tif
k292_1_1x_488_008na_1hfds_z10um_350msec_40povlp_ch00_C00_Z0338.tif
k292_1_1x_488_008na_1hfds_z10um_350msec_40povlp_ch00_C00_Z0339.tif
k292_1_1x_488_008na_1hfds_z10um_350msec_40povlp_ch00_C00_Z0560.tif
k292_1_1x_488_008na_1hfds_z10um_350msec_40povlp_ch00_C00_Z0561.tif
k292_1_1x_488_008na_1hfds_z10um_350msec_40povlp_ch00_C00_Z0562.tif
k292_1_1x_488_008na_1hfds_z10um_350msec_40povlp_ch00_C00_Z0563.tif
k292_1_1x_488_008na_1hfds_z10um_350msec_40povlp_ch00_C00_Z0564.tif
k292_1_1x_488_008na_1hfds_z10um_350msec_40povlp_ch00_C00_Z0565.tif
k292_1_1x_488_008na_1hfds_z10um_350msec_40povlp_ch00_C00_Z0566.tif
k292_1_1x_488_008na_1hfds_z10um_350msec_40povlp_ch00_C00_Z0567.tif
k292_1_1x_488_008na_1hfds_z10um_350msec_40povlp_ch00_C00_Z0568.tif
k292_1_1x_488_008na_1hfds_z10um_350msec_40povlp_ch00_C00_Z0569.tif
k292_1_1x_488_008na_1hfds_z10um_350msec_40povlp_ch00_C00_Z0570.tif
k292_1_1x_488_008na_1hfds_z10um_350msec_40povlp_ch00_C00_Z0571.tif
k292_1_1x_488_008na_1hfds_z10um_350msec_40povlp_ch00_C00_Z0572.tif
k292_1_1x_488_008na_1hfds_z10um_350msec_40povlp_ch00_C00_Z0573.tif
k292_1_1x_488_008na_1hfds_z10um_350msec_40povlp_ch00_C00_Z0574.tif
k292_1_1x_488_008na_1hfds_z10um_350msec_40povlp_ch00_C00_Z0575.tif
k292_1_1x_488_008na_1hfds_z10um_350msec_40povlp_ch00_C00_Z0576.tif
k292_1_1x_488_008na_1hfds_z10um_350msec_40povlp_ch00_C00_Z0577.tif
k292_1_1x_488_008na_1hfds_z10um_350msec_40povlp_ch00_C00_Z0578.tif
k292_1_1x_488_008na_1hfds_z10um_350msec_40povlp_ch00_C00_Z0579.tif
k292_1_1x_488_008na_1hfds_z10um_350msec_40povlp_ch00_C00_Z0800.tif
k292_1_1x_488_008na_1hfds_z10um_350msec_40povlp_ch00_C00_Z0801.tif
k292_1_1x_488_008na_1hfds_z10um_350msec_40povlp_ch00_C00_Z0802.tif
k292_1_1x_488_008na_1hfds_z10um_350msec_40povlp_ch00_C00_Z0803.tif
k292_1_1x_488_008na_1hfds_z10um_350msec_40povlp_ch00_C00_Z0804.tif
k292_1_1x_488_008na_1hfds_z10um_350msec_40povlp_ch00_C00_Z0805.tif
k292_1_1x_488_008na_1hfds_z10um_350msec_40povlp_ch00_C00_Z0806.tif
k292_1_1x_488_008na_1hfds_z10um_350msec_40povlp_ch00_C00_Z0807.tif
k292_1_1x_488_008na_1hfds_z10um_350msec_40povlp_ch00_C00_Z0808.tif
k292_1_1x_488_008na_1hfds_z10um_350msec_40povlp_ch00_C00_Z0809.tif
k292_1_1x_488_008na_1hfds_z10um_350msec_40povlp_ch00_C00_Z0810.tif
k292_1_1x_488_008na_1hfds_z10um_350msec_40povlp_ch00_C00_Z0811.tif
k292_1_1x_488_008na_1hfds_z10um_350msec_40povlp_ch00_C00_Z0812.tif
k292_1_1x_488_008na_1hfds_z10um_350msec_40povlp_ch00_C00_Z0813.tif
k292_1_1x_488_008na_1hfds_z10um_350msec_40povlp_ch00_C00_Z0814.tif
k292_1_1x_488_008na_1hfds_z10um_350msec_40povlp_ch00_C00_Z0815.tif
k292_1_1x_488_008na_1hfds_z10um_350msec_40povlp_ch00_C00_Z0816.tif
k292_1_1x_488_008na_1hfds_z10um_350msec_40povlp_ch00_C00_Z0817.tif
k292_1_1x_488_008na_1hfds_z10um_350msec_40povlp_ch00_C00_Z0818.tif
k292_1_1x_488_008na_1hfds_z10um_350msec_40povlp_ch00_C00_Z0819.tif
k292_1_1x_488_008na_1hfds_z10um_350msec_40povlp_ch00_C00_Z0140.tif
k292_1_1x_488_008na_1hfds_z10um_350msec_40povlp_ch00_C00_Z0141.tif
k292_1_1x_488_008na_1hfds_z10um_350msec_40povlp_ch00_C00_Z0142.tif
k292_1_1x_488_008na_1hfds_z10um_350msec_40povlp_ch00_C00_Z0143.tif
k292_1_1x_488_008na_1hfds_z10um_350msec_40povlp_ch00_C00_Z0144.tif
k292_1_1x_488_008na_1hfds_z10um_350msec_40povlp_ch00_C00_Z0145.tif
k292_1_1x_488_008na_1hfds_z10um_350msec_40povlp_ch00_C00_Z0146.tif
k292_1_1x_488_008na_1hfds_z10um_350msec_40povlp_ch00_C00_Z0147.tif
k292_1_1x_488_008na_1hfds_z10um_350msec_40povlp_ch00_C00_Z0148.tif
k292_1_1x_488_008na_1hfds_z10um_350msec_40povlp_ch00_C00_Z0149.tif
k292_1_1x_488_008na_1hfds_z10um_350msec_40povlp_ch00_C00_Z0150.tif
k292_1_1x_488_008na_1hfds_z10um_350msec_40povlp_ch00_C00_Z0151.tif
k292_1_1x_488_008na_1hfds_z10um_350msec_40povlp_ch00_C00_Z0152.tif
k292_1_1x_488_008na_1hfds_z10um_350msec_40povlp_ch00_C00_Z0153.tif
k292_1_1x_488_008na_1hfds_z10um_350msec_40povlp_ch00_C00_Z0154.tif
k292_1_1x_488_008na_1hfds_z10um_350msec_40povlp_ch00_C00_Z0155.tif
k292_1_1x_488_008na_1hfds_z10um_350msec_40povlp_ch00_C00_Z0156.tif
k292_1_1x_488_008na_1hfds_z10um_350msec_40povlp_ch00_C00_Z0157.tif
k292_1_1x_488_008na_1hfds_z10um_350msec_40povlp_ch00_C00_Z0158.tif
k292_1_1x_488_008na_1hfds_z10um_350msec_40povlp_ch00_C00_Z0159.tif
k292_1_1x_488_008na_1hfds_z10um_350msec_40povlp_ch00_C00_Z0360.tif
k292_1_1x_488_008na_1hfds_z10um_350msec_40povlp_ch00_C00_Z0361.tif
k292_1_1x_488_008na_1hfds_z10um_350msec_40povlp_ch00_C00_Z0362.tif
k292_1_1x_488_008na_1hfds_z10um_350msec_40povlp_ch00_C00_Z0363.tif
k292_1_1x_488_008na_1hfds_z10um_350msec_40povlp_ch00_C00_Z0364.tif
k292_1_1x_488_008na_1hfds_z10um_350msec_40povlp_ch00_C00_Z0365.tif
k292_1_1x_488_008na_1hfds_z10um_350msec_40povlp_ch00_C00_Z0366.tif
k292_1_1x_488_008na_1hfds_z10um_350msec_40povlp_ch00_C00_Z0367.tif
k292_1_1x_488_008na_1hfds_z10um_350msec_40povlp_ch00_C00_Z0368.tif
k292_1_1x_488_008na_1hfds_z10um_350msec_40povlp_ch00_C00_Z0369.tif
k292_1_1x_488_008na_1hfds_z10um_350msec_40povlp_ch00_C00_Z0370.tif
k292_1_1x_488_008na_1hfds_z10um_350msec_40povlp_ch00_C00_Z0371.tif
k292_1_1x_488_008na_1hfds_z10um_350msec_40povlp_ch00_C00_Z0372.tif
k292_1_1x_488_008na_1hfds_z10um_350msec_40povlp_ch00_C00_Z0373.tif
k292_1_1x_488_008na_1hfds_z10um_350msec_40povlp_ch00_C00_Z0374.tif
k292_1_1x_488_008na_1hfds_z10um_350msec_40povlp_ch00_C00_Z0375.tif
k292_1_1x_488_008na_1hfds_z10um_350msec_40povlp_ch00_C00_Z0376.tif
k292_1_1x_488_008na_1hfds_z10um_350msec_40povlp_ch00_C00_Z0377.tif
k292_1_1x_488_008na_1hfds_z10um_350msec_40povlp_ch00_C00_Z0378.tif
k292_1_1x_488_008na_1hfds_z10um_350msec_40povlp_ch00_C00_Z0379.tif
k292_1_1x_488_008na_1hfds_z10um_350msec_40povlp_ch00_C00_Z0600.tif
k292_1_1x_488_008na_1hfds_z10um_350msec_40povlp_ch00_C00_Z0601.tif
k292_1_1x_488_008na_1hfds_z10um_350msec_40povlp_ch00_C00_Z0602.tif
k292_1_1x_488_008na_1hfds_z10um_350msec_40povlp_ch00_C00_Z0603.tif
k292_1_1x_488_008na_1hfds_z10um_350msec_40povlp_ch00_C00_Z0604.tif
k292_1_1x_488_008na_1hfds_z10um_350msec_40povlp_ch00_C00_Z0605.tif
k292_1_1x_488_008na_1hfds_z10um_350msec_40povlp_ch00_C00_Z0606.tif
k292_1_1x_488_008na_1hfds_z10um_350msec_40povlp_ch00_C00_Z0607.tif
k292_1_1x_488_008na_1hfds_z10um_350msec_40povlp_ch00_C00_Z0608.tif
k292_1_1x_488_008na_1hfds_z10um_350msec_40povlp_ch00_C00_Z0609.tif
k292_1_1x_488_008na_1hfds_z10um_350msec_40povlp_ch00_C00_Z0610.tif
k292_1_1x_488_008na_1hfds_z10um_350msec_40povlp_ch00_C00_Z0611.tif
k292_1_1x_488_008na_1hfds_z10um_350msec_40povlp_ch00_C00_Z0612.tif
k292_1_1x_488_008na_1hfds_z10um_350msec_40povlp_ch00_C00_Z0613.tif
k292_1_1x_488_008na_1hfds_z10um_350msec_40povlp_ch00_C00_Z0614.tif
k292_1_1x_488_008na_1hfds_z10um_350msec_40povlp_ch00_C00_Z0615.tif
k292_1_1x_488_008na_1hfds_z10um_350msec_40povlp_ch00_C00_Z0616.tif
k292_1_1x_488_008na_1hfds_z10um_350msec_40povlp_ch00_C00_Z0617.tif
k292_1_1x_488_008na_1hfds_z10um_350msec_40povlp_ch00_C00_Z0618.tif
k292_1_1x_488_008na_1hfds_z10um_350msec_40povlp_ch00_C00_Z0619.tif
k292_1_1x_488_008na_1hfds_z10um_350msec_40povlp_ch00_C00_Z0820.tif
k292_1_1x_488_008na_1hfds_z10um_350msec_40povlp_ch00_C00_Z0821.tif
k292_1_1x_488_008na_1hfds_z10um_350msec_40povlp_ch00_C00_Z0822.tif
k292_1_1x_488_008na_1hfds_z10um_350msec_40povlp_ch00_C00_Z0823.tif
k292_1_1x_488_008na_1hfds_z10um_350msec_40povlp_ch00_C00_Z0824.tif
k292_1_1x_488_008na_1hfds_z10um_350msec_40povlp_ch00_C00_Z0825.tif
k292_1_1x_488_008na_1hfds_z10um_350msec_40povlp_ch00_C00_Z0826.tif
k292_1_1x_488_008na_1hfds_z10um_350msec_40povlp_ch00_C00_Z0827.tif
k292_1_1x_488_008na_1hfds_z10um_350msec_40povlp_ch00_C00_Z0828.tif
k292_1_1x_488_008na_1hfds_z10um_350msec_40povlp_ch00_C00_Z0829.tif
k292_1_1x_488_008na_1hfds_z10um_350msec_40povlp_ch00_C00_Z0830.tif
k292_1_1x_488_008na_1hfds_z10um_350msec_40povlp_ch00_C00_Z0831.tif
k292_1_1x_488_008na_1hfds_z10um_350msec_40povlp_ch00_C00_Z0832.tif
k292_1_1x_488_008na_1hfds_z10um_350msec_40povlp_ch00_C00_Z0833.tif
k292_1_1x_488_008na_1hfds_z10um_350msec_40povlp_ch00_C00_Z0834.tif
k292_1_1x_488_008na_1hfds_z10um_350msec_40povlp_ch00_C00_Z0835.tif
k292_1_1x_488_008na_1hfds_z10um_350msec_40povlp_ch00_C00_Z0836.tif
k292_1_1x_488_008na_1hfds_z10um_350msec_40povlp_ch00_C00_Z0837.tif
k292_1_1x_488_008na_1hfds_z10um_350msec_40povlp_ch00_C00_Z0838.tif
k292_1_1x_488_008na_1hfds_z10um_350msec_40povlp_ch00_C00_Z0839.tif
