In the directory: /scratch/ejdennis/rat_BrainPipe/rat_atlas 
As the user: ejdennis 
on host: spock-brody01-02 
Cpus_allowed_list:	22-33
Array Index: 0
0
/jukebox/LightSheetData/brodyatlas/processed/h170
h170
h170
0
100
200
300
400
500
600
700
800
900
1000
h170_1_1x_488_008na_1hfds_z10um_350msec_40povlp_ch00_C00_Z0110.tif
h170_1_1x_488_008na_1hfds_z10um_350msec_40povlp_ch00_C00_Z0111.tif
h170_1_1x_488_008na_1hfds_z10um_350msec_40povlp_ch00_C00_Z0112.tif
h170_1_1x_488_008na_1hfds_z10um_350msec_40povlp_ch00_C00_Z0113.tif
h170_1_1x_488_008na_1hfds_z10um_350msec_40povlp_ch00_C00_Z0114.tif
h170_1_1x_488_008na_1hfds_z10um_350msec_40povlp_ch00_C00_Z0115.tif
h170_1_1x_488_008na_1hfds_z10um_350msec_40povlp_ch00_C00_Z0116.tif
h170_1_1x_488_008na_1hfds_z10um_350msec_40povlp_ch00_C00_Z0117.tif
h170_1_1x_488_008na_1hfds_z10um_350msec_40povlp_ch00_C00_Z0118.tif
h170_1_1x_488_008na_1hfds_z10um_350msec_40povlp_ch00_C00_Z0119.tif
h170_1_1x_488_008na_1hfds_z10um_350msec_40povlp_ch00_C00_Z0120.tif
h170_1_1x_488_008na_1hfds_z10um_350msec_40povlp_ch00_C00_Z0121.tif
h170_1_1x_488_008na_1hfds_z10um_350msec_40povlp_ch00_C00_Z0122.tif
h170_1_1x_488_008na_1hfds_z10um_350msec_40povlp_ch00_C00_Z0123.tif
h170_1_1x_488_008na_1hfds_z10um_350msec_40povlp_ch00_C00_Z0124.tif
h170_1_1x_488_008na_1hfds_z10um_350msec_40povlp_ch00_C00_Z0125.tif
h170_1_1x_488_008na_1hfds_z10um_350msec_40povlp_ch00_C00_Z0126.tif
h170_1_1x_488_008na_1hfds_z10um_350msec_40povlp_ch00_C00_Z0127.tif
h170_1_1x_488_008na_1hfds_z10um_350msec_40povlp_ch00_C00_Z0128.tif
h170_1_1x_488_008na_1hfds_z10um_350msec_40povlp_ch00_C00_Z0129.tif
h170_1_1x_488_008na_1hfds_z10um_350msec_40povlp_ch00_C00_Z0130.tif
h170_1_1x_488_008na_1hfds_z10um_350msec_40povlp_ch00_C00_Z0131.tif
h170_1_1x_488_008na_1hfds_z10um_350msec_40povlp_ch00_C00_Z0462.tif
h170_1_1x_488_008na_1hfds_z10um_350msec_40povlp_ch00_C00_Z0463.tif
h170_1_1x_488_008na_1hfds_z10um_350msec_40povlp_ch00_C00_Z0464.tif
h170_1_1x_488_008na_1hfds_z10um_350msec_40povlp_ch00_C00_Z0465.tif
h170_1_1x_488_008na_1hfds_z10um_350msec_40povlp_ch00_C00_Z0466.tif
h170_1_1x_488_008na_1hfds_z10um_350msec_40povlp_ch00_C00_Z0467.tif
h170_1_1x_488_008na_1hfds_z10um_350msec_40povlp_ch00_C00_Z0468.tif
h170_1_1x_488_008na_1hfds_z10um_350msec_40povlp_ch00_C00_Z0469.tif
h170_1_1x_488_008na_1hfds_z10um_350msec_40povlp_ch00_C00_Z0470.tif
h170_1_1x_488_008na_1hfds_z10um_350msec_40povlp_ch00_C00_Z0471.tif
h170_1_1x_488_008na_1hfds_z10um_350msec_40povlp_ch00_C00_Z0472.tif
h170_1_1x_488_008na_1hfds_z10um_350msec_40povlp_ch00_C00_Z0473.tif
h170_1_1x_488_008na_1hfds_z10um_350msec_40povlp_ch00_C00_Z0474.tif
h170_1_1x_488_008na_1hfds_z10um_350msec_40povlp_ch00_C00_Z0475.tif
h170_1_1x_488_008na_1hfds_z10um_350msec_40povlp_ch00_C00_Z0476.tif
h170_1_1x_488_008na_1hfds_z10um_350msec_40povlp_ch00_C00_Z0477.tif
h170_1_1x_488_008na_1hfds_z10um_350msec_40povlp_ch00_C00_Z0478.tif
h170_1_1x_488_008na_1hfds_z10um_350msec_40povlp_ch00_C00_Z0479.tif
h170_1_1x_488_008na_1hfds_z10um_350msec_40povlp_ch00_C00_Z0480.tif
h170_1_1x_488_008na_1hfds_z10um_350msec_40povlp_ch00_C00_Z0481.tif
h170_1_1x_488_008na_1hfds_z10um_350msec_40povlp_ch00_C00_Z0482.tif
h170_1_1x_488_008na_1hfds_z10um_350msec_40povlp_ch00_C00_Z0483.tif
h170_1_1x_488_008na_1hfds_z10um_350msec_40povlp_ch00_C00_Z0726.tif
h170_1_1x_488_008na_1hfds_z10um_350msec_40povlp_ch00_C00_Z0727.tif
h170_1_1x_488_008na_1hfds_z10um_350msec_40povlp_ch00_C00_Z0728.tif
h170_1_1x_488_008na_1hfds_z10um_350msec_40povlp_ch00_C00_Z0729.tif
h170_1_1x_488_008na_1hfds_z10um_350msec_40povlp_ch00_C00_Z0730.tif
h170_1_1x_488_008na_1hfds_z10um_350msec_40povlp_ch00_C00_Z0731.tif
h170_1_1x_488_008na_1hfds_z10um_350msec_40povlp_ch00_C00_Z0732.tif
h170_1_1x_488_008na_1hfds_z10um_350msec_40povlp_ch00_C00_Z0733.tif
h170_1_1x_488_008na_1hfds_z10um_350msec_40povlp_ch00_C00_Z0734.tif
h170_1_1x_488_008na_1hfds_z10um_350msec_40povlp_ch00_C00_Z0735.tif
h170_1_1x_488_008na_1hfds_z10um_350msec_40povlp_ch00_C00_Z0736.tif
h170_1_1x_488_008na_1hfds_z10um_350msec_40povlp_ch00_C00_Z0737.tif
h170_1_1x_488_008na_1hfds_z10um_350msec_40povlp_ch00_C00_Z0738.tif
h170_1_1x_488_008na_1hfds_z10um_350msec_40povlp_ch00_C00_Z0739.tif
h170_1_1x_488_008na_1hfds_z10um_350msec_40povlp_ch00_C00_Z0740.tif
h170_1_1x_488_008na_1hfds_z10um_350msec_40povlp_ch00_C00_Z0741.tif
h170_1_1x_488_008na_1hfds_z10um_350msec_40povlp_ch00_C00_Z0742.tif
h170_1_1x_488_008na_1hfds_z10um_350msec_40povlp_ch00_C00_Z0743.tif
h170_1_1x_488_008na_1hfds_z10um_350msec_40povlp_ch00_C00_Z0744.tif
h170_1_1x_488_008na_1hfds_z10um_350msec_40povlp_ch00_C00_Z0745.tif
h170_1_1x_488_008na_1hfds_z10um_350msec_40povlp_ch00_C00_Z0746.tif
h170_1_1x_488_008na_1hfds_z10um_350msec_40povlp_ch00_C00_Z0747.tif
h170_1_1x_488_008na_1hfds_z10um_350msec_40povlp_ch00_C00_Z0000.tif
h170_1_1x_488_008na_1hfds_z10um_350msec_40povlp_ch00_C00_Z0001.tif
h170_1_1x_488_008na_1hfds_z10um_350msec_40povlp_ch00_C00_Z0002.tif
h170_1_1x_488_008na_1hfds_z10um_350msec_40povlp_ch00_C00_Z0003.tif
h170_1_1x_488_008na_1hfds_z10um_350msec_40povlp_ch00_C00_Z0004.tif
h170_1_1x_488_008na_1hfds_z10um_350msec_40povlp_ch00_C00_Z0005.tif
h170_1_1x_488_008na_1hfds_z10um_350msec_40povlp_ch00_C00_Z0006.tif
h170_1_1x_488_008na_1hfds_z10um_350msec_40povlp_ch00_C00_Z0007.tif
h170_1_1x_488_008na_1hfds_z10um_350msec_40povlp_ch00_C00_Z0008.tif
h170_1_1x_488_008na_1hfds_z10um_350msec_40povlp_ch00_C00_Z0009.tif
h170_1_1x_488_008na_1hfds_z10um_350msec_40povlp_ch00_C00_Z0010.tif
h170_1_1x_488_008na_1hfds_z10um_350msec_40povlp_ch00_C00_Z0011.tif
h170_1_1x_488_008na_1hfds_z10um_350msec_40povlp_ch00_C00_Z0012.tif
h170_1_1x_488_008na_1hfds_z10um_350msec_40povlp_ch00_C00_Z0013.tif
h170_1_1x_488_008na_1hfds_z10um_350msec_40povlp_ch00_C00_Z0014.tif
h170_1_1x_488_008na_1hfds_z10um_350msec_40povlp_ch00_C00_Z0015.tif
h170_1_1x_488_008na_1hfds_z10um_350msec_40povlp_ch00_C00_Z0016.tif
h170_1_1x_488_008na_1hfds_z10um_350msec_40povlp_ch00_C00_Z0017.tif
h170_1_1x_488_008na_1hfds_z10um_350msec_40povlp_ch00_C00_Z0018.tif
h170_1_1x_488_008na_1hfds_z10um_350msec_40povlp_ch00_C00_Z0019.tif
h170_1_1x_488_008na_1hfds_z10um_350msec_40povlp_ch00_C00_Z0020.tif
h170_1_1x_488_008na_1hfds_z10um_350msec_40povlp_ch00_C00_Z0021.tif
h170_1_1x_488_008na_1hfds_z10um_350msec_40povlp_ch00_C00_Z0264.tif
h170_1_1x_488_008na_1hfds_z10um_350msec_40povlp_ch00_C00_Z0265.tif
h170_1_1x_488_008na_1hfds_z10um_350msec_40povlp_ch00_C00_Z0266.tif
h170_1_1x_488_008na_1hfds_z10um_350msec_40povlp_ch00_C00_Z0267.tif
h170_1_1x_488_008na_1hfds_z10um_350msec_40povlp_ch00_C00_Z0268.tif
h170_1_1x_488_008na_1hfds_z10um_350msec_40povlp_ch00_C00_Z0269.tif
h170_1_1x_488_008na_1hfds_z10um_350msec_40povlp_ch00_C00_Z0270.tif
h170_1_1x_488_008na_1hfds_z10um_350msec_40povlp_ch00_C00_Z0271.tif
h170_1_1x_488_008na_1hfds_z10um_350msec_40povlp_ch00_C00_Z0272.tif
h170_1_1x_488_008na_1hfds_z10um_350msec_40povlp_ch00_C00_Z0273.tif
h170_1_1x_488_008na_1hfds_z10um_350msec_40povlp_ch00_C00_Z0274.tif
h170_1_1x_488_008na_1hfds_z10um_350msec_40povlp_ch00_C00_Z0275.tif
h170_1_1x_488_008na_1hfds_z10um_350msec_40povlp_ch00_C00_Z0276.tif
h170_1_1x_488_008na_1hfds_z10um_350msec_40povlp_ch00_C00_Z0277.tif
h170_1_1x_488_008na_1hfds_z10um_350msec_40povlp_ch00_C00_Z0278.tif
h170_1_1x_488_008na_1hfds_z10um_350msec_40povlp_ch00_C00_Z0279.tif
h170_1_1x_488_008na_1hfds_z10um_350msec_40povlp_ch00_C00_Z0280.tif
h170_1_1x_488_008na_1hfds_z10um_350msec_40povlp_ch00_C00_Z0281.tif
h170_1_1x_488_008na_1hfds_z10um_350msec_40povlp_ch00_C00_Z0282.tif
h170_1_1x_488_008na_1hfds_z10um_350msec_40povlp_ch00_C00_Z0283.tif
h170_1_1x_488_008na_1hfds_z10um_350msec_40povlp_ch00_C00_Z0284.tif
h170_1_1x_488_008na_1hfds_z10um_350msec_40povlp_ch00_C00_Z0285.tif
h170_1_1x_488_008na_1hfds_z10um_350msec_40povlp_ch00_C00_Z0528.tif
h170_1_1x_488_008na_1hfds_z10um_350msec_40povlp_ch00_C00_Z0529.tif
h170_1_1x_488_008na_1hfds_z10um_350msec_40povlp_ch00_C00_Z0530.tif
h170_1_1x_488_008na_1hfds_z10um_350msec_40povlp_ch00_C00_Z0531.tif
h170_1_1x_488_008na_1hfds_z10um_350msec_40povlp_ch00_C00_Z0532.tif
h170_1_1x_488_008na_1hfds_z10um_350msec_40povlp_ch00_C00_Z0533.tif
h170_1_1x_488_008na_1hfds_z10um_350msec_40povlp_ch00_C00_Z0534.tif
h170_1_1x_488_008na_1hfds_z10um_350msec_40povlp_ch00_C00_Z0535.tif
h170_1_1x_488_008na_1hfds_z10um_350msec_40povlp_ch00_C00_Z0536.tif
h170_1_1x_488_008na_1hfds_z10um_350msec_40povlp_ch00_C00_Z0537.tif
h170_1_1x_488_008na_1hfds_z10um_350msec_40povlp_ch00_C00_Z0538.tif
h170_1_1x_488_008na_1hfds_z10um_350msec_40povlp_ch00_C00_Z0539.tif
h170_1_1x_488_008na_1hfds_z10um_350msec_40povlp_ch00_C00_Z0540.tif
h170_1_1x_488_008na_1hfds_z10um_350msec_40povlp_ch00_C00_Z0541.tif
h170_1_1x_488_008na_1hfds_z10um_350msec_40povlp_ch00_C00_Z0542.tif
h170_1_1x_488_008na_1hfds_z10um_350msec_40povlp_ch00_C00_Z0543.tif
h170_1_1x_488_008na_1hfds_z10um_350msec_40povlp_ch00_C00_Z0544.tif
h170_1_1x_488_008na_1hfds_z10um_350msec_40povlp_ch00_C00_Z0545.tif
h170_1_1x_488_008na_1hfds_z10um_350msec_40povlp_ch00_C00_Z0546.tif
h170_1_1x_488_008na_1hfds_z10um_350msec_40povlp_ch00_C00_Z0547.tif
h170_1_1x_488_008na_1hfds_z10um_350msec_40povlp_ch00_C00_Z0548.tif
h170_1_1x_488_008na_1hfds_z10um_350msec_40povlp_ch00_C00_Z0549.tif
h170_1_1x_488_008na_1hfds_z10um_350msec_40povlp_ch00_C00_Z0792.tif
h170_1_1x_488_008na_1hfds_z10um_350msec_40povlp_ch00_C00_Z0793.tif
h170_1_1x_488_008na_1hfds_z10um_350msec_40povlp_ch00_C00_Z0794.tif
h170_1_1x_488_008na_1hfds_z10um_350msec_40povlp_ch00_C00_Z0795.tif
h170_1_1x_488_008na_1hfds_z10um_350msec_40povlp_ch00_C00_Z0796.tif
h170_1_1x_488_008na_1hfds_z10um_350msec_40povlp_ch00_C00_Z0797.tif
h170_1_1x_488_008na_1hfds_z10um_350msec_40povlp_ch00_C00_Z0798.tif
h170_1_1x_488_008na_1hfds_z10um_350msec_40povlp_ch00_C00_Z0799.tif
h170_1_1x_488_008na_1hfds_z10um_350msec_40povlp_ch00_C00_Z0800.tif
h170_1_1x_488_008na_1hfds_z10um_350msec_40povlp_ch00_C00_Z0801.tif
h170_1_1x_488_008na_1hfds_z10um_350msec_40povlp_ch00_C00_Z0802.tif
h170_1_1x_488_008na_1hfds_z10um_350msec_40povlp_ch00_C00_Z0803.tif
h170_1_1x_488_008na_1hfds_z10um_350msec_40povlp_ch00_C00_Z0804.tif
h170_1_1x_488_008na_1hfds_z10um_350msec_40povlp_ch00_C00_Z0805.tif
h170_1_1x_488_008na_1hfds_z10um_350msec_40povlp_ch00_C00_Z0806.tif
h170_1_1x_488_008na_1hfds_z10um_350msec_40povlp_ch00_C00_Z0807.tif
h170_1_1x_488_008na_1hfds_z10um_350msec_40povlp_ch00_C00_Z0808.tif
h170_1_1x_488_008na_1hfds_z10um_350msec_40povlp_ch00_C00_Z0809.tif
h170_1_1x_488_008na_1hfds_z10um_350msec_40povlp_ch00_C00_Z0810.tif
h170_1_1x_488_008na_1hfds_z10um_350msec_40povlp_ch00_C00_Z0811.tif
h170_1_1x_488_008na_1hfds_z10um_350msec_40povlp_ch00_C00_Z0812.tif
h170_1_1x_488_008na_1hfds_z10um_350msec_40povlp_ch00_C00_Z0813.tif
h170_1_1x_488_008na_1hfds_z10um_350msec_40povlp_ch00_C00_Z0242.tif
h170_1_1x_488_008na_1hfds_z10um_350msec_40povlp_ch00_C00_Z0243.tif
h170_1_1x_488_008na_1hfds_z10um_350msec_40povlp_ch00_C00_Z0244.tif
h170_1_1x_488_008na_1hfds_z10um_350msec_40povlp_ch00_C00_Z0245.tif
h170_1_1x_488_008na_1hfds_z10um_350msec_40povlp_ch00_C00_Z0246.tif
h170_1_1x_488_008na_1hfds_z10um_350msec_40povlp_ch00_C00_Z0247.tif
h170_1_1x_488_008na_1hfds_z10um_350msec_40povlp_ch00_C00_Z0248.tif
h170_1_1x_488_008na_1hfds_z10um_350msec_40povlp_ch00_C00_Z0249.tif
h170_1_1x_488_008na_1hfds_z10um_350msec_40povlp_ch00_C00_Z0250.tif
h170_1_1x_488_008na_1hfds_z10um_350msec_40povlp_ch00_C00_Z0251.tif
h170_1_1x_488_008na_1hfds_z10um_350msec_40povlp_ch00_C00_Z0252.tif
h170_1_1x_488_008na_1hfds_z10um_350msec_40povlp_ch00_C00_Z0253.tif
h170_1_1x_488_008na_1hfds_z10um_350msec_40povlp_ch00_C00_Z0254.tif
h170_1_1x_488_008na_1hfds_z10um_350msec_40povlp_ch00_C00_Z0255.tif
h170_1_1x_488_008na_1hfds_z10um_350msec_40povlp_ch00_C00_Z0256.tif
h170_1_1x_488_008na_1hfds_z10um_350msec_40povlp_ch00_C00_Z0257.tif
h170_1_1x_488_008na_1hfds_z10um_350msec_40povlp_ch00_C00_Z0258.tif
h170_1_1x_488_008na_1hfds_z10um_350msec_40povlp_ch00_C00_Z0259.tif
h170_1_1x_488_008na_1hfds_z10um_350msec_40povlp_ch00_C00_Z0260.tif
h170_1_1x_488_008na_1hfds_z10um_350msec_40povlp_ch00_C00_Z0261.tif
h170_1_1x_488_008na_1hfds_z10um_350msec_40povlp_ch00_C00_Z0262.tif
h170_1_1x_488_008na_1hfds_z10um_350msec_40povlp_ch00_C00_Z0263.tif
h170_1_1x_488_008na_1hfds_z10um_350msec_40povlp_ch00_C00_Z0506.tif
h170_1_1x_488_008na_1hfds_z10um_350msec_40povlp_ch00_C00_Z0507.tif
h170_1_1x_488_008na_1hfds_z10um_350msec_40povlp_ch00_C00_Z0508.tif
h170_1_1x_488_008na_1hfds_z10um_350msec_40povlp_ch00_C00_Z0509.tif
h170_1_1x_488_008na_1hfds_z10um_350msec_40povlp_ch00_C00_Z0510.tif
h170_1_1x_488_008na_1hfds_z10um_350msec_40povlp_ch00_C00_Z0511.tif
h170_1_1x_488_008na_1hfds_z10um_350msec_40povlp_ch00_C00_Z0512.tif
h170_1_1x_488_008na_1hfds_z10um_350msec_40povlp_ch00_C00_Z0513.tif
h170_1_1x_488_008na_1hfds_z10um_350msec_40povlp_ch00_C00_Z0514.tif
h170_1_1x_488_008na_1hfds_z10um_350msec_40povlp_ch00_C00_Z0515.tif
h170_1_1x_488_008na_1hfds_z10um_350msec_40povlp_ch00_C00_Z0516.tif
h170_1_1x_488_008na_1hfds_z10um_350msec_40povlp_ch00_C00_Z0517.tif
h170_1_1x_488_008na_1hfds_z10um_350msec_40povlp_ch00_C00_Z0518.tif
h170_1_1x_488_008na_1hfds_z10um_350msec_40povlp_ch00_C00_Z0519.tif
h170_1_1x_488_008na_1hfds_z10um_350msec_40povlp_ch00_C00_Z0520.tif
h170_1_1x_488_008na_1hfds_z10um_350msec_40povlp_ch00_C00_Z0521.tif
h170_1_1x_488_008na_1hfds_z10um_350msec_40povlp_ch00_C00_Z0522.tif
h170_1_1x_488_008na_1hfds_z10um_350msec_40povlp_ch00_C00_Z0523.tif
h170_1_1x_488_008na_1hfds_z10um_350msec_40povlp_ch00_C00_Z0524.tif
h170_1_1x_488_008na_1hfds_z10um_350msec_40povlp_ch00_C00_Z0525.tif
h170_1_1x_488_008na_1hfds_z10um_350msec_40povlp_ch00_C00_Z0526.tif
h170_1_1x_488_008na_1hfds_z10um_350msec_40povlp_ch00_C00_Z0527.tif
h170_1_1x_488_008na_1hfds_z10um_350msec_40povlp_ch00_C00_Z0748.tif
h170_1_1x_488_008na_1hfds_z10um_350msec_40povlp_ch00_C00_Z0749.tif
h170_1_1x_488_008na_1hfds_z10um_350msec_40povlp_ch00_C00_Z0750.tif
h170_1_1x_488_008na_1hfds_z10um_350msec_40povlp_ch00_C00_Z0751.tif
h170_1_1x_488_008na_1hfds_z10um_350msec_40povlp_ch00_C00_Z0752.tif
h170_1_1x_488_008na_1hfds_z10um_350msec_40povlp_ch00_C00_Z0753.tif
h170_1_1x_488_008na_1hfds_z10um_350msec_40povlp_ch00_C00_Z0754.tif
h170_1_1x_488_008na_1hfds_z10um_350msec_40povlp_ch00_C00_Z0755.tif
h170_1_1x_488_008na_1hfds_z10um_350msec_40povlp_ch00_C00_Z0756.tif
h170_1_1x_488_008na_1hfds_z10um_350msec_40povlp_ch00_C00_Z0757.tif
h170_1_1x_488_008na_1hfds_z10um_350msec_40povlp_ch00_C00_Z0758.tif
h170_1_1x_488_008na_1hfds_z10um_350msec_40povlp_ch00_C00_Z0759.tif
h170_1_1x_488_008na_1hfds_z10um_350msec_40povlp_ch00_C00_Z0760.tif
h170_1_1x_488_008na_1hfds_z10um_350msec_40povlp_ch00_C00_Z0761.tif
h170_1_1x_488_008na_1hfds_z10um_350msec_40povlp_ch00_C00_Z0762.tif
h170_1_1x_488_008na_1hfds_z10um_350msec_40povlp_ch00_C00_Z0763.tif
h170_1_1x_488_008na_1hfds_z10um_350msec_40povlp_ch00_C00_Z0764.tif
h170_1_1x_488_008na_1hfds_z10um_350msec_40povlp_ch00_C00_Z0765.tif
h170_1_1x_488_008na_1hfds_z10um_350msec_40povlp_ch00_C00_Z0766.tif
h170_1_1x_488_008na_1hfds_z10um_350msec_40povlp_ch00_C00_Z0767.tif
h170_1_1x_488_008na_1hfds_z10um_350msec_40povlp_ch00_C00_Z0768.tif
h170_1_1x_488_008na_1hfds_z10um_350msec_40povlp_ch00_C00_Z0769.tif
h170_1_1x_488_008na_1hfds_z10um_350msec_40povlp_ch00_C00_Z1012.tif
h170_1_1x_488_008na_1hfds_z10um_350msec_40povlp_ch00_C00_Z1013.tif
h170_1_1x_488_008na_1hfds_z10um_350msec_40povlp_ch00_C00_Z1014.tif
h170_1_1x_488_008na_1hfds_z10um_350msec_40povlp_ch00_C00_Z1015.tif
h170_1_1x_488_008na_1hfds_z10um_350msec_40povlp_ch00_C00_Z1016.tif
h170_1_1x_488_008na_1hfds_z10um_350msec_40povlp_ch00_C00_Z1017.tif
h170_1_1x_488_008na_1hfds_z10um_350msec_40povlp_ch00_C00_Z1018.tif
h170_1_1x_488_008na_1hfds_z10um_350msec_40povlp_ch00_C00_Z1019.tif
h170_1_1x_488_008na_1hfds_z10um_350msec_40povlp_ch00_C00_Z1020.tif
h170_1_1x_488_008na_1hfds_z10um_350msec_40povlp_ch00_C00_Z1021.tif
h170_1_1x_488_008na_1hfds_z10um_350msec_40povlp_ch00_C00_Z1022.tif
h170_1_1x_488_008na_1hfds_z10um_350msec_40povlp_ch00_C00_Z1023.tif
h170_1_1x_488_008na_1hfds_z10um_350msec_40povlp_ch00_C00_Z1024.tif
h170_1_1x_488_008na_1hfds_z10um_350msec_40povlp_ch00_C00_Z1025.tif
h170_1_1x_488_008na_1hfds_z10um_350msec_40povlp_ch00_C00_Z0066.tif
h170_1_1x_488_008na_1hfds_z10um_350msec_40povlp_ch00_C00_Z0067.tif
h170_1_1x_488_008na_1hfds_z10um_350msec_40povlp_ch00_C00_Z0068.tif
h170_1_1x_488_008na_1hfds_z10um_350msec_40povlp_ch00_C00_Z0069.tif
h170_1_1x_488_008na_1hfds_z10um_350msec_40povlp_ch00_C00_Z0070.tif
h170_1_1x_488_008na_1hfds_z10um_350msec_40povlp_ch00_C00_Z0071.tif
h170_1_1x_488_008na_1hfds_z10um_350msec_40povlp_ch00_C00_Z0072.tif
h170_1_1x_488_008na_1hfds_z10um_350msec_40povlp_ch00_C00_Z0073.tif
h170_1_1x_488_008na_1hfds_z10um_350msec_40povlp_ch00_C00_Z0074.tif
h170_1_1x_488_008na_1hfds_z10um_350msec_40povlp_ch00_C00_Z0075.tif
h170_1_1x_488_008na_1hfds_z10um_350msec_40povlp_ch00_C00_Z0076.tif
h170_1_1x_488_008na_1hfds_z10um_350msec_40povlp_ch00_C00_Z0077.tif
h170_1_1x_488_008na_1hfds_z10um_350msec_40povlp_ch00_C00_Z0078.tif
h170_1_1x_488_008na_1hfds_z10um_350msec_40povlp_ch00_C00_Z0079.tif
h170_1_1x_488_008na_1hfds_z10um_350msec_40povlp_ch00_C00_Z0080.tif
h170_1_1x_488_008na_1hfds_z10um_350msec_40povlp_ch00_C00_Z0081.tif
h170_1_1x_488_008na_1hfds_z10um_350msec_40povlp_ch00_C00_Z0082.tif
h170_1_1x_488_008na_1hfds_z10um_350msec_40povlp_ch00_C00_Z0083.tif
h170_1_1x_488_008na_1hfds_z10um_350msec_40povlp_ch00_C00_Z0084.tif
h170_1_1x_488_008na_1hfds_z10um_350msec_40povlp_ch00_C00_Z0085.tif
h170_1_1x_488_008na_1hfds_z10um_350msec_40povlp_ch00_C00_Z0086.tif
h170_1_1x_488_008na_1hfds_z10um_350msec_40povlp_ch00_C00_Z0087.tif
h170_1_1x_488_008na_1hfds_z10um_350msec_40povlp_ch00_C00_Z0396.tif
h170_1_1x_488_008na_1hfds_z10um_350msec_40povlp_ch00_C00_Z0397.tif
h170_1_1x_488_008na_1hfds_z10um_350msec_40povlp_ch00_C00_Z0398.tif
h170_1_1x_488_008na_1hfds_z10um_350msec_40povlp_ch00_C00_Z0399.tif
h170_1_1x_488_008na_1hfds_z10um_350msec_40povlp_ch00_C00_Z0400.tif
h170_1_1x_488_008na_1hfds_z10um_350msec_40povlp_ch00_C00_Z0401.tif
h170_1_1x_488_008na_1hfds_z10um_350msec_40povlp_ch00_C00_Z0402.tif
h170_1_1x_488_008na_1hfds_z10um_350msec_40povlp_ch00_C00_Z0403.tif
h170_1_1x_488_008na_1hfds_z10um_350msec_40povlp_ch00_C00_Z0404.tif
h170_1_1x_488_008na_1hfds_z10um_350msec_40povlp_ch00_C00_Z0405.tif
h170_1_1x_488_008na_1hfds_z10um_350msec_40povlp_ch00_C00_Z0406.tif
h170_1_1x_488_008na_1hfds_z10um_350msec_40povlp_ch00_C00_Z0407.tif
h170_1_1x_488_008na_1hfds_z10um_350msec_40povlp_ch00_C00_Z0408.tif
h170_1_1x_488_008na_1hfds_z10um_350msec_40povlp_ch00_C00_Z0409.tif
h170_1_1x_488_008na_1hfds_z10um_350msec_40povlp_ch00_C00_Z0410.tif
h170_1_1x_488_008na_1hfds_z10um_350msec_40povlp_ch00_C00_Z0411.tif
h170_1_1x_488_008na_1hfds_z10um_350msec_40povlp_ch00_C00_Z0412.tif
h170_1_1x_488_008na_1hfds_z10um_350msec_40povlp_ch00_C00_Z0413.tif
h170_1_1x_488_008na_1hfds_z10um_350msec_40povlp_ch00_C00_Z0414.tif
h170_1_1x_488_008na_1hfds_z10um_350msec_40povlp_ch00_C00_Z0415.tif
h170_1_1x_488_008na_1hfds_z10um_350msec_40povlp_ch00_C00_Z0416.tif
h170_1_1x_488_008na_1hfds_z10um_350msec_40povlp_ch00_C00_Z0417.tif
h170_1_1x_488_008na_1hfds_z10um_350msec_40povlp_ch00_C00_Z0660.tif
h170_1_1x_488_008na_1hfds_z10um_350msec_40povlp_ch00_C00_Z0661.tif
h170_1_1x_488_008na_1hfds_z10um_350msec_40povlp_ch00_C00_Z0662.tif
h170_1_1x_488_008na_1hfds_z10um_350msec_40povlp_ch00_C00_Z0663.tif
h170_1_1x_488_008na_1hfds_z10um_350msec_40povlp_ch00_C00_Z0664.tif
h170_1_1x_488_008na_1hfds_z10um_350msec_40povlp_ch00_C00_Z0665.tif
h170_1_1x_488_008na_1hfds_z10um_350msec_40povlp_ch00_C00_Z0666.tif
h170_1_1x_488_008na_1hfds_z10um_350msec_40povlp_ch00_C00_Z0667.tif
h170_1_1x_488_008na_1hfds_z10um_350msec_40povlp_ch00_C00_Z0668.tif
h170_1_1x_488_008na_1hfds_z10um_350msec_40povlp_ch00_C00_Z0669.tif
h170_1_1x_488_008na_1hfds_z10um_350msec_40povlp_ch00_C00_Z0670.tif
h170_1_1x_488_008na_1hfds_z10um_350msec_40povlp_ch00_C00_Z0671.tif
h170_1_1x_488_008na_1hfds_z10um_350msec_40povlp_ch00_C00_Z0672.tif
h170_1_1x_488_008na_1hfds_z10um_350msec_40povlp_ch00_C00_Z0673.tif
h170_1_1x_488_008na_1hfds_z10um_350msec_40povlp_ch00_C00_Z0674.tif
h170_1_1x_488_008na_1hfds_z10um_350msec_40povlp_ch00_C00_Z0675.tif
h170_1_1x_488_008na_1hfds_z10um_350msec_40povlp_ch00_C00_Z0676.tif
h170_1_1x_488_008na_1hfds_z10um_350msec_40povlp_ch00_C00_Z0677.tif
h170_1_1x_488_008na_1hfds_z10um_350msec_40povlp_ch00_C00_Z0678.tif
h170_1_1x_488_008na_1hfds_z10um_350msec_40povlp_ch00_C00_Z0679.tif
h170_1_1x_488_008na_1hfds_z10um_350msec_40povlp_ch00_C00_Z0680.tif
h170_1_1x_488_008na_1hfds_z10um_350msec_40povlp_ch00_C00_Z0681.tif
h170_1_1x_488_008na_1hfds_z10um_350msec_40povlp_ch00_C00_Z0902.tif
h170_1_1x_488_008na_1hfds_z10um_350msec_40povlp_ch00_C00_Z0903.tif
h170_1_1x_488_008na_1hfds_z10um_350msec_40povlp_ch00_C00_Z0904.tif
h170_1_1x_488_008na_1hfds_z10um_350msec_40povlp_ch00_C00_Z0905.tif
h170_1_1x_488_008na_1hfds_z10um_350msec_40povlp_ch00_C00_Z0906.tif
h170_1_1x_488_008na_1hfds_z10um_350msec_40povlp_ch00_C00_Z0907.tif
h170_1_1x_488_008na_1hfds_z10um_350msec_40povlp_ch00_C00_Z0908.tif
h170_1_1x_488_008na_1hfds_z10um_350msec_40povlp_ch00_C00_Z0909.tif
h170_1_1x_488_008na_1hfds_z10um_350msec_40povlp_ch00_C00_Z0910.tif
h170_1_1x_488_008na_1hfds_z10um_350msec_40povlp_ch00_C00_Z0911.tif
h170_1_1x_488_008na_1hfds_z10um_350msec_40povlp_ch00_C00_Z0912.tif
h170_1_1x_488_008na_1hfds_z10um_350msec_40povlp_ch00_C00_Z0913.tif
h170_1_1x_488_008na_1hfds_z10um_350msec_40povlp_ch00_C00_Z0914.tif
h170_1_1x_488_008na_1hfds_z10um_350msec_40povlp_ch00_C00_Z0915.tif
h170_1_1x_488_008na_1hfds_z10um_350msec_40povlp_ch00_C00_Z0916.tif
h170_1_1x_488_008na_1hfds_z10um_350msec_40povlp_ch00_C00_Z0917.tif
h170_1_1x_488_008na_1hfds_z10um_350msec_40povlp_ch00_C00_Z0918.tif
h170_1_1x_488_008na_1hfds_z10um_350msec_40povlp_ch00_C00_Z0919.tif
h170_1_1x_488_008na_1hfds_z10um_350msec_40povlp_ch00_C00_Z0920.tif
h170_1_1x_488_008na_1hfds_z10um_350msec_40povlp_ch00_C00_Z0921.tif
h170_1_1x_488_008na_1hfds_z10um_350msec_40povlp_ch00_C00_Z0922.tif
h170_1_1x_488_008na_1hfds_z10um_350msec_40povlp_ch00_C00_Z0923.tif
h170_1_1x_488_008na_1hfds_z10um_350msec_40povlp_ch00_C00_Z0198.tif
h170_1_1x_488_008na_1hfds_z10um_350msec_40povlp_ch00_C00_Z0199.tif
h170_1_1x_488_008na_1hfds_z10um_350msec_40povlp_ch00_C00_Z0200.tif
h170_1_1x_488_008na_1hfds_z10um_350msec_40povlp_ch00_C00_Z0201.tif
h170_1_1x_488_008na_1hfds_z10um_350msec_40povlp_ch00_C00_Z0202.tif
h170_1_1x_488_008na_1hfds_z10um_350msec_40povlp_ch00_C00_Z0203.tif
h170_1_1x_488_008na_1hfds_z10um_350msec_40povlp_ch00_C00_Z0204.tif
h170_1_1x_488_008na_1hfds_z10um_350msec_40povlp_ch00_C00_Z0205.tif
h170_1_1x_488_008na_1hfds_z10um_350msec_40povlp_ch00_C00_Z0206.tif
h170_1_1x_488_008na_1hfds_z10um_350msec_40povlp_ch00_C00_Z0207.tif
h170_1_1x_488_008na_1hfds_z10um_350msec_40povlp_ch00_C00_Z0208.tif
h170_1_1x_488_008na_1hfds_z10um_350msec_40povlp_ch00_C00_Z0209.tif
h170_1_1x_488_008na_1hfds_z10um_350msec_40povlp_ch00_C00_Z0210.tif
h170_1_1x_488_008na_1hfds_z10um_350msec_40povlp_ch00_C00_Z0211.tif
h170_1_1x_488_008na_1hfds_z10um_350msec_40povlp_ch00_C00_Z0212.tif
h170_1_1x_488_008na_1hfds_z10um_350msec_40povlp_ch00_C00_Z0213.tif
h170_1_1x_488_008na_1hfds_z10um_350msec_40povlp_ch00_C00_Z0214.tif
h170_1_1x_488_008na_1hfds_z10um_350msec_40povlp_ch00_C00_Z0215.tif
h170_1_1x_488_008na_1hfds_z10um_350msec_40povlp_ch00_C00_Z0216.tif
h170_1_1x_488_008na_1hfds_z10um_350msec_40povlp_ch00_C00_Z0217.tif
h170_1_1x_488_008na_1hfds_z10um_350msec_40povlp_ch00_C00_Z0218.tif
h170_1_1x_488_008na_1hfds_z10um_350msec_40povlp_ch00_C00_Z0219.tif
h170_1_1x_488_008na_1hfds_z10um_350msec_40povlp_ch00_C00_Z0374.tif
h170_1_1x_488_008na_1hfds_z10um_350msec_40povlp_ch00_C00_Z0375.tif
h170_1_1x_488_008na_1hfds_z10um_350msec_40povlp_ch00_C00_Z0376.tif
h170_1_1x_488_008na_1hfds_z10um_350msec_40povlp_ch00_C00_Z0377.tif
h170_1_1x_488_008na_1hfds_z10um_350msec_40povlp_ch00_C00_Z0378.tif
h170_1_1x_488_008na_1hfds_z10um_350msec_40povlp_ch00_C00_Z0379.tif
h170_1_1x_488_008na_1hfds_z10um_350msec_40povlp_ch00_C00_Z0380.tif
h170_1_1x_488_008na_1hfds_z10um_350msec_40povlp_ch00_C00_Z0381.tif
h170_1_1x_488_008na_1hfds_z10um_350msec_40povlp_ch00_C00_Z0382.tif
h170_1_1x_488_008na_1hfds_z10um_350msec_40povlp_ch00_C00_Z0383.tif
h170_1_1x_488_008na_1hfds_z10um_350msec_40povlp_ch00_C00_Z0384.tif
h170_1_1x_488_008na_1hfds_z10um_350msec_40povlp_ch00_C00_Z0385.tif
h170_1_1x_488_008na_1hfds_z10um_350msec_40povlp_ch00_C00_Z0386.tif
h170_1_1x_488_008na_1hfds_z10um_350msec_40povlp_ch00_C00_Z0387.tif
h170_1_1x_488_008na_1hfds_z10um_350msec_40povlp_ch00_C00_Z0388.tif
h170_1_1x_488_008na_1hfds_z10um_350msec_40povlp_ch00_C00_Z0389.tif
h170_1_1x_488_008na_1hfds_z10um_350msec_40povlp_ch00_C00_Z0390.tif
h170_1_1x_488_008na_1hfds_z10um_350msec_40povlp_ch00_C00_Z0391.tif
h170_1_1x_488_008na_1hfds_z10um_350msec_40povlp_ch00_C00_Z0392.tif
h170_1_1x_488_008na_1hfds_z10um_350msec_40povlp_ch00_C00_Z0393.tif
h170_1_1x_488_008na_1hfds_z10um_350msec_40povlp_ch00_C00_Z0394.tif
h170_1_1x_488_008na_1hfds_z10um_350msec_40povlp_ch00_C00_Z0395.tif
h170_1_1x_488_008na_1hfds_z10um_350msec_40povlp_ch00_C00_Z0638.tif
h170_1_1x_488_008na_1hfds_z10um_350msec_40povlp_ch00_C00_Z0639.tif
h170_1_1x_488_008na_1hfds_z10um_350msec_40povlp_ch00_C00_Z0640.tif
h170_1_1x_488_008na_1hfds_z10um_350msec_40povlp_ch00_C00_Z0641.tif
h170_1_1x_488_008na_1hfds_z10um_350msec_40povlp_ch00_C00_Z0642.tif
h170_1_1x_488_008na_1hfds_z10um_350msec_40povlp_ch00_C00_Z0643.tif
h170_1_1x_488_008na_1hfds_z10um_350msec_40povlp_ch00_C00_Z0644.tif
h170_1_1x_488_008na_1hfds_z10um_350msec_40povlp_ch00_C00_Z0645.tif
h170_1_1x_488_008na_1hfds_z10um_350msec_40povlp_ch00_C00_Z0646.tif
h170_1_1x_488_008na_1hfds_z10um_350msec_40povlp_ch00_C00_Z0647.tif
h170_1_1x_488_008na_1hfds_z10um_350msec_40povlp_ch00_C00_Z0648.tif
h170_1_1x_488_008na_1hfds_z10um_350msec_40povlp_ch00_C00_Z0649.tif
h170_1_1x_488_008na_1hfds_z10um_350msec_40povlp_ch00_C00_Z0650.tif
h170_1_1x_488_008na_1hfds_z10um_350msec_40povlp_ch00_C00_Z0651.tif
h170_1_1x_488_008na_1hfds_z10um_350msec_40povlp_ch00_C00_Z0652.tif
h170_1_1x_488_008na_1hfds_z10um_350msec_40povlp_ch00_C00_Z0653.tif
h170_1_1x_488_008na_1hfds_z10um_350msec_40povlp_ch00_C00_Z0654.tif
h170_1_1x_488_008na_1hfds_z10um_350msec_40povlp_ch00_C00_Z0655.tif
h170_1_1x_488_008na_1hfds_z10um_350msec_40povlp_ch00_C00_Z0656.tif
h170_1_1x_488_008na_1hfds_z10um_350msec_40povlp_ch00_C00_Z0657.tif
h170_1_1x_488_008na_1hfds_z10um_350msec_40povlp_ch00_C00_Z0658.tif
h170_1_1x_488_008na_1hfds_z10um_350msec_40povlp_ch00_C00_Z0659.tif
h170_1_1x_488_008na_1hfds_z10um_350msec_40povlp_ch00_C00_Z0858.tif
h170_1_1x_488_008na_1hfds_z10um_350msec_40povlp_ch00_C00_Z0859.tif
h170_1_1x_488_008na_1hfds_z10um_350msec_40povlp_ch00_C00_Z0860.tif
h170_1_1x_488_008na_1hfds_z10um_350msec_40povlp_ch00_C00_Z0861.tif
h170_1_1x_488_008na_1hfds_z10um_350msec_40povlp_ch00_C00_Z0862.tif
h170_1_1x_488_008na_1hfds_z10um_350msec_40povlp_ch00_C00_Z0863.tif
h170_1_1x_488_008na_1hfds_z10um_350msec_40povlp_ch00_C00_Z0864.tif
h170_1_1x_488_008na_1hfds_z10um_350msec_40povlp_ch00_C00_Z0865.tif
h170_1_1x_488_008na_1hfds_z10um_350msec_40povlp_ch00_C00_Z0866.tif
h170_1_1x_488_008na_1hfds_z10um_350msec_40povlp_ch00_C00_Z0867.tif
h170_1_1x_488_008na_1hfds_z10um_350msec_40povlp_ch00_C00_Z0868.tif
h170_1_1x_488_008na_1hfds_z10um_350msec_40povlp_ch00_C00_Z0869.tif
h170_1_1x_488_008na_1hfds_z10um_350msec_40povlp_ch00_C00_Z0870.tif
h170_1_1x_488_008na_1hfds_z10um_350msec_40povlp_ch00_C00_Z0871.tif
h170_1_1x_488_008na_1hfds_z10um_350msec_40povlp_ch00_C00_Z0872.tif
h170_1_1x_488_008na_1hfds_z10um_350msec_40povlp_ch00_C00_Z0873.tif
h170_1_1x_488_008na_1hfds_z10um_350msec_40povlp_ch00_C00_Z0874.tif
h170_1_1x_488_008na_1hfds_z10um_350msec_40povlp_ch00_C00_Z0875.tif
h170_1_1x_488_008na_1hfds_z10um_350msec_40povlp_ch00_C00_Z0876.tif
h170_1_1x_488_008na_1hfds_z10um_350msec_40povlp_ch00_C00_Z0877.tif
h170_1_1x_488_008na_1hfds_z10um_350msec_40povlp_ch00_C00_Z0878.tif
h170_1_1x_488_008na_1hfds_z10um_350msec_40povlp_ch00_C00_Z0879.tif
h170_1_1x_488_008na_1hfds_z10um_350msec_40povlp_ch00_C00_Z0154.tif
h170_1_1x_488_008na_1hfds_z10um_350msec_40povlp_ch00_C00_Z0155.tif
h170_1_1x_488_008na_1hfds_z10um_350msec_40povlp_ch00_C00_Z0156.tif
h170_1_1x_488_008na_1hfds_z10um_350msec_40povlp_ch00_C00_Z0157.tif
h170_1_1x_488_008na_1hfds_z10um_350msec_40povlp_ch00_C00_Z0158.tif
h170_1_1x_488_008na_1hfds_z10um_350msec_40povlp_ch00_C00_Z0159.tif
h170_1_1x_488_008na_1hfds_z10um_350msec_40povlp_ch00_C00_Z0160.tif
h170_1_1x_488_008na_1hfds_z10um_350msec_40povlp_ch00_C00_Z0161.tif
h170_1_1x_488_008na_1hfds_z10um_350msec_40povlp_ch00_C00_Z0162.tif
h170_1_1x_488_008na_1hfds_z10um_350msec_40povlp_ch00_C00_Z0163.tif
h170_1_1x_488_008na_1hfds_z10um_350msec_40povlp_ch00_C00_Z0164.tif
h170_1_1x_488_008na_1hfds_z10um_350msec_40povlp_ch00_C00_Z0165.tif
h170_1_1x_488_008na_1hfds_z10um_350msec_40povlp_ch00_C00_Z0166.tif
h170_1_1x_488_008na_1hfds_z10um_350msec_40povlp_ch00_C00_Z0167.tif
h170_1_1x_488_008na_1hfds_z10um_350msec_40povlp_ch00_C00_Z0168.tif
h170_1_1x_488_008na_1hfds_z10um_350msec_40povlp_ch00_C00_Z0169.tif
h170_1_1x_488_008na_1hfds_z10um_350msec_40povlp_ch00_C00_Z0170.tif
h170_1_1x_488_008na_1hfds_z10um_350msec_40povlp_ch00_C00_Z0171.tif
h170_1_1x_488_008na_1hfds_z10um_350msec_40povlp_ch00_C00_Z0172.tif
h170_1_1x_488_008na_1hfds_z10um_350msec_40povlp_ch00_C00_Z0173.tif
h170_1_1x_488_008na_1hfds_z10um_350msec_40povlp_ch00_C00_Z0174.tif
h170_1_1x_488_008na_1hfds_z10um_350msec_40povlp_ch00_C00_Z0175.tif
h170_1_1x_488_008na_1hfds_z10um_350msec_40povlp_ch00_C00_Z0286.tif
h170_1_1x_488_008na_1hfds_z10um_350msec_40povlp_ch00_C00_Z0287.tif
h170_1_1x_488_008na_1hfds_z10um_350msec_40povlp_ch00_C00_Z0288.tif
h170_1_1x_488_008na_1hfds_z10um_350msec_40povlp_ch00_C00_Z0289.tif
h170_1_1x_488_008na_1hfds_z10um_350msec_40povlp_ch00_C00_Z0290.tif
h170_1_1x_488_008na_1hfds_z10um_350msec_40povlp_ch00_C00_Z0291.tif
h170_1_1x_488_008na_1hfds_z10um_350msec_40povlp_ch00_C00_Z0292.tif
h170_1_1x_488_008na_1hfds_z10um_350msec_40povlp_ch00_C00_Z0293.tif
h170_1_1x_488_008na_1hfds_z10um_350msec_40povlp_ch00_C00_Z0294.tif
h170_1_1x_488_008na_1hfds_z10um_350msec_40povlp_ch00_C00_Z0295.tif
h170_1_1x_488_008na_1hfds_z10um_350msec_40povlp_ch00_C00_Z0296.tif
h170_1_1x_488_008na_1hfds_z10um_350msec_40povlp_ch00_C00_Z0297.tif
h170_1_1x_488_008na_1hfds_z10um_350msec_40povlp_ch00_C00_Z0298.tif
h170_1_1x_488_008na_1hfds_z10um_350msec_40povlp_ch00_C00_Z0299.tif
h170_1_1x_488_008na_1hfds_z10um_350msec_40povlp_ch00_C00_Z0300.tif
h170_1_1x_488_008na_1hfds_z10um_350msec_40povlp_ch00_C00_Z0301.tif
h170_1_1x_488_008na_1hfds_z10um_350msec_40povlp_ch00_C00_Z0302.tif
h170_1_1x_488_008na_1hfds_z10um_350msec_40povlp_ch00_C00_Z0303.tif
h170_1_1x_488_008na_1hfds_z10um_350msec_40povlp_ch00_C00_Z0304.tif
h170_1_1x_488_008na_1hfds_z10um_350msec_40povlp_ch00_C00_Z0305.tif
h170_1_1x_488_008na_1hfds_z10um_350msec_40povlp_ch00_C00_Z0306.tif
h170_1_1x_488_008na_1hfds_z10um_350msec_40povlp_ch00_C00_Z0307.tif
h170_1_1x_488_008na_1hfds_z10um_350msec_40povlp_ch00_C00_Z0550.tif
h170_1_1x_488_008na_1hfds_z10um_350msec_40povlp_ch00_C00_Z0551.tif
h170_1_1x_488_008na_1hfds_z10um_350msec_40povlp_ch00_C00_Z0552.tif
h170_1_1x_488_008na_1hfds_z10um_350msec_40povlp_ch00_C00_Z0553.tif
h170_1_1x_488_008na_1hfds_z10um_350msec_40povlp_ch00_C00_Z0554.tif
h170_1_1x_488_008na_1hfds_z10um_350msec_40povlp_ch00_C00_Z0555.tif
h170_1_1x_488_008na_1hfds_z10um_350msec_40povlp_ch00_C00_Z0556.tif
h170_1_1x_488_008na_1hfds_z10um_350msec_40povlp_ch00_C00_Z0557.tif
h170_1_1x_488_008na_1hfds_z10um_350msec_40povlp_ch00_C00_Z0558.tif
h170_1_1x_488_008na_1hfds_z10um_350msec_40povlp_ch00_C00_Z0559.tif
h170_1_1x_488_008na_1hfds_z10um_350msec_40povlp_ch00_C00_Z0560.tif
h170_1_1x_488_008na_1hfds_z10um_350msec_40povlp_ch00_C00_Z0561.tif
h170_1_1x_488_008na_1hfds_z10um_350msec_40povlp_ch00_C00_Z0562.tif
h170_1_1x_488_008na_1hfds_z10um_350msec_40povlp_ch00_C00_Z0563.tif
h170_1_1x_488_008na_1hfds_z10um_350msec_40povlp_ch00_C00_Z0564.tif
h170_1_1x_488_008na_1hfds_z10um_350msec_40povlp_ch00_C00_Z0565.tif
h170_1_1x_488_008na_1hfds_z10um_350msec_40povlp_ch00_C00_Z0566.tif
h170_1_1x_488_008na_1hfds_z10um_350msec_40povlp_ch00_C00_Z0567.tif
h170_1_1x_488_008na_1hfds_z10um_350msec_40povlp_ch00_C00_Z0568.tif
h170_1_1x_488_008na_1hfds_z10um_350msec_40povlp_ch00_C00_Z0569.tif
h170_1_1x_488_008na_1hfds_z10um_350msec_40povlp_ch00_C00_Z0570.tif
h170_1_1x_488_008na_1hfds_z10um_350msec_40povlp_ch00_C00_Z0571.tif
h170_1_1x_488_008na_1hfds_z10um_350msec_40povlp_ch00_C00_Z0814.tif
h170_1_1x_488_008na_1hfds_z10um_350msec_40povlp_ch00_C00_Z0815.tif
h170_1_1x_488_008na_1hfds_z10um_350msec_40povlp_ch00_C00_Z0816.tif
h170_1_1x_488_008na_1hfds_z10um_350msec_40povlp_ch00_C00_Z0817.tif
h170_1_1x_488_008na_1hfds_z10um_350msec_40povlp_ch00_C00_Z0818.tif
h170_1_1x_488_008na_1hfds_z10um_350msec_40povlp_ch00_C00_Z0819.tif
h170_1_1x_488_008na_1hfds_z10um_350msec_40povlp_ch00_C00_Z0820.tif
h170_1_1x_488_008na_1hfds_z10um_350msec_40povlp_ch00_C00_Z0821.tif
h170_1_1x_488_008na_1hfds_z10um_350msec_40povlp_ch00_C00_Z0822.tif
h170_1_1x_488_008na_1hfds_z10um_350msec_40povlp_ch00_C00_Z0823.tif
h170_1_1x_488_008na_1hfds_z10um_350msec_40povlp_ch00_C00_Z0824.tif
h170_1_1x_488_008na_1hfds_z10um_350msec_40povlp_ch00_C00_Z0825.tif
h170_1_1x_488_008na_1hfds_z10um_350msec_40povlp_ch00_C00_Z0826.tif
h170_1_1x_488_008na_1hfds_z10um_350msec_40povlp_ch00_C00_Z0827.tif
h170_1_1x_488_008na_1hfds_z10um_350msec_40povlp_ch00_C00_Z0828.tif
h170_1_1x_488_008na_1hfds_z10um_350msec_40povlp_ch00_C00_Z0829.tif
h170_1_1x_488_008na_1hfds_z10um_350msec_40povlp_ch00_C00_Z0830.tif
h170_1_1x_488_008na_1hfds_z10um_350msec_40povlp_ch00_C00_Z0831.tif
h170_1_1x_488_008na_1hfds_z10um_350msec_40povlp_ch00_C00_Z0832.tif
h170_1_1x_488_008na_1hfds_z10um_350msec_40povlp_ch00_C00_Z0833.tif
h170_1_1x_488_008na_1hfds_z10um_350msec_40povlp_ch00_C00_Z0834.tif
h170_1_1x_488_008na_1hfds_z10um_350msec_40povlp_ch00_C00_Z0835.tif
h170_1_1x_488_008na_1hfds_z10um_350msec_40povlp_ch00_C00_Z0044.tif
h170_1_1x_488_008na_1hfds_z10um_350msec_40povlp_ch00_C00_Z0045.tif
h170_1_1x_488_008na_1hfds_z10um_350msec_40povlp_ch00_C00_Z0046.tif
h170_1_1x_488_008na_1hfds_z10um_350msec_40povlp_ch00_C00_Z0047.tif
h170_1_1x_488_008na_1hfds_z10um_350msec_40povlp_ch00_C00_Z0048.tif
h170_1_1x_488_008na_1hfds_z10um_350msec_40povlp_ch00_C00_Z0049.tif
h170_1_1x_488_008na_1hfds_z10um_350msec_40povlp_ch00_C00_Z0050.tif
h170_1_1x_488_008na_1hfds_z10um_350msec_40povlp_ch00_C00_Z0051.tif
h170_1_1x_488_008na_1hfds_z10um_350msec_40povlp_ch00_C00_Z0052.tif
h170_1_1x_488_008na_1hfds_z10um_350msec_40povlp_ch00_C00_Z0053.tif
h170_1_1x_488_008na_1hfds_z10um_350msec_40povlp_ch00_C00_Z0054.tif
h170_1_1x_488_008na_1hfds_z10um_350msec_40povlp_ch00_C00_Z0055.tif
h170_1_1x_488_008na_1hfds_z10um_350msec_40povlp_ch00_C00_Z0056.tif
h170_1_1x_488_008na_1hfds_z10um_350msec_40povlp_ch00_C00_Z0057.tif
h170_1_1x_488_008na_1hfds_z10um_350msec_40povlp_ch00_C00_Z0058.tif
h170_1_1x_488_008na_1hfds_z10um_350msec_40povlp_ch00_C00_Z0059.tif
h170_1_1x_488_008na_1hfds_z10um_350msec_40povlp_ch00_C00_Z0060.tif
h170_1_1x_488_008na_1hfds_z10um_350msec_40povlp_ch00_C00_Z0061.tif
h170_1_1x_488_008na_1hfds_z10um_350msec_40povlp_ch00_C00_Z0062.tif
h170_1_1x_488_008na_1hfds_z10um_350msec_40povlp_ch00_C00_Z0063.tif
h170_1_1x_488_008na_1hfds_z10um_350msec_40povlp_ch00_C00_Z0064.tif
h170_1_1x_488_008na_1hfds_z10um_350msec_40povlp_ch00_C00_Z0065.tif
h170_1_1x_488_008na_1hfds_z10um_350msec_40povlp_ch00_C00_Z0352.tif
h170_1_1x_488_008na_1hfds_z10um_350msec_40povlp_ch00_C00_Z0353.tif
h170_1_1x_488_008na_1hfds_z10um_350msec_40povlp_ch00_C00_Z0354.tif
h170_1_1x_488_008na_1hfds_z10um_350msec_40povlp_ch00_C00_Z0355.tif
h170_1_1x_488_008na_1hfds_z10um_350msec_40povlp_ch00_C00_Z0356.tif
h170_1_1x_488_008na_1hfds_z10um_350msec_40povlp_ch00_C00_Z0357.tif
h170_1_1x_488_008na_1hfds_z10um_350msec_40povlp_ch00_C00_Z0358.tif
h170_1_1x_488_008na_1hfds_z10um_350msec_40povlp_ch00_C00_Z0359.tif
h170_1_1x_488_008na_1hfds_z10um_350msec_40povlp_ch00_C00_Z0360.tif
h170_1_1x_488_008na_1hfds_z10um_350msec_40povlp_ch00_C00_Z0361.tif
h170_1_1x_488_008na_1hfds_z10um_350msec_40povlp_ch00_C00_Z0362.tif
h170_1_1x_488_008na_1hfds_z10um_350msec_40povlp_ch00_C00_Z0363.tif
h170_1_1x_488_008na_1hfds_z10um_350msec_40povlp_ch00_C00_Z0364.tif
h170_1_1x_488_008na_1hfds_z10um_350msec_40povlp_ch00_C00_Z0365.tif
h170_1_1x_488_008na_1hfds_z10um_350msec_40povlp_ch00_C00_Z0366.tif
h170_1_1x_488_008na_1hfds_z10um_350msec_40povlp_ch00_C00_Z0367.tif
h170_1_1x_488_008na_1hfds_z10um_350msec_40povlp_ch00_C00_Z0368.tif
h170_1_1x_488_008na_1hfds_z10um_350msec_40povlp_ch00_C00_Z0369.tif
h170_1_1x_488_008na_1hfds_z10um_350msec_40povlp_ch00_C00_Z0370.tif
h170_1_1x_488_008na_1hfds_z10um_350msec_40povlp_ch00_C00_Z0371.tif
h170_1_1x_488_008na_1hfds_z10um_350msec_40povlp_ch00_C00_Z0372.tif
h170_1_1x_488_008na_1hfds_z10um_350msec_40povlp_ch00_C00_Z0373.tif
h170_1_1x_488_008na_1hfds_z10um_350msec_40povlp_ch00_C00_Z0594.tif
h170_1_1x_488_008na_1hfds_z10um_350msec_40povlp_ch00_C00_Z0595.tif
h170_1_1x_488_008na_1hfds_z10um_350msec_40povlp_ch00_C00_Z0596.tif
h170_1_1x_488_008na_1hfds_z10um_350msec_40povlp_ch00_C00_Z0597.tif
h170_1_1x_488_008na_1hfds_z10um_350msec_40povlp_ch00_C00_Z0598.tif
h170_1_1x_488_008na_1hfds_z10um_350msec_40povlp_ch00_C00_Z0599.tif
h170_1_1x_488_008na_1hfds_z10um_350msec_40povlp_ch00_C00_Z0600.tif
h170_1_1x_488_008na_1hfds_z10um_350msec_40povlp_ch00_C00_Z0601.tif
h170_1_1x_488_008na_1hfds_z10um_350msec_40povlp_ch00_C00_Z0602.tif
h170_1_1x_488_008na_1hfds_z10um_350msec_40povlp_ch00_C00_Z0603.tif
h170_1_1x_488_008na_1hfds_z10um_350msec_40povlp_ch00_C00_Z0604.tif
h170_1_1x_488_008na_1hfds_z10um_350msec_40povlp_ch00_C00_Z0605.tif
h170_1_1x_488_008na_1hfds_z10um_350msec_40povlp_ch00_C00_Z0606.tif
h170_1_1x_488_008na_1hfds_z10um_350msec_40povlp_ch00_C00_Z0607.tif
h170_1_1x_488_008na_1hfds_z10um_350msec_40povlp_ch00_C00_Z0608.tif
h170_1_1x_488_008na_1hfds_z10um_350msec_40povlp_ch00_C00_Z0609.tif
h170_1_1x_488_008na_1hfds_z10um_350msec_40povlp_ch00_C00_Z0610.tif
h170_1_1x_488_008na_1hfds_z10um_350msec_40povlp_ch00_C00_Z0611.tif
h170_1_1x_488_008na_1hfds_z10um_350msec_40povlp_ch00_C00_Z0612.tif
h170_1_1x_488_008na_1hfds_z10um_350msec_40povlp_ch00_C00_Z0613.tif
h170_1_1x_488_008na_1hfds_z10um_350msec_40povlp_ch00_C00_Z0614.tif
h170_1_1x_488_008na_1hfds_z10um_350msec_40povlp_ch00_C00_Z0615.tif
h170_1_1x_488_008na_1hfds_z10um_350msec_40povlp_ch00_C00_Z0880.tif
h170_1_1x_488_008na_1hfds_z10um_350msec_40povlp_ch00_C00_Z0881.tif
h170_1_1x_488_008na_1hfds_z10um_350msec_40povlp_ch00_C00_Z0882.tif
h170_1_1x_488_008na_1hfds_z10um_350msec_40povlp_ch00_C00_Z0883.tif
h170_1_1x_488_008na_1hfds_z10um_350msec_40povlp_ch00_C00_Z0884.tif
h170_1_1x_488_008na_1hfds_z10um_350msec_40povlp_ch00_C00_Z0885.tif
h170_1_1x_488_008na_1hfds_z10um_350msec_40povlp_ch00_C00_Z0886.tif
h170_1_1x_488_008na_1hfds_z10um_350msec_40povlp_ch00_C00_Z0887.tif
h170_1_1x_488_008na_1hfds_z10um_350msec_40povlp_ch00_C00_Z0888.tif
h170_1_1x_488_008na_1hfds_z10um_350msec_40povlp_ch00_C00_Z0889.tif
h170_1_1x_488_008na_1hfds_z10um_350msec_40povlp_ch00_C00_Z0890.tif
h170_1_1x_488_008na_1hfds_z10um_350msec_40povlp_ch00_C00_Z0891.tif
h170_1_1x_488_008na_1hfds_z10um_350msec_40povlp_ch00_C00_Z0892.tif
h170_1_1x_488_008na_1hfds_z10um_350msec_40povlp_ch00_C00_Z0893.tif
h170_1_1x_488_008na_1hfds_z10um_350msec_40povlp_ch00_C00_Z0894.tif
h170_1_1x_488_008na_1hfds_z10um_350msec_40povlp_ch00_C00_Z0895.tif
h170_1_1x_488_008na_1hfds_z10um_350msec_40povlp_ch00_C00_Z0896.tif
h170_1_1x_488_008na_1hfds_z10um_350msec_40povlp_ch00_C00_Z0897.tif
h170_1_1x_488_008na_1hfds_z10um_350msec_40povlp_ch00_C00_Z0898.tif
h170_1_1x_488_008na_1hfds_z10um_350msec_40povlp_ch00_C00_Z0899.tif
h170_1_1x_488_008na_1hfds_z10um_350msec_40povlp_ch00_C00_Z0900.tif
h170_1_1x_488_008na_1hfds_z10um_350msec_40povlp_ch00_C00_Z0901.tif
h170_1_1x_488_008na_1hfds_z10um_350msec_40povlp_ch00_C00_Z0088.tif
h170_1_1x_488_008na_1hfds_z10um_350msec_40povlp_ch00_C00_Z0089.tif
h170_1_1x_488_008na_1hfds_z10um_350msec_40povlp_ch00_C00_Z0090.tif
h170_1_1x_488_008na_1hfds_z10um_350msec_40povlp_ch00_C00_Z0091.tif
h170_1_1x_488_008na_1hfds_z10um_350msec_40povlp_ch00_C00_Z0092.tif
h170_1_1x_488_008na_1hfds_z10um_350msec_40povlp_ch00_C00_Z0093.tif
h170_1_1x_488_008na_1hfds_z10um_350msec_40povlp_ch00_C00_Z0094.tif
h170_1_1x_488_008na_1hfds_z10um_350msec_40povlp_ch00_C00_Z0095.tif
h170_1_1x_488_008na_1hfds_z10um_350msec_40povlp_ch00_C00_Z0096.tif
h170_1_1x_488_008na_1hfds_z10um_350msec_40povlp_ch00_C00_Z0097.tif
h170_1_1x_488_008na_1hfds_z10um_350msec_40povlp_ch00_C00_Z0098.tif
h170_1_1x_488_008na_1hfds_z10um_350msec_40povlp_ch00_C00_Z0099.tif
h170_1_1x_488_008na_1hfds_z10um_350msec_40povlp_ch00_C00_Z0100.tif
h170_1_1x_488_008na_1hfds_z10um_350msec_40povlp_ch00_C00_Z0101.tif
h170_1_1x_488_008na_1hfds_z10um_350msec_40povlp_ch00_C00_Z0102.tif
h170_1_1x_488_008na_1hfds_z10um_350msec_40povlp_ch00_C00_Z0103.tif
h170_1_1x_488_008na_1hfds_z10um_350msec_40povlp_ch00_C00_Z0104.tif
h170_1_1x_488_008na_1hfds_z10um_350msec_40povlp_ch00_C00_Z0105.tif
h170_1_1x_488_008na_1hfds_z10um_350msec_40povlp_ch00_C00_Z0106.tif
h170_1_1x_488_008na_1hfds_z10um_350msec_40povlp_ch00_C00_Z0107.tif
h170_1_1x_488_008na_1hfds_z10um_350msec_40povlp_ch00_C00_Z0108.tif
h170_1_1x_488_008na_1hfds_z10um_350msec_40povlp_ch00_C00_Z0109.tif
h170_1_1x_488_008na_1hfds_z10um_350msec_40povlp_ch00_C00_Z0330.tif
h170_1_1x_488_008na_1hfds_z10um_350msec_40povlp_ch00_C00_Z0331.tif
h170_1_1x_488_008na_1hfds_z10um_350msec_40povlp_ch00_C00_Z0332.tif
h170_1_1x_488_008na_1hfds_z10um_350msec_40povlp_ch00_C00_Z0333.tif
h170_1_1x_488_008na_1hfds_z10um_350msec_40povlp_ch00_C00_Z0334.tif
h170_1_1x_488_008na_1hfds_z10um_350msec_40povlp_ch00_C00_Z0335.tif
h170_1_1x_488_008na_1hfds_z10um_350msec_40povlp_ch00_C00_Z0336.tif
h170_1_1x_488_008na_1hfds_z10um_350msec_40povlp_ch00_C00_Z0337.tif
h170_1_1x_488_008na_1hfds_z10um_350msec_40povlp_ch00_C00_Z0338.tif
h170_1_1x_488_008na_1hfds_z10um_350msec_40povlp_ch00_C00_Z0339.tif
h170_1_1x_488_008na_1hfds_z10um_350msec_40povlp_ch00_C00_Z0340.tif
h170_1_1x_488_008na_1hfds_z10um_350msec_40povlp_ch00_C00_Z0341.tif
h170_1_1x_488_008na_1hfds_z10um_350msec_40povlp_ch00_C00_Z0342.tif
h170_1_1x_488_008na_1hfds_z10um_350msec_40povlp_ch00_C00_Z0343.tif
h170_1_1x_488_008na_1hfds_z10um_350msec_40povlp_ch00_C00_Z0344.tif
h170_1_1x_488_008na_1hfds_z10um_350msec_40povlp_ch00_C00_Z0345.tif
h170_1_1x_488_008na_1hfds_z10um_350msec_40povlp_ch00_C00_Z0346.tif
h170_1_1x_488_008na_1hfds_z10um_350msec_40povlp_ch00_C00_Z0347.tif
h170_1_1x_488_008na_1hfds_z10um_350msec_40povlp_ch00_C00_Z0348.tif
h170_1_1x_488_008na_1hfds_z10um_350msec_40povlp_ch00_C00_Z0349.tif
h170_1_1x_488_008na_1hfds_z10um_350msec_40povlp_ch00_C00_Z0350.tif
h170_1_1x_488_008na_1hfds_z10um_350msec_40povlp_ch00_C00_Z0351.tif
h170_1_1x_488_008na_1hfds_z10um_350msec_40povlp_ch00_C00_Z0616.tif
h170_1_1x_488_008na_1hfds_z10um_350msec_40povlp_ch00_C00_Z0617.tif
h170_1_1x_488_008na_1hfds_z10um_350msec_40povlp_ch00_C00_Z0618.tif
h170_1_1x_488_008na_1hfds_z10um_350msec_40povlp_ch00_C00_Z0619.tif
h170_1_1x_488_008na_1hfds_z10um_350msec_40povlp_ch00_C00_Z0620.tif
h170_1_1x_488_008na_1hfds_z10um_350msec_40povlp_ch00_C00_Z0621.tif
h170_1_1x_488_008na_1hfds_z10um_350msec_40povlp_ch00_C00_Z0622.tif
h170_1_1x_488_008na_1hfds_z10um_350msec_40povlp_ch00_C00_Z0623.tif
h170_1_1x_488_008na_1hfds_z10um_350msec_40povlp_ch00_C00_Z0624.tif
h170_1_1x_488_008na_1hfds_z10um_350msec_40povlp_ch00_C00_Z0625.tif
h170_1_1x_488_008na_1hfds_z10um_350msec_40povlp_ch00_C00_Z0626.tif
h170_1_1x_488_008na_1hfds_z10um_350msec_40povlp_ch00_C00_Z0627.tif
h170_1_1x_488_008na_1hfds_z10um_350msec_40povlp_ch00_C00_Z0628.tif
h170_1_1x_488_008na_1hfds_z10um_350msec_40povlp_ch00_C00_Z0629.tif
h170_1_1x_488_008na_1hfds_z10um_350msec_40povlp_ch00_C00_Z0630.tif
h170_1_1x_488_008na_1hfds_z10um_350msec_40povlp_ch00_C00_Z0631.tif
h170_1_1x_488_008na_1hfds_z10um_350msec_40povlp_ch00_C00_Z0632.tif
h170_1_1x_488_008na_1hfds_z10um_350msec_40povlp_ch00_C00_Z0633.tif
h170_1_1x_488_008na_1hfds_z10um_350msec_40povlp_ch00_C00_Z0634.tif
h170_1_1x_488_008na_1hfds_z10um_350msec_40povlp_ch00_C00_Z0635.tif
h170_1_1x_488_008na_1hfds_z10um_350msec_40povlp_ch00_C00_Z0636.tif
h170_1_1x_488_008na_1hfds_z10um_350msec_40povlp_ch00_C00_Z0637.tif
h170_1_1x_488_008na_1hfds_z10um_350msec_40povlp_ch00_C00_Z0924.tif
h170_1_1x_488_008na_1hfds_z10um_350msec_40povlp_ch00_C00_Z0925.tif
h170_1_1x_488_008na_1hfds_z10um_350msec_40povlp_ch00_C00_Z0926.tif
h170_1_1x_488_008na_1hfds_z10um_350msec_40povlp_ch00_C00_Z0927.tif
h170_1_1x_488_008na_1hfds_z10um_350msec_40povlp_ch00_C00_Z0928.tif
h170_1_1x_488_008na_1hfds_z10um_350msec_40povlp_ch00_C00_Z0929.tif
h170_1_1x_488_008na_1hfds_z10um_350msec_40povlp_ch00_C00_Z0930.tif
h170_1_1x_488_008na_1hfds_z10um_350msec_40povlp_ch00_C00_Z0931.tif
h170_1_1x_488_008na_1hfds_z10um_350msec_40povlp_ch00_C00_Z0932.tif
h170_1_1x_488_008na_1hfds_z10um_350msec_40povlp_ch00_C00_Z0933.tif
h170_1_1x_488_008na_1hfds_z10um_350msec_40povlp_ch00_C00_Z0934.tif
h170_1_1x_488_008na_1hfds_z10um_350msec_40povlp_ch00_C00_Z0935.tif
h170_1_1x_488_008na_1hfds_z10um_350msec_40povlp_ch00_C00_Z0936.tif
h170_1_1x_488_008na_1hfds_z10um_350msec_40povlp_ch00_C00_Z0937.tif
h170_1_1x_488_008na_1hfds_z10um_350msec_40povlp_ch00_C00_Z0938.tif
h170_1_1x_488_008na_1hfds_z10um_350msec_40povlp_ch00_C00_Z0939.tif
h170_1_1x_488_008na_1hfds_z10um_350msec_40povlp_ch00_C00_Z0940.tif
h170_1_1x_488_008na_1hfds_z10um_350msec_40povlp_ch00_C00_Z0941.tif
h170_1_1x_488_008na_1hfds_z10um_350msec_40povlp_ch00_C00_Z0942.tif
h170_1_1x_488_008na_1hfds_z10um_350msec_40povlp_ch00_C00_Z0943.tif
h170_1_1x_488_008na_1hfds_z10um_350msec_40povlp_ch00_C00_Z0944.tif
h170_1_1x_488_008na_1hfds_z10um_350msec_40povlp_ch00_C00_Z0945.tif
h170_1_1x_488_008na_1hfds_z10um_350msec_40povlp_ch00_C00_Z0176.tif
h170_1_1x_488_008na_1hfds_z10um_350msec_40povlp_ch00_C00_Z0177.tif
h170_1_1x_488_008na_1hfds_z10um_350msec_40povlp_ch00_C00_Z0178.tif
h170_1_1x_488_008na_1hfds_z10um_350msec_40povlp_ch00_C00_Z0179.tif
h170_1_1x_488_008na_1hfds_z10um_350msec_40povlp_ch00_C00_Z0180.tif
h170_1_1x_488_008na_1hfds_z10um_350msec_40povlp_ch00_C00_Z0181.tif
h170_1_1x_488_008na_1hfds_z10um_350msec_40povlp_ch00_C00_Z0182.tif
h170_1_1x_488_008na_1hfds_z10um_350msec_40povlp_ch00_C00_Z0183.tif
h170_1_1x_488_008na_1hfds_z10um_350msec_40povlp_ch00_C00_Z0184.tif
h170_1_1x_488_008na_1hfds_z10um_350msec_40povlp_ch00_C00_Z0185.tif
h170_1_1x_488_008na_1hfds_z10um_350msec_40povlp_ch00_C00_Z0186.tif
h170_1_1x_488_008na_1hfds_z10um_350msec_40povlp_ch00_C00_Z0187.tif
h170_1_1x_488_008na_1hfds_z10um_350msec_40povlp_ch00_C00_Z0188.tif
h170_1_1x_488_008na_1hfds_z10um_350msec_40povlp_ch00_C00_Z0189.tif
h170_1_1x_488_008na_1hfds_z10um_350msec_40povlp_ch00_C00_Z0190.tif
h170_1_1x_488_008na_1hfds_z10um_350msec_40povlp_ch00_C00_Z0191.tif
h170_1_1x_488_008na_1hfds_z10um_350msec_40povlp_ch00_C00_Z0192.tif
h170_1_1x_488_008na_1hfds_z10um_350msec_40povlp_ch00_C00_Z0193.tif
h170_1_1x_488_008na_1hfds_z10um_350msec_40povlp_ch00_C00_Z0194.tif
h170_1_1x_488_008na_1hfds_z10um_350msec_40povlp_ch00_C00_Z0195.tif
h170_1_1x_488_008na_1hfds_z10um_350msec_40povlp_ch00_C00_Z0196.tif
h170_1_1x_488_008na_1hfds_z10um_350msec_40povlp_ch00_C00_Z0197.tif
h170_1_1x_488_008na_1hfds_z10um_350msec_40povlp_ch00_C00_Z0418.tif
h170_1_1x_488_008na_1hfds_z10um_350msec_40povlp_ch00_C00_Z0419.tif
h170_1_1x_488_008na_1hfds_z10um_350msec_40povlp_ch00_C00_Z0420.tif
h170_1_1x_488_008na_1hfds_z10um_350msec_40povlp_ch00_C00_Z0421.tif
h170_1_1x_488_008na_1hfds_z10um_350msec_40povlp_ch00_C00_Z0422.tif
h170_1_1x_488_008na_1hfds_z10um_350msec_40povlp_ch00_C00_Z0423.tif
h170_1_1x_488_008na_1hfds_z10um_350msec_40povlp_ch00_C00_Z0424.tif
h170_1_1x_488_008na_1hfds_z10um_350msec_40povlp_ch00_C00_Z0425.tif
h170_1_1x_488_008na_1hfds_z10um_350msec_40povlp_ch00_C00_Z0426.tif
h170_1_1x_488_008na_1hfds_z10um_350msec_40povlp_ch00_C00_Z0427.tif
h170_1_1x_488_008na_1hfds_z10um_350msec_40povlp_ch00_C00_Z0428.tif
h170_1_1x_488_008na_1hfds_z10um_350msec_40povlp_ch00_C00_Z0429.tif
h170_1_1x_488_008na_1hfds_z10um_350msec_40povlp_ch00_C00_Z0430.tif
h170_1_1x_488_008na_1hfds_z10um_350msec_40povlp_ch00_C00_Z0431.tif
h170_1_1x_488_008na_1hfds_z10um_350msec_40povlp_ch00_C00_Z0432.tif
h170_1_1x_488_008na_1hfds_z10um_350msec_40povlp_ch00_C00_Z0433.tif
h170_1_1x_488_008na_1hfds_z10um_350msec_40povlp_ch00_C00_Z0434.tif
h170_1_1x_488_008na_1hfds_z10um_350msec_40povlp_ch00_C00_Z0435.tif
h170_1_1x_488_008na_1hfds_z10um_350msec_40povlp_ch00_C00_Z0436.tif
h170_1_1x_488_008na_1hfds_z10um_350msec_40povlp_ch00_C00_Z0437.tif
h170_1_1x_488_008na_1hfds_z10um_350msec_40povlp_ch00_C00_Z0438.tif
h170_1_1x_488_008na_1hfds_z10um_350msec_40povlp_ch00_C00_Z0439.tif
h170_1_1x_488_008na_1hfds_z10um_350msec_40povlp_ch00_C00_Z0704.tif
h170_1_1x_488_008na_1hfds_z10um_350msec_40povlp_ch00_C00_Z0705.tif
h170_1_1x_488_008na_1hfds_z10um_350msec_40povlp_ch00_C00_Z0706.tif
h170_1_1x_488_008na_1hfds_z10um_350msec_40povlp_ch00_C00_Z0707.tif
h170_1_1x_488_008na_1hfds_z10um_350msec_40povlp_ch00_C00_Z0708.tif
h170_1_1x_488_008na_1hfds_z10um_350msec_40povlp_ch00_C00_Z0709.tif
h170_1_1x_488_008na_1hfds_z10um_350msec_40povlp_ch00_C00_Z0710.tif
h170_1_1x_488_008na_1hfds_z10um_350msec_40povlp_ch00_C00_Z0711.tif
h170_1_1x_488_008na_1hfds_z10um_350msec_40povlp_ch00_C00_Z0712.tif
h170_1_1x_488_008na_1hfds_z10um_350msec_40povlp_ch00_C00_Z0713.tif
h170_1_1x_488_008na_1hfds_z10um_350msec_40povlp_ch00_C00_Z0714.tif
h170_1_1x_488_008na_1hfds_z10um_350msec_40povlp_ch00_C00_Z0715.tif
h170_1_1x_488_008na_1hfds_z10um_350msec_40povlp_ch00_C00_Z0716.tif
h170_1_1x_488_008na_1hfds_z10um_350msec_40povlp_ch00_C00_Z0717.tif
h170_1_1x_488_008na_1hfds_z10um_350msec_40povlp_ch00_C00_Z0718.tif
h170_1_1x_488_008na_1hfds_z10um_350msec_40povlp_ch00_C00_Z0719.tif
h170_1_1x_488_008na_1hfds_z10um_350msec_40povlp_ch00_C00_Z0720.tif
h170_1_1x_488_008na_1hfds_z10um_350msec_40povlp_ch00_C00_Z0721.tif
h170_1_1x_488_008na_1hfds_z10um_350msec_40povlp_ch00_C00_Z0722.tif
h170_1_1x_488_008na_1hfds_z10um_350msec_40povlp_ch00_C00_Z0723.tif
h170_1_1x_488_008na_1hfds_z10um_350msec_40povlp_ch00_C00_Z0724.tif
h170_1_1x_488_008na_1hfds_z10um_350msec_40povlp_ch00_C00_Z0725.tif
h170_1_1x_488_008na_1hfds_z10um_350msec_40povlp_ch00_C00_Z0968.tif
h170_1_1x_488_008na_1hfds_z10um_350msec_40povlp_ch00_C00_Z0969.tif
h170_1_1x_488_008na_1hfds_z10um_350msec_40povlp_ch00_C00_Z0970.tif
h170_1_1x_488_008na_1hfds_z10um_350msec_40povlp_ch00_C00_Z0971.tif
h170_1_1x_488_008na_1hfds_z10um_350msec_40povlp_ch00_C00_Z0972.tif
h170_1_1x_488_008na_1hfds_z10um_350msec_40povlp_ch00_C00_Z0973.tif
h170_1_1x_488_008na_1hfds_z10um_350msec_40povlp_ch00_C00_Z0974.tif
h170_1_1x_488_008na_1hfds_z10um_350msec_40povlp_ch00_C00_Z0975.tif
h170_1_1x_488_008na_1hfds_z10um_350msec_40povlp_ch00_C00_Z0976.tif
h170_1_1x_488_008na_1hfds_z10um_350msec_40povlp_ch00_C00_Z0977.tif
h170_1_1x_488_008na_1hfds_z10um_350msec_40povlp_ch00_C00_Z0978.tif
h170_1_1x_488_008na_1hfds_z10um_350msec_40povlp_ch00_C00_Z0979.tif
h170_1_1x_488_008na_1hfds_z10um_350msec_40povlp_ch00_C00_Z0980.tif
h170_1_1x_488_008na_1hfds_z10um_350msec_40povlp_ch00_C00_Z0981.tif
h170_1_1x_488_008na_1hfds_z10um_350msec_40povlp_ch00_C00_Z0982.tif
h170_1_1x_488_008na_1hfds_z10um_350msec_40povlp_ch00_C00_Z0983.tif
h170_1_1x_488_008na_1hfds_z10um_350msec_40povlp_ch00_C00_Z0984.tif
h170_1_1x_488_008na_1hfds_z10um_350msec_40povlp_ch00_C00_Z0985.tif
h170_1_1x_488_008na_1hfds_z10um_350msec_40povlp_ch00_C00_Z0986.tif
h170_1_1x_488_008na_1hfds_z10um_350msec_40povlp_ch00_C00_Z0987.tif
h170_1_1x_488_008na_1hfds_z10um_350msec_40povlp_ch00_C00_Z0988.tif
h170_1_1x_488_008na_1hfds_z10um_350msec_40povlp_ch00_C00_Z0989.tif
h170_1_1x_488_008na_1hfds_z10um_350msec_40povlp_ch00_C00_Z0132.tif
h170_1_1x_488_008na_1hfds_z10um_350msec_40povlp_ch00_C00_Z0133.tif
h170_1_1x_488_008na_1hfds_z10um_350msec_40povlp_ch00_C00_Z0134.tif
h170_1_1x_488_008na_1hfds_z10um_350msec_40povlp_ch00_C00_Z0135.tif
h170_1_1x_488_008na_1hfds_z10um_350msec_40povlp_ch00_C00_Z0136.tif
h170_1_1x_488_008na_1hfds_z10um_350msec_40povlp_ch00_C00_Z0137.tif
h170_1_1x_488_008na_1hfds_z10um_350msec_40povlp_ch00_C00_Z0138.tif
h170_1_1x_488_008na_1hfds_z10um_350msec_40povlp_ch00_C00_Z0139.tif
h170_1_1x_488_008na_1hfds_z10um_350msec_40povlp_ch00_C00_Z0140.tif
h170_1_1x_488_008na_1hfds_z10um_350msec_40povlp_ch00_C00_Z0141.tif
h170_1_1x_488_008na_1hfds_z10um_350msec_40povlp_ch00_C00_Z0142.tif
h170_1_1x_488_008na_1hfds_z10um_350msec_40povlp_ch00_C00_Z0143.tif
h170_1_1x_488_008na_1hfds_z10um_350msec_40povlp_ch00_C00_Z0144.tif
h170_1_1x_488_008na_1hfds_z10um_350msec_40povlp_ch00_C00_Z0145.tif
h170_1_1x_488_008na_1hfds_z10um_350msec_40povlp_ch00_C00_Z0146.tif
h170_1_1x_488_008na_1hfds_z10um_350msec_40povlp_ch00_C00_Z0147.tif
h170_1_1x_488_008na_1hfds_z10um_350msec_40povlp_ch00_C00_Z0148.tif
h170_1_1x_488_008na_1hfds_z10um_350msec_40povlp_ch00_C00_Z0149.tif
h170_1_1x_488_008na_1hfds_z10um_350msec_40povlp_ch00_C00_Z0150.tif
h170_1_1x_488_008na_1hfds_z10um_350msec_40povlp_ch00_C00_Z0151.tif
h170_1_1x_488_008na_1hfds_z10um_350msec_40povlp_ch00_C00_Z0152.tif
h170_1_1x_488_008na_1hfds_z10um_350msec_40povlp_ch00_C00_Z0153.tif
h170_1_1x_488_008na_1hfds_z10um_350msec_40povlp_ch00_C00_Z0440.tif
h170_1_1x_488_008na_1hfds_z10um_350msec_40povlp_ch00_C00_Z0441.tif
h170_1_1x_488_008na_1hfds_z10um_350msec_40povlp_ch00_C00_Z0442.tif
h170_1_1x_488_008na_1hfds_z10um_350msec_40povlp_ch00_C00_Z0443.tif
h170_1_1x_488_008na_1hfds_z10um_350msec_40povlp_ch00_C00_Z0444.tif
h170_1_1x_488_008na_1hfds_z10um_350msec_40povlp_ch00_C00_Z0445.tif
h170_1_1x_488_008na_1hfds_z10um_350msec_40povlp_ch00_C00_Z0446.tif
h170_1_1x_488_008na_1hfds_z10um_350msec_40povlp_ch00_C00_Z0447.tif
h170_1_1x_488_008na_1hfds_z10um_350msec_40povlp_ch00_C00_Z0448.tif
h170_1_1x_488_008na_1hfds_z10um_350msec_40povlp_ch00_C00_Z0449.tif
h170_1_1x_488_008na_1hfds_z10um_350msec_40povlp_ch00_C00_Z0450.tif
h170_1_1x_488_008na_1hfds_z10um_350msec_40povlp_ch00_C00_Z0451.tif
h170_1_1x_488_008na_1hfds_z10um_350msec_40povlp_ch00_C00_Z0452.tif
h170_1_1x_488_008na_1hfds_z10um_350msec_40povlp_ch00_C00_Z0453.tif
h170_1_1x_488_008na_1hfds_z10um_350msec_40povlp_ch00_C00_Z0454.tif
h170_1_1x_488_008na_1hfds_z10um_350msec_40povlp_ch00_C00_Z0455.tif
h170_1_1x_488_008na_1hfds_z10um_350msec_40povlp_ch00_C00_Z0456.tif
h170_1_1x_488_008na_1hfds_z10um_350msec_40povlp_ch00_C00_Z0457.tif
h170_1_1x_488_008na_1hfds_z10um_350msec_40povlp_ch00_C00_Z0458.tif
h170_1_1x_488_008na_1hfds_z10um_350msec_40povlp_ch00_C00_Z0459.tif
h170_1_1x_488_008na_1hfds_z10um_350msec_40povlp_ch00_C00_Z0460.tif
h170_1_1x_488_008na_1hfds_z10um_350msec_40povlp_ch00_C00_Z0461.tif
h170_1_1x_488_008na_1hfds_z10um_350msec_40povlp_ch00_C00_Z0682.tif
h170_1_1x_488_008na_1hfds_z10um_350msec_40povlp_ch00_C00_Z0683.tif
h170_1_1x_488_008na_1hfds_z10um_350msec_40povlp_ch00_C00_Z0684.tif
h170_1_1x_488_008na_1hfds_z10um_350msec_40povlp_ch00_C00_Z0685.tif
h170_1_1x_488_008na_1hfds_z10um_350msec_40povlp_ch00_C00_Z0686.tif
h170_1_1x_488_008na_1hfds_z10um_350msec_40povlp_ch00_C00_Z0687.tif
h170_1_1x_488_008na_1hfds_z10um_350msec_40povlp_ch00_C00_Z0688.tif
h170_1_1x_488_008na_1hfds_z10um_350msec_40povlp_ch00_C00_Z0689.tif
h170_1_1x_488_008na_1hfds_z10um_350msec_40povlp_ch00_C00_Z0690.tif
h170_1_1x_488_008na_1hfds_z10um_350msec_40povlp_ch00_C00_Z0691.tif
h170_1_1x_488_008na_1hfds_z10um_350msec_40povlp_ch00_C00_Z0692.tif
h170_1_1x_488_008na_1hfds_z10um_350msec_40povlp_ch00_C00_Z0693.tif
h170_1_1x_488_008na_1hfds_z10um_350msec_40povlp_ch00_C00_Z0694.tif
h170_1_1x_488_008na_1hfds_z10um_350msec_40povlp_ch00_C00_Z0695.tif
h170_1_1x_488_008na_1hfds_z10um_350msec_40povlp_ch00_C00_Z0696.tif
h170_1_1x_488_008na_1hfds_z10um_350msec_40povlp_ch00_C00_Z0697.tif
h170_1_1x_488_008na_1hfds_z10um_350msec_40povlp_ch00_C00_Z0698.tif
h170_1_1x_488_008na_1hfds_z10um_350msec_40povlp_ch00_C00_Z0699.tif
h170_1_1x_488_008na_1hfds_z10um_350msec_40povlp_ch00_C00_Z0700.tif
h170_1_1x_488_008na_1hfds_z10um_350msec_40povlp_ch00_C00_Z0701.tif
h170_1_1x_488_008na_1hfds_z10um_350msec_40povlp_ch00_C00_Z0702.tif
h170_1_1x_488_008na_1hfds_z10um_350msec_40povlp_ch00_C00_Z0703.tif
h170_1_1x_488_008na_1hfds_z10um_350msec_40povlp_ch00_C00_Z0946.tif
h170_1_1x_488_008na_1hfds_z10um_350msec_40povlp_ch00_C00_Z0947.tif
h170_1_1x_488_008na_1hfds_z10um_350msec_40povlp_ch00_C00_Z0948.tif
h170_1_1x_488_008na_1hfds_z10um_350msec_40povlp_ch00_C00_Z0949.tif
h170_1_1x_488_008na_1hfds_z10um_350msec_40povlp_ch00_C00_Z0950.tif
h170_1_1x_488_008na_1hfds_z10um_350msec_40povlp_ch00_C00_Z0951.tif
h170_1_1x_488_008na_1hfds_z10um_350msec_40povlp_ch00_C00_Z0952.tif
h170_1_1x_488_008na_1hfds_z10um_350msec_40povlp_ch00_C00_Z0953.tif
h170_1_1x_488_008na_1hfds_z10um_350msec_40povlp_ch00_C00_Z0954.tif
h170_1_1x_488_008na_1hfds_z10um_350msec_40povlp_ch00_C00_Z0955.tif
h170_1_1x_488_008na_1hfds_z10um_350msec_40povlp_ch00_C00_Z0956.tif
h170_1_1x_488_008na_1hfds_z10um_350msec_40povlp_ch00_C00_Z0957.tif
h170_1_1x_488_008na_1hfds_z10um_350msec_40povlp_ch00_C00_Z0958.tif
h170_1_1x_488_008na_1hfds_z10um_350msec_40povlp_ch00_C00_Z0959.tif
h170_1_1x_488_008na_1hfds_z10um_350msec_40povlp_ch00_C00_Z0960.tif
h170_1_1x_488_008na_1hfds_z10um_350msec_40povlp_ch00_C00_Z0961.tif
h170_1_1x_488_008na_1hfds_z10um_350msec_40povlp_ch00_C00_Z0962.tif
h170_1_1x_488_008na_1hfds_z10um_350msec_40povlp_ch00_C00_Z0963.tif
h170_1_1x_488_008na_1hfds_z10um_350msec_40povlp_ch00_C00_Z0964.tif
h170_1_1x_488_008na_1hfds_z10um_350msec_40povlp_ch00_C00_Z0965.tif
h170_1_1x_488_008na_1hfds_z10um_350msec_40povlp_ch00_C00_Z0966.tif
h170_1_1x_488_008na_1hfds_z10um_350msec_40povlp_ch00_C00_Z0967.tif
h170_1_1x_488_008na_1hfds_z10um_350msec_40povlp_ch00_C00_Z0220.tif
h170_1_1x_488_008na_1hfds_z10um_350msec_40povlp_ch00_C00_Z0221.tif
h170_1_1x_488_008na_1hfds_z10um_350msec_40povlp_ch00_C00_Z0222.tif
h170_1_1x_488_008na_1hfds_z10um_350msec_40povlp_ch00_C00_Z0223.tif
h170_1_1x_488_008na_1hfds_z10um_350msec_40povlp_ch00_C00_Z0224.tif
h170_1_1x_488_008na_1hfds_z10um_350msec_40povlp_ch00_C00_Z0225.tif
h170_1_1x_488_008na_1hfds_z10um_350msec_40povlp_ch00_C00_Z0226.tif
h170_1_1x_488_008na_1hfds_z10um_350msec_40povlp_ch00_C00_Z0227.tif
h170_1_1x_488_008na_1hfds_z10um_350msec_40povlp_ch00_C00_Z0228.tif
h170_1_1x_488_008na_1hfds_z10um_350msec_40povlp_ch00_C00_Z0229.tif
h170_1_1x_488_008na_1hfds_z10um_350msec_40povlp_ch00_C00_Z0230.tif
h170_1_1x_488_008na_1hfds_z10um_350msec_40povlp_ch00_C00_Z0231.tif
h170_1_1x_488_008na_1hfds_z10um_350msec_40povlp_ch00_C00_Z0232.tif
h170_1_1x_488_008na_1hfds_z10um_350msec_40povlp_ch00_C00_Z0233.tif
h170_1_1x_488_008na_1hfds_z10um_350msec_40povlp_ch00_C00_Z0234.tif
h170_1_1x_488_008na_1hfds_z10um_350msec_40povlp_ch00_C00_Z0235.tif
h170_1_1x_488_008na_1hfds_z10um_350msec_40povlp_ch00_C00_Z0236.tif
h170_1_1x_488_008na_1hfds_z10um_350msec_40povlp_ch00_C00_Z0237.tif
h170_1_1x_488_008na_1hfds_z10um_350msec_40povlp_ch00_C00_Z0238.tif
h170_1_1x_488_008na_1hfds_z10um_350msec_40povlp_ch00_C00_Z0239.tif
h170_1_1x_488_008na_1hfds_z10um_350msec_40povlp_ch00_C00_Z0240.tif
h170_1_1x_488_008na_1hfds_z10um_350msec_40povlp_ch00_C00_Z0241.tif
h170_1_1x_488_008na_1hfds_z10um_350msec_40povlp_ch00_C00_Z0484.tif
h170_1_1x_488_008na_1hfds_z10um_350msec_40povlp_ch00_C00_Z0485.tif
h170_1_1x_488_008na_1hfds_z10um_350msec_40povlp_ch00_C00_Z0486.tif
h170_1_1x_488_008na_1hfds_z10um_350msec_40povlp_ch00_C00_Z0487.tif
h170_1_1x_488_008na_1hfds_z10um_350msec_40povlp_ch00_C00_Z0488.tif
h170_1_1x_488_008na_1hfds_z10um_350msec_40povlp_ch00_C00_Z0489.tif
h170_1_1x_488_008na_1hfds_z10um_350msec_40povlp_ch00_C00_Z0490.tif
h170_1_1x_488_008na_1hfds_z10um_350msec_40povlp_ch00_C00_Z0491.tif
h170_1_1x_488_008na_1hfds_z10um_350msec_40povlp_ch00_C00_Z0492.tif
h170_1_1x_488_008na_1hfds_z10um_350msec_40povlp_ch00_C00_Z0493.tif
h170_1_1x_488_008na_1hfds_z10um_350msec_40povlp_ch00_C00_Z0494.tif
h170_1_1x_488_008na_1hfds_z10um_350msec_40povlp_ch00_C00_Z0495.tif
h170_1_1x_488_008na_1hfds_z10um_350msec_40povlp_ch00_C00_Z0496.tif
h170_1_1x_488_008na_1hfds_z10um_350msec_40povlp_ch00_C00_Z0497.tif
h170_1_1x_488_008na_1hfds_z10um_350msec_40povlp_ch00_C00_Z0498.tif
h170_1_1x_488_008na_1hfds_z10um_350msec_40povlp_ch00_C00_Z0499.tif
h170_1_1x_488_008na_1hfds_z10um_350msec_40povlp_ch00_C00_Z0500.tif
h170_1_1x_488_008na_1hfds_z10um_350msec_40povlp_ch00_C00_Z0501.tif
h170_1_1x_488_008na_1hfds_z10um_350msec_40povlp_ch00_C00_Z0502.tif
h170_1_1x_488_008na_1hfds_z10um_350msec_40povlp_ch00_C00_Z0503.tif
h170_1_1x_488_008na_1hfds_z10um_350msec_40povlp_ch00_C00_Z0504.tif
h170_1_1x_488_008na_1hfds_z10um_350msec_40povlp_ch00_C00_Z0505.tif
h170_1_1x_488_008na_1hfds_z10um_350msec_40povlp_ch00_C00_Z0770.tif
h170_1_1x_488_008na_1hfds_z10um_350msec_40povlp_ch00_C00_Z0771.tif
h170_1_1x_488_008na_1hfds_z10um_350msec_40povlp_ch00_C00_Z0772.tif
h170_1_1x_488_008na_1hfds_z10um_350msec_40povlp_ch00_C00_Z0773.tif
h170_1_1x_488_008na_1hfds_z10um_350msec_40povlp_ch00_C00_Z0774.tif
h170_1_1x_488_008na_1hfds_z10um_350msec_40povlp_ch00_C00_Z0775.tif
h170_1_1x_488_008na_1hfds_z10um_350msec_40povlp_ch00_C00_Z0776.tif
h170_1_1x_488_008na_1hfds_z10um_350msec_40povlp_ch00_C00_Z0777.tif
h170_1_1x_488_008na_1hfds_z10um_350msec_40povlp_ch00_C00_Z0778.tif
h170_1_1x_488_008na_1hfds_z10um_350msec_40povlp_ch00_C00_Z0779.tif
h170_1_1x_488_008na_1hfds_z10um_350msec_40povlp_ch00_C00_Z0780.tif
h170_1_1x_488_008na_1hfds_z10um_350msec_40povlp_ch00_C00_Z0781.tif
h170_1_1x_488_008na_1hfds_z10um_350msec_40povlp_ch00_C00_Z0782.tif
h170_1_1x_488_008na_1hfds_z10um_350msec_40povlp_ch00_C00_Z0783.tif
h170_1_1x_488_008na_1hfds_z10um_350msec_40povlp_ch00_C00_Z0784.tif
h170_1_1x_488_008na_1hfds_z10um_350msec_40povlp_ch00_C00_Z0785.tif
h170_1_1x_488_008na_1hfds_z10um_350msec_40povlp_ch00_C00_Z0786.tif
h170_1_1x_488_008na_1hfds_z10um_350msec_40povlp_ch00_C00_Z0787.tif
h170_1_1x_488_008na_1hfds_z10um_350msec_40povlp_ch00_C00_Z0788.tif
h170_1_1x_488_008na_1hfds_z10um_350msec_40povlp_ch00_C00_Z0789.tif
h170_1_1x_488_008na_1hfds_z10um_350msec_40povlp_ch00_C00_Z0790.tif
h170_1_1x_488_008na_1hfds_z10um_350msec_40povlp_ch00_C00_Z0791.tif
h170_1_1x_488_008na_1hfds_z10um_350msec_40povlp_ch00_C00_Z0990.tif
h170_1_1x_488_008na_1hfds_z10um_350msec_40povlp_ch00_C00_Z0991.tif
h170_1_1x_488_008na_1hfds_z10um_350msec_40povlp_ch00_C00_Z0992.tif
h170_1_1x_488_008na_1hfds_z10um_350msec_40povlp_ch00_C00_Z0993.tif
h170_1_1x_488_008na_1hfds_z10um_350msec_40povlp_ch00_C00_Z0994.tif
h170_1_1x_488_008na_1hfds_z10um_350msec_40povlp_ch00_C00_Z0995.tif
h170_1_1x_488_008na_1hfds_z10um_350msec_40povlp_ch00_C00_Z0996.tif
h170_1_1x_488_008na_1hfds_z10um_350msec_40povlp_ch00_C00_Z0997.tif
h170_1_1x_488_008na_1hfds_z10um_350msec_40povlp_ch00_C00_Z0998.tif
h170_1_1x_488_008na_1hfds_z10um_350msec_40povlp_ch00_C00_Z0999.tif
h170_1_1x_488_008na_1hfds_z10um_350msec_40povlp_ch00_C00_Z1000.tif
h170_1_1x_488_008na_1hfds_z10um_350msec_40povlp_ch00_C00_Z1001.tif
h170_1_1x_488_008na_1hfds_z10um_350msec_40povlp_ch00_C00_Z1002.tif
h170_1_1x_488_008na_1hfds_z10um_350msec_40povlp_ch00_C00_Z1003.tif
h170_1_1x_488_008na_1hfds_z10um_350msec_40povlp_ch00_C00_Z1004.tif
h170_1_1x_488_008na_1hfds_z10um_350msec_40povlp_ch00_C00_Z1005.tif
h170_1_1x_488_008na_1hfds_z10um_350msec_40povlp_ch00_C00_Z1006.tif
h170_1_1x_488_008na_1hfds_z10um_350msec_40povlp_ch00_C00_Z1007.tif
h170_1_1x_488_008na_1hfds_z10um_350msec_40povlp_ch00_C00_Z1008.tif
h170_1_1x_488_008na_1hfds_z10um_350msec_40povlp_ch00_C00_Z1009.tif
h170_1_1x_488_008na_1hfds_z10um_350msec_40povlp_ch00_C00_Z1010.tif
h170_1_1x_488_008na_1hfds_z10um_350msec_40povlp_ch00_C00_Z1011.tif
h170_1_1x_488_008na_1hfds_z10um_350msec_40povlp_ch00_C00_Z0022.tif
h170_1_1x_488_008na_1hfds_z10um_350msec_40povlp_ch00_C00_Z0023.tif
h170_1_1x_488_008na_1hfds_z10um_350msec_40povlp_ch00_C00_Z0024.tif
h170_1_1x_488_008na_1hfds_z10um_350msec_40povlp_ch00_C00_Z0025.tif
h170_1_1x_488_008na_1hfds_z10um_350msec_40povlp_ch00_C00_Z0026.tif
h170_1_1x_488_008na_1hfds_z10um_350msec_40povlp_ch00_C00_Z0027.tif
h170_1_1x_488_008na_1hfds_z10um_350msec_40povlp_ch00_C00_Z0028.tif
h170_1_1x_488_008na_1hfds_z10um_350msec_40povlp_ch00_C00_Z0029.tif
h170_1_1x_488_008na_1hfds_z10um_350msec_40povlp_ch00_C00_Z0030.tif
h170_1_1x_488_008na_1hfds_z10um_350msec_40povlp_ch00_C00_Z0031.tif
h170_1_1x_488_008na_1hfds_z10um_350msec_40povlp_ch00_C00_Z0032.tif
h170_1_1x_488_008na_1hfds_z10um_350msec_40povlp_ch00_C00_Z0033.tif
h170_1_1x_488_008na_1hfds_z10um_350msec_40povlp_ch00_C00_Z0034.tif
h170_1_1x_488_008na_1hfds_z10um_350msec_40povlp_ch00_C00_Z0035.tif
h170_1_1x_488_008na_1hfds_z10um_350msec_40povlp_ch00_C00_Z0036.tif
h170_1_1x_488_008na_1hfds_z10um_350msec_40povlp_ch00_C00_Z0037.tif
h170_1_1x_488_008na_1hfds_z10um_350msec_40povlp_ch00_C00_Z0038.tif
h170_1_1x_488_008na_1hfds_z10um_350msec_40povlp_ch00_C00_Z0039.tif
h170_1_1x_488_008na_1hfds_z10um_350msec_40povlp_ch00_C00_Z0040.tif
h170_1_1x_488_008na_1hfds_z10um_350msec_40povlp_ch00_C00_Z0041.tif
h170_1_1x_488_008na_1hfds_z10um_350msec_40povlp_ch00_C00_Z0042.tif
h170_1_1x_488_008na_1hfds_z10um_350msec_40povlp_ch00_C00_Z0043.tif
h170_1_1x_488_008na_1hfds_z10um_350msec_40povlp_ch00_C00_Z0308.tif
h170_1_1x_488_008na_1hfds_z10um_350msec_40povlp_ch00_C00_Z0309.tif
h170_1_1x_488_008na_1hfds_z10um_350msec_40povlp_ch00_C00_Z0310.tif
h170_1_1x_488_008na_1hfds_z10um_350msec_40povlp_ch00_C00_Z0311.tif
h170_1_1x_488_008na_1hfds_z10um_350msec_40povlp_ch00_C00_Z0312.tif
h170_1_1x_488_008na_1hfds_z10um_350msec_40povlp_ch00_C00_Z0313.tif
h170_1_1x_488_008na_1hfds_z10um_350msec_40povlp_ch00_C00_Z0314.tif
h170_1_1x_488_008na_1hfds_z10um_350msec_40povlp_ch00_C00_Z0315.tif
h170_1_1x_488_008na_1hfds_z10um_350msec_40povlp_ch00_C00_Z0316.tif
h170_1_1x_488_008na_1hfds_z10um_350msec_40povlp_ch00_C00_Z0317.tif
h170_1_1x_488_008na_1hfds_z10um_350msec_40povlp_ch00_C00_Z0318.tif
h170_1_1x_488_008na_1hfds_z10um_350msec_40povlp_ch00_C00_Z0319.tif
h170_1_1x_488_008na_1hfds_z10um_350msec_40povlp_ch00_C00_Z0320.tif
h170_1_1x_488_008na_1hfds_z10um_350msec_40povlp_ch00_C00_Z0321.tif
h170_1_1x_488_008na_1hfds_z10um_350msec_40povlp_ch00_C00_Z0322.tif
h170_1_1x_488_008na_1hfds_z10um_350msec_40povlp_ch00_C00_Z0323.tif
h170_1_1x_488_008na_1hfds_z10um_350msec_40povlp_ch00_C00_Z0324.tif
h170_1_1x_488_008na_1hfds_z10um_350msec_40povlp_ch00_C00_Z0325.tif
h170_1_1x_488_008na_1hfds_z10um_350msec_40povlp_ch00_C00_Z0326.tif
h170_1_1x_488_008na_1hfds_z10um_350msec_40povlp_ch00_C00_Z0327.tif
h170_1_1x_488_008na_1hfds_z10um_350msec_40povlp_ch00_C00_Z0328.tif
h170_1_1x_488_008na_1hfds_z10um_350msec_40povlp_ch00_C00_Z0329.tif
h170_1_1x_488_008na_1hfds_z10um_350msec_40povlp_ch00_C00_Z0572.tif
h170_1_1x_488_008na_1hfds_z10um_350msec_40povlp_ch00_C00_Z0573.tif
h170_1_1x_488_008na_1hfds_z10um_350msec_40povlp_ch00_C00_Z0574.tif
h170_1_1x_488_008na_1hfds_z10um_350msec_40povlp_ch00_C00_Z0575.tif
h170_1_1x_488_008na_1hfds_z10um_350msec_40povlp_ch00_C00_Z0576.tif
h170_1_1x_488_008na_1hfds_z10um_350msec_40povlp_ch00_C00_Z0577.tif
h170_1_1x_488_008na_1hfds_z10um_350msec_40povlp_ch00_C00_Z0578.tif
h170_1_1x_488_008na_1hfds_z10um_350msec_40povlp_ch00_C00_Z0579.tif
h170_1_1x_488_008na_1hfds_z10um_350msec_40povlp_ch00_C00_Z0580.tif
h170_1_1x_488_008na_1hfds_z10um_350msec_40povlp_ch00_C00_Z0581.tif
h170_1_1x_488_008na_1hfds_z10um_350msec_40povlp_ch00_C00_Z0582.tif
h170_1_1x_488_008na_1hfds_z10um_350msec_40povlp_ch00_C00_Z0583.tif
h170_1_1x_488_008na_1hfds_z10um_350msec_40povlp_ch00_C00_Z0584.tif
h170_1_1x_488_008na_1hfds_z10um_350msec_40povlp_ch00_C00_Z0585.tif
h170_1_1x_488_008na_1hfds_z10um_350msec_40povlp_ch00_C00_Z0586.tif
h170_1_1x_488_008na_1hfds_z10um_350msec_40povlp_ch00_C00_Z0587.tif
h170_1_1x_488_008na_1hfds_z10um_350msec_40povlp_ch00_C00_Z0588.tif
h170_1_1x_488_008na_1hfds_z10um_350msec_40povlp_ch00_C00_Z0589.tif
h170_1_1x_488_008na_1hfds_z10um_350msec_40povlp_ch00_C00_Z0590.tif
h170_1_1x_488_008na_1hfds_z10um_350msec_40povlp_ch00_C00_Z0591.tif
h170_1_1x_488_008na_1hfds_z10um_350msec_40povlp_ch00_C00_Z0592.tif
h170_1_1x_488_008na_1hfds_z10um_350msec_40povlp_ch00_C00_Z0593.tif
h170_1_1x_488_008na_1hfds_z10um_350msec_40povlp_ch00_C00_Z0836.tif
h170_1_1x_488_008na_1hfds_z10um_350msec_40povlp_ch00_C00_Z0837.tif
h170_1_1x_488_008na_1hfds_z10um_350msec_40povlp_ch00_C00_Z0838.tif
h170_1_1x_488_008na_1hfds_z10um_350msec_40povlp_ch00_C00_Z0839.tif
h170_1_1x_488_008na_1hfds_z10um_350msec_40povlp_ch00_C00_Z0840.tif
h170_1_1x_488_008na_1hfds_z10um_350msec_40povlp_ch00_C00_Z0841.tif
h170_1_1x_488_008na_1hfds_z10um_350msec_40povlp_ch00_C00_Z0842.tif
h170_1_1x_488_008na_1hfds_z10um_350msec_40povlp_ch00_C00_Z0843.tif
h170_1_1x_488_008na_1hfds_z10um_350msec_40povlp_ch00_C00_Z0844.tif
h170_1_1x_488_008na_1hfds_z10um_350msec_40povlp_ch00_C00_Z0845.tif
h170_1_1x_488_008na_1hfds_z10um_350msec_40povlp_ch00_C00_Z0846.tif
h170_1_1x_488_008na_1hfds_z10um_350msec_40povlp_ch00_C00_Z0847.tif
h170_1_1x_488_008na_1hfds_z10um_350msec_40povlp_ch00_C00_Z0848.tif
h170_1_1x_488_008na_1hfds_z10um_350msec_40povlp_ch00_C00_Z0849.tif
h170_1_1x_488_008na_1hfds_z10um_350msec_40povlp_ch00_C00_Z0850.tif
h170_1_1x_488_008na_1hfds_z10um_350msec_40povlp_ch00_C00_Z0851.tif
h170_1_1x_488_008na_1hfds_z10um_350msec_40povlp_ch00_C00_Z0852.tif
h170_1_1x_488_008na_1hfds_z10um_350msec_40povlp_ch00_C00_Z0853.tif
h170_1_1x_488_008na_1hfds_z10um_350msec_40povlp_ch00_C00_Z0854.tif
h170_1_1x_488_008na_1hfds_z10um_350msec_40povlp_ch00_C00_Z0855.tif
h170_1_1x_488_008na_1hfds_z10um_350msec_40povlp_ch00_C00_Z0856.tif
h170_1_1x_488_008na_1hfds_z10um_350msec_40povlp_ch00_C00_Z0857.tif
