In the directory: /scratch/ejdennis/rat_BrainPipe/rat_atlas 
As the user: ejdennis 
on host: spock-brody02-03 
Cpus_allowed_list:	22-33
Array Index: 14
14
/jukebox/LightSheetData/brodyatlas/processed/f119
f119
f119
0
100
200
300
400
500
600
700
800
f119_1_1x_488_016na_1hfds_z10um_150msec_40povlp_ch00_C00_Z0095.tif
f119_1_1x_488_016na_1hfds_z10um_150msec_40povlp_ch00_C00_Z0096.tif
f119_1_1x_488_016na_1hfds_z10um_150msec_40povlp_ch00_C00_Z0097.tif
f119_1_1x_488_016na_1hfds_z10um_150msec_40povlp_ch00_C00_Z0098.tif
f119_1_1x_488_016na_1hfds_z10um_150msec_40povlp_ch00_C00_Z0099.tif
f119_1_1x_488_016na_1hfds_z10um_150msec_40povlp_ch00_C00_Z0100.tif
f119_1_1x_488_016na_1hfds_z10um_150msec_40povlp_ch00_C00_Z0101.tif
f119_1_1x_488_016na_1hfds_z10um_150msec_40povlp_ch00_C00_Z0102.tif
f119_1_1x_488_016na_1hfds_z10um_150msec_40povlp_ch00_C00_Z0103.tif
f119_1_1x_488_016na_1hfds_z10um_150msec_40povlp_ch00_C00_Z0104.tif
f119_1_1x_488_016na_1hfds_z10um_150msec_40povlp_ch00_C00_Z0105.tif
f119_1_1x_488_016na_1hfds_z10um_150msec_40povlp_ch00_C00_Z0106.tif
f119_1_1x_488_016na_1hfds_z10um_150msec_40povlp_ch00_C00_Z0107.tif
f119_1_1x_488_016na_1hfds_z10um_150msec_40povlp_ch00_C00_Z0108.tif
f119_1_1x_488_016na_1hfds_z10um_150msec_40povlp_ch00_C00_Z0109.tif
f119_1_1x_488_016na_1hfds_z10um_150msec_40povlp_ch00_C00_Z0110.tif
f119_1_1x_488_016na_1hfds_z10um_150msec_40povlp_ch00_C00_Z0111.tif
f119_1_1x_488_016na_1hfds_z10um_150msec_40povlp_ch00_C00_Z0112.tif
f119_1_1x_488_016na_1hfds_z10um_150msec_40povlp_ch00_C00_Z0113.tif
f119_1_1x_488_016na_1hfds_z10um_150msec_40povlp_ch00_C00_Z0418.tif
f119_1_1x_488_016na_1hfds_z10um_150msec_40povlp_ch00_C00_Z0419.tif
f119_1_1x_488_016na_1hfds_z10um_150msec_40povlp_ch00_C00_Z0420.tif
f119_1_1x_488_016na_1hfds_z10um_150msec_40povlp_ch00_C00_Z0421.tif
f119_1_1x_488_016na_1hfds_z10um_150msec_40povlp_ch00_C00_Z0422.tif
f119_1_1x_488_016na_1hfds_z10um_150msec_40povlp_ch00_C00_Z0423.tif
f119_1_1x_488_016na_1hfds_z10um_150msec_40povlp_ch00_C00_Z0424.tif
f119_1_1x_488_016na_1hfds_z10um_150msec_40povlp_ch00_C00_Z0425.tif
f119_1_1x_488_016na_1hfds_z10um_150msec_40povlp_ch00_C00_Z0426.tif
f119_1_1x_488_016na_1hfds_z10um_150msec_40povlp_ch00_C00_Z0427.tif
f119_1_1x_488_016na_1hfds_z10um_150msec_40povlp_ch00_C00_Z0428.tif
f119_1_1x_488_016na_1hfds_z10um_150msec_40povlp_ch00_C00_Z0429.tif
f119_1_1x_488_016na_1hfds_z10um_150msec_40povlp_ch00_C00_Z0430.tif
f119_1_1x_488_016na_1hfds_z10um_150msec_40povlp_ch00_C00_Z0431.tif
f119_1_1x_488_016na_1hfds_z10um_150msec_40povlp_ch00_C00_Z0432.tif
f119_1_1x_488_016na_1hfds_z10um_150msec_40povlp_ch00_C00_Z0433.tif
f119_1_1x_488_016na_1hfds_z10um_150msec_40povlp_ch00_C00_Z0434.tif
f119_1_1x_488_016na_1hfds_z10um_150msec_40povlp_ch00_C00_Z0435.tif
f119_1_1x_488_016na_1hfds_z10um_150msec_40povlp_ch00_C00_Z0436.tif
f119_1_1x_488_016na_1hfds_z10um_150msec_40povlp_ch00_C00_Z0646.tif
f119_1_1x_488_016na_1hfds_z10um_150msec_40povlp_ch00_C00_Z0647.tif
f119_1_1x_488_016na_1hfds_z10um_150msec_40povlp_ch00_C00_Z0648.tif
f119_1_1x_488_016na_1hfds_z10um_150msec_40povlp_ch00_C00_Z0649.tif
f119_1_1x_488_016na_1hfds_z10um_150msec_40povlp_ch00_C00_Z0650.tif
f119_1_1x_488_016na_1hfds_z10um_150msec_40povlp_ch00_C00_Z0651.tif
f119_1_1x_488_016na_1hfds_z10um_150msec_40povlp_ch00_C00_Z0652.tif
f119_1_1x_488_016na_1hfds_z10um_150msec_40povlp_ch00_C00_Z0653.tif
f119_1_1x_488_016na_1hfds_z10um_150msec_40povlp_ch00_C00_Z0654.tif
f119_1_1x_488_016na_1hfds_z10um_150msec_40povlp_ch00_C00_Z0655.tif
f119_1_1x_488_016na_1hfds_z10um_150msec_40povlp_ch00_C00_Z0656.tif
f119_1_1x_488_016na_1hfds_z10um_150msec_40povlp_ch00_C00_Z0657.tif
f119_1_1x_488_016na_1hfds_z10um_150msec_40povlp_ch00_C00_Z0658.tif
f119_1_1x_488_016na_1hfds_z10um_150msec_40povlp_ch00_C00_Z0659.tif
f119_1_1x_488_016na_1hfds_z10um_150msec_40povlp_ch00_C00_Z0660.tif
f119_1_1x_488_016na_1hfds_z10um_150msec_40povlp_ch00_C00_Z0661.tif
f119_1_1x_488_016na_1hfds_z10um_150msec_40povlp_ch00_C00_Z0662.tif
f119_1_1x_488_016na_1hfds_z10um_150msec_40povlp_ch00_C00_Z0663.tif
f119_1_1x_488_016na_1hfds_z10um_150msec_40povlp_ch00_C00_Z0664.tif
f119_1_1x_488_016na_1hfds_z10um_150msec_40povlp_ch00_C00_Z0893.tif
f119_1_1x_488_016na_1hfds_z10um_150msec_40povlp_ch00_C00_Z0894.tif
f119_1_1x_488_016na_1hfds_z10um_150msec_40povlp_ch00_C00_Z0895.tif
f119_1_1x_488_016na_1hfds_z10um_150msec_40povlp_ch00_C00_Z0896.tif
f119_1_1x_488_016na_1hfds_z10um_150msec_40povlp_ch00_C00_Z0897.tif
f119_1_1x_488_016na_1hfds_z10um_150msec_40povlp_ch00_C00_Z0190.tif
f119_1_1x_488_016na_1hfds_z10um_150msec_40povlp_ch00_C00_Z0191.tif
f119_1_1x_488_016na_1hfds_z10um_150msec_40povlp_ch00_C00_Z0192.tif
f119_1_1x_488_016na_1hfds_z10um_150msec_40povlp_ch00_C00_Z0193.tif
f119_1_1x_488_016na_1hfds_z10um_150msec_40povlp_ch00_C00_Z0194.tif
f119_1_1x_488_016na_1hfds_z10um_150msec_40povlp_ch00_C00_Z0195.tif
f119_1_1x_488_016na_1hfds_z10um_150msec_40povlp_ch00_C00_Z0196.tif
f119_1_1x_488_016na_1hfds_z10um_150msec_40povlp_ch00_C00_Z0197.tif
f119_1_1x_488_016na_1hfds_z10um_150msec_40povlp_ch00_C00_Z0198.tif
f119_1_1x_488_016na_1hfds_z10um_150msec_40povlp_ch00_C00_Z0199.tif
f119_1_1x_488_016na_1hfds_z10um_150msec_40povlp_ch00_C00_Z0200.tif
f119_1_1x_488_016na_1hfds_z10um_150msec_40povlp_ch00_C00_Z0201.tif
f119_1_1x_488_016na_1hfds_z10um_150msec_40povlp_ch00_C00_Z0202.tif
f119_1_1x_488_016na_1hfds_z10um_150msec_40povlp_ch00_C00_Z0203.tif
f119_1_1x_488_016na_1hfds_z10um_150msec_40povlp_ch00_C00_Z0204.tif
f119_1_1x_488_016na_1hfds_z10um_150msec_40povlp_ch00_C00_Z0205.tif
f119_1_1x_488_016na_1hfds_z10um_150msec_40povlp_ch00_C00_Z0206.tif
f119_1_1x_488_016na_1hfds_z10um_150msec_40povlp_ch00_C00_Z0207.tif
f119_1_1x_488_016na_1hfds_z10um_150msec_40povlp_ch00_C00_Z0208.tif
f119_1_1x_488_016na_1hfds_z10um_150msec_40povlp_ch00_C00_Z0304.tif
f119_1_1x_488_016na_1hfds_z10um_150msec_40povlp_ch00_C00_Z0305.tif
f119_1_1x_488_016na_1hfds_z10um_150msec_40povlp_ch00_C00_Z0306.tif
f119_1_1x_488_016na_1hfds_z10um_150msec_40povlp_ch00_C00_Z0307.tif
f119_1_1x_488_016na_1hfds_z10um_150msec_40povlp_ch00_C00_Z0308.tif
f119_1_1x_488_016na_1hfds_z10um_150msec_40povlp_ch00_C00_Z0309.tif
f119_1_1x_488_016na_1hfds_z10um_150msec_40povlp_ch00_C00_Z0310.tif
f119_1_1x_488_016na_1hfds_z10um_150msec_40povlp_ch00_C00_Z0311.tif
f119_1_1x_488_016na_1hfds_z10um_150msec_40povlp_ch00_C00_Z0312.tif
f119_1_1x_488_016na_1hfds_z10um_150msec_40povlp_ch00_C00_Z0313.tif
f119_1_1x_488_016na_1hfds_z10um_150msec_40povlp_ch00_C00_Z0314.tif
f119_1_1x_488_016na_1hfds_z10um_150msec_40povlp_ch00_C00_Z0315.tif
f119_1_1x_488_016na_1hfds_z10um_150msec_40povlp_ch00_C00_Z0316.tif
f119_1_1x_488_016na_1hfds_z10um_150msec_40povlp_ch00_C00_Z0317.tif
f119_1_1x_488_016na_1hfds_z10um_150msec_40povlp_ch00_C00_Z0318.tif
f119_1_1x_488_016na_1hfds_z10um_150msec_40povlp_ch00_C00_Z0319.tif
f119_1_1x_488_016na_1hfds_z10um_150msec_40povlp_ch00_C00_Z0320.tif
f119_1_1x_488_016na_1hfds_z10um_150msec_40povlp_ch00_C00_Z0321.tif
f119_1_1x_488_016na_1hfds_z10um_150msec_40povlp_ch00_C00_Z0322.tif
f119_1_1x_488_016na_1hfds_z10um_150msec_40povlp_ch00_C00_Z0513.tif
f119_1_1x_488_016na_1hfds_z10um_150msec_40povlp_ch00_C00_Z0514.tif
f119_1_1x_488_016na_1hfds_z10um_150msec_40povlp_ch00_C00_Z0515.tif
f119_1_1x_488_016na_1hfds_z10um_150msec_40povlp_ch00_C00_Z0516.tif
f119_1_1x_488_016na_1hfds_z10um_150msec_40povlp_ch00_C00_Z0517.tif
f119_1_1x_488_016na_1hfds_z10um_150msec_40povlp_ch00_C00_Z0518.tif
f119_1_1x_488_016na_1hfds_z10um_150msec_40povlp_ch00_C00_Z0519.tif
f119_1_1x_488_016na_1hfds_z10um_150msec_40povlp_ch00_C00_Z0520.tif
f119_1_1x_488_016na_1hfds_z10um_150msec_40povlp_ch00_C00_Z0521.tif
f119_1_1x_488_016na_1hfds_z10um_150msec_40povlp_ch00_C00_Z0522.tif
f119_1_1x_488_016na_1hfds_z10um_150msec_40povlp_ch00_C00_Z0523.tif
f119_1_1x_488_016na_1hfds_z10um_150msec_40povlp_ch00_C00_Z0524.tif
f119_1_1x_488_016na_1hfds_z10um_150msec_40povlp_ch00_C00_Z0525.tif
f119_1_1x_488_016na_1hfds_z10um_150msec_40povlp_ch00_C00_Z0526.tif
f119_1_1x_488_016na_1hfds_z10um_150msec_40povlp_ch00_C00_Z0527.tif
f119_1_1x_488_016na_1hfds_z10um_150msec_40povlp_ch00_C00_Z0528.tif
f119_1_1x_488_016na_1hfds_z10um_150msec_40povlp_ch00_C00_Z0529.tif
f119_1_1x_488_016na_1hfds_z10um_150msec_40povlp_ch00_C00_Z0530.tif
f119_1_1x_488_016na_1hfds_z10um_150msec_40povlp_ch00_C00_Z0531.tif
f119_1_1x_488_016na_1hfds_z10um_150msec_40povlp_ch00_C00_Z0722.tif
f119_1_1x_488_016na_1hfds_z10um_150msec_40povlp_ch00_C00_Z0723.tif
f119_1_1x_488_016na_1hfds_z10um_150msec_40povlp_ch00_C00_Z0724.tif
f119_1_1x_488_016na_1hfds_z10um_150msec_40povlp_ch00_C00_Z0725.tif
f119_1_1x_488_016na_1hfds_z10um_150msec_40povlp_ch00_C00_Z0726.tif
f119_1_1x_488_016na_1hfds_z10um_150msec_40povlp_ch00_C00_Z0727.tif
f119_1_1x_488_016na_1hfds_z10um_150msec_40povlp_ch00_C00_Z0728.tif
f119_1_1x_488_016na_1hfds_z10um_150msec_40povlp_ch00_C00_Z0729.tif
f119_1_1x_488_016na_1hfds_z10um_150msec_40povlp_ch00_C00_Z0730.tif
f119_1_1x_488_016na_1hfds_z10um_150msec_40povlp_ch00_C00_Z0731.tif
f119_1_1x_488_016na_1hfds_z10um_150msec_40povlp_ch00_C00_Z0732.tif
f119_1_1x_488_016na_1hfds_z10um_150msec_40povlp_ch00_C00_Z0733.tif
f119_1_1x_488_016na_1hfds_z10um_150msec_40povlp_ch00_C00_Z0734.tif
f119_1_1x_488_016na_1hfds_z10um_150msec_40povlp_ch00_C00_Z0735.tif
f119_1_1x_488_016na_1hfds_z10um_150msec_40povlp_ch00_C00_Z0736.tif
f119_1_1x_488_016na_1hfds_z10um_150msec_40povlp_ch00_C00_Z0737.tif
f119_1_1x_488_016na_1hfds_z10um_150msec_40povlp_ch00_C00_Z0738.tif
f119_1_1x_488_016na_1hfds_z10um_150msec_40povlp_ch00_C00_Z0739.tif
f119_1_1x_488_016na_1hfds_z10um_150msec_40povlp_ch00_C00_Z0740.tif
f119_1_1x_488_016na_1hfds_z10um_150msec_40povlp_ch00_C00_Z0133.tif
f119_1_1x_488_016na_1hfds_z10um_150msec_40povlp_ch00_C00_Z0134.tif
f119_1_1x_488_016na_1hfds_z10um_150msec_40povlp_ch00_C00_Z0135.tif
f119_1_1x_488_016na_1hfds_z10um_150msec_40povlp_ch00_C00_Z0136.tif
f119_1_1x_488_016na_1hfds_z10um_150msec_40povlp_ch00_C00_Z0137.tif
f119_1_1x_488_016na_1hfds_z10um_150msec_40povlp_ch00_C00_Z0138.tif
f119_1_1x_488_016na_1hfds_z10um_150msec_40povlp_ch00_C00_Z0139.tif
f119_1_1x_488_016na_1hfds_z10um_150msec_40povlp_ch00_C00_Z0140.tif
f119_1_1x_488_016na_1hfds_z10um_150msec_40povlp_ch00_C00_Z0141.tif
f119_1_1x_488_016na_1hfds_z10um_150msec_40povlp_ch00_C00_Z0142.tif
f119_1_1x_488_016na_1hfds_z10um_150msec_40povlp_ch00_C00_Z0143.tif
f119_1_1x_488_016na_1hfds_z10um_150msec_40povlp_ch00_C00_Z0144.tif
f119_1_1x_488_016na_1hfds_z10um_150msec_40povlp_ch00_C00_Z0145.tif
f119_1_1x_488_016na_1hfds_z10um_150msec_40povlp_ch00_C00_Z0146.tif
f119_1_1x_488_016na_1hfds_z10um_150msec_40povlp_ch00_C00_Z0147.tif
f119_1_1x_488_016na_1hfds_z10um_150msec_40povlp_ch00_C00_Z0148.tif
f119_1_1x_488_016na_1hfds_z10um_150msec_40povlp_ch00_C00_Z0149.tif
f119_1_1x_488_016na_1hfds_z10um_150msec_40povlp_ch00_C00_Z0150.tif
f119_1_1x_488_016na_1hfds_z10um_150msec_40povlp_ch00_C00_Z0151.tif
f119_1_1x_488_016na_1hfds_z10um_150msec_40povlp_ch00_C00_Z0228.tif
f119_1_1x_488_016na_1hfds_z10um_150msec_40povlp_ch00_C00_Z0229.tif
f119_1_1x_488_016na_1hfds_z10um_150msec_40povlp_ch00_C00_Z0230.tif
f119_1_1x_488_016na_1hfds_z10um_150msec_40povlp_ch00_C00_Z0231.tif
f119_1_1x_488_016na_1hfds_z10um_150msec_40povlp_ch00_C00_Z0232.tif
f119_1_1x_488_016na_1hfds_z10um_150msec_40povlp_ch00_C00_Z0233.tif
f119_1_1x_488_016na_1hfds_z10um_150msec_40povlp_ch00_C00_Z0234.tif
f119_1_1x_488_016na_1hfds_z10um_150msec_40povlp_ch00_C00_Z0235.tif
f119_1_1x_488_016na_1hfds_z10um_150msec_40povlp_ch00_C00_Z0236.tif
f119_1_1x_488_016na_1hfds_z10um_150msec_40povlp_ch00_C00_Z0237.tif
f119_1_1x_488_016na_1hfds_z10um_150msec_40povlp_ch00_C00_Z0238.tif
f119_1_1x_488_016na_1hfds_z10um_150msec_40povlp_ch00_C00_Z0239.tif
f119_1_1x_488_016na_1hfds_z10um_150msec_40povlp_ch00_C00_Z0240.tif
f119_1_1x_488_016na_1hfds_z10um_150msec_40povlp_ch00_C00_Z0241.tif
f119_1_1x_488_016na_1hfds_z10um_150msec_40povlp_ch00_C00_Z0242.tif
f119_1_1x_488_016na_1hfds_z10um_150msec_40povlp_ch00_C00_Z0243.tif
f119_1_1x_488_016na_1hfds_z10um_150msec_40povlp_ch00_C00_Z0244.tif
f119_1_1x_488_016na_1hfds_z10um_150msec_40povlp_ch00_C00_Z0245.tif
f119_1_1x_488_016na_1hfds_z10um_150msec_40povlp_ch00_C00_Z0246.tif
f119_1_1x_488_016na_1hfds_z10um_150msec_40povlp_ch00_C00_Z0456.tif
f119_1_1x_488_016na_1hfds_z10um_150msec_40povlp_ch00_C00_Z0457.tif
f119_1_1x_488_016na_1hfds_z10um_150msec_40povlp_ch00_C00_Z0458.tif
f119_1_1x_488_016na_1hfds_z10um_150msec_40povlp_ch00_C00_Z0459.tif
f119_1_1x_488_016na_1hfds_z10um_150msec_40povlp_ch00_C00_Z0460.tif
f119_1_1x_488_016na_1hfds_z10um_150msec_40povlp_ch00_C00_Z0461.tif
f119_1_1x_488_016na_1hfds_z10um_150msec_40povlp_ch00_C00_Z0462.tif
f119_1_1x_488_016na_1hfds_z10um_150msec_40povlp_ch00_C00_Z0463.tif
f119_1_1x_488_016na_1hfds_z10um_150msec_40povlp_ch00_C00_Z0464.tif
f119_1_1x_488_016na_1hfds_z10um_150msec_40povlp_ch00_C00_Z0465.tif
f119_1_1x_488_016na_1hfds_z10um_150msec_40povlp_ch00_C00_Z0466.tif
f119_1_1x_488_016na_1hfds_z10um_150msec_40povlp_ch00_C00_Z0467.tif
f119_1_1x_488_016na_1hfds_z10um_150msec_40povlp_ch00_C00_Z0468.tif
f119_1_1x_488_016na_1hfds_z10um_150msec_40povlp_ch00_C00_Z0469.tif
f119_1_1x_488_016na_1hfds_z10um_150msec_40povlp_ch00_C00_Z0470.tif
f119_1_1x_488_016na_1hfds_z10um_150msec_40povlp_ch00_C00_Z0471.tif
f119_1_1x_488_016na_1hfds_z10um_150msec_40povlp_ch00_C00_Z0472.tif
f119_1_1x_488_016na_1hfds_z10um_150msec_40povlp_ch00_C00_Z0473.tif
f119_1_1x_488_016na_1hfds_z10um_150msec_40povlp_ch00_C00_Z0474.tif
f119_1_1x_488_016na_1hfds_z10um_150msec_40povlp_ch00_C00_Z0684.tif
f119_1_1x_488_016na_1hfds_z10um_150msec_40povlp_ch00_C00_Z0685.tif
f119_1_1x_488_016na_1hfds_z10um_150msec_40povlp_ch00_C00_Z0686.tif
f119_1_1x_488_016na_1hfds_z10um_150msec_40povlp_ch00_C00_Z0687.tif
f119_1_1x_488_016na_1hfds_z10um_150msec_40povlp_ch00_C00_Z0688.tif
f119_1_1x_488_016na_1hfds_z10um_150msec_40povlp_ch00_C00_Z0689.tif
f119_1_1x_488_016na_1hfds_z10um_150msec_40povlp_ch00_C00_Z0690.tif
f119_1_1x_488_016na_1hfds_z10um_150msec_40povlp_ch00_C00_Z0691.tif
f119_1_1x_488_016na_1hfds_z10um_150msec_40povlp_ch00_C00_Z0692.tif
f119_1_1x_488_016na_1hfds_z10um_150msec_40povlp_ch00_C00_Z0693.tif
f119_1_1x_488_016na_1hfds_z10um_150msec_40povlp_ch00_C00_Z0694.tif
f119_1_1x_488_016na_1hfds_z10um_150msec_40povlp_ch00_C00_Z0695.tif
f119_1_1x_488_016na_1hfds_z10um_150msec_40povlp_ch00_C00_Z0696.tif
f119_1_1x_488_016na_1hfds_z10um_150msec_40povlp_ch00_C00_Z0697.tif
f119_1_1x_488_016na_1hfds_z10um_150msec_40povlp_ch00_C00_Z0698.tif
f119_1_1x_488_016na_1hfds_z10um_150msec_40povlp_ch00_C00_Z0699.tif
f119_1_1x_488_016na_1hfds_z10um_150msec_40povlp_ch00_C00_Z0700.tif
f119_1_1x_488_016na_1hfds_z10um_150msec_40povlp_ch00_C00_Z0701.tif
f119_1_1x_488_016na_1hfds_z10um_150msec_40povlp_ch00_C00_Z0702.tif
f119_1_1x_488_016na_1hfds_z10um_150msec_40povlp_ch00_C00_Z0171.tif
f119_1_1x_488_016na_1hfds_z10um_150msec_40povlp_ch00_C00_Z0172.tif
f119_1_1x_488_016na_1hfds_z10um_150msec_40povlp_ch00_C00_Z0173.tif
f119_1_1x_488_016na_1hfds_z10um_150msec_40povlp_ch00_C00_Z0174.tif
f119_1_1x_488_016na_1hfds_z10um_150msec_40povlp_ch00_C00_Z0175.tif
f119_1_1x_488_016na_1hfds_z10um_150msec_40povlp_ch00_C00_Z0176.tif
f119_1_1x_488_016na_1hfds_z10um_150msec_40povlp_ch00_C00_Z0177.tif
f119_1_1x_488_016na_1hfds_z10um_150msec_40povlp_ch00_C00_Z0178.tif
f119_1_1x_488_016na_1hfds_z10um_150msec_40povlp_ch00_C00_Z0179.tif
f119_1_1x_488_016na_1hfds_z10um_150msec_40povlp_ch00_C00_Z0180.tif
f119_1_1x_488_016na_1hfds_z10um_150msec_40povlp_ch00_C00_Z0181.tif
f119_1_1x_488_016na_1hfds_z10um_150msec_40povlp_ch00_C00_Z0182.tif
f119_1_1x_488_016na_1hfds_z10um_150msec_40povlp_ch00_C00_Z0183.tif
f119_1_1x_488_016na_1hfds_z10um_150msec_40povlp_ch00_C00_Z0184.tif
f119_1_1x_488_016na_1hfds_z10um_150msec_40povlp_ch00_C00_Z0185.tif
f119_1_1x_488_016na_1hfds_z10um_150msec_40povlp_ch00_C00_Z0186.tif
f119_1_1x_488_016na_1hfds_z10um_150msec_40povlp_ch00_C00_Z0187.tif
f119_1_1x_488_016na_1hfds_z10um_150msec_40povlp_ch00_C00_Z0188.tif
f119_1_1x_488_016na_1hfds_z10um_150msec_40povlp_ch00_C00_Z0189.tif
f119_1_1x_488_016na_1hfds_z10um_150msec_40povlp_ch00_C00_Z0266.tif
f119_1_1x_488_016na_1hfds_z10um_150msec_40povlp_ch00_C00_Z0267.tif
f119_1_1x_488_016na_1hfds_z10um_150msec_40povlp_ch00_C00_Z0268.tif
f119_1_1x_488_016na_1hfds_z10um_150msec_40povlp_ch00_C00_Z0269.tif
f119_1_1x_488_016na_1hfds_z10um_150msec_40povlp_ch00_C00_Z0270.tif
f119_1_1x_488_016na_1hfds_z10um_150msec_40povlp_ch00_C00_Z0271.tif
f119_1_1x_488_016na_1hfds_z10um_150msec_40povlp_ch00_C00_Z0272.tif
f119_1_1x_488_016na_1hfds_z10um_150msec_40povlp_ch00_C00_Z0273.tif
f119_1_1x_488_016na_1hfds_z10um_150msec_40povlp_ch00_C00_Z0274.tif
f119_1_1x_488_016na_1hfds_z10um_150msec_40povlp_ch00_C00_Z0275.tif
f119_1_1x_488_016na_1hfds_z10um_150msec_40povlp_ch00_C00_Z0276.tif
f119_1_1x_488_016na_1hfds_z10um_150msec_40povlp_ch00_C00_Z0277.tif
f119_1_1x_488_016na_1hfds_z10um_150msec_40povlp_ch00_C00_Z0278.tif
f119_1_1x_488_016na_1hfds_z10um_150msec_40povlp_ch00_C00_Z0279.tif
f119_1_1x_488_016na_1hfds_z10um_150msec_40povlp_ch00_C00_Z0280.tif
f119_1_1x_488_016na_1hfds_z10um_150msec_40povlp_ch00_C00_Z0281.tif
f119_1_1x_488_016na_1hfds_z10um_150msec_40povlp_ch00_C00_Z0282.tif
f119_1_1x_488_016na_1hfds_z10um_150msec_40povlp_ch00_C00_Z0283.tif
f119_1_1x_488_016na_1hfds_z10um_150msec_40povlp_ch00_C00_Z0284.tif
f119_1_1x_488_016na_1hfds_z10um_150msec_40povlp_ch00_C00_Z0494.tif
f119_1_1x_488_016na_1hfds_z10um_150msec_40povlp_ch00_C00_Z0495.tif
f119_1_1x_488_016na_1hfds_z10um_150msec_40povlp_ch00_C00_Z0496.tif
f119_1_1x_488_016na_1hfds_z10um_150msec_40povlp_ch00_C00_Z0497.tif
f119_1_1x_488_016na_1hfds_z10um_150msec_40povlp_ch00_C00_Z0498.tif
f119_1_1x_488_016na_1hfds_z10um_150msec_40povlp_ch00_C00_Z0499.tif
f119_1_1x_488_016na_1hfds_z10um_150msec_40povlp_ch00_C00_Z0500.tif
f119_1_1x_488_016na_1hfds_z10um_150msec_40povlp_ch00_C00_Z0501.tif
f119_1_1x_488_016na_1hfds_z10um_150msec_40povlp_ch00_C00_Z0502.tif
f119_1_1x_488_016na_1hfds_z10um_150msec_40povlp_ch00_C00_Z0503.tif
f119_1_1x_488_016na_1hfds_z10um_150msec_40povlp_ch00_C00_Z0504.tif
f119_1_1x_488_016na_1hfds_z10um_150msec_40povlp_ch00_C00_Z0505.tif
f119_1_1x_488_016na_1hfds_z10um_150msec_40povlp_ch00_C00_Z0506.tif
f119_1_1x_488_016na_1hfds_z10um_150msec_40povlp_ch00_C00_Z0507.tif
f119_1_1x_488_016na_1hfds_z10um_150msec_40povlp_ch00_C00_Z0508.tif
f119_1_1x_488_016na_1hfds_z10um_150msec_40povlp_ch00_C00_Z0509.tif
f119_1_1x_488_016na_1hfds_z10um_150msec_40povlp_ch00_C00_Z0510.tif
f119_1_1x_488_016na_1hfds_z10um_150msec_40povlp_ch00_C00_Z0511.tif
f119_1_1x_488_016na_1hfds_z10um_150msec_40povlp_ch00_C00_Z0512.tif
f119_1_1x_488_016na_1hfds_z10um_150msec_40povlp_ch00_C00_Z0741.tif
f119_1_1x_488_016na_1hfds_z10um_150msec_40povlp_ch00_C00_Z0742.tif
f119_1_1x_488_016na_1hfds_z10um_150msec_40povlp_ch00_C00_Z0743.tif
f119_1_1x_488_016na_1hfds_z10um_150msec_40povlp_ch00_C00_Z0744.tif
f119_1_1x_488_016na_1hfds_z10um_150msec_40povlp_ch00_C00_Z0745.tif
f119_1_1x_488_016na_1hfds_z10um_150msec_40povlp_ch00_C00_Z0746.tif
f119_1_1x_488_016na_1hfds_z10um_150msec_40povlp_ch00_C00_Z0747.tif
f119_1_1x_488_016na_1hfds_z10um_150msec_40povlp_ch00_C00_Z0748.tif
f119_1_1x_488_016na_1hfds_z10um_150msec_40povlp_ch00_C00_Z0749.tif
f119_1_1x_488_016na_1hfds_z10um_150msec_40povlp_ch00_C00_Z0750.tif
f119_1_1x_488_016na_1hfds_z10um_150msec_40povlp_ch00_C00_Z0751.tif
f119_1_1x_488_016na_1hfds_z10um_150msec_40povlp_ch00_C00_Z0752.tif
f119_1_1x_488_016na_1hfds_z10um_150msec_40povlp_ch00_C00_Z0753.tif
f119_1_1x_488_016na_1hfds_z10um_150msec_40povlp_ch00_C00_Z0754.tif
f119_1_1x_488_016na_1hfds_z10um_150msec_40povlp_ch00_C00_Z0755.tif
f119_1_1x_488_016na_1hfds_z10um_150msec_40povlp_ch00_C00_Z0756.tif
f119_1_1x_488_016na_1hfds_z10um_150msec_40povlp_ch00_C00_Z0757.tif
f119_1_1x_488_016na_1hfds_z10um_150msec_40povlp_ch00_C00_Z0758.tif
f119_1_1x_488_016na_1hfds_z10um_150msec_40povlp_ch00_C00_Z0759.tif
f119_1_1x_488_016na_1hfds_z10um_150msec_40povlp_ch00_C00_Z0019.tif
f119_1_1x_488_016na_1hfds_z10um_150msec_40povlp_ch00_C00_Z0020.tif
f119_1_1x_488_016na_1hfds_z10um_150msec_40povlp_ch00_C00_Z0021.tif
f119_1_1x_488_016na_1hfds_z10um_150msec_40povlp_ch00_C00_Z0022.tif
f119_1_1x_488_016na_1hfds_z10um_150msec_40povlp_ch00_C00_Z0023.tif
f119_1_1x_488_016na_1hfds_z10um_150msec_40povlp_ch00_C00_Z0024.tif
f119_1_1x_488_016na_1hfds_z10um_150msec_40povlp_ch00_C00_Z0025.tif
f119_1_1x_488_016na_1hfds_z10um_150msec_40povlp_ch00_C00_Z0026.tif
f119_1_1x_488_016na_1hfds_z10um_150msec_40povlp_ch00_C00_Z0027.tif
f119_1_1x_488_016na_1hfds_z10um_150msec_40povlp_ch00_C00_Z0028.tif
f119_1_1x_488_016na_1hfds_z10um_150msec_40povlp_ch00_C00_Z0029.tif
f119_1_1x_488_016na_1hfds_z10um_150msec_40povlp_ch00_C00_Z0030.tif
f119_1_1x_488_016na_1hfds_z10um_150msec_40povlp_ch00_C00_Z0031.tif
f119_1_1x_488_016na_1hfds_z10um_150msec_40povlp_ch00_C00_Z0032.tif
f119_1_1x_488_016na_1hfds_z10um_150msec_40povlp_ch00_C00_Z0033.tif
f119_1_1x_488_016na_1hfds_z10um_150msec_40povlp_ch00_C00_Z0034.tif
f119_1_1x_488_016na_1hfds_z10um_150msec_40povlp_ch00_C00_Z0035.tif
f119_1_1x_488_016na_1hfds_z10um_150msec_40povlp_ch00_C00_Z0036.tif
f119_1_1x_488_016na_1hfds_z10um_150msec_40povlp_ch00_C00_Z0037.tif
f119_1_1x_488_016na_1hfds_z10um_150msec_40povlp_ch00_C00_Z0342.tif
f119_1_1x_488_016na_1hfds_z10um_150msec_40povlp_ch00_C00_Z0343.tif
f119_1_1x_488_016na_1hfds_z10um_150msec_40povlp_ch00_C00_Z0344.tif
f119_1_1x_488_016na_1hfds_z10um_150msec_40povlp_ch00_C00_Z0345.tif
f119_1_1x_488_016na_1hfds_z10um_150msec_40povlp_ch00_C00_Z0346.tif
f119_1_1x_488_016na_1hfds_z10um_150msec_40povlp_ch00_C00_Z0347.tif
f119_1_1x_488_016na_1hfds_z10um_150msec_40povlp_ch00_C00_Z0348.tif
f119_1_1x_488_016na_1hfds_z10um_150msec_40povlp_ch00_C00_Z0349.tif
f119_1_1x_488_016na_1hfds_z10um_150msec_40povlp_ch00_C00_Z0350.tif
f119_1_1x_488_016na_1hfds_z10um_150msec_40povlp_ch00_C00_Z0351.tif
f119_1_1x_488_016na_1hfds_z10um_150msec_40povlp_ch00_C00_Z0352.tif
f119_1_1x_488_016na_1hfds_z10um_150msec_40povlp_ch00_C00_Z0353.tif
f119_1_1x_488_016na_1hfds_z10um_150msec_40povlp_ch00_C00_Z0354.tif
f119_1_1x_488_016na_1hfds_z10um_150msec_40povlp_ch00_C00_Z0355.tif
f119_1_1x_488_016na_1hfds_z10um_150msec_40povlp_ch00_C00_Z0356.tif
f119_1_1x_488_016na_1hfds_z10um_150msec_40povlp_ch00_C00_Z0357.tif
f119_1_1x_488_016na_1hfds_z10um_150msec_40povlp_ch00_C00_Z0358.tif
f119_1_1x_488_016na_1hfds_z10um_150msec_40povlp_ch00_C00_Z0359.tif
f119_1_1x_488_016na_1hfds_z10um_150msec_40povlp_ch00_C00_Z0360.tif
f119_1_1x_488_016na_1hfds_z10um_150msec_40povlp_ch00_C00_Z0570.tif
f119_1_1x_488_016na_1hfds_z10um_150msec_40povlp_ch00_C00_Z0571.tif
f119_1_1x_488_016na_1hfds_z10um_150msec_40povlp_ch00_C00_Z0572.tif
f119_1_1x_488_016na_1hfds_z10um_150msec_40povlp_ch00_C00_Z0573.tif
f119_1_1x_488_016na_1hfds_z10um_150msec_40povlp_ch00_C00_Z0574.tif
f119_1_1x_488_016na_1hfds_z10um_150msec_40povlp_ch00_C00_Z0575.tif
f119_1_1x_488_016na_1hfds_z10um_150msec_40povlp_ch00_C00_Z0576.tif
f119_1_1x_488_016na_1hfds_z10um_150msec_40povlp_ch00_C00_Z0577.tif
f119_1_1x_488_016na_1hfds_z10um_150msec_40povlp_ch00_C00_Z0578.tif
f119_1_1x_488_016na_1hfds_z10um_150msec_40povlp_ch00_C00_Z0579.tif
f119_1_1x_488_016na_1hfds_z10um_150msec_40povlp_ch00_C00_Z0580.tif
f119_1_1x_488_016na_1hfds_z10um_150msec_40povlp_ch00_C00_Z0581.tif
f119_1_1x_488_016na_1hfds_z10um_150msec_40povlp_ch00_C00_Z0582.tif
f119_1_1x_488_016na_1hfds_z10um_150msec_40povlp_ch00_C00_Z0583.tif
f119_1_1x_488_016na_1hfds_z10um_150msec_40povlp_ch00_C00_Z0584.tif
f119_1_1x_488_016na_1hfds_z10um_150msec_40povlp_ch00_C00_Z0585.tif
f119_1_1x_488_016na_1hfds_z10um_150msec_40povlp_ch00_C00_Z0586.tif
f119_1_1x_488_016na_1hfds_z10um_150msec_40povlp_ch00_C00_Z0587.tif
f119_1_1x_488_016na_1hfds_z10um_150msec_40povlp_ch00_C00_Z0588.tif
f119_1_1x_488_016na_1hfds_z10um_150msec_40povlp_ch00_C00_Z0779.tif
f119_1_1x_488_016na_1hfds_z10um_150msec_40povlp_ch00_C00_Z0780.tif
f119_1_1x_488_016na_1hfds_z10um_150msec_40povlp_ch00_C00_Z0781.tif
f119_1_1x_488_016na_1hfds_z10um_150msec_40povlp_ch00_C00_Z0782.tif
f119_1_1x_488_016na_1hfds_z10um_150msec_40povlp_ch00_C00_Z0783.tif
f119_1_1x_488_016na_1hfds_z10um_150msec_40povlp_ch00_C00_Z0784.tif
f119_1_1x_488_016na_1hfds_z10um_150msec_40povlp_ch00_C00_Z0785.tif
f119_1_1x_488_016na_1hfds_z10um_150msec_40povlp_ch00_C00_Z0786.tif
f119_1_1x_488_016na_1hfds_z10um_150msec_40povlp_ch00_C00_Z0787.tif
f119_1_1x_488_016na_1hfds_z10um_150msec_40povlp_ch00_C00_Z0788.tif
f119_1_1x_488_016na_1hfds_z10um_150msec_40povlp_ch00_C00_Z0789.tif
f119_1_1x_488_016na_1hfds_z10um_150msec_40povlp_ch00_C00_Z0790.tif
f119_1_1x_488_016na_1hfds_z10um_150msec_40povlp_ch00_C00_Z0791.tif
f119_1_1x_488_016na_1hfds_z10um_150msec_40povlp_ch00_C00_Z0792.tif
f119_1_1x_488_016na_1hfds_z10um_150msec_40povlp_ch00_C00_Z0793.tif
f119_1_1x_488_016na_1hfds_z10um_150msec_40povlp_ch00_C00_Z0794.tif
f119_1_1x_488_016na_1hfds_z10um_150msec_40povlp_ch00_C00_Z0795.tif
f119_1_1x_488_016na_1hfds_z10um_150msec_40povlp_ch00_C00_Z0796.tif
f119_1_1x_488_016na_1hfds_z10um_150msec_40povlp_ch00_C00_Z0797.tif
f119_1_1x_488_016na_1hfds_z10um_150msec_40povlp_ch00_C00_Z0057.tif
f119_1_1x_488_016na_1hfds_z10um_150msec_40povlp_ch00_C00_Z0058.tif
f119_1_1x_488_016na_1hfds_z10um_150msec_40povlp_ch00_C00_Z0059.tif
f119_1_1x_488_016na_1hfds_z10um_150msec_40povlp_ch00_C00_Z0060.tif
f119_1_1x_488_016na_1hfds_z10um_150msec_40povlp_ch00_C00_Z0061.tif
f119_1_1x_488_016na_1hfds_z10um_150msec_40povlp_ch00_C00_Z0062.tif
f119_1_1x_488_016na_1hfds_z10um_150msec_40povlp_ch00_C00_Z0063.tif
f119_1_1x_488_016na_1hfds_z10um_150msec_40povlp_ch00_C00_Z0064.tif
f119_1_1x_488_016na_1hfds_z10um_150msec_40povlp_ch00_C00_Z0065.tif
f119_1_1x_488_016na_1hfds_z10um_150msec_40povlp_ch00_C00_Z0066.tif
f119_1_1x_488_016na_1hfds_z10um_150msec_40povlp_ch00_C00_Z0067.tif
f119_1_1x_488_016na_1hfds_z10um_150msec_40povlp_ch00_C00_Z0068.tif
f119_1_1x_488_016na_1hfds_z10um_150msec_40povlp_ch00_C00_Z0069.tif
f119_1_1x_488_016na_1hfds_z10um_150msec_40povlp_ch00_C00_Z0070.tif
f119_1_1x_488_016na_1hfds_z10um_150msec_40povlp_ch00_C00_Z0071.tif
f119_1_1x_488_016na_1hfds_z10um_150msec_40povlp_ch00_C00_Z0072.tif
f119_1_1x_488_016na_1hfds_z10um_150msec_40povlp_ch00_C00_Z0073.tif
f119_1_1x_488_016na_1hfds_z10um_150msec_40povlp_ch00_C00_Z0074.tif
f119_1_1x_488_016na_1hfds_z10um_150msec_40povlp_ch00_C00_Z0075.tif
f119_1_1x_488_016na_1hfds_z10um_150msec_40povlp_ch00_C00_Z0247.tif
f119_1_1x_488_016na_1hfds_z10um_150msec_40povlp_ch00_C00_Z0248.tif
f119_1_1x_488_016na_1hfds_z10um_150msec_40povlp_ch00_C00_Z0249.tif
f119_1_1x_488_016na_1hfds_z10um_150msec_40povlp_ch00_C00_Z0250.tif
f119_1_1x_488_016na_1hfds_z10um_150msec_40povlp_ch00_C00_Z0251.tif
f119_1_1x_488_016na_1hfds_z10um_150msec_40povlp_ch00_C00_Z0252.tif
f119_1_1x_488_016na_1hfds_z10um_150msec_40povlp_ch00_C00_Z0253.tif
f119_1_1x_488_016na_1hfds_z10um_150msec_40povlp_ch00_C00_Z0254.tif
f119_1_1x_488_016na_1hfds_z10um_150msec_40povlp_ch00_C00_Z0255.tif
f119_1_1x_488_016na_1hfds_z10um_150msec_40povlp_ch00_C00_Z0256.tif
f119_1_1x_488_016na_1hfds_z10um_150msec_40povlp_ch00_C00_Z0257.tif
f119_1_1x_488_016na_1hfds_z10um_150msec_40povlp_ch00_C00_Z0258.tif
f119_1_1x_488_016na_1hfds_z10um_150msec_40povlp_ch00_C00_Z0259.tif
f119_1_1x_488_016na_1hfds_z10um_150msec_40povlp_ch00_C00_Z0260.tif
f119_1_1x_488_016na_1hfds_z10um_150msec_40povlp_ch00_C00_Z0261.tif
f119_1_1x_488_016na_1hfds_z10um_150msec_40povlp_ch00_C00_Z0262.tif
f119_1_1x_488_016na_1hfds_z10um_150msec_40povlp_ch00_C00_Z0263.tif
f119_1_1x_488_016na_1hfds_z10um_150msec_40povlp_ch00_C00_Z0264.tif
f119_1_1x_488_016na_1hfds_z10um_150msec_40povlp_ch00_C00_Z0265.tif
f119_1_1x_488_016na_1hfds_z10um_150msec_40povlp_ch00_C00_Z0475.tif
f119_1_1x_488_016na_1hfds_z10um_150msec_40povlp_ch00_C00_Z0476.tif
f119_1_1x_488_016na_1hfds_z10um_150msec_40povlp_ch00_C00_Z0477.tif
f119_1_1x_488_016na_1hfds_z10um_150msec_40povlp_ch00_C00_Z0478.tif
f119_1_1x_488_016na_1hfds_z10um_150msec_40povlp_ch00_C00_Z0479.tif
f119_1_1x_488_016na_1hfds_z10um_150msec_40povlp_ch00_C00_Z0480.tif
f119_1_1x_488_016na_1hfds_z10um_150msec_40povlp_ch00_C00_Z0481.tif
f119_1_1x_488_016na_1hfds_z10um_150msec_40povlp_ch00_C00_Z0482.tif
f119_1_1x_488_016na_1hfds_z10um_150msec_40povlp_ch00_C00_Z0483.tif
f119_1_1x_488_016na_1hfds_z10um_150msec_40povlp_ch00_C00_Z0484.tif
f119_1_1x_488_016na_1hfds_z10um_150msec_40povlp_ch00_C00_Z0485.tif
f119_1_1x_488_016na_1hfds_z10um_150msec_40povlp_ch00_C00_Z0486.tif
f119_1_1x_488_016na_1hfds_z10um_150msec_40povlp_ch00_C00_Z0487.tif
f119_1_1x_488_016na_1hfds_z10um_150msec_40povlp_ch00_C00_Z0488.tif
f119_1_1x_488_016na_1hfds_z10um_150msec_40povlp_ch00_C00_Z0489.tif
f119_1_1x_488_016na_1hfds_z10um_150msec_40povlp_ch00_C00_Z0490.tif
f119_1_1x_488_016na_1hfds_z10um_150msec_40povlp_ch00_C00_Z0491.tif
f119_1_1x_488_016na_1hfds_z10um_150msec_40povlp_ch00_C00_Z0492.tif
f119_1_1x_488_016na_1hfds_z10um_150msec_40povlp_ch00_C00_Z0493.tif
f119_1_1x_488_016na_1hfds_z10um_150msec_40povlp_ch00_C00_Z0703.tif
f119_1_1x_488_016na_1hfds_z10um_150msec_40povlp_ch00_C00_Z0704.tif
f119_1_1x_488_016na_1hfds_z10um_150msec_40povlp_ch00_C00_Z0705.tif
f119_1_1x_488_016na_1hfds_z10um_150msec_40povlp_ch00_C00_Z0706.tif
f119_1_1x_488_016na_1hfds_z10um_150msec_40povlp_ch00_C00_Z0707.tif
f119_1_1x_488_016na_1hfds_z10um_150msec_40povlp_ch00_C00_Z0708.tif
f119_1_1x_488_016na_1hfds_z10um_150msec_40povlp_ch00_C00_Z0709.tif
f119_1_1x_488_016na_1hfds_z10um_150msec_40povlp_ch00_C00_Z0710.tif
f119_1_1x_488_016na_1hfds_z10um_150msec_40povlp_ch00_C00_Z0711.tif
f119_1_1x_488_016na_1hfds_z10um_150msec_40povlp_ch00_C00_Z0712.tif
f119_1_1x_488_016na_1hfds_z10um_150msec_40povlp_ch00_C00_Z0713.tif
f119_1_1x_488_016na_1hfds_z10um_150msec_40povlp_ch00_C00_Z0714.tif
f119_1_1x_488_016na_1hfds_z10um_150msec_40povlp_ch00_C00_Z0715.tif
f119_1_1x_488_016na_1hfds_z10um_150msec_40povlp_ch00_C00_Z0716.tif
f119_1_1x_488_016na_1hfds_z10um_150msec_40povlp_ch00_C00_Z0717.tif
f119_1_1x_488_016na_1hfds_z10um_150msec_40povlp_ch00_C00_Z0718.tif
f119_1_1x_488_016na_1hfds_z10um_150msec_40povlp_ch00_C00_Z0719.tif
f119_1_1x_488_016na_1hfds_z10um_150msec_40povlp_ch00_C00_Z0720.tif
f119_1_1x_488_016na_1hfds_z10um_150msec_40povlp_ch00_C00_Z0721.tif
f119_1_1x_488_016na_1hfds_z10um_150msec_40povlp_ch00_C00_Z0076.tif
f119_1_1x_488_016na_1hfds_z10um_150msec_40povlp_ch00_C00_Z0077.tif
f119_1_1x_488_016na_1hfds_z10um_150msec_40povlp_ch00_C00_Z0078.tif
f119_1_1x_488_016na_1hfds_z10um_150msec_40povlp_ch00_C00_Z0079.tif
f119_1_1x_488_016na_1hfds_z10um_150msec_40povlp_ch00_C00_Z0080.tif
f119_1_1x_488_016na_1hfds_z10um_150msec_40povlp_ch00_C00_Z0081.tif
f119_1_1x_488_016na_1hfds_z10um_150msec_40povlp_ch00_C00_Z0082.tif
f119_1_1x_488_016na_1hfds_z10um_150msec_40povlp_ch00_C00_Z0083.tif
f119_1_1x_488_016na_1hfds_z10um_150msec_40povlp_ch00_C00_Z0084.tif
f119_1_1x_488_016na_1hfds_z10um_150msec_40povlp_ch00_C00_Z0085.tif
f119_1_1x_488_016na_1hfds_z10um_150msec_40povlp_ch00_C00_Z0086.tif
f119_1_1x_488_016na_1hfds_z10um_150msec_40povlp_ch00_C00_Z0087.tif
f119_1_1x_488_016na_1hfds_z10um_150msec_40povlp_ch00_C00_Z0088.tif
f119_1_1x_488_016na_1hfds_z10um_150msec_40povlp_ch00_C00_Z0089.tif
f119_1_1x_488_016na_1hfds_z10um_150msec_40povlp_ch00_C00_Z0090.tif
f119_1_1x_488_016na_1hfds_z10um_150msec_40povlp_ch00_C00_Z0091.tif
f119_1_1x_488_016na_1hfds_z10um_150msec_40povlp_ch00_C00_Z0092.tif
f119_1_1x_488_016na_1hfds_z10um_150msec_40povlp_ch00_C00_Z0093.tif
f119_1_1x_488_016na_1hfds_z10um_150msec_40povlp_ch00_C00_Z0094.tif
f119_1_1x_488_016na_1hfds_z10um_150msec_40povlp_ch00_C00_Z0285.tif
f119_1_1x_488_016na_1hfds_z10um_150msec_40povlp_ch00_C00_Z0286.tif
f119_1_1x_488_016na_1hfds_z10um_150msec_40povlp_ch00_C00_Z0287.tif
f119_1_1x_488_016na_1hfds_z10um_150msec_40povlp_ch00_C00_Z0288.tif
f119_1_1x_488_016na_1hfds_z10um_150msec_40povlp_ch00_C00_Z0289.tif
f119_1_1x_488_016na_1hfds_z10um_150msec_40povlp_ch00_C00_Z0290.tif
f119_1_1x_488_016na_1hfds_z10um_150msec_40povlp_ch00_C00_Z0291.tif
f119_1_1x_488_016na_1hfds_z10um_150msec_40povlp_ch00_C00_Z0292.tif
f119_1_1x_488_016na_1hfds_z10um_150msec_40povlp_ch00_C00_Z0293.tif
f119_1_1x_488_016na_1hfds_z10um_150msec_40povlp_ch00_C00_Z0294.tif
f119_1_1x_488_016na_1hfds_z10um_150msec_40povlp_ch00_C00_Z0295.tif
f119_1_1x_488_016na_1hfds_z10um_150msec_40povlp_ch00_C00_Z0296.tif
f119_1_1x_488_016na_1hfds_z10um_150msec_40povlp_ch00_C00_Z0297.tif
f119_1_1x_488_016na_1hfds_z10um_150msec_40povlp_ch00_C00_Z0298.tif
f119_1_1x_488_016na_1hfds_z10um_150msec_40povlp_ch00_C00_Z0299.tif
f119_1_1x_488_016na_1hfds_z10um_150msec_40povlp_ch00_C00_Z0300.tif
f119_1_1x_488_016na_1hfds_z10um_150msec_40povlp_ch00_C00_Z0301.tif
f119_1_1x_488_016na_1hfds_z10um_150msec_40povlp_ch00_C00_Z0302.tif
f119_1_1x_488_016na_1hfds_z10um_150msec_40povlp_ch00_C00_Z0303.tif
f119_1_1x_488_016na_1hfds_z10um_150msec_40povlp_ch00_C00_Z0532.tif
f119_1_1x_488_016na_1hfds_z10um_150msec_40povlp_ch00_C00_Z0533.tif
f119_1_1x_488_016na_1hfds_z10um_150msec_40povlp_ch00_C00_Z0534.tif
f119_1_1x_488_016na_1hfds_z10um_150msec_40povlp_ch00_C00_Z0535.tif
f119_1_1x_488_016na_1hfds_z10um_150msec_40povlp_ch00_C00_Z0536.tif
f119_1_1x_488_016na_1hfds_z10um_150msec_40povlp_ch00_C00_Z0537.tif
f119_1_1x_488_016na_1hfds_z10um_150msec_40povlp_ch00_C00_Z0538.tif
f119_1_1x_488_016na_1hfds_z10um_150msec_40povlp_ch00_C00_Z0539.tif
f119_1_1x_488_016na_1hfds_z10um_150msec_40povlp_ch00_C00_Z0540.tif
f119_1_1x_488_016na_1hfds_z10um_150msec_40povlp_ch00_C00_Z0541.tif
f119_1_1x_488_016na_1hfds_z10um_150msec_40povlp_ch00_C00_Z0542.tif
f119_1_1x_488_016na_1hfds_z10um_150msec_40povlp_ch00_C00_Z0543.tif
f119_1_1x_488_016na_1hfds_z10um_150msec_40povlp_ch00_C00_Z0544.tif
f119_1_1x_488_016na_1hfds_z10um_150msec_40povlp_ch00_C00_Z0545.tif
f119_1_1x_488_016na_1hfds_z10um_150msec_40povlp_ch00_C00_Z0546.tif
f119_1_1x_488_016na_1hfds_z10um_150msec_40povlp_ch00_C00_Z0547.tif
f119_1_1x_488_016na_1hfds_z10um_150msec_40povlp_ch00_C00_Z0548.tif
f119_1_1x_488_016na_1hfds_z10um_150msec_40povlp_ch00_C00_Z0549.tif
f119_1_1x_488_016na_1hfds_z10um_150msec_40povlp_ch00_C00_Z0550.tif
f119_1_1x_488_016na_1hfds_z10um_150msec_40povlp_ch00_C00_Z0760.tif
f119_1_1x_488_016na_1hfds_z10um_150msec_40povlp_ch00_C00_Z0761.tif
f119_1_1x_488_016na_1hfds_z10um_150msec_40povlp_ch00_C00_Z0762.tif
f119_1_1x_488_016na_1hfds_z10um_150msec_40povlp_ch00_C00_Z0763.tif
f119_1_1x_488_016na_1hfds_z10um_150msec_40povlp_ch00_C00_Z0764.tif
f119_1_1x_488_016na_1hfds_z10um_150msec_40povlp_ch00_C00_Z0765.tif
f119_1_1x_488_016na_1hfds_z10um_150msec_40povlp_ch00_C00_Z0766.tif
f119_1_1x_488_016na_1hfds_z10um_150msec_40povlp_ch00_C00_Z0767.tif
f119_1_1x_488_016na_1hfds_z10um_150msec_40povlp_ch00_C00_Z0768.tif
f119_1_1x_488_016na_1hfds_z10um_150msec_40povlp_ch00_C00_Z0769.tif
f119_1_1x_488_016na_1hfds_z10um_150msec_40povlp_ch00_C00_Z0770.tif
f119_1_1x_488_016na_1hfds_z10um_150msec_40povlp_ch00_C00_Z0771.tif
f119_1_1x_488_016na_1hfds_z10um_150msec_40povlp_ch00_C00_Z0772.tif
f119_1_1x_488_016na_1hfds_z10um_150msec_40povlp_ch00_C00_Z0773.tif
f119_1_1x_488_016na_1hfds_z10um_150msec_40povlp_ch00_C00_Z0774.tif
f119_1_1x_488_016na_1hfds_z10um_150msec_40povlp_ch00_C00_Z0775.tif
f119_1_1x_488_016na_1hfds_z10um_150msec_40povlp_ch00_C00_Z0776.tif
f119_1_1x_488_016na_1hfds_z10um_150msec_40povlp_ch00_C00_Z0777.tif
f119_1_1x_488_016na_1hfds_z10um_150msec_40povlp_ch00_C00_Z0778.tif
f119_1_1x_488_016na_1hfds_z10um_150msec_40povlp_ch00_C00_Z0209.tif
f119_1_1x_488_016na_1hfds_z10um_150msec_40povlp_ch00_C00_Z0210.tif
f119_1_1x_488_016na_1hfds_z10um_150msec_40povlp_ch00_C00_Z0211.tif
f119_1_1x_488_016na_1hfds_z10um_150msec_40povlp_ch00_C00_Z0212.tif
f119_1_1x_488_016na_1hfds_z10um_150msec_40povlp_ch00_C00_Z0213.tif
f119_1_1x_488_016na_1hfds_z10um_150msec_40povlp_ch00_C00_Z0214.tif
f119_1_1x_488_016na_1hfds_z10um_150msec_40povlp_ch00_C00_Z0215.tif
f119_1_1x_488_016na_1hfds_z10um_150msec_40povlp_ch00_C00_Z0216.tif
f119_1_1x_488_016na_1hfds_z10um_150msec_40povlp_ch00_C00_Z0217.tif
f119_1_1x_488_016na_1hfds_z10um_150msec_40povlp_ch00_C00_Z0218.tif
f119_1_1x_488_016na_1hfds_z10um_150msec_40povlp_ch00_C00_Z0219.tif
f119_1_1x_488_016na_1hfds_z10um_150msec_40povlp_ch00_C00_Z0220.tif
f119_1_1x_488_016na_1hfds_z10um_150msec_40povlp_ch00_C00_Z0221.tif
f119_1_1x_488_016na_1hfds_z10um_150msec_40povlp_ch00_C00_Z0222.tif
f119_1_1x_488_016na_1hfds_z10um_150msec_40povlp_ch00_C00_Z0223.tif
f119_1_1x_488_016na_1hfds_z10um_150msec_40povlp_ch00_C00_Z0224.tif
f119_1_1x_488_016na_1hfds_z10um_150msec_40povlp_ch00_C00_Z0225.tif
f119_1_1x_488_016na_1hfds_z10um_150msec_40povlp_ch00_C00_Z0226.tif
f119_1_1x_488_016na_1hfds_z10um_150msec_40povlp_ch00_C00_Z0227.tif
f119_1_1x_488_016na_1hfds_z10um_150msec_40povlp_ch00_C00_Z0380.tif
f119_1_1x_488_016na_1hfds_z10um_150msec_40povlp_ch00_C00_Z0381.tif
f119_1_1x_488_016na_1hfds_z10um_150msec_40povlp_ch00_C00_Z0382.tif
f119_1_1x_488_016na_1hfds_z10um_150msec_40povlp_ch00_C00_Z0383.tif
f119_1_1x_488_016na_1hfds_z10um_150msec_40povlp_ch00_C00_Z0384.tif
f119_1_1x_488_016na_1hfds_z10um_150msec_40povlp_ch00_C00_Z0385.tif
f119_1_1x_488_016na_1hfds_z10um_150msec_40povlp_ch00_C00_Z0386.tif
f119_1_1x_488_016na_1hfds_z10um_150msec_40povlp_ch00_C00_Z0387.tif
f119_1_1x_488_016na_1hfds_z10um_150msec_40povlp_ch00_C00_Z0388.tif
f119_1_1x_488_016na_1hfds_z10um_150msec_40povlp_ch00_C00_Z0389.tif
f119_1_1x_488_016na_1hfds_z10um_150msec_40povlp_ch00_C00_Z0390.tif
f119_1_1x_488_016na_1hfds_z10um_150msec_40povlp_ch00_C00_Z0391.tif
f119_1_1x_488_016na_1hfds_z10um_150msec_40povlp_ch00_C00_Z0392.tif
f119_1_1x_488_016na_1hfds_z10um_150msec_40povlp_ch00_C00_Z0393.tif
f119_1_1x_488_016na_1hfds_z10um_150msec_40povlp_ch00_C00_Z0394.tif
f119_1_1x_488_016na_1hfds_z10um_150msec_40povlp_ch00_C00_Z0395.tif
f119_1_1x_488_016na_1hfds_z10um_150msec_40povlp_ch00_C00_Z0396.tif
f119_1_1x_488_016na_1hfds_z10um_150msec_40povlp_ch00_C00_Z0397.tif
f119_1_1x_488_016na_1hfds_z10um_150msec_40povlp_ch00_C00_Z0398.tif
f119_1_1x_488_016na_1hfds_z10um_150msec_40povlp_ch00_C00_Z0608.tif
f119_1_1x_488_016na_1hfds_z10um_150msec_40povlp_ch00_C00_Z0609.tif
f119_1_1x_488_016na_1hfds_z10um_150msec_40povlp_ch00_C00_Z0610.tif
f119_1_1x_488_016na_1hfds_z10um_150msec_40povlp_ch00_C00_Z0611.tif
f119_1_1x_488_016na_1hfds_z10um_150msec_40povlp_ch00_C00_Z0612.tif
f119_1_1x_488_016na_1hfds_z10um_150msec_40povlp_ch00_C00_Z0613.tif
f119_1_1x_488_016na_1hfds_z10um_150msec_40povlp_ch00_C00_Z0614.tif
f119_1_1x_488_016na_1hfds_z10um_150msec_40povlp_ch00_C00_Z0615.tif
f119_1_1x_488_016na_1hfds_z10um_150msec_40povlp_ch00_C00_Z0616.tif
f119_1_1x_488_016na_1hfds_z10um_150msec_40povlp_ch00_C00_Z0617.tif
f119_1_1x_488_016na_1hfds_z10um_150msec_40povlp_ch00_C00_Z0618.tif
f119_1_1x_488_016na_1hfds_z10um_150msec_40povlp_ch00_C00_Z0619.tif
f119_1_1x_488_016na_1hfds_z10um_150msec_40povlp_ch00_C00_Z0620.tif
f119_1_1x_488_016na_1hfds_z10um_150msec_40povlp_ch00_C00_Z0621.tif
f119_1_1x_488_016na_1hfds_z10um_150msec_40povlp_ch00_C00_Z0622.tif
f119_1_1x_488_016na_1hfds_z10um_150msec_40povlp_ch00_C00_Z0623.tif
f119_1_1x_488_016na_1hfds_z10um_150msec_40povlp_ch00_C00_Z0624.tif
f119_1_1x_488_016na_1hfds_z10um_150msec_40povlp_ch00_C00_Z0625.tif
f119_1_1x_488_016na_1hfds_z10um_150msec_40povlp_ch00_C00_Z0626.tif
f119_1_1x_488_016na_1hfds_z10um_150msec_40povlp_ch00_C00_Z0798.tif
f119_1_1x_488_016na_1hfds_z10um_150msec_40povlp_ch00_C00_Z0799.tif
f119_1_1x_488_016na_1hfds_z10um_150msec_40povlp_ch00_C00_Z0800.tif
f119_1_1x_488_016na_1hfds_z10um_150msec_40povlp_ch00_C00_Z0801.tif
f119_1_1x_488_016na_1hfds_z10um_150msec_40povlp_ch00_C00_Z0802.tif
f119_1_1x_488_016na_1hfds_z10um_150msec_40povlp_ch00_C00_Z0803.tif
f119_1_1x_488_016na_1hfds_z10um_150msec_40povlp_ch00_C00_Z0804.tif
f119_1_1x_488_016na_1hfds_z10um_150msec_40povlp_ch00_C00_Z0805.tif
f119_1_1x_488_016na_1hfds_z10um_150msec_40povlp_ch00_C00_Z0806.tif
f119_1_1x_488_016na_1hfds_z10um_150msec_40povlp_ch00_C00_Z0807.tif
f119_1_1x_488_016na_1hfds_z10um_150msec_40povlp_ch00_C00_Z0808.tif
f119_1_1x_488_016na_1hfds_z10um_150msec_40povlp_ch00_C00_Z0809.tif
f119_1_1x_488_016na_1hfds_z10um_150msec_40povlp_ch00_C00_Z0810.tif
f119_1_1x_488_016na_1hfds_z10um_150msec_40povlp_ch00_C00_Z0811.tif
f119_1_1x_488_016na_1hfds_z10um_150msec_40povlp_ch00_C00_Z0812.tif
f119_1_1x_488_016na_1hfds_z10um_150msec_40povlp_ch00_C00_Z0813.tif
f119_1_1x_488_016na_1hfds_z10um_150msec_40povlp_ch00_C00_Z0814.tif
f119_1_1x_488_016na_1hfds_z10um_150msec_40povlp_ch00_C00_Z0815.tif
f119_1_1x_488_016na_1hfds_z10um_150msec_40povlp_ch00_C00_Z0816.tif
f119_1_1x_488_016na_1hfds_z10um_150msec_40povlp_ch00_C00_Z0000.tif
f119_1_1x_488_016na_1hfds_z10um_150msec_40povlp_ch00_C00_Z0001.tif
f119_1_1x_488_016na_1hfds_z10um_150msec_40povlp_ch00_C00_Z0002.tif
f119_1_1x_488_016na_1hfds_z10um_150msec_40povlp_ch00_C00_Z0003.tif
f119_1_1x_488_016na_1hfds_z10um_150msec_40povlp_ch00_C00_Z0004.tif
f119_1_1x_488_016na_1hfds_z10um_150msec_40povlp_ch00_C00_Z0005.tif
f119_1_1x_488_016na_1hfds_z10um_150msec_40povlp_ch00_C00_Z0006.tif
f119_1_1x_488_016na_1hfds_z10um_150msec_40povlp_ch00_C00_Z0007.tif
f119_1_1x_488_016na_1hfds_z10um_150msec_40povlp_ch00_C00_Z0008.tif
f119_1_1x_488_016na_1hfds_z10um_150msec_40povlp_ch00_C00_Z0009.tif
f119_1_1x_488_016na_1hfds_z10um_150msec_40povlp_ch00_C00_Z0010.tif
f119_1_1x_488_016na_1hfds_z10um_150msec_40povlp_ch00_C00_Z0011.tif
f119_1_1x_488_016na_1hfds_z10um_150msec_40povlp_ch00_C00_Z0012.tif
f119_1_1x_488_016na_1hfds_z10um_150msec_40povlp_ch00_C00_Z0013.tif
f119_1_1x_488_016na_1hfds_z10um_150msec_40povlp_ch00_C00_Z0014.tif
f119_1_1x_488_016na_1hfds_z10um_150msec_40povlp_ch00_C00_Z0015.tif
f119_1_1x_488_016na_1hfds_z10um_150msec_40povlp_ch00_C00_Z0016.tif
f119_1_1x_488_016na_1hfds_z10um_150msec_40povlp_ch00_C00_Z0017.tif
f119_1_1x_488_016na_1hfds_z10um_150msec_40povlp_ch00_C00_Z0018.tif
f119_1_1x_488_016na_1hfds_z10um_150msec_40povlp_ch00_C00_Z0361.tif
f119_1_1x_488_016na_1hfds_z10um_150msec_40povlp_ch00_C00_Z0362.tif
f119_1_1x_488_016na_1hfds_z10um_150msec_40povlp_ch00_C00_Z0363.tif
f119_1_1x_488_016na_1hfds_z10um_150msec_40povlp_ch00_C00_Z0364.tif
f119_1_1x_488_016na_1hfds_z10um_150msec_40povlp_ch00_C00_Z0365.tif
f119_1_1x_488_016na_1hfds_z10um_150msec_40povlp_ch00_C00_Z0366.tif
f119_1_1x_488_016na_1hfds_z10um_150msec_40povlp_ch00_C00_Z0367.tif
f119_1_1x_488_016na_1hfds_z10um_150msec_40povlp_ch00_C00_Z0368.tif
f119_1_1x_488_016na_1hfds_z10um_150msec_40povlp_ch00_C00_Z0369.tif
f119_1_1x_488_016na_1hfds_z10um_150msec_40povlp_ch00_C00_Z0370.tif
f119_1_1x_488_016na_1hfds_z10um_150msec_40povlp_ch00_C00_Z0371.tif
f119_1_1x_488_016na_1hfds_z10um_150msec_40povlp_ch00_C00_Z0372.tif
f119_1_1x_488_016na_1hfds_z10um_150msec_40povlp_ch00_C00_Z0373.tif
f119_1_1x_488_016na_1hfds_z10um_150msec_40povlp_ch00_C00_Z0374.tif
f119_1_1x_488_016na_1hfds_z10um_150msec_40povlp_ch00_C00_Z0375.tif
f119_1_1x_488_016na_1hfds_z10um_150msec_40povlp_ch00_C00_Z0376.tif
f119_1_1x_488_016na_1hfds_z10um_150msec_40povlp_ch00_C00_Z0377.tif
f119_1_1x_488_016na_1hfds_z10um_150msec_40povlp_ch00_C00_Z0378.tif
f119_1_1x_488_016na_1hfds_z10um_150msec_40povlp_ch00_C00_Z0379.tif
f119_1_1x_488_016na_1hfds_z10um_150msec_40povlp_ch00_C00_Z0589.tif
f119_1_1x_488_016na_1hfds_z10um_150msec_40povlp_ch00_C00_Z0590.tif
f119_1_1x_488_016na_1hfds_z10um_150msec_40povlp_ch00_C00_Z0591.tif
f119_1_1x_488_016na_1hfds_z10um_150msec_40povlp_ch00_C00_Z0592.tif
f119_1_1x_488_016na_1hfds_z10um_150msec_40povlp_ch00_C00_Z0593.tif
f119_1_1x_488_016na_1hfds_z10um_150msec_40povlp_ch00_C00_Z0594.tif
f119_1_1x_488_016na_1hfds_z10um_150msec_40povlp_ch00_C00_Z0595.tif
f119_1_1x_488_016na_1hfds_z10um_150msec_40povlp_ch00_C00_Z0596.tif
f119_1_1x_488_016na_1hfds_z10um_150msec_40povlp_ch00_C00_Z0597.tif
f119_1_1x_488_016na_1hfds_z10um_150msec_40povlp_ch00_C00_Z0598.tif
f119_1_1x_488_016na_1hfds_z10um_150msec_40povlp_ch00_C00_Z0599.tif
f119_1_1x_488_016na_1hfds_z10um_150msec_40povlp_ch00_C00_Z0600.tif
f119_1_1x_488_016na_1hfds_z10um_150msec_40povlp_ch00_C00_Z0601.tif
f119_1_1x_488_016na_1hfds_z10um_150msec_40povlp_ch00_C00_Z0602.tif
f119_1_1x_488_016na_1hfds_z10um_150msec_40povlp_ch00_C00_Z0603.tif
f119_1_1x_488_016na_1hfds_z10um_150msec_40povlp_ch00_C00_Z0604.tif
f119_1_1x_488_016na_1hfds_z10um_150msec_40povlp_ch00_C00_Z0605.tif
f119_1_1x_488_016na_1hfds_z10um_150msec_40povlp_ch00_C00_Z0606.tif
f119_1_1x_488_016na_1hfds_z10um_150msec_40povlp_ch00_C00_Z0607.tif
f119_1_1x_488_016na_1hfds_z10um_150msec_40povlp_ch00_C00_Z0855.tif
f119_1_1x_488_016na_1hfds_z10um_150msec_40povlp_ch00_C00_Z0856.tif
f119_1_1x_488_016na_1hfds_z10um_150msec_40povlp_ch00_C00_Z0857.tif
f119_1_1x_488_016na_1hfds_z10um_150msec_40povlp_ch00_C00_Z0858.tif
f119_1_1x_488_016na_1hfds_z10um_150msec_40povlp_ch00_C00_Z0859.tif
f119_1_1x_488_016na_1hfds_z10um_150msec_40povlp_ch00_C00_Z0860.tif
f119_1_1x_488_016na_1hfds_z10um_150msec_40povlp_ch00_C00_Z0861.tif
f119_1_1x_488_016na_1hfds_z10um_150msec_40povlp_ch00_C00_Z0862.tif
f119_1_1x_488_016na_1hfds_z10um_150msec_40povlp_ch00_C00_Z0863.tif
f119_1_1x_488_016na_1hfds_z10um_150msec_40povlp_ch00_C00_Z0864.tif
f119_1_1x_488_016na_1hfds_z10um_150msec_40povlp_ch00_C00_Z0865.tif
f119_1_1x_488_016na_1hfds_z10um_150msec_40povlp_ch00_C00_Z0866.tif
f119_1_1x_488_016na_1hfds_z10um_150msec_40povlp_ch00_C00_Z0867.tif
f119_1_1x_488_016na_1hfds_z10um_150msec_40povlp_ch00_C00_Z0868.tif
f119_1_1x_488_016na_1hfds_z10um_150msec_40povlp_ch00_C00_Z0869.tif
f119_1_1x_488_016na_1hfds_z10um_150msec_40povlp_ch00_C00_Z0870.tif
f119_1_1x_488_016na_1hfds_z10um_150msec_40povlp_ch00_C00_Z0871.tif
f119_1_1x_488_016na_1hfds_z10um_150msec_40povlp_ch00_C00_Z0872.tif
f119_1_1x_488_016na_1hfds_z10um_150msec_40povlp_ch00_C00_Z0873.tif
f119_1_1x_488_016na_1hfds_z10um_150msec_40povlp_ch00_C00_Z0114.tif
f119_1_1x_488_016na_1hfds_z10um_150msec_40povlp_ch00_C00_Z0115.tif
f119_1_1x_488_016na_1hfds_z10um_150msec_40povlp_ch00_C00_Z0116.tif
f119_1_1x_488_016na_1hfds_z10um_150msec_40povlp_ch00_C00_Z0117.tif
f119_1_1x_488_016na_1hfds_z10um_150msec_40povlp_ch00_C00_Z0118.tif
f119_1_1x_488_016na_1hfds_z10um_150msec_40povlp_ch00_C00_Z0119.tif
f119_1_1x_488_016na_1hfds_z10um_150msec_40povlp_ch00_C00_Z0120.tif
f119_1_1x_488_016na_1hfds_z10um_150msec_40povlp_ch00_C00_Z0121.tif
f119_1_1x_488_016na_1hfds_z10um_150msec_40povlp_ch00_C00_Z0122.tif
f119_1_1x_488_016na_1hfds_z10um_150msec_40povlp_ch00_C00_Z0123.tif
f119_1_1x_488_016na_1hfds_z10um_150msec_40povlp_ch00_C00_Z0124.tif
f119_1_1x_488_016na_1hfds_z10um_150msec_40povlp_ch00_C00_Z0125.tif
f119_1_1x_488_016na_1hfds_z10um_150msec_40povlp_ch00_C00_Z0126.tif
f119_1_1x_488_016na_1hfds_z10um_150msec_40povlp_ch00_C00_Z0127.tif
f119_1_1x_488_016na_1hfds_z10um_150msec_40povlp_ch00_C00_Z0128.tif
f119_1_1x_488_016na_1hfds_z10um_150msec_40povlp_ch00_C00_Z0129.tif
f119_1_1x_488_016na_1hfds_z10um_150msec_40povlp_ch00_C00_Z0130.tif
f119_1_1x_488_016na_1hfds_z10um_150msec_40povlp_ch00_C00_Z0131.tif
f119_1_1x_488_016na_1hfds_z10um_150msec_40povlp_ch00_C00_Z0132.tif
f119_1_1x_488_016na_1hfds_z10um_150msec_40povlp_ch00_C00_Z0399.tif
f119_1_1x_488_016na_1hfds_z10um_150msec_40povlp_ch00_C00_Z0400.tif
f119_1_1x_488_016na_1hfds_z10um_150msec_40povlp_ch00_C00_Z0401.tif
f119_1_1x_488_016na_1hfds_z10um_150msec_40povlp_ch00_C00_Z0402.tif
f119_1_1x_488_016na_1hfds_z10um_150msec_40povlp_ch00_C00_Z0403.tif
f119_1_1x_488_016na_1hfds_z10um_150msec_40povlp_ch00_C00_Z0404.tif
f119_1_1x_488_016na_1hfds_z10um_150msec_40povlp_ch00_C00_Z0405.tif
f119_1_1x_488_016na_1hfds_z10um_150msec_40povlp_ch00_C00_Z0406.tif
f119_1_1x_488_016na_1hfds_z10um_150msec_40povlp_ch00_C00_Z0407.tif
f119_1_1x_488_016na_1hfds_z10um_150msec_40povlp_ch00_C00_Z0408.tif
f119_1_1x_488_016na_1hfds_z10um_150msec_40povlp_ch00_C00_Z0409.tif
f119_1_1x_488_016na_1hfds_z10um_150msec_40povlp_ch00_C00_Z0410.tif
f119_1_1x_488_016na_1hfds_z10um_150msec_40povlp_ch00_C00_Z0411.tif
f119_1_1x_488_016na_1hfds_z10um_150msec_40povlp_ch00_C00_Z0412.tif
f119_1_1x_488_016na_1hfds_z10um_150msec_40povlp_ch00_C00_Z0413.tif
f119_1_1x_488_016na_1hfds_z10um_150msec_40povlp_ch00_C00_Z0414.tif
f119_1_1x_488_016na_1hfds_z10um_150msec_40povlp_ch00_C00_Z0415.tif
f119_1_1x_488_016na_1hfds_z10um_150msec_40povlp_ch00_C00_Z0416.tif
f119_1_1x_488_016na_1hfds_z10um_150msec_40povlp_ch00_C00_Z0417.tif
f119_1_1x_488_016na_1hfds_z10um_150msec_40povlp_ch00_C00_Z0627.tif
f119_1_1x_488_016na_1hfds_z10um_150msec_40povlp_ch00_C00_Z0628.tif
f119_1_1x_488_016na_1hfds_z10um_150msec_40povlp_ch00_C00_Z0629.tif
f119_1_1x_488_016na_1hfds_z10um_150msec_40povlp_ch00_C00_Z0630.tif
f119_1_1x_488_016na_1hfds_z10um_150msec_40povlp_ch00_C00_Z0631.tif
f119_1_1x_488_016na_1hfds_z10um_150msec_40povlp_ch00_C00_Z0632.tif
f119_1_1x_488_016na_1hfds_z10um_150msec_40povlp_ch00_C00_Z0633.tif
f119_1_1x_488_016na_1hfds_z10um_150msec_40povlp_ch00_C00_Z0634.tif
f119_1_1x_488_016na_1hfds_z10um_150msec_40povlp_ch00_C00_Z0635.tif
f119_1_1x_488_016na_1hfds_z10um_150msec_40povlp_ch00_C00_Z0636.tif
f119_1_1x_488_016na_1hfds_z10um_150msec_40povlp_ch00_C00_Z0637.tif
f119_1_1x_488_016na_1hfds_z10um_150msec_40povlp_ch00_C00_Z0638.tif
f119_1_1x_488_016na_1hfds_z10um_150msec_40povlp_ch00_C00_Z0639.tif
f119_1_1x_488_016na_1hfds_z10um_150msec_40povlp_ch00_C00_Z0640.tif
f119_1_1x_488_016na_1hfds_z10um_150msec_40povlp_ch00_C00_Z0641.tif
f119_1_1x_488_016na_1hfds_z10um_150msec_40povlp_ch00_C00_Z0642.tif
f119_1_1x_488_016na_1hfds_z10um_150msec_40povlp_ch00_C00_Z0643.tif
f119_1_1x_488_016na_1hfds_z10um_150msec_40povlp_ch00_C00_Z0644.tif
f119_1_1x_488_016na_1hfds_z10um_150msec_40povlp_ch00_C00_Z0645.tif
f119_1_1x_488_016na_1hfds_z10um_150msec_40povlp_ch00_C00_Z0817.tif
f119_1_1x_488_016na_1hfds_z10um_150msec_40povlp_ch00_C00_Z0818.tif
f119_1_1x_488_016na_1hfds_z10um_150msec_40povlp_ch00_C00_Z0819.tif
f119_1_1x_488_016na_1hfds_z10um_150msec_40povlp_ch00_C00_Z0820.tif
f119_1_1x_488_016na_1hfds_z10um_150msec_40povlp_ch00_C00_Z0821.tif
f119_1_1x_488_016na_1hfds_z10um_150msec_40povlp_ch00_C00_Z0822.tif
f119_1_1x_488_016na_1hfds_z10um_150msec_40povlp_ch00_C00_Z0823.tif
f119_1_1x_488_016na_1hfds_z10um_150msec_40povlp_ch00_C00_Z0824.tif
f119_1_1x_488_016na_1hfds_z10um_150msec_40povlp_ch00_C00_Z0825.tif
f119_1_1x_488_016na_1hfds_z10um_150msec_40povlp_ch00_C00_Z0826.tif
f119_1_1x_488_016na_1hfds_z10um_150msec_40povlp_ch00_C00_Z0827.tif
f119_1_1x_488_016na_1hfds_z10um_150msec_40povlp_ch00_C00_Z0828.tif
f119_1_1x_488_016na_1hfds_z10um_150msec_40povlp_ch00_C00_Z0829.tif
f119_1_1x_488_016na_1hfds_z10um_150msec_40povlp_ch00_C00_Z0830.tif
f119_1_1x_488_016na_1hfds_z10um_150msec_40povlp_ch00_C00_Z0831.tif
f119_1_1x_488_016na_1hfds_z10um_150msec_40povlp_ch00_C00_Z0832.tif
f119_1_1x_488_016na_1hfds_z10um_150msec_40povlp_ch00_C00_Z0833.tif
f119_1_1x_488_016na_1hfds_z10um_150msec_40povlp_ch00_C00_Z0834.tif
f119_1_1x_488_016na_1hfds_z10um_150msec_40povlp_ch00_C00_Z0835.tif
f119_1_1x_488_016na_1hfds_z10um_150msec_40povlp_ch00_C00_Z0038.tif
f119_1_1x_488_016na_1hfds_z10um_150msec_40povlp_ch00_C00_Z0039.tif
f119_1_1x_488_016na_1hfds_z10um_150msec_40povlp_ch00_C00_Z0040.tif
f119_1_1x_488_016na_1hfds_z10um_150msec_40povlp_ch00_C00_Z0041.tif
f119_1_1x_488_016na_1hfds_z10um_150msec_40povlp_ch00_C00_Z0042.tif
f119_1_1x_488_016na_1hfds_z10um_150msec_40povlp_ch00_C00_Z0043.tif
f119_1_1x_488_016na_1hfds_z10um_150msec_40povlp_ch00_C00_Z0044.tif
f119_1_1x_488_016na_1hfds_z10um_150msec_40povlp_ch00_C00_Z0045.tif
f119_1_1x_488_016na_1hfds_z10um_150msec_40povlp_ch00_C00_Z0046.tif
f119_1_1x_488_016na_1hfds_z10um_150msec_40povlp_ch00_C00_Z0047.tif
f119_1_1x_488_016na_1hfds_z10um_150msec_40povlp_ch00_C00_Z0048.tif
f119_1_1x_488_016na_1hfds_z10um_150msec_40povlp_ch00_C00_Z0049.tif
f119_1_1x_488_016na_1hfds_z10um_150msec_40povlp_ch00_C00_Z0050.tif
f119_1_1x_488_016na_1hfds_z10um_150msec_40povlp_ch00_C00_Z0051.tif
f119_1_1x_488_016na_1hfds_z10um_150msec_40povlp_ch00_C00_Z0052.tif
f119_1_1x_488_016na_1hfds_z10um_150msec_40povlp_ch00_C00_Z0053.tif
f119_1_1x_488_016na_1hfds_z10um_150msec_40povlp_ch00_C00_Z0054.tif
f119_1_1x_488_016na_1hfds_z10um_150msec_40povlp_ch00_C00_Z0055.tif
f119_1_1x_488_016na_1hfds_z10um_150msec_40povlp_ch00_C00_Z0056.tif
f119_1_1x_488_016na_1hfds_z10um_150msec_40povlp_ch00_C00_Z0437.tif
f119_1_1x_488_016na_1hfds_z10um_150msec_40povlp_ch00_C00_Z0438.tif
f119_1_1x_488_016na_1hfds_z10um_150msec_40povlp_ch00_C00_Z0439.tif
f119_1_1x_488_016na_1hfds_z10um_150msec_40povlp_ch00_C00_Z0440.tif
f119_1_1x_488_016na_1hfds_z10um_150msec_40povlp_ch00_C00_Z0441.tif
f119_1_1x_488_016na_1hfds_z10um_150msec_40povlp_ch00_C00_Z0442.tif
f119_1_1x_488_016na_1hfds_z10um_150msec_40povlp_ch00_C00_Z0443.tif
f119_1_1x_488_016na_1hfds_z10um_150msec_40povlp_ch00_C00_Z0444.tif
f119_1_1x_488_016na_1hfds_z10um_150msec_40povlp_ch00_C00_Z0445.tif
f119_1_1x_488_016na_1hfds_z10um_150msec_40povlp_ch00_C00_Z0446.tif
f119_1_1x_488_016na_1hfds_z10um_150msec_40povlp_ch00_C00_Z0447.tif
f119_1_1x_488_016na_1hfds_z10um_150msec_40povlp_ch00_C00_Z0448.tif
f119_1_1x_488_016na_1hfds_z10um_150msec_40povlp_ch00_C00_Z0449.tif
f119_1_1x_488_016na_1hfds_z10um_150msec_40povlp_ch00_C00_Z0450.tif
f119_1_1x_488_016na_1hfds_z10um_150msec_40povlp_ch00_C00_Z0451.tif
f119_1_1x_488_016na_1hfds_z10um_150msec_40povlp_ch00_C00_Z0452.tif
f119_1_1x_488_016na_1hfds_z10um_150msec_40povlp_ch00_C00_Z0453.tif
f119_1_1x_488_016na_1hfds_z10um_150msec_40povlp_ch00_C00_Z0454.tif
f119_1_1x_488_016na_1hfds_z10um_150msec_40povlp_ch00_C00_Z0455.tif
f119_1_1x_488_016na_1hfds_z10um_150msec_40povlp_ch00_C00_Z0665.tif
f119_1_1x_488_016na_1hfds_z10um_150msec_40povlp_ch00_C00_Z0666.tif
f119_1_1x_488_016na_1hfds_z10um_150msec_40povlp_ch00_C00_Z0667.tif
f119_1_1x_488_016na_1hfds_z10um_150msec_40povlp_ch00_C00_Z0668.tif
f119_1_1x_488_016na_1hfds_z10um_150msec_40povlp_ch00_C00_Z0669.tif
f119_1_1x_488_016na_1hfds_z10um_150msec_40povlp_ch00_C00_Z0670.tif
f119_1_1x_488_016na_1hfds_z10um_150msec_40povlp_ch00_C00_Z0671.tif
f119_1_1x_488_016na_1hfds_z10um_150msec_40povlp_ch00_C00_Z0672.tif
f119_1_1x_488_016na_1hfds_z10um_150msec_40povlp_ch00_C00_Z0673.tif
f119_1_1x_488_016na_1hfds_z10um_150msec_40povlp_ch00_C00_Z0674.tif
f119_1_1x_488_016na_1hfds_z10um_150msec_40povlp_ch00_C00_Z0675.tif
f119_1_1x_488_016na_1hfds_z10um_150msec_40povlp_ch00_C00_Z0676.tif
f119_1_1x_488_016na_1hfds_z10um_150msec_40povlp_ch00_C00_Z0677.tif
f119_1_1x_488_016na_1hfds_z10um_150msec_40povlp_ch00_C00_Z0678.tif
f119_1_1x_488_016na_1hfds_z10um_150msec_40povlp_ch00_C00_Z0679.tif
f119_1_1x_488_016na_1hfds_z10um_150msec_40povlp_ch00_C00_Z0680.tif
f119_1_1x_488_016na_1hfds_z10um_150msec_40povlp_ch00_C00_Z0681.tif
f119_1_1x_488_016na_1hfds_z10um_150msec_40povlp_ch00_C00_Z0682.tif
f119_1_1x_488_016na_1hfds_z10um_150msec_40povlp_ch00_C00_Z0683.tif
f119_1_1x_488_016na_1hfds_z10um_150msec_40povlp_ch00_C00_Z0874.tif
f119_1_1x_488_016na_1hfds_z10um_150msec_40povlp_ch00_C00_Z0875.tif
f119_1_1x_488_016na_1hfds_z10um_150msec_40povlp_ch00_C00_Z0876.tif
f119_1_1x_488_016na_1hfds_z10um_150msec_40povlp_ch00_C00_Z0877.tif
f119_1_1x_488_016na_1hfds_z10um_150msec_40povlp_ch00_C00_Z0878.tif
f119_1_1x_488_016na_1hfds_z10um_150msec_40povlp_ch00_C00_Z0879.tif
f119_1_1x_488_016na_1hfds_z10um_150msec_40povlp_ch00_C00_Z0880.tif
f119_1_1x_488_016na_1hfds_z10um_150msec_40povlp_ch00_C00_Z0881.tif
f119_1_1x_488_016na_1hfds_z10um_150msec_40povlp_ch00_C00_Z0882.tif
f119_1_1x_488_016na_1hfds_z10um_150msec_40povlp_ch00_C00_Z0883.tif
f119_1_1x_488_016na_1hfds_z10um_150msec_40povlp_ch00_C00_Z0884.tif
f119_1_1x_488_016na_1hfds_z10um_150msec_40povlp_ch00_C00_Z0885.tif
f119_1_1x_488_016na_1hfds_z10um_150msec_40povlp_ch00_C00_Z0886.tif
f119_1_1x_488_016na_1hfds_z10um_150msec_40povlp_ch00_C00_Z0887.tif
f119_1_1x_488_016na_1hfds_z10um_150msec_40povlp_ch00_C00_Z0888.tif
f119_1_1x_488_016na_1hfds_z10um_150msec_40povlp_ch00_C00_Z0889.tif
f119_1_1x_488_016na_1hfds_z10um_150msec_40povlp_ch00_C00_Z0890.tif
f119_1_1x_488_016na_1hfds_z10um_150msec_40povlp_ch00_C00_Z0891.tif
f119_1_1x_488_016na_1hfds_z10um_150msec_40povlp_ch00_C00_Z0892.tif
f119_1_1x_488_016na_1hfds_z10um_150msec_40povlp_ch00_C00_Z0152.tif
f119_1_1x_488_016na_1hfds_z10um_150msec_40povlp_ch00_C00_Z0153.tif
f119_1_1x_488_016na_1hfds_z10um_150msec_40povlp_ch00_C00_Z0154.tif
f119_1_1x_488_016na_1hfds_z10um_150msec_40povlp_ch00_C00_Z0155.tif
f119_1_1x_488_016na_1hfds_z10um_150msec_40povlp_ch00_C00_Z0156.tif
f119_1_1x_488_016na_1hfds_z10um_150msec_40povlp_ch00_C00_Z0157.tif
f119_1_1x_488_016na_1hfds_z10um_150msec_40povlp_ch00_C00_Z0158.tif
f119_1_1x_488_016na_1hfds_z10um_150msec_40povlp_ch00_C00_Z0159.tif
f119_1_1x_488_016na_1hfds_z10um_150msec_40povlp_ch00_C00_Z0160.tif
f119_1_1x_488_016na_1hfds_z10um_150msec_40povlp_ch00_C00_Z0161.tif
f119_1_1x_488_016na_1hfds_z10um_150msec_40povlp_ch00_C00_Z0162.tif
f119_1_1x_488_016na_1hfds_z10um_150msec_40povlp_ch00_C00_Z0163.tif
f119_1_1x_488_016na_1hfds_z10um_150msec_40povlp_ch00_C00_Z0164.tif
f119_1_1x_488_016na_1hfds_z10um_150msec_40povlp_ch00_C00_Z0165.tif
f119_1_1x_488_016na_1hfds_z10um_150msec_40povlp_ch00_C00_Z0166.tif
f119_1_1x_488_016na_1hfds_z10um_150msec_40povlp_ch00_C00_Z0167.tif
f119_1_1x_488_016na_1hfds_z10um_150msec_40povlp_ch00_C00_Z0168.tif
f119_1_1x_488_016na_1hfds_z10um_150msec_40povlp_ch00_C00_Z0169.tif
f119_1_1x_488_016na_1hfds_z10um_150msec_40povlp_ch00_C00_Z0170.tif
f119_1_1x_488_016na_1hfds_z10um_150msec_40povlp_ch00_C00_Z0323.tif
f119_1_1x_488_016na_1hfds_z10um_150msec_40povlp_ch00_C00_Z0324.tif
f119_1_1x_488_016na_1hfds_z10um_150msec_40povlp_ch00_C00_Z0325.tif
f119_1_1x_488_016na_1hfds_z10um_150msec_40povlp_ch00_C00_Z0326.tif
f119_1_1x_488_016na_1hfds_z10um_150msec_40povlp_ch00_C00_Z0327.tif
f119_1_1x_488_016na_1hfds_z10um_150msec_40povlp_ch00_C00_Z0328.tif
f119_1_1x_488_016na_1hfds_z10um_150msec_40povlp_ch00_C00_Z0329.tif
f119_1_1x_488_016na_1hfds_z10um_150msec_40povlp_ch00_C00_Z0330.tif
f119_1_1x_488_016na_1hfds_z10um_150msec_40povlp_ch00_C00_Z0331.tif
f119_1_1x_488_016na_1hfds_z10um_150msec_40povlp_ch00_C00_Z0332.tif
f119_1_1x_488_016na_1hfds_z10um_150msec_40povlp_ch00_C00_Z0333.tif
f119_1_1x_488_016na_1hfds_z10um_150msec_40povlp_ch00_C00_Z0334.tif
f119_1_1x_488_016na_1hfds_z10um_150msec_40povlp_ch00_C00_Z0335.tif
f119_1_1x_488_016na_1hfds_z10um_150msec_40povlp_ch00_C00_Z0336.tif
f119_1_1x_488_016na_1hfds_z10um_150msec_40povlp_ch00_C00_Z0337.tif
f119_1_1x_488_016na_1hfds_z10um_150msec_40povlp_ch00_C00_Z0338.tif
f119_1_1x_488_016na_1hfds_z10um_150msec_40povlp_ch00_C00_Z0339.tif
f119_1_1x_488_016na_1hfds_z10um_150msec_40povlp_ch00_C00_Z0340.tif
f119_1_1x_488_016na_1hfds_z10um_150msec_40povlp_ch00_C00_Z0341.tif
f119_1_1x_488_016na_1hfds_z10um_150msec_40povlp_ch00_C00_Z0551.tif
f119_1_1x_488_016na_1hfds_z10um_150msec_40povlp_ch00_C00_Z0552.tif
f119_1_1x_488_016na_1hfds_z10um_150msec_40povlp_ch00_C00_Z0553.tif
f119_1_1x_488_016na_1hfds_z10um_150msec_40povlp_ch00_C00_Z0554.tif
f119_1_1x_488_016na_1hfds_z10um_150msec_40povlp_ch00_C00_Z0555.tif
f119_1_1x_488_016na_1hfds_z10um_150msec_40povlp_ch00_C00_Z0556.tif
f119_1_1x_488_016na_1hfds_z10um_150msec_40povlp_ch00_C00_Z0557.tif
f119_1_1x_488_016na_1hfds_z10um_150msec_40povlp_ch00_C00_Z0558.tif
f119_1_1x_488_016na_1hfds_z10um_150msec_40povlp_ch00_C00_Z0559.tif
f119_1_1x_488_016na_1hfds_z10um_150msec_40povlp_ch00_C00_Z0560.tif
f119_1_1x_488_016na_1hfds_z10um_150msec_40povlp_ch00_C00_Z0561.tif
f119_1_1x_488_016na_1hfds_z10um_150msec_40povlp_ch00_C00_Z0562.tif
f119_1_1x_488_016na_1hfds_z10um_150msec_40povlp_ch00_C00_Z0563.tif
f119_1_1x_488_016na_1hfds_z10um_150msec_40povlp_ch00_C00_Z0564.tif
f119_1_1x_488_016na_1hfds_z10um_150msec_40povlp_ch00_C00_Z0565.tif
f119_1_1x_488_016na_1hfds_z10um_150msec_40povlp_ch00_C00_Z0566.tif
f119_1_1x_488_016na_1hfds_z10um_150msec_40povlp_ch00_C00_Z0567.tif
f119_1_1x_488_016na_1hfds_z10um_150msec_40povlp_ch00_C00_Z0568.tif
f119_1_1x_488_016na_1hfds_z10um_150msec_40povlp_ch00_C00_Z0569.tif
f119_1_1x_488_016na_1hfds_z10um_150msec_40povlp_ch00_C00_Z0836.tif
f119_1_1x_488_016na_1hfds_z10um_150msec_40povlp_ch00_C00_Z0837.tif
f119_1_1x_488_016na_1hfds_z10um_150msec_40povlp_ch00_C00_Z0838.tif
f119_1_1x_488_016na_1hfds_z10um_150msec_40povlp_ch00_C00_Z0839.tif
f119_1_1x_488_016na_1hfds_z10um_150msec_40povlp_ch00_C00_Z0840.tif
f119_1_1x_488_016na_1hfds_z10um_150msec_40povlp_ch00_C00_Z0841.tif
f119_1_1x_488_016na_1hfds_z10um_150msec_40povlp_ch00_C00_Z0842.tif
f119_1_1x_488_016na_1hfds_z10um_150msec_40povlp_ch00_C00_Z0843.tif
f119_1_1x_488_016na_1hfds_z10um_150msec_40povlp_ch00_C00_Z0844.tif
f119_1_1x_488_016na_1hfds_z10um_150msec_40povlp_ch00_C00_Z0845.tif
f119_1_1x_488_016na_1hfds_z10um_150msec_40povlp_ch00_C00_Z0846.tif
f119_1_1x_488_016na_1hfds_z10um_150msec_40povlp_ch00_C00_Z0847.tif
f119_1_1x_488_016na_1hfds_z10um_150msec_40povlp_ch00_C00_Z0848.tif
f119_1_1x_488_016na_1hfds_z10um_150msec_40povlp_ch00_C00_Z0849.tif
f119_1_1x_488_016na_1hfds_z10um_150msec_40povlp_ch00_C00_Z0850.tif
f119_1_1x_488_016na_1hfds_z10um_150msec_40povlp_ch00_C00_Z0851.tif
f119_1_1x_488_016na_1hfds_z10um_150msec_40povlp_ch00_C00_Z0852.tif
f119_1_1x_488_016na_1hfds_z10um_150msec_40povlp_ch00_C00_Z0853.tif
f119_1_1x_488_016na_1hfds_z10um_150msec_40povlp_ch00_C00_Z0854.tif
