In the directory: /scratch/ejdennis/rat_BrainPipe/rat_atlas 
As the user: ejdennis 
on host: spock-brody02-03 
Cpus_allowed_list:	0-11
Array Index: 15
15
/jukebox/LightSheetData/brodyatlas/processed/e106
e106
e106
0
100
200
300
400
500
600
700
800
900
e106_1_1x_488_008na_1hfds_z10um_350msec_40povlp_ch00_C00_Z0231.tif
e106_1_1x_488_008na_1hfds_z10um_350msec_40povlp_ch00_C00_Z0232.tif
e106_1_1x_488_008na_1hfds_z10um_350msec_40povlp_ch00_C00_Z0233.tif
e106_1_1x_488_008na_1hfds_z10um_350msec_40povlp_ch00_C00_Z0234.tif
e106_1_1x_488_008na_1hfds_z10um_350msec_40povlp_ch00_C00_Z0235.tif
e106_1_1x_488_008na_1hfds_z10um_350msec_40povlp_ch00_C00_Z0236.tif
e106_1_1x_488_008na_1hfds_z10um_350msec_40povlp_ch00_C00_Z0237.tif
e106_1_1x_488_008na_1hfds_z10um_350msec_40povlp_ch00_C00_Z0238.tif
e106_1_1x_488_008na_1hfds_z10um_350msec_40povlp_ch00_C00_Z0239.tif
e106_1_1x_488_008na_1hfds_z10um_350msec_40povlp_ch00_C00_Z0240.tif
e106_1_1x_488_008na_1hfds_z10um_350msec_40povlp_ch00_C00_Z0241.tif
e106_1_1x_488_008na_1hfds_z10um_350msec_40povlp_ch00_C00_Z0242.tif
e106_1_1x_488_008na_1hfds_z10um_350msec_40povlp_ch00_C00_Z0243.tif
e106_1_1x_488_008na_1hfds_z10um_350msec_40povlp_ch00_C00_Z0244.tif
e106_1_1x_488_008na_1hfds_z10um_350msec_40povlp_ch00_C00_Z0245.tif
e106_1_1x_488_008na_1hfds_z10um_350msec_40povlp_ch00_C00_Z0246.tif
e106_1_1x_488_008na_1hfds_z10um_350msec_40povlp_ch00_C00_Z0247.tif
e106_1_1x_488_008na_1hfds_z10um_350msec_40povlp_ch00_C00_Z0248.tif
e106_1_1x_488_008na_1hfds_z10um_350msec_40povlp_ch00_C00_Z0249.tif
e106_1_1x_488_008na_1hfds_z10um_350msec_40povlp_ch00_C00_Z0250.tif
e106_1_1x_488_008na_1hfds_z10um_350msec_40povlp_ch00_C00_Z0251.tif
e106_1_1x_488_008na_1hfds_z10um_350msec_40povlp_ch00_C00_Z0483.tif
e106_1_1x_488_008na_1hfds_z10um_350msec_40povlp_ch00_C00_Z0484.tif
e106_1_1x_488_008na_1hfds_z10um_350msec_40povlp_ch00_C00_Z0485.tif
e106_1_1x_488_008na_1hfds_z10um_350msec_40povlp_ch00_C00_Z0486.tif
e106_1_1x_488_008na_1hfds_z10um_350msec_40povlp_ch00_C00_Z0487.tif
e106_1_1x_488_008na_1hfds_z10um_350msec_40povlp_ch00_C00_Z0488.tif
e106_1_1x_488_008na_1hfds_z10um_350msec_40povlp_ch00_C00_Z0489.tif
e106_1_1x_488_008na_1hfds_z10um_350msec_40povlp_ch00_C00_Z0490.tif
e106_1_1x_488_008na_1hfds_z10um_350msec_40povlp_ch00_C00_Z0491.tif
e106_1_1x_488_008na_1hfds_z10um_350msec_40povlp_ch00_C00_Z0492.tif
e106_1_1x_488_008na_1hfds_z10um_350msec_40povlp_ch00_C00_Z0493.tif
e106_1_1x_488_008na_1hfds_z10um_350msec_40povlp_ch00_C00_Z0494.tif
e106_1_1x_488_008na_1hfds_z10um_350msec_40povlp_ch00_C00_Z0495.tif
e106_1_1x_488_008na_1hfds_z10um_350msec_40povlp_ch00_C00_Z0496.tif
e106_1_1x_488_008na_1hfds_z10um_350msec_40povlp_ch00_C00_Z0497.tif
e106_1_1x_488_008na_1hfds_z10um_350msec_40povlp_ch00_C00_Z0498.tif
e106_1_1x_488_008na_1hfds_z10um_350msec_40povlp_ch00_C00_Z0499.tif
e106_1_1x_488_008na_1hfds_z10um_350msec_40povlp_ch00_C00_Z0500.tif
e106_1_1x_488_008na_1hfds_z10um_350msec_40povlp_ch00_C00_Z0501.tif
e106_1_1x_488_008na_1hfds_z10um_350msec_40povlp_ch00_C00_Z0502.tif
e106_1_1x_488_008na_1hfds_z10um_350msec_40povlp_ch00_C00_Z0503.tif
e106_1_1x_488_008na_1hfds_z10um_350msec_40povlp_ch00_C00_Z0735.tif
e106_1_1x_488_008na_1hfds_z10um_350msec_40povlp_ch00_C00_Z0736.tif
e106_1_1x_488_008na_1hfds_z10um_350msec_40povlp_ch00_C00_Z0737.tif
e106_1_1x_488_008na_1hfds_z10um_350msec_40povlp_ch00_C00_Z0738.tif
e106_1_1x_488_008na_1hfds_z10um_350msec_40povlp_ch00_C00_Z0739.tif
e106_1_1x_488_008na_1hfds_z10um_350msec_40povlp_ch00_C00_Z0740.tif
e106_1_1x_488_008na_1hfds_z10um_350msec_40povlp_ch00_C00_Z0741.tif
e106_1_1x_488_008na_1hfds_z10um_350msec_40povlp_ch00_C00_Z0742.tif
e106_1_1x_488_008na_1hfds_z10um_350msec_40povlp_ch00_C00_Z0743.tif
e106_1_1x_488_008na_1hfds_z10um_350msec_40povlp_ch00_C00_Z0744.tif
e106_1_1x_488_008na_1hfds_z10um_350msec_40povlp_ch00_C00_Z0745.tif
e106_1_1x_488_008na_1hfds_z10um_350msec_40povlp_ch00_C00_Z0746.tif
e106_1_1x_488_008na_1hfds_z10um_350msec_40povlp_ch00_C00_Z0747.tif
e106_1_1x_488_008na_1hfds_z10um_350msec_40povlp_ch00_C00_Z0748.tif
e106_1_1x_488_008na_1hfds_z10um_350msec_40povlp_ch00_C00_Z0749.tif
e106_1_1x_488_008na_1hfds_z10um_350msec_40povlp_ch00_C00_Z0750.tif
e106_1_1x_488_008na_1hfds_z10um_350msec_40povlp_ch00_C00_Z0751.tif
e106_1_1x_488_008na_1hfds_z10um_350msec_40povlp_ch00_C00_Z0752.tif
e106_1_1x_488_008na_1hfds_z10um_350msec_40povlp_ch00_C00_Z0753.tif
e106_1_1x_488_008na_1hfds_z10um_350msec_40povlp_ch00_C00_Z0754.tif
e106_1_1x_488_008na_1hfds_z10um_350msec_40povlp_ch00_C00_Z0755.tif
e106_1_1x_488_008na_1hfds_z10um_350msec_40povlp_ch00_C00_Z0987.tif
e106_1_1x_488_008na_1hfds_z10um_350msec_40povlp_ch00_C00_Z0988.tif
e106_1_1x_488_008na_1hfds_z10um_350msec_40povlp_ch00_C00_Z0989.tif
e106_1_1x_488_008na_1hfds_z10um_350msec_40povlp_ch00_C00_Z0990.tif
e106_1_1x_488_008na_1hfds_z10um_350msec_40povlp_ch00_C00_Z0991.tif
e106_1_1x_488_008na_1hfds_z10um_350msec_40povlp_ch00_C00_Z0992.tif
e106_1_1x_488_008na_1hfds_z10um_350msec_40povlp_ch00_C00_Z0993.tif
e106_1_1x_488_008na_1hfds_z10um_350msec_40povlp_ch00_C00_Z0210.tif
e106_1_1x_488_008na_1hfds_z10um_350msec_40povlp_ch00_C00_Z0211.tif
e106_1_1x_488_008na_1hfds_z10um_350msec_40povlp_ch00_C00_Z0212.tif
e106_1_1x_488_008na_1hfds_z10um_350msec_40povlp_ch00_C00_Z0213.tif
e106_1_1x_488_008na_1hfds_z10um_350msec_40povlp_ch00_C00_Z0214.tif
e106_1_1x_488_008na_1hfds_z10um_350msec_40povlp_ch00_C00_Z0215.tif
e106_1_1x_488_008na_1hfds_z10um_350msec_40povlp_ch00_C00_Z0216.tif
e106_1_1x_488_008na_1hfds_z10um_350msec_40povlp_ch00_C00_Z0217.tif
e106_1_1x_488_008na_1hfds_z10um_350msec_40povlp_ch00_C00_Z0218.tif
e106_1_1x_488_008na_1hfds_z10um_350msec_40povlp_ch00_C00_Z0219.tif
e106_1_1x_488_008na_1hfds_z10um_350msec_40povlp_ch00_C00_Z0220.tif
e106_1_1x_488_008na_1hfds_z10um_350msec_40povlp_ch00_C00_Z0221.tif
e106_1_1x_488_008na_1hfds_z10um_350msec_40povlp_ch00_C00_Z0222.tif
e106_1_1x_488_008na_1hfds_z10um_350msec_40povlp_ch00_C00_Z0223.tif
e106_1_1x_488_008na_1hfds_z10um_350msec_40povlp_ch00_C00_Z0224.tif
e106_1_1x_488_008na_1hfds_z10um_350msec_40povlp_ch00_C00_Z0225.tif
e106_1_1x_488_008na_1hfds_z10um_350msec_40povlp_ch00_C00_Z0226.tif
e106_1_1x_488_008na_1hfds_z10um_350msec_40povlp_ch00_C00_Z0227.tif
e106_1_1x_488_008na_1hfds_z10um_350msec_40povlp_ch00_C00_Z0228.tif
e106_1_1x_488_008na_1hfds_z10um_350msec_40povlp_ch00_C00_Z0229.tif
e106_1_1x_488_008na_1hfds_z10um_350msec_40povlp_ch00_C00_Z0230.tif
e106_1_1x_488_008na_1hfds_z10um_350msec_40povlp_ch00_C00_Z0462.tif
e106_1_1x_488_008na_1hfds_z10um_350msec_40povlp_ch00_C00_Z0463.tif
e106_1_1x_488_008na_1hfds_z10um_350msec_40povlp_ch00_C00_Z0464.tif
e106_1_1x_488_008na_1hfds_z10um_350msec_40povlp_ch00_C00_Z0465.tif
e106_1_1x_488_008na_1hfds_z10um_350msec_40povlp_ch00_C00_Z0466.tif
e106_1_1x_488_008na_1hfds_z10um_350msec_40povlp_ch00_C00_Z0467.tif
e106_1_1x_488_008na_1hfds_z10um_350msec_40povlp_ch00_C00_Z0468.tif
e106_1_1x_488_008na_1hfds_z10um_350msec_40povlp_ch00_C00_Z0469.tif
e106_1_1x_488_008na_1hfds_z10um_350msec_40povlp_ch00_C00_Z0470.tif
e106_1_1x_488_008na_1hfds_z10um_350msec_40povlp_ch00_C00_Z0471.tif
e106_1_1x_488_008na_1hfds_z10um_350msec_40povlp_ch00_C00_Z0472.tif
e106_1_1x_488_008na_1hfds_z10um_350msec_40povlp_ch00_C00_Z0473.tif
e106_1_1x_488_008na_1hfds_z10um_350msec_40povlp_ch00_C00_Z0474.tif
e106_1_1x_488_008na_1hfds_z10um_350msec_40povlp_ch00_C00_Z0475.tif
e106_1_1x_488_008na_1hfds_z10um_350msec_40povlp_ch00_C00_Z0476.tif
e106_1_1x_488_008na_1hfds_z10um_350msec_40povlp_ch00_C00_Z0477.tif
e106_1_1x_488_008na_1hfds_z10um_350msec_40povlp_ch00_C00_Z0478.tif
e106_1_1x_488_008na_1hfds_z10um_350msec_40povlp_ch00_C00_Z0479.tif
e106_1_1x_488_008na_1hfds_z10um_350msec_40povlp_ch00_C00_Z0480.tif
e106_1_1x_488_008na_1hfds_z10um_350msec_40povlp_ch00_C00_Z0481.tif
e106_1_1x_488_008na_1hfds_z10um_350msec_40povlp_ch00_C00_Z0482.tif
e106_1_1x_488_008na_1hfds_z10um_350msec_40povlp_ch00_C00_Z0714.tif
e106_1_1x_488_008na_1hfds_z10um_350msec_40povlp_ch00_C00_Z0715.tif
e106_1_1x_488_008na_1hfds_z10um_350msec_40povlp_ch00_C00_Z0716.tif
e106_1_1x_488_008na_1hfds_z10um_350msec_40povlp_ch00_C00_Z0717.tif
e106_1_1x_488_008na_1hfds_z10um_350msec_40povlp_ch00_C00_Z0718.tif
e106_1_1x_488_008na_1hfds_z10um_350msec_40povlp_ch00_C00_Z0719.tif
e106_1_1x_488_008na_1hfds_z10um_350msec_40povlp_ch00_C00_Z0720.tif
e106_1_1x_488_008na_1hfds_z10um_350msec_40povlp_ch00_C00_Z0721.tif
e106_1_1x_488_008na_1hfds_z10um_350msec_40povlp_ch00_C00_Z0722.tif
e106_1_1x_488_008na_1hfds_z10um_350msec_40povlp_ch00_C00_Z0723.tif
e106_1_1x_488_008na_1hfds_z10um_350msec_40povlp_ch00_C00_Z0724.tif
e106_1_1x_488_008na_1hfds_z10um_350msec_40povlp_ch00_C00_Z0725.tif
e106_1_1x_488_008na_1hfds_z10um_350msec_40povlp_ch00_C00_Z0726.tif
e106_1_1x_488_008na_1hfds_z10um_350msec_40povlp_ch00_C00_Z0727.tif
e106_1_1x_488_008na_1hfds_z10um_350msec_40povlp_ch00_C00_Z0728.tif
e106_1_1x_488_008na_1hfds_z10um_350msec_40povlp_ch00_C00_Z0729.tif
e106_1_1x_488_008na_1hfds_z10um_350msec_40povlp_ch00_C00_Z0730.tif
e106_1_1x_488_008na_1hfds_z10um_350msec_40povlp_ch00_C00_Z0731.tif
e106_1_1x_488_008na_1hfds_z10um_350msec_40povlp_ch00_C00_Z0732.tif
e106_1_1x_488_008na_1hfds_z10um_350msec_40povlp_ch00_C00_Z0733.tif
e106_1_1x_488_008na_1hfds_z10um_350msec_40povlp_ch00_C00_Z0734.tif
e106_1_1x_488_008na_1hfds_z10um_350msec_40povlp_ch00_C00_Z0966.tif
e106_1_1x_488_008na_1hfds_z10um_350msec_40povlp_ch00_C00_Z0967.tif
e106_1_1x_488_008na_1hfds_z10um_350msec_40povlp_ch00_C00_Z0968.tif
e106_1_1x_488_008na_1hfds_z10um_350msec_40povlp_ch00_C00_Z0969.tif
e106_1_1x_488_008na_1hfds_z10um_350msec_40povlp_ch00_C00_Z0970.tif
e106_1_1x_488_008na_1hfds_z10um_350msec_40povlp_ch00_C00_Z0971.tif
e106_1_1x_488_008na_1hfds_z10um_350msec_40povlp_ch00_C00_Z0972.tif
e106_1_1x_488_008na_1hfds_z10um_350msec_40povlp_ch00_C00_Z0973.tif
e106_1_1x_488_008na_1hfds_z10um_350msec_40povlp_ch00_C00_Z0974.tif
e106_1_1x_488_008na_1hfds_z10um_350msec_40povlp_ch00_C00_Z0975.tif
e106_1_1x_488_008na_1hfds_z10um_350msec_40povlp_ch00_C00_Z0976.tif
e106_1_1x_488_008na_1hfds_z10um_350msec_40povlp_ch00_C00_Z0977.tif
e106_1_1x_488_008na_1hfds_z10um_350msec_40povlp_ch00_C00_Z0978.tif
e106_1_1x_488_008na_1hfds_z10um_350msec_40povlp_ch00_C00_Z0979.tif
e106_1_1x_488_008na_1hfds_z10um_350msec_40povlp_ch00_C00_Z0980.tif
e106_1_1x_488_008na_1hfds_z10um_350msec_40povlp_ch00_C00_Z0981.tif
e106_1_1x_488_008na_1hfds_z10um_350msec_40povlp_ch00_C00_Z0982.tif
e106_1_1x_488_008na_1hfds_z10um_350msec_40povlp_ch00_C00_Z0983.tif
e106_1_1x_488_008na_1hfds_z10um_350msec_40povlp_ch00_C00_Z0984.tif
e106_1_1x_488_008na_1hfds_z10um_350msec_40povlp_ch00_C00_Z0985.tif
e106_1_1x_488_008na_1hfds_z10um_350msec_40povlp_ch00_C00_Z0986.tif
e106_1_1x_488_008na_1hfds_z10um_350msec_40povlp_ch00_C00_Z0000.tif
e106_1_1x_488_008na_1hfds_z10um_350msec_40povlp_ch00_C00_Z0001.tif
e106_1_1x_488_008na_1hfds_z10um_350msec_40povlp_ch00_C00_Z0002.tif
e106_1_1x_488_008na_1hfds_z10um_350msec_40povlp_ch00_C00_Z0003.tif
e106_1_1x_488_008na_1hfds_z10um_350msec_40povlp_ch00_C00_Z0004.tif
e106_1_1x_488_008na_1hfds_z10um_350msec_40povlp_ch00_C00_Z0005.tif
e106_1_1x_488_008na_1hfds_z10um_350msec_40povlp_ch00_C00_Z0006.tif
e106_1_1x_488_008na_1hfds_z10um_350msec_40povlp_ch00_C00_Z0007.tif
e106_1_1x_488_008na_1hfds_z10um_350msec_40povlp_ch00_C00_Z0008.tif
e106_1_1x_488_008na_1hfds_z10um_350msec_40povlp_ch00_C00_Z0009.tif
e106_1_1x_488_008na_1hfds_z10um_350msec_40povlp_ch00_C00_Z0010.tif
e106_1_1x_488_008na_1hfds_z10um_350msec_40povlp_ch00_C00_Z0011.tif
e106_1_1x_488_008na_1hfds_z10um_350msec_40povlp_ch00_C00_Z0012.tif
e106_1_1x_488_008na_1hfds_z10um_350msec_40povlp_ch00_C00_Z0013.tif
e106_1_1x_488_008na_1hfds_z10um_350msec_40povlp_ch00_C00_Z0014.tif
e106_1_1x_488_008na_1hfds_z10um_350msec_40povlp_ch00_C00_Z0015.tif
e106_1_1x_488_008na_1hfds_z10um_350msec_40povlp_ch00_C00_Z0016.tif
e106_1_1x_488_008na_1hfds_z10um_350msec_40povlp_ch00_C00_Z0017.tif
e106_1_1x_488_008na_1hfds_z10um_350msec_40povlp_ch00_C00_Z0018.tif
e106_1_1x_488_008na_1hfds_z10um_350msec_40povlp_ch00_C00_Z0019.tif
e106_1_1x_488_008na_1hfds_z10um_350msec_40povlp_ch00_C00_Z0020.tif
e106_1_1x_488_008na_1hfds_z10um_350msec_40povlp_ch00_C00_Z0252.tif
e106_1_1x_488_008na_1hfds_z10um_350msec_40povlp_ch00_C00_Z0253.tif
e106_1_1x_488_008na_1hfds_z10um_350msec_40povlp_ch00_C00_Z0254.tif
e106_1_1x_488_008na_1hfds_z10um_350msec_40povlp_ch00_C00_Z0255.tif
e106_1_1x_488_008na_1hfds_z10um_350msec_40povlp_ch00_C00_Z0256.tif
e106_1_1x_488_008na_1hfds_z10um_350msec_40povlp_ch00_C00_Z0257.tif
e106_1_1x_488_008na_1hfds_z10um_350msec_40povlp_ch00_C00_Z0258.tif
e106_1_1x_488_008na_1hfds_z10um_350msec_40povlp_ch00_C00_Z0259.tif
e106_1_1x_488_008na_1hfds_z10um_350msec_40povlp_ch00_C00_Z0260.tif
e106_1_1x_488_008na_1hfds_z10um_350msec_40povlp_ch00_C00_Z0261.tif
e106_1_1x_488_008na_1hfds_z10um_350msec_40povlp_ch00_C00_Z0262.tif
e106_1_1x_488_008na_1hfds_z10um_350msec_40povlp_ch00_C00_Z0263.tif
e106_1_1x_488_008na_1hfds_z10um_350msec_40povlp_ch00_C00_Z0264.tif
e106_1_1x_488_008na_1hfds_z10um_350msec_40povlp_ch00_C00_Z0265.tif
e106_1_1x_488_008na_1hfds_z10um_350msec_40povlp_ch00_C00_Z0266.tif
e106_1_1x_488_008na_1hfds_z10um_350msec_40povlp_ch00_C00_Z0267.tif
e106_1_1x_488_008na_1hfds_z10um_350msec_40povlp_ch00_C00_Z0268.tif
e106_1_1x_488_008na_1hfds_z10um_350msec_40povlp_ch00_C00_Z0269.tif
e106_1_1x_488_008na_1hfds_z10um_350msec_40povlp_ch00_C00_Z0270.tif
e106_1_1x_488_008na_1hfds_z10um_350msec_40povlp_ch00_C00_Z0271.tif
e106_1_1x_488_008na_1hfds_z10um_350msec_40povlp_ch00_C00_Z0272.tif
e106_1_1x_488_008na_1hfds_z10um_350msec_40povlp_ch00_C00_Z0504.tif
e106_1_1x_488_008na_1hfds_z10um_350msec_40povlp_ch00_C00_Z0505.tif
e106_1_1x_488_008na_1hfds_z10um_350msec_40povlp_ch00_C00_Z0506.tif
e106_1_1x_488_008na_1hfds_z10um_350msec_40povlp_ch00_C00_Z0507.tif
e106_1_1x_488_008na_1hfds_z10um_350msec_40povlp_ch00_C00_Z0508.tif
e106_1_1x_488_008na_1hfds_z10um_350msec_40povlp_ch00_C00_Z0509.tif
e106_1_1x_488_008na_1hfds_z10um_350msec_40povlp_ch00_C00_Z0510.tif
e106_1_1x_488_008na_1hfds_z10um_350msec_40povlp_ch00_C00_Z0511.tif
e106_1_1x_488_008na_1hfds_z10um_350msec_40povlp_ch00_C00_Z0512.tif
e106_1_1x_488_008na_1hfds_z10um_350msec_40povlp_ch00_C00_Z0513.tif
e106_1_1x_488_008na_1hfds_z10um_350msec_40povlp_ch00_C00_Z0514.tif
e106_1_1x_488_008na_1hfds_z10um_350msec_40povlp_ch00_C00_Z0515.tif
e106_1_1x_488_008na_1hfds_z10um_350msec_40povlp_ch00_C00_Z0516.tif
e106_1_1x_488_008na_1hfds_z10um_350msec_40povlp_ch00_C00_Z0517.tif
e106_1_1x_488_008na_1hfds_z10um_350msec_40povlp_ch00_C00_Z0518.tif
e106_1_1x_488_008na_1hfds_z10um_350msec_40povlp_ch00_C00_Z0519.tif
e106_1_1x_488_008na_1hfds_z10um_350msec_40povlp_ch00_C00_Z0520.tif
e106_1_1x_488_008na_1hfds_z10um_350msec_40povlp_ch00_C00_Z0521.tif
e106_1_1x_488_008na_1hfds_z10um_350msec_40povlp_ch00_C00_Z0522.tif
e106_1_1x_488_008na_1hfds_z10um_350msec_40povlp_ch00_C00_Z0523.tif
e106_1_1x_488_008na_1hfds_z10um_350msec_40povlp_ch00_C00_Z0524.tif
e106_1_1x_488_008na_1hfds_z10um_350msec_40povlp_ch00_C00_Z0777.tif
e106_1_1x_488_008na_1hfds_z10um_350msec_40povlp_ch00_C00_Z0778.tif
e106_1_1x_488_008na_1hfds_z10um_350msec_40povlp_ch00_C00_Z0779.tif
e106_1_1x_488_008na_1hfds_z10um_350msec_40povlp_ch00_C00_Z0780.tif
e106_1_1x_488_008na_1hfds_z10um_350msec_40povlp_ch00_C00_Z0781.tif
e106_1_1x_488_008na_1hfds_z10um_350msec_40povlp_ch00_C00_Z0782.tif
e106_1_1x_488_008na_1hfds_z10um_350msec_40povlp_ch00_C00_Z0783.tif
e106_1_1x_488_008na_1hfds_z10um_350msec_40povlp_ch00_C00_Z0784.tif
e106_1_1x_488_008na_1hfds_z10um_350msec_40povlp_ch00_C00_Z0785.tif
e106_1_1x_488_008na_1hfds_z10um_350msec_40povlp_ch00_C00_Z0786.tif
e106_1_1x_488_008na_1hfds_z10um_350msec_40povlp_ch00_C00_Z0787.tif
e106_1_1x_488_008na_1hfds_z10um_350msec_40povlp_ch00_C00_Z0788.tif
e106_1_1x_488_008na_1hfds_z10um_350msec_40povlp_ch00_C00_Z0789.tif
e106_1_1x_488_008na_1hfds_z10um_350msec_40povlp_ch00_C00_Z0790.tif
e106_1_1x_488_008na_1hfds_z10um_350msec_40povlp_ch00_C00_Z0791.tif
e106_1_1x_488_008na_1hfds_z10um_350msec_40povlp_ch00_C00_Z0792.tif
e106_1_1x_488_008na_1hfds_z10um_350msec_40povlp_ch00_C00_Z0793.tif
e106_1_1x_488_008na_1hfds_z10um_350msec_40povlp_ch00_C00_Z0794.tif
e106_1_1x_488_008na_1hfds_z10um_350msec_40povlp_ch00_C00_Z0795.tif
e106_1_1x_488_008na_1hfds_z10um_350msec_40povlp_ch00_C00_Z0796.tif
e106_1_1x_488_008na_1hfds_z10um_350msec_40povlp_ch00_C00_Z0797.tif
e106_1_1x_488_008na_1hfds_z10um_350msec_40povlp_ch00_C00_Z0021.tif
e106_1_1x_488_008na_1hfds_z10um_350msec_40povlp_ch00_C00_Z0022.tif
e106_1_1x_488_008na_1hfds_z10um_350msec_40povlp_ch00_C00_Z0023.tif
e106_1_1x_488_008na_1hfds_z10um_350msec_40povlp_ch00_C00_Z0024.tif
e106_1_1x_488_008na_1hfds_z10um_350msec_40povlp_ch00_C00_Z0025.tif
e106_1_1x_488_008na_1hfds_z10um_350msec_40povlp_ch00_C00_Z0026.tif
e106_1_1x_488_008na_1hfds_z10um_350msec_40povlp_ch00_C00_Z0027.tif
e106_1_1x_488_008na_1hfds_z10um_350msec_40povlp_ch00_C00_Z0028.tif
e106_1_1x_488_008na_1hfds_z10um_350msec_40povlp_ch00_C00_Z0029.tif
e106_1_1x_488_008na_1hfds_z10um_350msec_40povlp_ch00_C00_Z0030.tif
e106_1_1x_488_008na_1hfds_z10um_350msec_40povlp_ch00_C00_Z0031.tif
e106_1_1x_488_008na_1hfds_z10um_350msec_40povlp_ch00_C00_Z0032.tif
e106_1_1x_488_008na_1hfds_z10um_350msec_40povlp_ch00_C00_Z0033.tif
e106_1_1x_488_008na_1hfds_z10um_350msec_40povlp_ch00_C00_Z0034.tif
e106_1_1x_488_008na_1hfds_z10um_350msec_40povlp_ch00_C00_Z0035.tif
e106_1_1x_488_008na_1hfds_z10um_350msec_40povlp_ch00_C00_Z0036.tif
e106_1_1x_488_008na_1hfds_z10um_350msec_40povlp_ch00_C00_Z0037.tif
e106_1_1x_488_008na_1hfds_z10um_350msec_40povlp_ch00_C00_Z0038.tif
e106_1_1x_488_008na_1hfds_z10um_350msec_40povlp_ch00_C00_Z0039.tif
e106_1_1x_488_008na_1hfds_z10um_350msec_40povlp_ch00_C00_Z0040.tif
e106_1_1x_488_008na_1hfds_z10um_350msec_40povlp_ch00_C00_Z0041.tif
e106_1_1x_488_008na_1hfds_z10um_350msec_40povlp_ch00_C00_Z0273.tif
e106_1_1x_488_008na_1hfds_z10um_350msec_40povlp_ch00_C00_Z0274.tif
e106_1_1x_488_008na_1hfds_z10um_350msec_40povlp_ch00_C00_Z0275.tif
e106_1_1x_488_008na_1hfds_z10um_350msec_40povlp_ch00_C00_Z0276.tif
e106_1_1x_488_008na_1hfds_z10um_350msec_40povlp_ch00_C00_Z0277.tif
e106_1_1x_488_008na_1hfds_z10um_350msec_40povlp_ch00_C00_Z0278.tif
e106_1_1x_488_008na_1hfds_z10um_350msec_40povlp_ch00_C00_Z0279.tif
e106_1_1x_488_008na_1hfds_z10um_350msec_40povlp_ch00_C00_Z0280.tif
e106_1_1x_488_008na_1hfds_z10um_350msec_40povlp_ch00_C00_Z0281.tif
e106_1_1x_488_008na_1hfds_z10um_350msec_40povlp_ch00_C00_Z0282.tif
e106_1_1x_488_008na_1hfds_z10um_350msec_40povlp_ch00_C00_Z0283.tif
e106_1_1x_488_008na_1hfds_z10um_350msec_40povlp_ch00_C00_Z0284.tif
e106_1_1x_488_008na_1hfds_z10um_350msec_40povlp_ch00_C00_Z0285.tif
e106_1_1x_488_008na_1hfds_z10um_350msec_40povlp_ch00_C00_Z0286.tif
e106_1_1x_488_008na_1hfds_z10um_350msec_40povlp_ch00_C00_Z0287.tif
e106_1_1x_488_008na_1hfds_z10um_350msec_40povlp_ch00_C00_Z0288.tif
e106_1_1x_488_008na_1hfds_z10um_350msec_40povlp_ch00_C00_Z0289.tif
e106_1_1x_488_008na_1hfds_z10um_350msec_40povlp_ch00_C00_Z0290.tif
e106_1_1x_488_008na_1hfds_z10um_350msec_40povlp_ch00_C00_Z0291.tif
e106_1_1x_488_008na_1hfds_z10um_350msec_40povlp_ch00_C00_Z0292.tif
e106_1_1x_488_008na_1hfds_z10um_350msec_40povlp_ch00_C00_Z0293.tif
e106_1_1x_488_008na_1hfds_z10um_350msec_40povlp_ch00_C00_Z0525.tif
e106_1_1x_488_008na_1hfds_z10um_350msec_40povlp_ch00_C00_Z0526.tif
e106_1_1x_488_008na_1hfds_z10um_350msec_40povlp_ch00_C00_Z0527.tif
e106_1_1x_488_008na_1hfds_z10um_350msec_40povlp_ch00_C00_Z0528.tif
e106_1_1x_488_008na_1hfds_z10um_350msec_40povlp_ch00_C00_Z0529.tif
e106_1_1x_488_008na_1hfds_z10um_350msec_40povlp_ch00_C00_Z0530.tif
e106_1_1x_488_008na_1hfds_z10um_350msec_40povlp_ch00_C00_Z0531.tif
e106_1_1x_488_008na_1hfds_z10um_350msec_40povlp_ch00_C00_Z0532.tif
e106_1_1x_488_008na_1hfds_z10um_350msec_40povlp_ch00_C00_Z0533.tif
e106_1_1x_488_008na_1hfds_z10um_350msec_40povlp_ch00_C00_Z0534.tif
e106_1_1x_488_008na_1hfds_z10um_350msec_40povlp_ch00_C00_Z0535.tif
e106_1_1x_488_008na_1hfds_z10um_350msec_40povlp_ch00_C00_Z0536.tif
e106_1_1x_488_008na_1hfds_z10um_350msec_40povlp_ch00_C00_Z0537.tif
e106_1_1x_488_008na_1hfds_z10um_350msec_40povlp_ch00_C00_Z0538.tif
e106_1_1x_488_008na_1hfds_z10um_350msec_40povlp_ch00_C00_Z0539.tif
e106_1_1x_488_008na_1hfds_z10um_350msec_40povlp_ch00_C00_Z0540.tif
e106_1_1x_488_008na_1hfds_z10um_350msec_40povlp_ch00_C00_Z0541.tif
e106_1_1x_488_008na_1hfds_z10um_350msec_40povlp_ch00_C00_Z0542.tif
e106_1_1x_488_008na_1hfds_z10um_350msec_40povlp_ch00_C00_Z0543.tif
e106_1_1x_488_008na_1hfds_z10um_350msec_40povlp_ch00_C00_Z0544.tif
e106_1_1x_488_008na_1hfds_z10um_350msec_40povlp_ch00_C00_Z0545.tif
e106_1_1x_488_008na_1hfds_z10um_350msec_40povlp_ch00_C00_Z0756.tif
e106_1_1x_488_008na_1hfds_z10um_350msec_40povlp_ch00_C00_Z0757.tif
e106_1_1x_488_008na_1hfds_z10um_350msec_40povlp_ch00_C00_Z0758.tif
e106_1_1x_488_008na_1hfds_z10um_350msec_40povlp_ch00_C00_Z0759.tif
e106_1_1x_488_008na_1hfds_z10um_350msec_40povlp_ch00_C00_Z0760.tif
e106_1_1x_488_008na_1hfds_z10um_350msec_40povlp_ch00_C00_Z0761.tif
e106_1_1x_488_008na_1hfds_z10um_350msec_40povlp_ch00_C00_Z0762.tif
e106_1_1x_488_008na_1hfds_z10um_350msec_40povlp_ch00_C00_Z0763.tif
e106_1_1x_488_008na_1hfds_z10um_350msec_40povlp_ch00_C00_Z0764.tif
e106_1_1x_488_008na_1hfds_z10um_350msec_40povlp_ch00_C00_Z0765.tif
e106_1_1x_488_008na_1hfds_z10um_350msec_40povlp_ch00_C00_Z0766.tif
e106_1_1x_488_008na_1hfds_z10um_350msec_40povlp_ch00_C00_Z0767.tif
e106_1_1x_488_008na_1hfds_z10um_350msec_40povlp_ch00_C00_Z0768.tif
e106_1_1x_488_008na_1hfds_z10um_350msec_40povlp_ch00_C00_Z0769.tif
e106_1_1x_488_008na_1hfds_z10um_350msec_40povlp_ch00_C00_Z0770.tif
e106_1_1x_488_008na_1hfds_z10um_350msec_40povlp_ch00_C00_Z0771.tif
e106_1_1x_488_008na_1hfds_z10um_350msec_40povlp_ch00_C00_Z0772.tif
e106_1_1x_488_008na_1hfds_z10um_350msec_40povlp_ch00_C00_Z0773.tif
e106_1_1x_488_008na_1hfds_z10um_350msec_40povlp_ch00_C00_Z0774.tif
e106_1_1x_488_008na_1hfds_z10um_350msec_40povlp_ch00_C00_Z0775.tif
e106_1_1x_488_008na_1hfds_z10um_350msec_40povlp_ch00_C00_Z0776.tif
e106_1_1x_488_008na_1hfds_z10um_350msec_40povlp_ch00_C00_Z0168.tif
e106_1_1x_488_008na_1hfds_z10um_350msec_40povlp_ch00_C00_Z0169.tif
e106_1_1x_488_008na_1hfds_z10um_350msec_40povlp_ch00_C00_Z0170.tif
e106_1_1x_488_008na_1hfds_z10um_350msec_40povlp_ch00_C00_Z0171.tif
e106_1_1x_488_008na_1hfds_z10um_350msec_40povlp_ch00_C00_Z0172.tif
e106_1_1x_488_008na_1hfds_z10um_350msec_40povlp_ch00_C00_Z0173.tif
e106_1_1x_488_008na_1hfds_z10um_350msec_40povlp_ch00_C00_Z0174.tif
e106_1_1x_488_008na_1hfds_z10um_350msec_40povlp_ch00_C00_Z0175.tif
e106_1_1x_488_008na_1hfds_z10um_350msec_40povlp_ch00_C00_Z0176.tif
e106_1_1x_488_008na_1hfds_z10um_350msec_40povlp_ch00_C00_Z0177.tif
e106_1_1x_488_008na_1hfds_z10um_350msec_40povlp_ch00_C00_Z0178.tif
e106_1_1x_488_008na_1hfds_z10um_350msec_40povlp_ch00_C00_Z0179.tif
e106_1_1x_488_008na_1hfds_z10um_350msec_40povlp_ch00_C00_Z0180.tif
e106_1_1x_488_008na_1hfds_z10um_350msec_40povlp_ch00_C00_Z0181.tif
e106_1_1x_488_008na_1hfds_z10um_350msec_40povlp_ch00_C00_Z0182.tif
e106_1_1x_488_008na_1hfds_z10um_350msec_40povlp_ch00_C00_Z0183.tif
e106_1_1x_488_008na_1hfds_z10um_350msec_40povlp_ch00_C00_Z0184.tif
e106_1_1x_488_008na_1hfds_z10um_350msec_40povlp_ch00_C00_Z0185.tif
e106_1_1x_488_008na_1hfds_z10um_350msec_40povlp_ch00_C00_Z0186.tif
e106_1_1x_488_008na_1hfds_z10um_350msec_40povlp_ch00_C00_Z0187.tif
e106_1_1x_488_008na_1hfds_z10um_350msec_40povlp_ch00_C00_Z0188.tif
e106_1_1x_488_008na_1hfds_z10um_350msec_40povlp_ch00_C00_Z0441.tif
e106_1_1x_488_008na_1hfds_z10um_350msec_40povlp_ch00_C00_Z0442.tif
e106_1_1x_488_008na_1hfds_z10um_350msec_40povlp_ch00_C00_Z0443.tif
e106_1_1x_488_008na_1hfds_z10um_350msec_40povlp_ch00_C00_Z0444.tif
e106_1_1x_488_008na_1hfds_z10um_350msec_40povlp_ch00_C00_Z0445.tif
e106_1_1x_488_008na_1hfds_z10um_350msec_40povlp_ch00_C00_Z0446.tif
e106_1_1x_488_008na_1hfds_z10um_350msec_40povlp_ch00_C00_Z0447.tif
e106_1_1x_488_008na_1hfds_z10um_350msec_40povlp_ch00_C00_Z0448.tif
e106_1_1x_488_008na_1hfds_z10um_350msec_40povlp_ch00_C00_Z0449.tif
e106_1_1x_488_008na_1hfds_z10um_350msec_40povlp_ch00_C00_Z0450.tif
e106_1_1x_488_008na_1hfds_z10um_350msec_40povlp_ch00_C00_Z0451.tif
e106_1_1x_488_008na_1hfds_z10um_350msec_40povlp_ch00_C00_Z0452.tif
e106_1_1x_488_008na_1hfds_z10um_350msec_40povlp_ch00_C00_Z0453.tif
e106_1_1x_488_008na_1hfds_z10um_350msec_40povlp_ch00_C00_Z0454.tif
e106_1_1x_488_008na_1hfds_z10um_350msec_40povlp_ch00_C00_Z0455.tif
e106_1_1x_488_008na_1hfds_z10um_350msec_40povlp_ch00_C00_Z0456.tif
e106_1_1x_488_008na_1hfds_z10um_350msec_40povlp_ch00_C00_Z0457.tif
e106_1_1x_488_008na_1hfds_z10um_350msec_40povlp_ch00_C00_Z0458.tif
e106_1_1x_488_008na_1hfds_z10um_350msec_40povlp_ch00_C00_Z0459.tif
e106_1_1x_488_008na_1hfds_z10um_350msec_40povlp_ch00_C00_Z0460.tif
e106_1_1x_488_008na_1hfds_z10um_350msec_40povlp_ch00_C00_Z0461.tif
e106_1_1x_488_008na_1hfds_z10um_350msec_40povlp_ch00_C00_Z0693.tif
e106_1_1x_488_008na_1hfds_z10um_350msec_40povlp_ch00_C00_Z0694.tif
e106_1_1x_488_008na_1hfds_z10um_350msec_40povlp_ch00_C00_Z0695.tif
e106_1_1x_488_008na_1hfds_z10um_350msec_40povlp_ch00_C00_Z0696.tif
e106_1_1x_488_008na_1hfds_z10um_350msec_40povlp_ch00_C00_Z0697.tif
e106_1_1x_488_008na_1hfds_z10um_350msec_40povlp_ch00_C00_Z0698.tif
e106_1_1x_488_008na_1hfds_z10um_350msec_40povlp_ch00_C00_Z0699.tif
e106_1_1x_488_008na_1hfds_z10um_350msec_40povlp_ch00_C00_Z0700.tif
e106_1_1x_488_008na_1hfds_z10um_350msec_40povlp_ch00_C00_Z0701.tif
e106_1_1x_488_008na_1hfds_z10um_350msec_40povlp_ch00_C00_Z0702.tif
e106_1_1x_488_008na_1hfds_z10um_350msec_40povlp_ch00_C00_Z0703.tif
e106_1_1x_488_008na_1hfds_z10um_350msec_40povlp_ch00_C00_Z0704.tif
e106_1_1x_488_008na_1hfds_z10um_350msec_40povlp_ch00_C00_Z0705.tif
e106_1_1x_488_008na_1hfds_z10um_350msec_40povlp_ch00_C00_Z0706.tif
e106_1_1x_488_008na_1hfds_z10um_350msec_40povlp_ch00_C00_Z0707.tif
e106_1_1x_488_008na_1hfds_z10um_350msec_40povlp_ch00_C00_Z0708.tif
e106_1_1x_488_008na_1hfds_z10um_350msec_40povlp_ch00_C00_Z0709.tif
e106_1_1x_488_008na_1hfds_z10um_350msec_40povlp_ch00_C00_Z0710.tif
e106_1_1x_488_008na_1hfds_z10um_350msec_40povlp_ch00_C00_Z0711.tif
e106_1_1x_488_008na_1hfds_z10um_350msec_40povlp_ch00_C00_Z0712.tif
e106_1_1x_488_008na_1hfds_z10um_350msec_40povlp_ch00_C00_Z0713.tif
e106_1_1x_488_008na_1hfds_z10um_350msec_40povlp_ch00_C00_Z0945.tif
e106_1_1x_488_008na_1hfds_z10um_350msec_40povlp_ch00_C00_Z0946.tif
e106_1_1x_488_008na_1hfds_z10um_350msec_40povlp_ch00_C00_Z0947.tif
e106_1_1x_488_008na_1hfds_z10um_350msec_40povlp_ch00_C00_Z0948.tif
e106_1_1x_488_008na_1hfds_z10um_350msec_40povlp_ch00_C00_Z0949.tif
e106_1_1x_488_008na_1hfds_z10um_350msec_40povlp_ch00_C00_Z0950.tif
e106_1_1x_488_008na_1hfds_z10um_350msec_40povlp_ch00_C00_Z0951.tif
e106_1_1x_488_008na_1hfds_z10um_350msec_40povlp_ch00_C00_Z0952.tif
e106_1_1x_488_008na_1hfds_z10um_350msec_40povlp_ch00_C00_Z0953.tif
e106_1_1x_488_008na_1hfds_z10um_350msec_40povlp_ch00_C00_Z0954.tif
e106_1_1x_488_008na_1hfds_z10um_350msec_40povlp_ch00_C00_Z0955.tif
e106_1_1x_488_008na_1hfds_z10um_350msec_40povlp_ch00_C00_Z0956.tif
e106_1_1x_488_008na_1hfds_z10um_350msec_40povlp_ch00_C00_Z0957.tif
e106_1_1x_488_008na_1hfds_z10um_350msec_40povlp_ch00_C00_Z0958.tif
e106_1_1x_488_008na_1hfds_z10um_350msec_40povlp_ch00_C00_Z0959.tif
e106_1_1x_488_008na_1hfds_z10um_350msec_40povlp_ch00_C00_Z0960.tif
e106_1_1x_488_008na_1hfds_z10um_350msec_40povlp_ch00_C00_Z0961.tif
e106_1_1x_488_008na_1hfds_z10um_350msec_40povlp_ch00_C00_Z0962.tif
e106_1_1x_488_008na_1hfds_z10um_350msec_40povlp_ch00_C00_Z0963.tif
e106_1_1x_488_008na_1hfds_z10um_350msec_40povlp_ch00_C00_Z0964.tif
e106_1_1x_488_008na_1hfds_z10um_350msec_40povlp_ch00_C00_Z0965.tif
e106_1_1x_488_008na_1hfds_z10um_350msec_40povlp_ch00_C00_Z0042.tif
e106_1_1x_488_008na_1hfds_z10um_350msec_40povlp_ch00_C00_Z0043.tif
e106_1_1x_488_008na_1hfds_z10um_350msec_40povlp_ch00_C00_Z0044.tif
e106_1_1x_488_008na_1hfds_z10um_350msec_40povlp_ch00_C00_Z0045.tif
e106_1_1x_488_008na_1hfds_z10um_350msec_40povlp_ch00_C00_Z0046.tif
e106_1_1x_488_008na_1hfds_z10um_350msec_40povlp_ch00_C00_Z0047.tif
e106_1_1x_488_008na_1hfds_z10um_350msec_40povlp_ch00_C00_Z0048.tif
e106_1_1x_488_008na_1hfds_z10um_350msec_40povlp_ch00_C00_Z0049.tif
e106_1_1x_488_008na_1hfds_z10um_350msec_40povlp_ch00_C00_Z0050.tif
e106_1_1x_488_008na_1hfds_z10um_350msec_40povlp_ch00_C00_Z0051.tif
e106_1_1x_488_008na_1hfds_z10um_350msec_40povlp_ch00_C00_Z0052.tif
e106_1_1x_488_008na_1hfds_z10um_350msec_40povlp_ch00_C00_Z0053.tif
e106_1_1x_488_008na_1hfds_z10um_350msec_40povlp_ch00_C00_Z0054.tif
e106_1_1x_488_008na_1hfds_z10um_350msec_40povlp_ch00_C00_Z0055.tif
e106_1_1x_488_008na_1hfds_z10um_350msec_40povlp_ch00_C00_Z0056.tif
e106_1_1x_488_008na_1hfds_z10um_350msec_40povlp_ch00_C00_Z0057.tif
e106_1_1x_488_008na_1hfds_z10um_350msec_40povlp_ch00_C00_Z0058.tif
e106_1_1x_488_008na_1hfds_z10um_350msec_40povlp_ch00_C00_Z0059.tif
e106_1_1x_488_008na_1hfds_z10um_350msec_40povlp_ch00_C00_Z0060.tif
e106_1_1x_488_008na_1hfds_z10um_350msec_40povlp_ch00_C00_Z0061.tif
e106_1_1x_488_008na_1hfds_z10um_350msec_40povlp_ch00_C00_Z0062.tif
e106_1_1x_488_008na_1hfds_z10um_350msec_40povlp_ch00_C00_Z0294.tif
e106_1_1x_488_008na_1hfds_z10um_350msec_40povlp_ch00_C00_Z0295.tif
e106_1_1x_488_008na_1hfds_z10um_350msec_40povlp_ch00_C00_Z0296.tif
e106_1_1x_488_008na_1hfds_z10um_350msec_40povlp_ch00_C00_Z0297.tif
e106_1_1x_488_008na_1hfds_z10um_350msec_40povlp_ch00_C00_Z0298.tif
e106_1_1x_488_008na_1hfds_z10um_350msec_40povlp_ch00_C00_Z0299.tif
e106_1_1x_488_008na_1hfds_z10um_350msec_40povlp_ch00_C00_Z0300.tif
e106_1_1x_488_008na_1hfds_z10um_350msec_40povlp_ch00_C00_Z0301.tif
e106_1_1x_488_008na_1hfds_z10um_350msec_40povlp_ch00_C00_Z0302.tif
e106_1_1x_488_008na_1hfds_z10um_350msec_40povlp_ch00_C00_Z0303.tif
e106_1_1x_488_008na_1hfds_z10um_350msec_40povlp_ch00_C00_Z0304.tif
e106_1_1x_488_008na_1hfds_z10um_350msec_40povlp_ch00_C00_Z0305.tif
e106_1_1x_488_008na_1hfds_z10um_350msec_40povlp_ch00_C00_Z0306.tif
e106_1_1x_488_008na_1hfds_z10um_350msec_40povlp_ch00_C00_Z0307.tif
e106_1_1x_488_008na_1hfds_z10um_350msec_40povlp_ch00_C00_Z0308.tif
e106_1_1x_488_008na_1hfds_z10um_350msec_40povlp_ch00_C00_Z0309.tif
e106_1_1x_488_008na_1hfds_z10um_350msec_40povlp_ch00_C00_Z0310.tif
e106_1_1x_488_008na_1hfds_z10um_350msec_40povlp_ch00_C00_Z0311.tif
e106_1_1x_488_008na_1hfds_z10um_350msec_40povlp_ch00_C00_Z0312.tif
e106_1_1x_488_008na_1hfds_z10um_350msec_40povlp_ch00_C00_Z0313.tif
e106_1_1x_488_008na_1hfds_z10um_350msec_40povlp_ch00_C00_Z0314.tif
e106_1_1x_488_008na_1hfds_z10um_350msec_40povlp_ch00_C00_Z0546.tif
e106_1_1x_488_008na_1hfds_z10um_350msec_40povlp_ch00_C00_Z0547.tif
e106_1_1x_488_008na_1hfds_z10um_350msec_40povlp_ch00_C00_Z0548.tif
e106_1_1x_488_008na_1hfds_z10um_350msec_40povlp_ch00_C00_Z0549.tif
e106_1_1x_488_008na_1hfds_z10um_350msec_40povlp_ch00_C00_Z0550.tif
e106_1_1x_488_008na_1hfds_z10um_350msec_40povlp_ch00_C00_Z0551.tif
e106_1_1x_488_008na_1hfds_z10um_350msec_40povlp_ch00_C00_Z0552.tif
e106_1_1x_488_008na_1hfds_z10um_350msec_40povlp_ch00_C00_Z0553.tif
e106_1_1x_488_008na_1hfds_z10um_350msec_40povlp_ch00_C00_Z0554.tif
e106_1_1x_488_008na_1hfds_z10um_350msec_40povlp_ch00_C00_Z0555.tif
e106_1_1x_488_008na_1hfds_z10um_350msec_40povlp_ch00_C00_Z0556.tif
e106_1_1x_488_008na_1hfds_z10um_350msec_40povlp_ch00_C00_Z0557.tif
e106_1_1x_488_008na_1hfds_z10um_350msec_40povlp_ch00_C00_Z0558.tif
e106_1_1x_488_008na_1hfds_z10um_350msec_40povlp_ch00_C00_Z0559.tif
e106_1_1x_488_008na_1hfds_z10um_350msec_40povlp_ch00_C00_Z0560.tif
e106_1_1x_488_008na_1hfds_z10um_350msec_40povlp_ch00_C00_Z0561.tif
e106_1_1x_488_008na_1hfds_z10um_350msec_40povlp_ch00_C00_Z0562.tif
e106_1_1x_488_008na_1hfds_z10um_350msec_40povlp_ch00_C00_Z0563.tif
e106_1_1x_488_008na_1hfds_z10um_350msec_40povlp_ch00_C00_Z0564.tif
e106_1_1x_488_008na_1hfds_z10um_350msec_40povlp_ch00_C00_Z0565.tif
e106_1_1x_488_008na_1hfds_z10um_350msec_40povlp_ch00_C00_Z0566.tif
e106_1_1x_488_008na_1hfds_z10um_350msec_40povlp_ch00_C00_Z0798.tif
e106_1_1x_488_008na_1hfds_z10um_350msec_40povlp_ch00_C00_Z0799.tif
e106_1_1x_488_008na_1hfds_z10um_350msec_40povlp_ch00_C00_Z0800.tif
e106_1_1x_488_008na_1hfds_z10um_350msec_40povlp_ch00_C00_Z0801.tif
e106_1_1x_488_008na_1hfds_z10um_350msec_40povlp_ch00_C00_Z0802.tif
e106_1_1x_488_008na_1hfds_z10um_350msec_40povlp_ch00_C00_Z0803.tif
e106_1_1x_488_008na_1hfds_z10um_350msec_40povlp_ch00_C00_Z0804.tif
e106_1_1x_488_008na_1hfds_z10um_350msec_40povlp_ch00_C00_Z0805.tif
e106_1_1x_488_008na_1hfds_z10um_350msec_40povlp_ch00_C00_Z0806.tif
e106_1_1x_488_008na_1hfds_z10um_350msec_40povlp_ch00_C00_Z0807.tif
e106_1_1x_488_008na_1hfds_z10um_350msec_40povlp_ch00_C00_Z0808.tif
e106_1_1x_488_008na_1hfds_z10um_350msec_40povlp_ch00_C00_Z0809.tif
e106_1_1x_488_008na_1hfds_z10um_350msec_40povlp_ch00_C00_Z0810.tif
e106_1_1x_488_008na_1hfds_z10um_350msec_40povlp_ch00_C00_Z0811.tif
e106_1_1x_488_008na_1hfds_z10um_350msec_40povlp_ch00_C00_Z0812.tif
e106_1_1x_488_008na_1hfds_z10um_350msec_40povlp_ch00_C00_Z0813.tif
e106_1_1x_488_008na_1hfds_z10um_350msec_40povlp_ch00_C00_Z0814.tif
e106_1_1x_488_008na_1hfds_z10um_350msec_40povlp_ch00_C00_Z0815.tif
e106_1_1x_488_008na_1hfds_z10um_350msec_40povlp_ch00_C00_Z0816.tif
e106_1_1x_488_008na_1hfds_z10um_350msec_40povlp_ch00_C00_Z0817.tif
e106_1_1x_488_008na_1hfds_z10um_350msec_40povlp_ch00_C00_Z0818.tif
e106_1_1x_488_008na_1hfds_z10um_350msec_40povlp_ch00_C00_Z0084.tif
e106_1_1x_488_008na_1hfds_z10um_350msec_40povlp_ch00_C00_Z0085.tif
e106_1_1x_488_008na_1hfds_z10um_350msec_40povlp_ch00_C00_Z0086.tif
e106_1_1x_488_008na_1hfds_z10um_350msec_40povlp_ch00_C00_Z0087.tif
e106_1_1x_488_008na_1hfds_z10um_350msec_40povlp_ch00_C00_Z0088.tif
e106_1_1x_488_008na_1hfds_z10um_350msec_40povlp_ch00_C00_Z0089.tif
e106_1_1x_488_008na_1hfds_z10um_350msec_40povlp_ch00_C00_Z0090.tif
e106_1_1x_488_008na_1hfds_z10um_350msec_40povlp_ch00_C00_Z0091.tif
e106_1_1x_488_008na_1hfds_z10um_350msec_40povlp_ch00_C00_Z0092.tif
e106_1_1x_488_008na_1hfds_z10um_350msec_40povlp_ch00_C00_Z0093.tif
e106_1_1x_488_008na_1hfds_z10um_350msec_40povlp_ch00_C00_Z0094.tif
e106_1_1x_488_008na_1hfds_z10um_350msec_40povlp_ch00_C00_Z0095.tif
e106_1_1x_488_008na_1hfds_z10um_350msec_40povlp_ch00_C00_Z0096.tif
e106_1_1x_488_008na_1hfds_z10um_350msec_40povlp_ch00_C00_Z0097.tif
e106_1_1x_488_008na_1hfds_z10um_350msec_40povlp_ch00_C00_Z0098.tif
e106_1_1x_488_008na_1hfds_z10um_350msec_40povlp_ch00_C00_Z0099.tif
e106_1_1x_488_008na_1hfds_z10um_350msec_40povlp_ch00_C00_Z0100.tif
e106_1_1x_488_008na_1hfds_z10um_350msec_40povlp_ch00_C00_Z0101.tif
e106_1_1x_488_008na_1hfds_z10um_350msec_40povlp_ch00_C00_Z0102.tif
e106_1_1x_488_008na_1hfds_z10um_350msec_40povlp_ch00_C00_Z0103.tif
e106_1_1x_488_008na_1hfds_z10um_350msec_40povlp_ch00_C00_Z0104.tif
e106_1_1x_488_008na_1hfds_z10um_350msec_40povlp_ch00_C00_Z0336.tif
e106_1_1x_488_008na_1hfds_z10um_350msec_40povlp_ch00_C00_Z0337.tif
e106_1_1x_488_008na_1hfds_z10um_350msec_40povlp_ch00_C00_Z0338.tif
e106_1_1x_488_008na_1hfds_z10um_350msec_40povlp_ch00_C00_Z0339.tif
e106_1_1x_488_008na_1hfds_z10um_350msec_40povlp_ch00_C00_Z0340.tif
e106_1_1x_488_008na_1hfds_z10um_350msec_40povlp_ch00_C00_Z0341.tif
e106_1_1x_488_008na_1hfds_z10um_350msec_40povlp_ch00_C00_Z0342.tif
e106_1_1x_488_008na_1hfds_z10um_350msec_40povlp_ch00_C00_Z0343.tif
e106_1_1x_488_008na_1hfds_z10um_350msec_40povlp_ch00_C00_Z0344.tif
e106_1_1x_488_008na_1hfds_z10um_350msec_40povlp_ch00_C00_Z0345.tif
e106_1_1x_488_008na_1hfds_z10um_350msec_40povlp_ch00_C00_Z0346.tif
e106_1_1x_488_008na_1hfds_z10um_350msec_40povlp_ch00_C00_Z0347.tif
e106_1_1x_488_008na_1hfds_z10um_350msec_40povlp_ch00_C00_Z0348.tif
e106_1_1x_488_008na_1hfds_z10um_350msec_40povlp_ch00_C00_Z0349.tif
e106_1_1x_488_008na_1hfds_z10um_350msec_40povlp_ch00_C00_Z0350.tif
e106_1_1x_488_008na_1hfds_z10um_350msec_40povlp_ch00_C00_Z0351.tif
e106_1_1x_488_008na_1hfds_z10um_350msec_40povlp_ch00_C00_Z0352.tif
e106_1_1x_488_008na_1hfds_z10um_350msec_40povlp_ch00_C00_Z0353.tif
e106_1_1x_488_008na_1hfds_z10um_350msec_40povlp_ch00_C00_Z0354.tif
e106_1_1x_488_008na_1hfds_z10um_350msec_40povlp_ch00_C00_Z0355.tif
e106_1_1x_488_008na_1hfds_z10um_350msec_40povlp_ch00_C00_Z0356.tif
e106_1_1x_488_008na_1hfds_z10um_350msec_40povlp_ch00_C00_Z0567.tif
e106_1_1x_488_008na_1hfds_z10um_350msec_40povlp_ch00_C00_Z0568.tif
e106_1_1x_488_008na_1hfds_z10um_350msec_40povlp_ch00_C00_Z0569.tif
e106_1_1x_488_008na_1hfds_z10um_350msec_40povlp_ch00_C00_Z0570.tif
e106_1_1x_488_008na_1hfds_z10um_350msec_40povlp_ch00_C00_Z0571.tif
e106_1_1x_488_008na_1hfds_z10um_350msec_40povlp_ch00_C00_Z0572.tif
e106_1_1x_488_008na_1hfds_z10um_350msec_40povlp_ch00_C00_Z0573.tif
e106_1_1x_488_008na_1hfds_z10um_350msec_40povlp_ch00_C00_Z0574.tif
e106_1_1x_488_008na_1hfds_z10um_350msec_40povlp_ch00_C00_Z0575.tif
e106_1_1x_488_008na_1hfds_z10um_350msec_40povlp_ch00_C00_Z0576.tif
e106_1_1x_488_008na_1hfds_z10um_350msec_40povlp_ch00_C00_Z0577.tif
e106_1_1x_488_008na_1hfds_z10um_350msec_40povlp_ch00_C00_Z0578.tif
e106_1_1x_488_008na_1hfds_z10um_350msec_40povlp_ch00_C00_Z0579.tif
e106_1_1x_488_008na_1hfds_z10um_350msec_40povlp_ch00_C00_Z0580.tif
e106_1_1x_488_008na_1hfds_z10um_350msec_40povlp_ch00_C00_Z0581.tif
e106_1_1x_488_008na_1hfds_z10um_350msec_40povlp_ch00_C00_Z0582.tif
e106_1_1x_488_008na_1hfds_z10um_350msec_40povlp_ch00_C00_Z0583.tif
e106_1_1x_488_008na_1hfds_z10um_350msec_40povlp_ch00_C00_Z0584.tif
e106_1_1x_488_008na_1hfds_z10um_350msec_40povlp_ch00_C00_Z0585.tif
e106_1_1x_488_008na_1hfds_z10um_350msec_40povlp_ch00_C00_Z0586.tif
e106_1_1x_488_008na_1hfds_z10um_350msec_40povlp_ch00_C00_Z0587.tif
e106_1_1x_488_008na_1hfds_z10um_350msec_40povlp_ch00_C00_Z0840.tif
e106_1_1x_488_008na_1hfds_z10um_350msec_40povlp_ch00_C00_Z0841.tif
e106_1_1x_488_008na_1hfds_z10um_350msec_40povlp_ch00_C00_Z0842.tif
e106_1_1x_488_008na_1hfds_z10um_350msec_40povlp_ch00_C00_Z0843.tif
e106_1_1x_488_008na_1hfds_z10um_350msec_40povlp_ch00_C00_Z0844.tif
e106_1_1x_488_008na_1hfds_z10um_350msec_40povlp_ch00_C00_Z0845.tif
e106_1_1x_488_008na_1hfds_z10um_350msec_40povlp_ch00_C00_Z0846.tif
e106_1_1x_488_008na_1hfds_z10um_350msec_40povlp_ch00_C00_Z0847.tif
e106_1_1x_488_008na_1hfds_z10um_350msec_40povlp_ch00_C00_Z0848.tif
e106_1_1x_488_008na_1hfds_z10um_350msec_40povlp_ch00_C00_Z0849.tif
e106_1_1x_488_008na_1hfds_z10um_350msec_40povlp_ch00_C00_Z0850.tif
e106_1_1x_488_008na_1hfds_z10um_350msec_40povlp_ch00_C00_Z0851.tif
e106_1_1x_488_008na_1hfds_z10um_350msec_40povlp_ch00_C00_Z0852.tif
e106_1_1x_488_008na_1hfds_z10um_350msec_40povlp_ch00_C00_Z0853.tif
e106_1_1x_488_008na_1hfds_z10um_350msec_40povlp_ch00_C00_Z0854.tif
e106_1_1x_488_008na_1hfds_z10um_350msec_40povlp_ch00_C00_Z0855.tif
e106_1_1x_488_008na_1hfds_z10um_350msec_40povlp_ch00_C00_Z0856.tif
e106_1_1x_488_008na_1hfds_z10um_350msec_40povlp_ch00_C00_Z0857.tif
e106_1_1x_488_008na_1hfds_z10um_350msec_40povlp_ch00_C00_Z0858.tif
e106_1_1x_488_008na_1hfds_z10um_350msec_40povlp_ch00_C00_Z0859.tif
e106_1_1x_488_008na_1hfds_z10um_350msec_40povlp_ch00_C00_Z0860.tif
e106_1_1x_488_008na_1hfds_z10um_350msec_40povlp_ch00_C00_Z0063.tif
e106_1_1x_488_008na_1hfds_z10um_350msec_40povlp_ch00_C00_Z0064.tif
e106_1_1x_488_008na_1hfds_z10um_350msec_40povlp_ch00_C00_Z0065.tif
e106_1_1x_488_008na_1hfds_z10um_350msec_40povlp_ch00_C00_Z0066.tif
e106_1_1x_488_008na_1hfds_z10um_350msec_40povlp_ch00_C00_Z0067.tif
e106_1_1x_488_008na_1hfds_z10um_350msec_40povlp_ch00_C00_Z0068.tif
e106_1_1x_488_008na_1hfds_z10um_350msec_40povlp_ch00_C00_Z0069.tif
e106_1_1x_488_008na_1hfds_z10um_350msec_40povlp_ch00_C00_Z0070.tif
e106_1_1x_488_008na_1hfds_z10um_350msec_40povlp_ch00_C00_Z0071.tif
e106_1_1x_488_008na_1hfds_z10um_350msec_40povlp_ch00_C00_Z0072.tif
e106_1_1x_488_008na_1hfds_z10um_350msec_40povlp_ch00_C00_Z0073.tif
e106_1_1x_488_008na_1hfds_z10um_350msec_40povlp_ch00_C00_Z0074.tif
e106_1_1x_488_008na_1hfds_z10um_350msec_40povlp_ch00_C00_Z0075.tif
e106_1_1x_488_008na_1hfds_z10um_350msec_40povlp_ch00_C00_Z0076.tif
e106_1_1x_488_008na_1hfds_z10um_350msec_40povlp_ch00_C00_Z0077.tif
e106_1_1x_488_008na_1hfds_z10um_350msec_40povlp_ch00_C00_Z0078.tif
e106_1_1x_488_008na_1hfds_z10um_350msec_40povlp_ch00_C00_Z0079.tif
e106_1_1x_488_008na_1hfds_z10um_350msec_40povlp_ch00_C00_Z0080.tif
e106_1_1x_488_008na_1hfds_z10um_350msec_40povlp_ch00_C00_Z0081.tif
e106_1_1x_488_008na_1hfds_z10um_350msec_40povlp_ch00_C00_Z0082.tif
e106_1_1x_488_008na_1hfds_z10um_350msec_40povlp_ch00_C00_Z0083.tif
e106_1_1x_488_008na_1hfds_z10um_350msec_40povlp_ch00_C00_Z0315.tif
e106_1_1x_488_008na_1hfds_z10um_350msec_40povlp_ch00_C00_Z0316.tif
e106_1_1x_488_008na_1hfds_z10um_350msec_40povlp_ch00_C00_Z0317.tif
e106_1_1x_488_008na_1hfds_z10um_350msec_40povlp_ch00_C00_Z0318.tif
e106_1_1x_488_008na_1hfds_z10um_350msec_40povlp_ch00_C00_Z0319.tif
e106_1_1x_488_008na_1hfds_z10um_350msec_40povlp_ch00_C00_Z0320.tif
e106_1_1x_488_008na_1hfds_z10um_350msec_40povlp_ch00_C00_Z0321.tif
e106_1_1x_488_008na_1hfds_z10um_350msec_40povlp_ch00_C00_Z0322.tif
e106_1_1x_488_008na_1hfds_z10um_350msec_40povlp_ch00_C00_Z0323.tif
e106_1_1x_488_008na_1hfds_z10um_350msec_40povlp_ch00_C00_Z0324.tif
e106_1_1x_488_008na_1hfds_z10um_350msec_40povlp_ch00_C00_Z0325.tif
e106_1_1x_488_008na_1hfds_z10um_350msec_40povlp_ch00_C00_Z0326.tif
e106_1_1x_488_008na_1hfds_z10um_350msec_40povlp_ch00_C00_Z0327.tif
e106_1_1x_488_008na_1hfds_z10um_350msec_40povlp_ch00_C00_Z0328.tif
e106_1_1x_488_008na_1hfds_z10um_350msec_40povlp_ch00_C00_Z0329.tif
e106_1_1x_488_008na_1hfds_z10um_350msec_40povlp_ch00_C00_Z0330.tif
e106_1_1x_488_008na_1hfds_z10um_350msec_40povlp_ch00_C00_Z0331.tif
e106_1_1x_488_008na_1hfds_z10um_350msec_40povlp_ch00_C00_Z0332.tif
e106_1_1x_488_008na_1hfds_z10um_350msec_40povlp_ch00_C00_Z0333.tif
e106_1_1x_488_008na_1hfds_z10um_350msec_40povlp_ch00_C00_Z0334.tif
e106_1_1x_488_008na_1hfds_z10um_350msec_40povlp_ch00_C00_Z0335.tif
e106_1_1x_488_008na_1hfds_z10um_350msec_40povlp_ch00_C00_Z0588.tif
e106_1_1x_488_008na_1hfds_z10um_350msec_40povlp_ch00_C00_Z0589.tif
e106_1_1x_488_008na_1hfds_z10um_350msec_40povlp_ch00_C00_Z0590.tif
e106_1_1x_488_008na_1hfds_z10um_350msec_40povlp_ch00_C00_Z0591.tif
e106_1_1x_488_008na_1hfds_z10um_350msec_40povlp_ch00_C00_Z0592.tif
e106_1_1x_488_008na_1hfds_z10um_350msec_40povlp_ch00_C00_Z0593.tif
e106_1_1x_488_008na_1hfds_z10um_350msec_40povlp_ch00_C00_Z0594.tif
e106_1_1x_488_008na_1hfds_z10um_350msec_40povlp_ch00_C00_Z0595.tif
e106_1_1x_488_008na_1hfds_z10um_350msec_40povlp_ch00_C00_Z0596.tif
e106_1_1x_488_008na_1hfds_z10um_350msec_40povlp_ch00_C00_Z0597.tif
e106_1_1x_488_008na_1hfds_z10um_350msec_40povlp_ch00_C00_Z0598.tif
e106_1_1x_488_008na_1hfds_z10um_350msec_40povlp_ch00_C00_Z0599.tif
e106_1_1x_488_008na_1hfds_z10um_350msec_40povlp_ch00_C00_Z0600.tif
e106_1_1x_488_008na_1hfds_z10um_350msec_40povlp_ch00_C00_Z0601.tif
e106_1_1x_488_008na_1hfds_z10um_350msec_40povlp_ch00_C00_Z0602.tif
e106_1_1x_488_008na_1hfds_z10um_350msec_40povlp_ch00_C00_Z0603.tif
e106_1_1x_488_008na_1hfds_z10um_350msec_40povlp_ch00_C00_Z0604.tif
e106_1_1x_488_008na_1hfds_z10um_350msec_40povlp_ch00_C00_Z0605.tif
e106_1_1x_488_008na_1hfds_z10um_350msec_40povlp_ch00_C00_Z0606.tif
e106_1_1x_488_008na_1hfds_z10um_350msec_40povlp_ch00_C00_Z0607.tif
e106_1_1x_488_008na_1hfds_z10um_350msec_40povlp_ch00_C00_Z0608.tif
e106_1_1x_488_008na_1hfds_z10um_350msec_40povlp_ch00_C00_Z0819.tif
e106_1_1x_488_008na_1hfds_z10um_350msec_40povlp_ch00_C00_Z0820.tif
e106_1_1x_488_008na_1hfds_z10um_350msec_40povlp_ch00_C00_Z0821.tif
e106_1_1x_488_008na_1hfds_z10um_350msec_40povlp_ch00_C00_Z0822.tif
e106_1_1x_488_008na_1hfds_z10um_350msec_40povlp_ch00_C00_Z0823.tif
e106_1_1x_488_008na_1hfds_z10um_350msec_40povlp_ch00_C00_Z0824.tif
e106_1_1x_488_008na_1hfds_z10um_350msec_40povlp_ch00_C00_Z0825.tif
e106_1_1x_488_008na_1hfds_z10um_350msec_40povlp_ch00_C00_Z0826.tif
e106_1_1x_488_008na_1hfds_z10um_350msec_40povlp_ch00_C00_Z0827.tif
e106_1_1x_488_008na_1hfds_z10um_350msec_40povlp_ch00_C00_Z0828.tif
e106_1_1x_488_008na_1hfds_z10um_350msec_40povlp_ch00_C00_Z0829.tif
e106_1_1x_488_008na_1hfds_z10um_350msec_40povlp_ch00_C00_Z0830.tif
e106_1_1x_488_008na_1hfds_z10um_350msec_40povlp_ch00_C00_Z0831.tif
e106_1_1x_488_008na_1hfds_z10um_350msec_40povlp_ch00_C00_Z0832.tif
e106_1_1x_488_008na_1hfds_z10um_350msec_40povlp_ch00_C00_Z0833.tif
e106_1_1x_488_008na_1hfds_z10um_350msec_40povlp_ch00_C00_Z0834.tif
e106_1_1x_488_008na_1hfds_z10um_350msec_40povlp_ch00_C00_Z0835.tif
e106_1_1x_488_008na_1hfds_z10um_350msec_40povlp_ch00_C00_Z0836.tif
e106_1_1x_488_008na_1hfds_z10um_350msec_40povlp_ch00_C00_Z0837.tif
e106_1_1x_488_008na_1hfds_z10um_350msec_40povlp_ch00_C00_Z0838.tif
e106_1_1x_488_008na_1hfds_z10um_350msec_40povlp_ch00_C00_Z0839.tif
e106_1_1x_488_008na_1hfds_z10um_350msec_40povlp_ch00_C00_Z0189.tif
e106_1_1x_488_008na_1hfds_z10um_350msec_40povlp_ch00_C00_Z0190.tif
e106_1_1x_488_008na_1hfds_z10um_350msec_40povlp_ch00_C00_Z0191.tif
e106_1_1x_488_008na_1hfds_z10um_350msec_40povlp_ch00_C00_Z0192.tif
e106_1_1x_488_008na_1hfds_z10um_350msec_40povlp_ch00_C00_Z0193.tif
e106_1_1x_488_008na_1hfds_z10um_350msec_40povlp_ch00_C00_Z0194.tif
e106_1_1x_488_008na_1hfds_z10um_350msec_40povlp_ch00_C00_Z0195.tif
e106_1_1x_488_008na_1hfds_z10um_350msec_40povlp_ch00_C00_Z0196.tif
e106_1_1x_488_008na_1hfds_z10um_350msec_40povlp_ch00_C00_Z0197.tif
e106_1_1x_488_008na_1hfds_z10um_350msec_40povlp_ch00_C00_Z0198.tif
e106_1_1x_488_008na_1hfds_z10um_350msec_40povlp_ch00_C00_Z0199.tif
e106_1_1x_488_008na_1hfds_z10um_350msec_40povlp_ch00_C00_Z0200.tif
e106_1_1x_488_008na_1hfds_z10um_350msec_40povlp_ch00_C00_Z0201.tif
e106_1_1x_488_008na_1hfds_z10um_350msec_40povlp_ch00_C00_Z0202.tif
e106_1_1x_488_008na_1hfds_z10um_350msec_40povlp_ch00_C00_Z0203.tif
e106_1_1x_488_008na_1hfds_z10um_350msec_40povlp_ch00_C00_Z0204.tif
e106_1_1x_488_008na_1hfds_z10um_350msec_40povlp_ch00_C00_Z0205.tif
e106_1_1x_488_008na_1hfds_z10um_350msec_40povlp_ch00_C00_Z0206.tif
e106_1_1x_488_008na_1hfds_z10um_350msec_40povlp_ch00_C00_Z0207.tif
e106_1_1x_488_008na_1hfds_z10um_350msec_40povlp_ch00_C00_Z0208.tif
e106_1_1x_488_008na_1hfds_z10um_350msec_40povlp_ch00_C00_Z0209.tif
e106_1_1x_488_008na_1hfds_z10um_350msec_40povlp_ch00_C00_Z0420.tif
e106_1_1x_488_008na_1hfds_z10um_350msec_40povlp_ch00_C00_Z0421.tif
e106_1_1x_488_008na_1hfds_z10um_350msec_40povlp_ch00_C00_Z0422.tif
e106_1_1x_488_008na_1hfds_z10um_350msec_40povlp_ch00_C00_Z0423.tif
e106_1_1x_488_008na_1hfds_z10um_350msec_40povlp_ch00_C00_Z0424.tif
e106_1_1x_488_008na_1hfds_z10um_350msec_40povlp_ch00_C00_Z0425.tif
e106_1_1x_488_008na_1hfds_z10um_350msec_40povlp_ch00_C00_Z0426.tif
e106_1_1x_488_008na_1hfds_z10um_350msec_40povlp_ch00_C00_Z0427.tif
e106_1_1x_488_008na_1hfds_z10um_350msec_40povlp_ch00_C00_Z0428.tif
e106_1_1x_488_008na_1hfds_z10um_350msec_40povlp_ch00_C00_Z0429.tif
e106_1_1x_488_008na_1hfds_z10um_350msec_40povlp_ch00_C00_Z0430.tif
e106_1_1x_488_008na_1hfds_z10um_350msec_40povlp_ch00_C00_Z0431.tif
e106_1_1x_488_008na_1hfds_z10um_350msec_40povlp_ch00_C00_Z0432.tif
e106_1_1x_488_008na_1hfds_z10um_350msec_40povlp_ch00_C00_Z0433.tif
e106_1_1x_488_008na_1hfds_z10um_350msec_40povlp_ch00_C00_Z0434.tif
e106_1_1x_488_008na_1hfds_z10um_350msec_40povlp_ch00_C00_Z0435.tif
e106_1_1x_488_008na_1hfds_z10um_350msec_40povlp_ch00_C00_Z0436.tif
e106_1_1x_488_008na_1hfds_z10um_350msec_40povlp_ch00_C00_Z0437.tif
e106_1_1x_488_008na_1hfds_z10um_350msec_40povlp_ch00_C00_Z0438.tif
e106_1_1x_488_008na_1hfds_z10um_350msec_40povlp_ch00_C00_Z0439.tif
e106_1_1x_488_008na_1hfds_z10um_350msec_40povlp_ch00_C00_Z0440.tif
e106_1_1x_488_008na_1hfds_z10um_350msec_40povlp_ch00_C00_Z0672.tif
e106_1_1x_488_008na_1hfds_z10um_350msec_40povlp_ch00_C00_Z0673.tif
e106_1_1x_488_008na_1hfds_z10um_350msec_40povlp_ch00_C00_Z0674.tif
e106_1_1x_488_008na_1hfds_z10um_350msec_40povlp_ch00_C00_Z0675.tif
e106_1_1x_488_008na_1hfds_z10um_350msec_40povlp_ch00_C00_Z0676.tif
e106_1_1x_488_008na_1hfds_z10um_350msec_40povlp_ch00_C00_Z0677.tif
e106_1_1x_488_008na_1hfds_z10um_350msec_40povlp_ch00_C00_Z0678.tif
e106_1_1x_488_008na_1hfds_z10um_350msec_40povlp_ch00_C00_Z0679.tif
e106_1_1x_488_008na_1hfds_z10um_350msec_40povlp_ch00_C00_Z0680.tif
e106_1_1x_488_008na_1hfds_z10um_350msec_40povlp_ch00_C00_Z0681.tif
e106_1_1x_488_008na_1hfds_z10um_350msec_40povlp_ch00_C00_Z0682.tif
e106_1_1x_488_008na_1hfds_z10um_350msec_40povlp_ch00_C00_Z0683.tif
e106_1_1x_488_008na_1hfds_z10um_350msec_40povlp_ch00_C00_Z0684.tif
e106_1_1x_488_008na_1hfds_z10um_350msec_40povlp_ch00_C00_Z0685.tif
e106_1_1x_488_008na_1hfds_z10um_350msec_40povlp_ch00_C00_Z0686.tif
e106_1_1x_488_008na_1hfds_z10um_350msec_40povlp_ch00_C00_Z0687.tif
e106_1_1x_488_008na_1hfds_z10um_350msec_40povlp_ch00_C00_Z0688.tif
e106_1_1x_488_008na_1hfds_z10um_350msec_40povlp_ch00_C00_Z0689.tif
e106_1_1x_488_008na_1hfds_z10um_350msec_40povlp_ch00_C00_Z0690.tif
e106_1_1x_488_008na_1hfds_z10um_350msec_40povlp_ch00_C00_Z0691.tif
e106_1_1x_488_008na_1hfds_z10um_350msec_40povlp_ch00_C00_Z0692.tif
e106_1_1x_488_008na_1hfds_z10um_350msec_40povlp_ch00_C00_Z0924.tif
e106_1_1x_488_008na_1hfds_z10um_350msec_40povlp_ch00_C00_Z0925.tif
e106_1_1x_488_008na_1hfds_z10um_350msec_40povlp_ch00_C00_Z0926.tif
e106_1_1x_488_008na_1hfds_z10um_350msec_40povlp_ch00_C00_Z0927.tif
e106_1_1x_488_008na_1hfds_z10um_350msec_40povlp_ch00_C00_Z0928.tif
e106_1_1x_488_008na_1hfds_z10um_350msec_40povlp_ch00_C00_Z0929.tif
e106_1_1x_488_008na_1hfds_z10um_350msec_40povlp_ch00_C00_Z0930.tif
e106_1_1x_488_008na_1hfds_z10um_350msec_40povlp_ch00_C00_Z0931.tif
e106_1_1x_488_008na_1hfds_z10um_350msec_40povlp_ch00_C00_Z0932.tif
e106_1_1x_488_008na_1hfds_z10um_350msec_40povlp_ch00_C00_Z0933.tif
e106_1_1x_488_008na_1hfds_z10um_350msec_40povlp_ch00_C00_Z0934.tif
e106_1_1x_488_008na_1hfds_z10um_350msec_40povlp_ch00_C00_Z0935.tif
e106_1_1x_488_008na_1hfds_z10um_350msec_40povlp_ch00_C00_Z0936.tif
e106_1_1x_488_008na_1hfds_z10um_350msec_40povlp_ch00_C00_Z0937.tif
e106_1_1x_488_008na_1hfds_z10um_350msec_40povlp_ch00_C00_Z0938.tif
e106_1_1x_488_008na_1hfds_z10um_350msec_40povlp_ch00_C00_Z0939.tif
e106_1_1x_488_008na_1hfds_z10um_350msec_40povlp_ch00_C00_Z0940.tif
e106_1_1x_488_008na_1hfds_z10um_350msec_40povlp_ch00_C00_Z0941.tif
e106_1_1x_488_008na_1hfds_z10um_350msec_40povlp_ch00_C00_Z0942.tif
e106_1_1x_488_008na_1hfds_z10um_350msec_40povlp_ch00_C00_Z0943.tif
e106_1_1x_488_008na_1hfds_z10um_350msec_40povlp_ch00_C00_Z0944.tif
e106_1_1x_488_008na_1hfds_z10um_350msec_40povlp_ch00_C00_Z0105.tif
e106_1_1x_488_008na_1hfds_z10um_350msec_40povlp_ch00_C00_Z0106.tif
e106_1_1x_488_008na_1hfds_z10um_350msec_40povlp_ch00_C00_Z0107.tif
e106_1_1x_488_008na_1hfds_z10um_350msec_40povlp_ch00_C00_Z0108.tif
e106_1_1x_488_008na_1hfds_z10um_350msec_40povlp_ch00_C00_Z0109.tif
e106_1_1x_488_008na_1hfds_z10um_350msec_40povlp_ch00_C00_Z0110.tif
e106_1_1x_488_008na_1hfds_z10um_350msec_40povlp_ch00_C00_Z0111.tif
e106_1_1x_488_008na_1hfds_z10um_350msec_40povlp_ch00_C00_Z0112.tif
e106_1_1x_488_008na_1hfds_z10um_350msec_40povlp_ch00_C00_Z0113.tif
e106_1_1x_488_008na_1hfds_z10um_350msec_40povlp_ch00_C00_Z0114.tif
e106_1_1x_488_008na_1hfds_z10um_350msec_40povlp_ch00_C00_Z0115.tif
e106_1_1x_488_008na_1hfds_z10um_350msec_40povlp_ch00_C00_Z0116.tif
e106_1_1x_488_008na_1hfds_z10um_350msec_40povlp_ch00_C00_Z0117.tif
e106_1_1x_488_008na_1hfds_z10um_350msec_40povlp_ch00_C00_Z0118.tif
e106_1_1x_488_008na_1hfds_z10um_350msec_40povlp_ch00_C00_Z0119.tif
e106_1_1x_488_008na_1hfds_z10um_350msec_40povlp_ch00_C00_Z0120.tif
e106_1_1x_488_008na_1hfds_z10um_350msec_40povlp_ch00_C00_Z0121.tif
e106_1_1x_488_008na_1hfds_z10um_350msec_40povlp_ch00_C00_Z0122.tif
e106_1_1x_488_008na_1hfds_z10um_350msec_40povlp_ch00_C00_Z0123.tif
e106_1_1x_488_008na_1hfds_z10um_350msec_40povlp_ch00_C00_Z0124.tif
e106_1_1x_488_008na_1hfds_z10um_350msec_40povlp_ch00_C00_Z0125.tif
e106_1_1x_488_008na_1hfds_z10um_350msec_40povlp_ch00_C00_Z0357.tif
e106_1_1x_488_008na_1hfds_z10um_350msec_40povlp_ch00_C00_Z0358.tif
e106_1_1x_488_008na_1hfds_z10um_350msec_40povlp_ch00_C00_Z0359.tif
e106_1_1x_488_008na_1hfds_z10um_350msec_40povlp_ch00_C00_Z0360.tif
e106_1_1x_488_008na_1hfds_z10um_350msec_40povlp_ch00_C00_Z0361.tif
e106_1_1x_488_008na_1hfds_z10um_350msec_40povlp_ch00_C00_Z0362.tif
e106_1_1x_488_008na_1hfds_z10um_350msec_40povlp_ch00_C00_Z0363.tif
e106_1_1x_488_008na_1hfds_z10um_350msec_40povlp_ch00_C00_Z0364.tif
e106_1_1x_488_008na_1hfds_z10um_350msec_40povlp_ch00_C00_Z0365.tif
e106_1_1x_488_008na_1hfds_z10um_350msec_40povlp_ch00_C00_Z0366.tif
e106_1_1x_488_008na_1hfds_z10um_350msec_40povlp_ch00_C00_Z0367.tif
e106_1_1x_488_008na_1hfds_z10um_350msec_40povlp_ch00_C00_Z0368.tif
e106_1_1x_488_008na_1hfds_z10um_350msec_40povlp_ch00_C00_Z0369.tif
e106_1_1x_488_008na_1hfds_z10um_350msec_40povlp_ch00_C00_Z0370.tif
e106_1_1x_488_008na_1hfds_z10um_350msec_40povlp_ch00_C00_Z0371.tif
e106_1_1x_488_008na_1hfds_z10um_350msec_40povlp_ch00_C00_Z0372.tif
e106_1_1x_488_008na_1hfds_z10um_350msec_40povlp_ch00_C00_Z0373.tif
e106_1_1x_488_008na_1hfds_z10um_350msec_40povlp_ch00_C00_Z0374.tif
e106_1_1x_488_008na_1hfds_z10um_350msec_40povlp_ch00_C00_Z0375.tif
e106_1_1x_488_008na_1hfds_z10um_350msec_40povlp_ch00_C00_Z0376.tif
e106_1_1x_488_008na_1hfds_z10um_350msec_40povlp_ch00_C00_Z0377.tif
e106_1_1x_488_008na_1hfds_z10um_350msec_40povlp_ch00_C00_Z0609.tif
e106_1_1x_488_008na_1hfds_z10um_350msec_40povlp_ch00_C00_Z0610.tif
e106_1_1x_488_008na_1hfds_z10um_350msec_40povlp_ch00_C00_Z0611.tif
e106_1_1x_488_008na_1hfds_z10um_350msec_40povlp_ch00_C00_Z0612.tif
e106_1_1x_488_008na_1hfds_z10um_350msec_40povlp_ch00_C00_Z0613.tif
e106_1_1x_488_008na_1hfds_z10um_350msec_40povlp_ch00_C00_Z0614.tif
e106_1_1x_488_008na_1hfds_z10um_350msec_40povlp_ch00_C00_Z0615.tif
e106_1_1x_488_008na_1hfds_z10um_350msec_40povlp_ch00_C00_Z0616.tif
e106_1_1x_488_008na_1hfds_z10um_350msec_40povlp_ch00_C00_Z0617.tif
e106_1_1x_488_008na_1hfds_z10um_350msec_40povlp_ch00_C00_Z0618.tif
e106_1_1x_488_008na_1hfds_z10um_350msec_40povlp_ch00_C00_Z0619.tif
e106_1_1x_488_008na_1hfds_z10um_350msec_40povlp_ch00_C00_Z0620.tif
e106_1_1x_488_008na_1hfds_z10um_350msec_40povlp_ch00_C00_Z0621.tif
e106_1_1x_488_008na_1hfds_z10um_350msec_40povlp_ch00_C00_Z0622.tif
e106_1_1x_488_008na_1hfds_z10um_350msec_40povlp_ch00_C00_Z0623.tif
e106_1_1x_488_008na_1hfds_z10um_350msec_40povlp_ch00_C00_Z0624.tif
e106_1_1x_488_008na_1hfds_z10um_350msec_40povlp_ch00_C00_Z0625.tif
e106_1_1x_488_008na_1hfds_z10um_350msec_40povlp_ch00_C00_Z0626.tif
e106_1_1x_488_008na_1hfds_z10um_350msec_40povlp_ch00_C00_Z0627.tif
e106_1_1x_488_008na_1hfds_z10um_350msec_40povlp_ch00_C00_Z0628.tif
e106_1_1x_488_008na_1hfds_z10um_350msec_40povlp_ch00_C00_Z0629.tif
e106_1_1x_488_008na_1hfds_z10um_350msec_40povlp_ch00_C00_Z0861.tif
e106_1_1x_488_008na_1hfds_z10um_350msec_40povlp_ch00_C00_Z0862.tif
e106_1_1x_488_008na_1hfds_z10um_350msec_40povlp_ch00_C00_Z0863.tif
e106_1_1x_488_008na_1hfds_z10um_350msec_40povlp_ch00_C00_Z0864.tif
e106_1_1x_488_008na_1hfds_z10um_350msec_40povlp_ch00_C00_Z0865.tif
e106_1_1x_488_008na_1hfds_z10um_350msec_40povlp_ch00_C00_Z0866.tif
e106_1_1x_488_008na_1hfds_z10um_350msec_40povlp_ch00_C00_Z0867.tif
e106_1_1x_488_008na_1hfds_z10um_350msec_40povlp_ch00_C00_Z0868.tif
e106_1_1x_488_008na_1hfds_z10um_350msec_40povlp_ch00_C00_Z0869.tif
e106_1_1x_488_008na_1hfds_z10um_350msec_40povlp_ch00_C00_Z0870.tif
e106_1_1x_488_008na_1hfds_z10um_350msec_40povlp_ch00_C00_Z0871.tif
e106_1_1x_488_008na_1hfds_z10um_350msec_40povlp_ch00_C00_Z0872.tif
e106_1_1x_488_008na_1hfds_z10um_350msec_40povlp_ch00_C00_Z0873.tif
e106_1_1x_488_008na_1hfds_z10um_350msec_40povlp_ch00_C00_Z0874.tif
e106_1_1x_488_008na_1hfds_z10um_350msec_40povlp_ch00_C00_Z0875.tif
e106_1_1x_488_008na_1hfds_z10um_350msec_40povlp_ch00_C00_Z0876.tif
e106_1_1x_488_008na_1hfds_z10um_350msec_40povlp_ch00_C00_Z0877.tif
e106_1_1x_488_008na_1hfds_z10um_350msec_40povlp_ch00_C00_Z0878.tif
e106_1_1x_488_008na_1hfds_z10um_350msec_40povlp_ch00_C00_Z0879.tif
e106_1_1x_488_008na_1hfds_z10um_350msec_40povlp_ch00_C00_Z0880.tif
e106_1_1x_488_008na_1hfds_z10um_350msec_40povlp_ch00_C00_Z0881.tif
e106_1_1x_488_008na_1hfds_z10um_350msec_40povlp_ch00_C00_Z0126.tif
e106_1_1x_488_008na_1hfds_z10um_350msec_40povlp_ch00_C00_Z0127.tif
e106_1_1x_488_008na_1hfds_z10um_350msec_40povlp_ch00_C00_Z0128.tif
e106_1_1x_488_008na_1hfds_z10um_350msec_40povlp_ch00_C00_Z0129.tif
e106_1_1x_488_008na_1hfds_z10um_350msec_40povlp_ch00_C00_Z0130.tif
e106_1_1x_488_008na_1hfds_z10um_350msec_40povlp_ch00_C00_Z0131.tif
e106_1_1x_488_008na_1hfds_z10um_350msec_40povlp_ch00_C00_Z0132.tif
e106_1_1x_488_008na_1hfds_z10um_350msec_40povlp_ch00_C00_Z0133.tif
e106_1_1x_488_008na_1hfds_z10um_350msec_40povlp_ch00_C00_Z0134.tif
e106_1_1x_488_008na_1hfds_z10um_350msec_40povlp_ch00_C00_Z0135.tif
e106_1_1x_488_008na_1hfds_z10um_350msec_40povlp_ch00_C00_Z0136.tif
e106_1_1x_488_008na_1hfds_z10um_350msec_40povlp_ch00_C00_Z0137.tif
e106_1_1x_488_008na_1hfds_z10um_350msec_40povlp_ch00_C00_Z0138.tif
e106_1_1x_488_008na_1hfds_z10um_350msec_40povlp_ch00_C00_Z0139.tif
e106_1_1x_488_008na_1hfds_z10um_350msec_40povlp_ch00_C00_Z0140.tif
e106_1_1x_488_008na_1hfds_z10um_350msec_40povlp_ch00_C00_Z0141.tif
e106_1_1x_488_008na_1hfds_z10um_350msec_40povlp_ch00_C00_Z0142.tif
e106_1_1x_488_008na_1hfds_z10um_350msec_40povlp_ch00_C00_Z0143.tif
e106_1_1x_488_008na_1hfds_z10um_350msec_40povlp_ch00_C00_Z0144.tif
e106_1_1x_488_008na_1hfds_z10um_350msec_40povlp_ch00_C00_Z0145.tif
e106_1_1x_488_008na_1hfds_z10um_350msec_40povlp_ch00_C00_Z0146.tif
e106_1_1x_488_008na_1hfds_z10um_350msec_40povlp_ch00_C00_Z0378.tif
e106_1_1x_488_008na_1hfds_z10um_350msec_40povlp_ch00_C00_Z0379.tif
e106_1_1x_488_008na_1hfds_z10um_350msec_40povlp_ch00_C00_Z0380.tif
e106_1_1x_488_008na_1hfds_z10um_350msec_40povlp_ch00_C00_Z0381.tif
e106_1_1x_488_008na_1hfds_z10um_350msec_40povlp_ch00_C00_Z0382.tif
e106_1_1x_488_008na_1hfds_z10um_350msec_40povlp_ch00_C00_Z0383.tif
e106_1_1x_488_008na_1hfds_z10um_350msec_40povlp_ch00_C00_Z0384.tif
e106_1_1x_488_008na_1hfds_z10um_350msec_40povlp_ch00_C00_Z0385.tif
e106_1_1x_488_008na_1hfds_z10um_350msec_40povlp_ch00_C00_Z0386.tif
e106_1_1x_488_008na_1hfds_z10um_350msec_40povlp_ch00_C00_Z0387.tif
e106_1_1x_488_008na_1hfds_z10um_350msec_40povlp_ch00_C00_Z0388.tif
e106_1_1x_488_008na_1hfds_z10um_350msec_40povlp_ch00_C00_Z0389.tif
e106_1_1x_488_008na_1hfds_z10um_350msec_40povlp_ch00_C00_Z0390.tif
e106_1_1x_488_008na_1hfds_z10um_350msec_40povlp_ch00_C00_Z0391.tif
e106_1_1x_488_008na_1hfds_z10um_350msec_40povlp_ch00_C00_Z0392.tif
e106_1_1x_488_008na_1hfds_z10um_350msec_40povlp_ch00_C00_Z0393.tif
e106_1_1x_488_008na_1hfds_z10um_350msec_40povlp_ch00_C00_Z0394.tif
e106_1_1x_488_008na_1hfds_z10um_350msec_40povlp_ch00_C00_Z0395.tif
e106_1_1x_488_008na_1hfds_z10um_350msec_40povlp_ch00_C00_Z0396.tif
e106_1_1x_488_008na_1hfds_z10um_350msec_40povlp_ch00_C00_Z0397.tif
e106_1_1x_488_008na_1hfds_z10um_350msec_40povlp_ch00_C00_Z0398.tif
e106_1_1x_488_008na_1hfds_z10um_350msec_40povlp_ch00_C00_Z0630.tif
e106_1_1x_488_008na_1hfds_z10um_350msec_40povlp_ch00_C00_Z0631.tif
e106_1_1x_488_008na_1hfds_z10um_350msec_40povlp_ch00_C00_Z0632.tif
e106_1_1x_488_008na_1hfds_z10um_350msec_40povlp_ch00_C00_Z0633.tif
e106_1_1x_488_008na_1hfds_z10um_350msec_40povlp_ch00_C00_Z0634.tif
e106_1_1x_488_008na_1hfds_z10um_350msec_40povlp_ch00_C00_Z0635.tif
e106_1_1x_488_008na_1hfds_z10um_350msec_40povlp_ch00_C00_Z0636.tif
e106_1_1x_488_008na_1hfds_z10um_350msec_40povlp_ch00_C00_Z0637.tif
e106_1_1x_488_008na_1hfds_z10um_350msec_40povlp_ch00_C00_Z0638.tif
e106_1_1x_488_008na_1hfds_z10um_350msec_40povlp_ch00_C00_Z0639.tif
e106_1_1x_488_008na_1hfds_z10um_350msec_40povlp_ch00_C00_Z0640.tif
e106_1_1x_488_008na_1hfds_z10um_350msec_40povlp_ch00_C00_Z0641.tif
e106_1_1x_488_008na_1hfds_z10um_350msec_40povlp_ch00_C00_Z0642.tif
e106_1_1x_488_008na_1hfds_z10um_350msec_40povlp_ch00_C00_Z0643.tif
e106_1_1x_488_008na_1hfds_z10um_350msec_40povlp_ch00_C00_Z0644.tif
e106_1_1x_488_008na_1hfds_z10um_350msec_40povlp_ch00_C00_Z0645.tif
e106_1_1x_488_008na_1hfds_z10um_350msec_40povlp_ch00_C00_Z0646.tif
e106_1_1x_488_008na_1hfds_z10um_350msec_40povlp_ch00_C00_Z0647.tif
e106_1_1x_488_008na_1hfds_z10um_350msec_40povlp_ch00_C00_Z0648.tif
e106_1_1x_488_008na_1hfds_z10um_350msec_40povlp_ch00_C00_Z0649.tif
e106_1_1x_488_008na_1hfds_z10um_350msec_40povlp_ch00_C00_Z0650.tif
e106_1_1x_488_008na_1hfds_z10um_350msec_40povlp_ch00_C00_Z0882.tif
e106_1_1x_488_008na_1hfds_z10um_350msec_40povlp_ch00_C00_Z0883.tif
e106_1_1x_488_008na_1hfds_z10um_350msec_40povlp_ch00_C00_Z0884.tif
e106_1_1x_488_008na_1hfds_z10um_350msec_40povlp_ch00_C00_Z0885.tif
e106_1_1x_488_008na_1hfds_z10um_350msec_40povlp_ch00_C00_Z0886.tif
e106_1_1x_488_008na_1hfds_z10um_350msec_40povlp_ch00_C00_Z0887.tif
e106_1_1x_488_008na_1hfds_z10um_350msec_40povlp_ch00_C00_Z0888.tif
e106_1_1x_488_008na_1hfds_z10um_350msec_40povlp_ch00_C00_Z0889.tif
e106_1_1x_488_008na_1hfds_z10um_350msec_40povlp_ch00_C00_Z0890.tif
e106_1_1x_488_008na_1hfds_z10um_350msec_40povlp_ch00_C00_Z0891.tif
e106_1_1x_488_008na_1hfds_z10um_350msec_40povlp_ch00_C00_Z0892.tif
e106_1_1x_488_008na_1hfds_z10um_350msec_40povlp_ch00_C00_Z0893.tif
e106_1_1x_488_008na_1hfds_z10um_350msec_40povlp_ch00_C00_Z0894.tif
e106_1_1x_488_008na_1hfds_z10um_350msec_40povlp_ch00_C00_Z0895.tif
e106_1_1x_488_008na_1hfds_z10um_350msec_40povlp_ch00_C00_Z0896.tif
e106_1_1x_488_008na_1hfds_z10um_350msec_40povlp_ch00_C00_Z0897.tif
e106_1_1x_488_008na_1hfds_z10um_350msec_40povlp_ch00_C00_Z0898.tif
e106_1_1x_488_008na_1hfds_z10um_350msec_40povlp_ch00_C00_Z0899.tif
e106_1_1x_488_008na_1hfds_z10um_350msec_40povlp_ch00_C00_Z0900.tif
e106_1_1x_488_008na_1hfds_z10um_350msec_40povlp_ch00_C00_Z0901.tif
e106_1_1x_488_008na_1hfds_z10um_350msec_40povlp_ch00_C00_Z0902.tif
e106_1_1x_488_008na_1hfds_z10um_350msec_40povlp_ch00_C00_Z0147.tif
e106_1_1x_488_008na_1hfds_z10um_350msec_40povlp_ch00_C00_Z0148.tif
e106_1_1x_488_008na_1hfds_z10um_350msec_40povlp_ch00_C00_Z0149.tif
e106_1_1x_488_008na_1hfds_z10um_350msec_40povlp_ch00_C00_Z0150.tif
e106_1_1x_488_008na_1hfds_z10um_350msec_40povlp_ch00_C00_Z0151.tif
e106_1_1x_488_008na_1hfds_z10um_350msec_40povlp_ch00_C00_Z0152.tif
e106_1_1x_488_008na_1hfds_z10um_350msec_40povlp_ch00_C00_Z0153.tif
e106_1_1x_488_008na_1hfds_z10um_350msec_40povlp_ch00_C00_Z0154.tif
e106_1_1x_488_008na_1hfds_z10um_350msec_40povlp_ch00_C00_Z0155.tif
e106_1_1x_488_008na_1hfds_z10um_350msec_40povlp_ch00_C00_Z0156.tif
e106_1_1x_488_008na_1hfds_z10um_350msec_40povlp_ch00_C00_Z0157.tif
e106_1_1x_488_008na_1hfds_z10um_350msec_40povlp_ch00_C00_Z0158.tif
e106_1_1x_488_008na_1hfds_z10um_350msec_40povlp_ch00_C00_Z0159.tif
e106_1_1x_488_008na_1hfds_z10um_350msec_40povlp_ch00_C00_Z0160.tif
e106_1_1x_488_008na_1hfds_z10um_350msec_40povlp_ch00_C00_Z0161.tif
e106_1_1x_488_008na_1hfds_z10um_350msec_40povlp_ch00_C00_Z0162.tif
e106_1_1x_488_008na_1hfds_z10um_350msec_40povlp_ch00_C00_Z0163.tif
e106_1_1x_488_008na_1hfds_z10um_350msec_40povlp_ch00_C00_Z0164.tif
e106_1_1x_488_008na_1hfds_z10um_350msec_40povlp_ch00_C00_Z0165.tif
e106_1_1x_488_008na_1hfds_z10um_350msec_40povlp_ch00_C00_Z0166.tif
e106_1_1x_488_008na_1hfds_z10um_350msec_40povlp_ch00_C00_Z0167.tif
e106_1_1x_488_008na_1hfds_z10um_350msec_40povlp_ch00_C00_Z0399.tif
e106_1_1x_488_008na_1hfds_z10um_350msec_40povlp_ch00_C00_Z0400.tif
e106_1_1x_488_008na_1hfds_z10um_350msec_40povlp_ch00_C00_Z0401.tif
e106_1_1x_488_008na_1hfds_z10um_350msec_40povlp_ch00_C00_Z0402.tif
e106_1_1x_488_008na_1hfds_z10um_350msec_40povlp_ch00_C00_Z0403.tif
e106_1_1x_488_008na_1hfds_z10um_350msec_40povlp_ch00_C00_Z0404.tif
e106_1_1x_488_008na_1hfds_z10um_350msec_40povlp_ch00_C00_Z0405.tif
e106_1_1x_488_008na_1hfds_z10um_350msec_40povlp_ch00_C00_Z0406.tif
e106_1_1x_488_008na_1hfds_z10um_350msec_40povlp_ch00_C00_Z0407.tif
e106_1_1x_488_008na_1hfds_z10um_350msec_40povlp_ch00_C00_Z0408.tif
e106_1_1x_488_008na_1hfds_z10um_350msec_40povlp_ch00_C00_Z0409.tif
e106_1_1x_488_008na_1hfds_z10um_350msec_40povlp_ch00_C00_Z0410.tif
e106_1_1x_488_008na_1hfds_z10um_350msec_40povlp_ch00_C00_Z0411.tif
e106_1_1x_488_008na_1hfds_z10um_350msec_40povlp_ch00_C00_Z0412.tif
e106_1_1x_488_008na_1hfds_z10um_350msec_40povlp_ch00_C00_Z0413.tif
e106_1_1x_488_008na_1hfds_z10um_350msec_40povlp_ch00_C00_Z0414.tif
e106_1_1x_488_008na_1hfds_z10um_350msec_40povlp_ch00_C00_Z0415.tif
e106_1_1x_488_008na_1hfds_z10um_350msec_40povlp_ch00_C00_Z0416.tif
e106_1_1x_488_008na_1hfds_z10um_350msec_40povlp_ch00_C00_Z0417.tif
e106_1_1x_488_008na_1hfds_z10um_350msec_40povlp_ch00_C00_Z0418.tif
e106_1_1x_488_008na_1hfds_z10um_350msec_40povlp_ch00_C00_Z0419.tif
e106_1_1x_488_008na_1hfds_z10um_350msec_40povlp_ch00_C00_Z0651.tif
e106_1_1x_488_008na_1hfds_z10um_350msec_40povlp_ch00_C00_Z0652.tif
e106_1_1x_488_008na_1hfds_z10um_350msec_40povlp_ch00_C00_Z0653.tif
e106_1_1x_488_008na_1hfds_z10um_350msec_40povlp_ch00_C00_Z0654.tif
e106_1_1x_488_008na_1hfds_z10um_350msec_40povlp_ch00_C00_Z0655.tif
e106_1_1x_488_008na_1hfds_z10um_350msec_40povlp_ch00_C00_Z0656.tif
e106_1_1x_488_008na_1hfds_z10um_350msec_40povlp_ch00_C00_Z0657.tif
e106_1_1x_488_008na_1hfds_z10um_350msec_40povlp_ch00_C00_Z0658.tif
e106_1_1x_488_008na_1hfds_z10um_350msec_40povlp_ch00_C00_Z0659.tif
e106_1_1x_488_008na_1hfds_z10um_350msec_40povlp_ch00_C00_Z0660.tif
e106_1_1x_488_008na_1hfds_z10um_350msec_40povlp_ch00_C00_Z0661.tif
e106_1_1x_488_008na_1hfds_z10um_350msec_40povlp_ch00_C00_Z0662.tif
e106_1_1x_488_008na_1hfds_z10um_350msec_40povlp_ch00_C00_Z0663.tif
e106_1_1x_488_008na_1hfds_z10um_350msec_40povlp_ch00_C00_Z0664.tif
e106_1_1x_488_008na_1hfds_z10um_350msec_40povlp_ch00_C00_Z0665.tif
e106_1_1x_488_008na_1hfds_z10um_350msec_40povlp_ch00_C00_Z0666.tif
e106_1_1x_488_008na_1hfds_z10um_350msec_40povlp_ch00_C00_Z0667.tif
e106_1_1x_488_008na_1hfds_z10um_350msec_40povlp_ch00_C00_Z0668.tif
e106_1_1x_488_008na_1hfds_z10um_350msec_40povlp_ch00_C00_Z0669.tif
e106_1_1x_488_008na_1hfds_z10um_350msec_40povlp_ch00_C00_Z0670.tif
e106_1_1x_488_008na_1hfds_z10um_350msec_40povlp_ch00_C00_Z0671.tif
e106_1_1x_488_008na_1hfds_z10um_350msec_40povlp_ch00_C00_Z0903.tif
e106_1_1x_488_008na_1hfds_z10um_350msec_40povlp_ch00_C00_Z0904.tif
e106_1_1x_488_008na_1hfds_z10um_350msec_40povlp_ch00_C00_Z0905.tif
e106_1_1x_488_008na_1hfds_z10um_350msec_40povlp_ch00_C00_Z0906.tif
e106_1_1x_488_008na_1hfds_z10um_350msec_40povlp_ch00_C00_Z0907.tif
e106_1_1x_488_008na_1hfds_z10um_350msec_40povlp_ch00_C00_Z0908.tif
e106_1_1x_488_008na_1hfds_z10um_350msec_40povlp_ch00_C00_Z0909.tif
e106_1_1x_488_008na_1hfds_z10um_350msec_40povlp_ch00_C00_Z0910.tif
e106_1_1x_488_008na_1hfds_z10um_350msec_40povlp_ch00_C00_Z0911.tif
e106_1_1x_488_008na_1hfds_z10um_350msec_40povlp_ch00_C00_Z0912.tif
e106_1_1x_488_008na_1hfds_z10um_350msec_40povlp_ch00_C00_Z0913.tif
e106_1_1x_488_008na_1hfds_z10um_350msec_40povlp_ch00_C00_Z0914.tif
e106_1_1x_488_008na_1hfds_z10um_350msec_40povlp_ch00_C00_Z0915.tif
e106_1_1x_488_008na_1hfds_z10um_350msec_40povlp_ch00_C00_Z0916.tif
e106_1_1x_488_008na_1hfds_z10um_350msec_40povlp_ch00_C00_Z0917.tif
e106_1_1x_488_008na_1hfds_z10um_350msec_40povlp_ch00_C00_Z0918.tif
e106_1_1x_488_008na_1hfds_z10um_350msec_40povlp_ch00_C00_Z0919.tif
e106_1_1x_488_008na_1hfds_z10um_350msec_40povlp_ch00_C00_Z0920.tif
e106_1_1x_488_008na_1hfds_z10um_350msec_40povlp_ch00_C00_Z0921.tif
e106_1_1x_488_008na_1hfds_z10um_350msec_40povlp_ch00_C00_Z0922.tif
e106_1_1x_488_008na_1hfds_z10um_350msec_40povlp_ch00_C00_Z0923.tif
