In the directory: /scratch/ejdennis/rat_BrainPipe/rat_atlas 
As the user: ejdennis 
on host: spock-brody01-03 
Cpus_allowed_list:	22-33
Array Index: 3
3
/jukebox/LightSheetData/brodyatlas/processed/k295
k295
k295
0
100
200
300
400
500
600
700
k295_1_1x_488_008na_1hfds_z10um_350msec_40povlp_ch00_C00_Z0249.tif
k295_1_1x_488_008na_1hfds_z10um_350msec_40povlp_ch00_C00_Z0250.tif
k295_1_1x_488_008na_1hfds_z10um_350msec_40povlp_ch00_C00_Z0251.tif
k295_1_1x_488_008na_1hfds_z10um_350msec_40povlp_ch00_C00_Z0252.tif
k295_1_1x_488_008na_1hfds_z10um_350msec_40povlp_ch00_C00_Z0253.tif
k295_1_1x_488_008na_1hfds_z10um_350msec_40povlp_ch00_C00_Z0254.tif
k295_1_1x_488_008na_1hfds_z10um_350msec_40povlp_ch00_C00_Z0255.tif
k295_1_1x_488_008na_1hfds_z10um_350msec_40povlp_ch00_C00_Z0256.tif
k295_1_1x_488_008na_1hfds_z10um_350msec_40povlp_ch00_C00_Z0257.tif
k295_1_1x_488_008na_1hfds_z10um_350msec_40povlp_ch00_C00_Z0258.tif
k295_1_1x_488_008na_1hfds_z10um_350msec_40povlp_ch00_C00_Z0259.tif
k295_1_1x_488_008na_1hfds_z10um_350msec_40povlp_ch00_C00_Z0260.tif
k295_1_1x_488_008na_1hfds_z10um_350msec_40povlp_ch00_C00_Z0261.tif
k295_1_1x_488_008na_1hfds_z10um_350msec_40povlp_ch00_C00_Z0262.tif
k295_1_1x_488_008na_1hfds_z10um_350msec_40povlp_ch00_C00_Z0263.tif
k295_1_1x_488_008na_1hfds_z10um_350msec_40povlp_ch00_C00_Z0264.tif
k295_1_1x_488_008na_1hfds_z10um_350msec_40povlp_ch00_C00_Z0265.tif
k295_1_1x_488_008na_1hfds_z10um_350msec_40povlp_ch00_C00_Z0487.tif
k295_1_1x_488_008na_1hfds_z10um_350msec_40povlp_ch00_C00_Z0488.tif
k295_1_1x_488_008na_1hfds_z10um_350msec_40povlp_ch00_C00_Z0489.tif
k295_1_1x_488_008na_1hfds_z10um_350msec_40povlp_ch00_C00_Z0490.tif
k295_1_1x_488_008na_1hfds_z10um_350msec_40povlp_ch00_C00_Z0491.tif
k295_1_1x_488_008na_1hfds_z10um_350msec_40povlp_ch00_C00_Z0492.tif
k295_1_1x_488_008na_1hfds_z10um_350msec_40povlp_ch00_C00_Z0493.tif
k295_1_1x_488_008na_1hfds_z10um_350msec_40povlp_ch00_C00_Z0494.tif
k295_1_1x_488_008na_1hfds_z10um_350msec_40povlp_ch00_C00_Z0495.tif
k295_1_1x_488_008na_1hfds_z10um_350msec_40povlp_ch00_C00_Z0496.tif
k295_1_1x_488_008na_1hfds_z10um_350msec_40povlp_ch00_C00_Z0497.tif
k295_1_1x_488_008na_1hfds_z10um_350msec_40povlp_ch00_C00_Z0498.tif
k295_1_1x_488_008na_1hfds_z10um_350msec_40povlp_ch00_C00_Z0499.tif
k295_1_1x_488_008na_1hfds_z10um_350msec_40povlp_ch00_C00_Z0500.tif
k295_1_1x_488_008na_1hfds_z10um_350msec_40povlp_ch00_C00_Z0501.tif
k295_1_1x_488_008na_1hfds_z10um_350msec_40povlp_ch00_C00_Z0502.tif
k295_1_1x_488_008na_1hfds_z10um_350msec_40povlp_ch00_C00_Z0503.tif
k295_1_1x_488_008na_1hfds_z10um_350msec_40povlp_ch00_C00_Z0725.tif
k295_1_1x_488_008na_1hfds_z10um_350msec_40povlp_ch00_C00_Z0726.tif
k295_1_1x_488_008na_1hfds_z10um_350msec_40povlp_ch00_C00_Z0727.tif
k295_1_1x_488_008na_1hfds_z10um_350msec_40povlp_ch00_C00_Z0728.tif
k295_1_1x_488_008na_1hfds_z10um_350msec_40povlp_ch00_C00_Z0729.tif
k295_1_1x_488_008na_1hfds_z10um_350msec_40povlp_ch00_C00_Z0730.tif
k295_1_1x_488_008na_1hfds_z10um_350msec_40povlp_ch00_C00_Z0731.tif
k295_1_1x_488_008na_1hfds_z10um_350msec_40povlp_ch00_C00_Z0732.tif
k295_1_1x_488_008na_1hfds_z10um_350msec_40povlp_ch00_C00_Z0733.tif
k295_1_1x_488_008na_1hfds_z10um_350msec_40povlp_ch00_C00_Z0734.tif
k295_1_1x_488_008na_1hfds_z10um_350msec_40povlp_ch00_C00_Z0735.tif
k295_1_1x_488_008na_1hfds_z10um_350msec_40povlp_ch00_C00_Z0736.tif
k295_1_1x_488_008na_1hfds_z10um_350msec_40povlp_ch00_C00_Z0737.tif
k295_1_1x_488_008na_1hfds_z10um_350msec_40povlp_ch00_C00_Z0738.tif
k295_1_1x_488_008na_1hfds_z10um_350msec_40povlp_ch00_C00_Z0739.tif
k295_1_1x_488_008na_1hfds_z10um_350msec_40povlp_ch00_C00_Z0740.tif
k295_1_1x_488_008na_1hfds_z10um_350msec_40povlp_ch00_C00_Z0741.tif
k295_1_1x_488_008na_1hfds_z10um_350msec_40povlp_ch00_C00_Z0140.tif
k295_1_1x_488_008na_1hfds_z10um_350msec_40povlp_ch00_C00_Z0141.tif
k295_1_1x_488_008na_1hfds_z10um_350msec_40povlp_ch00_C00_Z0142.tif
k295_1_1x_488_008na_1hfds_z10um_350msec_40povlp_ch00_C00_Z0143.tif
k295_1_1x_488_008na_1hfds_z10um_350msec_40povlp_ch00_C00_Z0144.tif
k295_1_1x_488_008na_1hfds_z10um_350msec_40povlp_ch00_C00_Z0145.tif
k295_1_1x_488_008na_1hfds_z10um_350msec_40povlp_ch00_C00_Z0146.tif
k295_1_1x_488_008na_1hfds_z10um_350msec_40povlp_ch00_C00_Z0147.tif
k295_1_1x_488_008na_1hfds_z10um_350msec_40povlp_ch00_C00_Z0148.tif
k295_1_1x_488_008na_1hfds_z10um_350msec_40povlp_ch00_C00_Z0149.tif
k295_1_1x_488_008na_1hfds_z10um_350msec_40povlp_ch00_C00_Z0150.tif
k295_1_1x_488_008na_1hfds_z10um_350msec_40povlp_ch00_C00_Z0151.tif
k295_1_1x_488_008na_1hfds_z10um_350msec_40povlp_ch00_C00_Z0152.tif
k295_1_1x_488_008na_1hfds_z10um_350msec_40povlp_ch00_C00_Z0153.tif
k295_1_1x_488_008na_1hfds_z10um_350msec_40povlp_ch00_C00_Z0154.tif
k295_1_1x_488_008na_1hfds_z10um_350msec_40povlp_ch00_C00_Z0155.tif
k295_1_1x_488_008na_1hfds_z10um_350msec_40povlp_ch00_C00_Z0156.tif
k295_1_1x_488_008na_1hfds_z10um_350msec_40povlp_ch00_C00_Z0368.tif
k295_1_1x_488_008na_1hfds_z10um_350msec_40povlp_ch00_C00_Z0369.tif
k295_1_1x_488_008na_1hfds_z10um_350msec_40povlp_ch00_C00_Z0370.tif
k295_1_1x_488_008na_1hfds_z10um_350msec_40povlp_ch00_C00_Z0371.tif
k295_1_1x_488_008na_1hfds_z10um_350msec_40povlp_ch00_C00_Z0372.tif
k295_1_1x_488_008na_1hfds_z10um_350msec_40povlp_ch00_C00_Z0373.tif
k295_1_1x_488_008na_1hfds_z10um_350msec_40povlp_ch00_C00_Z0374.tif
k295_1_1x_488_008na_1hfds_z10um_350msec_40povlp_ch00_C00_Z0375.tif
k295_1_1x_488_008na_1hfds_z10um_350msec_40povlp_ch00_C00_Z0376.tif
k295_1_1x_488_008na_1hfds_z10um_350msec_40povlp_ch00_C00_Z0377.tif
k295_1_1x_488_008na_1hfds_z10um_350msec_40povlp_ch00_C00_Z0378.tif
k295_1_1x_488_008na_1hfds_z10um_350msec_40povlp_ch00_C00_Z0379.tif
k295_1_1x_488_008na_1hfds_z10um_350msec_40povlp_ch00_C00_Z0380.tif
k295_1_1x_488_008na_1hfds_z10um_350msec_40povlp_ch00_C00_Z0381.tif
k295_1_1x_488_008na_1hfds_z10um_350msec_40povlp_ch00_C00_Z0382.tif
k295_1_1x_488_008na_1hfds_z10um_350msec_40povlp_ch00_C00_Z0383.tif
k295_1_1x_488_008na_1hfds_z10um_350msec_40povlp_ch00_C00_Z0384.tif
k295_1_1x_488_008na_1hfds_z10um_350msec_40povlp_ch00_C00_Z0555.tif
k295_1_1x_488_008na_1hfds_z10um_350msec_40povlp_ch00_C00_Z0556.tif
k295_1_1x_488_008na_1hfds_z10um_350msec_40povlp_ch00_C00_Z0557.tif
k295_1_1x_488_008na_1hfds_z10um_350msec_40povlp_ch00_C00_Z0558.tif
k295_1_1x_488_008na_1hfds_z10um_350msec_40povlp_ch00_C00_Z0559.tif
k295_1_1x_488_008na_1hfds_z10um_350msec_40povlp_ch00_C00_Z0560.tif
k295_1_1x_488_008na_1hfds_z10um_350msec_40povlp_ch00_C00_Z0561.tif
k295_1_1x_488_008na_1hfds_z10um_350msec_40povlp_ch00_C00_Z0562.tif
k295_1_1x_488_008na_1hfds_z10um_350msec_40povlp_ch00_C00_Z0563.tif
k295_1_1x_488_008na_1hfds_z10um_350msec_40povlp_ch00_C00_Z0564.tif
k295_1_1x_488_008na_1hfds_z10um_350msec_40povlp_ch00_C00_Z0565.tif
k295_1_1x_488_008na_1hfds_z10um_350msec_40povlp_ch00_C00_Z0566.tif
k295_1_1x_488_008na_1hfds_z10um_350msec_40povlp_ch00_C00_Z0567.tif
k295_1_1x_488_008na_1hfds_z10um_350msec_40povlp_ch00_C00_Z0568.tif
k295_1_1x_488_008na_1hfds_z10um_350msec_40povlp_ch00_C00_Z0569.tif
k295_1_1x_488_008na_1hfds_z10um_350msec_40povlp_ch00_C00_Z0570.tif
k295_1_1x_488_008na_1hfds_z10um_350msec_40povlp_ch00_C00_Z0571.tif
k295_1_1x_488_008na_1hfds_z10um_350msec_40povlp_ch00_C00_Z0742.tif
k295_1_1x_488_008na_1hfds_z10um_350msec_40povlp_ch00_C00_Z0743.tif
k295_1_1x_488_008na_1hfds_z10um_350msec_40povlp_ch00_C00_Z0744.tif
k295_1_1x_488_008na_1hfds_z10um_350msec_40povlp_ch00_C00_Z0745.tif
k295_1_1x_488_008na_1hfds_z10um_350msec_40povlp_ch00_C00_Z0746.tif
k295_1_1x_488_008na_1hfds_z10um_350msec_40povlp_ch00_C00_Z0747.tif
k295_1_1x_488_008na_1hfds_z10um_350msec_40povlp_ch00_C00_Z0748.tif
k295_1_1x_488_008na_1hfds_z10um_350msec_40povlp_ch00_C00_Z0749.tif
k295_1_1x_488_008na_1hfds_z10um_350msec_40povlp_ch00_C00_Z0750.tif
k295_1_1x_488_008na_1hfds_z10um_350msec_40povlp_ch00_C00_Z0751.tif
k295_1_1x_488_008na_1hfds_z10um_350msec_40povlp_ch00_C00_Z0752.tif
k295_1_1x_488_008na_1hfds_z10um_350msec_40povlp_ch00_C00_Z0753.tif
k295_1_1x_488_008na_1hfds_z10um_350msec_40povlp_ch00_C00_Z0754.tif
k295_1_1x_488_008na_1hfds_z10um_350msec_40povlp_ch00_C00_Z0755.tif
k295_1_1x_488_008na_1hfds_z10um_350msec_40povlp_ch00_C00_Z0756.tif
k295_1_1x_488_008na_1hfds_z10um_350msec_40povlp_ch00_C00_Z0757.tif
k295_1_1x_488_008na_1hfds_z10um_350msec_40povlp_ch00_C00_Z0758.tif
k295_1_1x_488_008na_1hfds_z10um_350msec_40povlp_ch00_C00_Z0000.tif
k295_1_1x_488_008na_1hfds_z10um_350msec_40povlp_ch00_C00_Z0001.tif
k295_1_1x_488_008na_1hfds_z10um_350msec_40povlp_ch00_C00_Z0002.tif
k295_1_1x_488_008na_1hfds_z10um_350msec_40povlp_ch00_C00_Z0003.tif
k295_1_1x_488_008na_1hfds_z10um_350msec_40povlp_ch00_C00_Z0004.tif
k295_1_1x_488_008na_1hfds_z10um_350msec_40povlp_ch00_C00_Z0039.tif
k295_1_1x_488_008na_1hfds_z10um_350msec_40povlp_ch00_C00_Z0078.tif
k295_1_1x_488_008na_1hfds_z10um_350msec_40povlp_ch00_C00_Z0079.tif
k295_1_1x_488_008na_1hfds_z10um_350msec_40povlp_ch00_C00_Z0080.tif
k295_1_1x_488_008na_1hfds_z10um_350msec_40povlp_ch00_C00_Z0081.tif
k295_1_1x_488_008na_1hfds_z10um_350msec_40povlp_ch00_C00_Z0082.tif
k295_1_1x_488_008na_1hfds_z10um_350msec_40povlp_ch00_C00_Z0083.tif
k295_1_1x_488_008na_1hfds_z10um_350msec_40povlp_ch00_C00_Z0084.tif
k295_1_1x_488_008na_1hfds_z10um_350msec_40povlp_ch00_C00_Z0085.tif
k295_1_1x_488_008na_1hfds_z10um_350msec_40povlp_ch00_C00_Z0086.tif
k295_1_1x_488_008na_1hfds_z10um_350msec_40povlp_ch00_C00_Z0087.tif
k295_1_1x_488_008na_1hfds_z10um_350msec_40povlp_ch00_C00_Z0088.tif
k295_1_1x_488_008na_1hfds_z10um_350msec_40povlp_ch00_C00_Z0385.tif
k295_1_1x_488_008na_1hfds_z10um_350msec_40povlp_ch00_C00_Z0386.tif
k295_1_1x_488_008na_1hfds_z10um_350msec_40povlp_ch00_C00_Z0387.tif
k295_1_1x_488_008na_1hfds_z10um_350msec_40povlp_ch00_C00_Z0388.tif
k295_1_1x_488_008na_1hfds_z10um_350msec_40povlp_ch00_C00_Z0389.tif
k295_1_1x_488_008na_1hfds_z10um_350msec_40povlp_ch00_C00_Z0390.tif
k295_1_1x_488_008na_1hfds_z10um_350msec_40povlp_ch00_C00_Z0391.tif
k295_1_1x_488_008na_1hfds_z10um_350msec_40povlp_ch00_C00_Z0392.tif
k295_1_1x_488_008na_1hfds_z10um_350msec_40povlp_ch00_C00_Z0393.tif
k295_1_1x_488_008na_1hfds_z10um_350msec_40povlp_ch00_C00_Z0394.tif
k295_1_1x_488_008na_1hfds_z10um_350msec_40povlp_ch00_C00_Z0395.tif
k295_1_1x_488_008na_1hfds_z10um_350msec_40povlp_ch00_C00_Z0396.tif
k295_1_1x_488_008na_1hfds_z10um_350msec_40povlp_ch00_C00_Z0397.tif
k295_1_1x_488_008na_1hfds_z10um_350msec_40povlp_ch00_C00_Z0398.tif
k295_1_1x_488_008na_1hfds_z10um_350msec_40povlp_ch00_C00_Z0399.tif
k295_1_1x_488_008na_1hfds_z10um_350msec_40povlp_ch00_C00_Z0400.tif
k295_1_1x_488_008na_1hfds_z10um_350msec_40povlp_ch00_C00_Z0401.tif
k295_1_1x_488_008na_1hfds_z10um_350msec_40povlp_ch00_C00_Z0623.tif
k295_1_1x_488_008na_1hfds_z10um_350msec_40povlp_ch00_C00_Z0624.tif
k295_1_1x_488_008na_1hfds_z10um_350msec_40povlp_ch00_C00_Z0625.tif
k295_1_1x_488_008na_1hfds_z10um_350msec_40povlp_ch00_C00_Z0626.tif
k295_1_1x_488_008na_1hfds_z10um_350msec_40povlp_ch00_C00_Z0627.tif
k295_1_1x_488_008na_1hfds_z10um_350msec_40povlp_ch00_C00_Z0628.tif
k295_1_1x_488_008na_1hfds_z10um_350msec_40povlp_ch00_C00_Z0629.tif
k295_1_1x_488_008na_1hfds_z10um_350msec_40povlp_ch00_C00_Z0630.tif
k295_1_1x_488_008na_1hfds_z10um_350msec_40povlp_ch00_C00_Z0631.tif
k295_1_1x_488_008na_1hfds_z10um_350msec_40povlp_ch00_C00_Z0632.tif
k295_1_1x_488_008na_1hfds_z10um_350msec_40povlp_ch00_C00_Z0633.tif
k295_1_1x_488_008na_1hfds_z10um_350msec_40povlp_ch00_C00_Z0634.tif
k295_1_1x_488_008na_1hfds_z10um_350msec_40povlp_ch00_C00_Z0635.tif
k295_1_1x_488_008na_1hfds_z10um_350msec_40povlp_ch00_C00_Z0636.tif
k295_1_1x_488_008na_1hfds_z10um_350msec_40povlp_ch00_C00_Z0637.tif
k295_1_1x_488_008na_1hfds_z10um_350msec_40povlp_ch00_C00_Z0638.tif
k295_1_1x_488_008na_1hfds_z10um_350msec_40povlp_ch00_C00_Z0639.tif
k295_1_1x_488_008na_1hfds_z10um_350msec_40povlp_ch00_C00_Z0759.tif
k295_1_1x_488_008na_1hfds_z10um_350msec_40povlp_ch00_C00_Z0760.tif
k295_1_1x_488_008na_1hfds_z10um_350msec_40povlp_ch00_C00_Z0761.tif
k295_1_1x_488_008na_1hfds_z10um_350msec_40povlp_ch00_C00_Z0762.tif
k295_1_1x_488_008na_1hfds_z10um_350msec_40povlp_ch00_C00_Z0763.tif
k295_1_1x_488_008na_1hfds_z10um_350msec_40povlp_ch00_C00_Z0764.tif
k295_1_1x_488_008na_1hfds_z10um_350msec_40povlp_ch00_C00_Z0765.tif
k295_1_1x_488_008na_1hfds_z10um_350msec_40povlp_ch00_C00_Z0766.tif
k295_1_1x_488_008na_1hfds_z10um_350msec_40povlp_ch00_C00_Z0767.tif
k295_1_1x_488_008na_1hfds_z10um_350msec_40povlp_ch00_C00_Z0768.tif
k295_1_1x_488_008na_1hfds_z10um_350msec_40povlp_ch00_C00_Z0769.tif
k295_1_1x_488_008na_1hfds_z10um_350msec_40povlp_ch00_C00_Z0770.tif
k295_1_1x_488_008na_1hfds_z10um_350msec_40povlp_ch00_C00_Z0771.tif
k295_1_1x_488_008na_1hfds_z10um_350msec_40povlp_ch00_C00_Z0772.tif
k295_1_1x_488_008na_1hfds_z10um_350msec_40povlp_ch00_C00_Z0773.tif
k295_1_1x_488_008na_1hfds_z10um_350msec_40povlp_ch00_C00_Z0774.tif
k295_1_1x_488_008na_1hfds_z10um_350msec_40povlp_ch00_C00_Z0775.tif
k295_1_1x_488_008na_1hfds_z10um_350msec_40povlp_ch00_C00_Z0123.tif
k295_1_1x_488_008na_1hfds_z10um_350msec_40povlp_ch00_C00_Z0124.tif
k295_1_1x_488_008na_1hfds_z10um_350msec_40povlp_ch00_C00_Z0125.tif
k295_1_1x_488_008na_1hfds_z10um_350msec_40povlp_ch00_C00_Z0126.tif
k295_1_1x_488_008na_1hfds_z10um_350msec_40povlp_ch00_C00_Z0127.tif
k295_1_1x_488_008na_1hfds_z10um_350msec_40povlp_ch00_C00_Z0128.tif
k295_1_1x_488_008na_1hfds_z10um_350msec_40povlp_ch00_C00_Z0129.tif
k295_1_1x_488_008na_1hfds_z10um_350msec_40povlp_ch00_C00_Z0130.tif
k295_1_1x_488_008na_1hfds_z10um_350msec_40povlp_ch00_C00_Z0131.tif
k295_1_1x_488_008na_1hfds_z10um_350msec_40povlp_ch00_C00_Z0132.tif
k295_1_1x_488_008na_1hfds_z10um_350msec_40povlp_ch00_C00_Z0133.tif
k295_1_1x_488_008na_1hfds_z10um_350msec_40povlp_ch00_C00_Z0134.tif
k295_1_1x_488_008na_1hfds_z10um_350msec_40povlp_ch00_C00_Z0135.tif
k295_1_1x_488_008na_1hfds_z10um_350msec_40povlp_ch00_C00_Z0136.tif
k295_1_1x_488_008na_1hfds_z10um_350msec_40povlp_ch00_C00_Z0137.tif
k295_1_1x_488_008na_1hfds_z10um_350msec_40povlp_ch00_C00_Z0138.tif
k295_1_1x_488_008na_1hfds_z10um_350msec_40povlp_ch00_C00_Z0139.tif
k295_1_1x_488_008na_1hfds_z10um_350msec_40povlp_ch00_C00_Z0334.tif
k295_1_1x_488_008na_1hfds_z10um_350msec_40povlp_ch00_C00_Z0335.tif
k295_1_1x_488_008na_1hfds_z10um_350msec_40povlp_ch00_C00_Z0336.tif
k295_1_1x_488_008na_1hfds_z10um_350msec_40povlp_ch00_C00_Z0337.tif
k295_1_1x_488_008na_1hfds_z10um_350msec_40povlp_ch00_C00_Z0338.tif
k295_1_1x_488_008na_1hfds_z10um_350msec_40povlp_ch00_C00_Z0339.tif
k295_1_1x_488_008na_1hfds_z10um_350msec_40povlp_ch00_C00_Z0340.tif
k295_1_1x_488_008na_1hfds_z10um_350msec_40povlp_ch00_C00_Z0341.tif
k295_1_1x_488_008na_1hfds_z10um_350msec_40povlp_ch00_C00_Z0342.tif
k295_1_1x_488_008na_1hfds_z10um_350msec_40povlp_ch00_C00_Z0343.tif
k295_1_1x_488_008na_1hfds_z10um_350msec_40povlp_ch00_C00_Z0344.tif
k295_1_1x_488_008na_1hfds_z10um_350msec_40povlp_ch00_C00_Z0345.tif
k295_1_1x_488_008na_1hfds_z10um_350msec_40povlp_ch00_C00_Z0346.tif
k295_1_1x_488_008na_1hfds_z10um_350msec_40povlp_ch00_C00_Z0347.tif
k295_1_1x_488_008na_1hfds_z10um_350msec_40povlp_ch00_C00_Z0348.tif
k295_1_1x_488_008na_1hfds_z10um_350msec_40povlp_ch00_C00_Z0349.tif
k295_1_1x_488_008na_1hfds_z10um_350msec_40povlp_ch00_C00_Z0350.tif
k295_1_1x_488_008na_1hfds_z10um_350msec_40povlp_ch00_C00_Z0572.tif
k295_1_1x_488_008na_1hfds_z10um_350msec_40povlp_ch00_C00_Z0573.tif
k295_1_1x_488_008na_1hfds_z10um_350msec_40povlp_ch00_C00_Z0574.tif
k295_1_1x_488_008na_1hfds_z10um_350msec_40povlp_ch00_C00_Z0575.tif
k295_1_1x_488_008na_1hfds_z10um_350msec_40povlp_ch00_C00_Z0576.tif
k295_1_1x_488_008na_1hfds_z10um_350msec_40povlp_ch00_C00_Z0577.tif
k295_1_1x_488_008na_1hfds_z10um_350msec_40povlp_ch00_C00_Z0578.tif
k295_1_1x_488_008na_1hfds_z10um_350msec_40povlp_ch00_C00_Z0579.tif
k295_1_1x_488_008na_1hfds_z10um_350msec_40povlp_ch00_C00_Z0580.tif
k295_1_1x_488_008na_1hfds_z10um_350msec_40povlp_ch00_C00_Z0581.tif
k295_1_1x_488_008na_1hfds_z10um_350msec_40povlp_ch00_C00_Z0582.tif
k295_1_1x_488_008na_1hfds_z10um_350msec_40povlp_ch00_C00_Z0583.tif
k295_1_1x_488_008na_1hfds_z10um_350msec_40povlp_ch00_C00_Z0584.tif
k295_1_1x_488_008na_1hfds_z10um_350msec_40povlp_ch00_C00_Z0585.tif
k295_1_1x_488_008na_1hfds_z10um_350msec_40povlp_ch00_C00_Z0586.tif
k295_1_1x_488_008na_1hfds_z10um_350msec_40povlp_ch00_C00_Z0587.tif
k295_1_1x_488_008na_1hfds_z10um_350msec_40povlp_ch00_C00_Z0588.tif
k295_1_1x_488_008na_1hfds_z10um_350msec_40povlp_ch00_C00_Z0810.tif
k295_1_1x_488_008na_1hfds_z10um_350msec_40povlp_ch00_C00_Z0811.tif
k295_1_1x_488_008na_1hfds_z10um_350msec_40povlp_ch00_C00_Z0812.tif
k295_1_1x_488_008na_1hfds_z10um_350msec_40povlp_ch00_C00_Z0813.tif
k295_1_1x_488_008na_1hfds_z10um_350msec_40povlp_ch00_C00_Z0814.tif
k295_1_1x_488_008na_1hfds_z10um_350msec_40povlp_ch00_C00_Z0815.tif
k295_1_1x_488_008na_1hfds_z10um_350msec_40povlp_ch00_C00_Z0816.tif
k295_1_1x_488_008na_1hfds_z10um_350msec_40povlp_ch00_C00_Z0817.tif
k295_1_1x_488_008na_1hfds_z10um_350msec_40povlp_ch00_C00_Z0818.tif
k295_1_1x_488_008na_1hfds_z10um_350msec_40povlp_ch00_C00_Z0819.tif
k295_1_1x_488_008na_1hfds_z10um_350msec_40povlp_ch00_C00_Z0820.tif
k295_1_1x_488_008na_1hfds_z10um_350msec_40povlp_ch00_C00_Z0821.tif
k295_1_1x_488_008na_1hfds_z10um_350msec_40povlp_ch00_C00_Z0822.tif
k295_1_1x_488_008na_1hfds_z10um_350msec_40povlp_ch00_C00_Z0823.tif
k295_1_1x_488_008na_1hfds_z10um_350msec_40povlp_ch00_C00_Z0824.tif
k295_1_1x_488_008na_1hfds_z10um_350msec_40povlp_ch00_C00_Z0825.tif
k295_1_1x_488_008na_1hfds_z10um_350msec_40povlp_ch00_C00_Z0826.tif
k295_1_1x_488_008na_1hfds_z10um_350msec_40povlp_ch00_C00_Z0266.tif
k295_1_1x_488_008na_1hfds_z10um_350msec_40povlp_ch00_C00_Z0267.tif
k295_1_1x_488_008na_1hfds_z10um_350msec_40povlp_ch00_C00_Z0268.tif
k295_1_1x_488_008na_1hfds_z10um_350msec_40povlp_ch00_C00_Z0269.tif
k295_1_1x_488_008na_1hfds_z10um_350msec_40povlp_ch00_C00_Z0270.tif
k295_1_1x_488_008na_1hfds_z10um_350msec_40povlp_ch00_C00_Z0271.tif
k295_1_1x_488_008na_1hfds_z10um_350msec_40povlp_ch00_C00_Z0272.tif
k295_1_1x_488_008na_1hfds_z10um_350msec_40povlp_ch00_C00_Z0273.tif
k295_1_1x_488_008na_1hfds_z10um_350msec_40povlp_ch00_C00_Z0274.tif
k295_1_1x_488_008na_1hfds_z10um_350msec_40povlp_ch00_C00_Z0275.tif
k295_1_1x_488_008na_1hfds_z10um_350msec_40povlp_ch00_C00_Z0276.tif
k295_1_1x_488_008na_1hfds_z10um_350msec_40povlp_ch00_C00_Z0277.tif
k295_1_1x_488_008na_1hfds_z10um_350msec_40povlp_ch00_C00_Z0278.tif
k295_1_1x_488_008na_1hfds_z10um_350msec_40povlp_ch00_C00_Z0279.tif
k295_1_1x_488_008na_1hfds_z10um_350msec_40povlp_ch00_C00_Z0280.tif
k295_1_1x_488_008na_1hfds_z10um_350msec_40povlp_ch00_C00_Z0281.tif
k295_1_1x_488_008na_1hfds_z10um_350msec_40povlp_ch00_C00_Z0282.tif
k295_1_1x_488_008na_1hfds_z10um_350msec_40povlp_ch00_C00_Z0470.tif
k295_1_1x_488_008na_1hfds_z10um_350msec_40povlp_ch00_C00_Z0471.tif
k295_1_1x_488_008na_1hfds_z10um_350msec_40povlp_ch00_C00_Z0472.tif
k295_1_1x_488_008na_1hfds_z10um_350msec_40povlp_ch00_C00_Z0473.tif
k295_1_1x_488_008na_1hfds_z10um_350msec_40povlp_ch00_C00_Z0474.tif
k295_1_1x_488_008na_1hfds_z10um_350msec_40povlp_ch00_C00_Z0475.tif
k295_1_1x_488_008na_1hfds_z10um_350msec_40povlp_ch00_C00_Z0476.tif
k295_1_1x_488_008na_1hfds_z10um_350msec_40povlp_ch00_C00_Z0477.tif
k295_1_1x_488_008na_1hfds_z10um_350msec_40povlp_ch00_C00_Z0478.tif
k295_1_1x_488_008na_1hfds_z10um_350msec_40povlp_ch00_C00_Z0479.tif
k295_1_1x_488_008na_1hfds_z10um_350msec_40povlp_ch00_C00_Z0480.tif
k295_1_1x_488_008na_1hfds_z10um_350msec_40povlp_ch00_C00_Z0481.tif
k295_1_1x_488_008na_1hfds_z10um_350msec_40povlp_ch00_C00_Z0482.tif
k295_1_1x_488_008na_1hfds_z10um_350msec_40povlp_ch00_C00_Z0483.tif
k295_1_1x_488_008na_1hfds_z10um_350msec_40povlp_ch00_C00_Z0484.tif
k295_1_1x_488_008na_1hfds_z10um_350msec_40povlp_ch00_C00_Z0485.tif
k295_1_1x_488_008na_1hfds_z10um_350msec_40povlp_ch00_C00_Z0486.tif
k295_1_1x_488_008na_1hfds_z10um_350msec_40povlp_ch00_C00_Z0674.tif
k295_1_1x_488_008na_1hfds_z10um_350msec_40povlp_ch00_C00_Z0675.tif
k295_1_1x_488_008na_1hfds_z10um_350msec_40povlp_ch00_C00_Z0676.tif
k295_1_1x_488_008na_1hfds_z10um_350msec_40povlp_ch00_C00_Z0677.tif
k295_1_1x_488_008na_1hfds_z10um_350msec_40povlp_ch00_C00_Z0678.tif
k295_1_1x_488_008na_1hfds_z10um_350msec_40povlp_ch00_C00_Z0679.tif
k295_1_1x_488_008na_1hfds_z10um_350msec_40povlp_ch00_C00_Z0680.tif
k295_1_1x_488_008na_1hfds_z10um_350msec_40povlp_ch00_C00_Z0681.tif
k295_1_1x_488_008na_1hfds_z10um_350msec_40povlp_ch00_C00_Z0682.tif
k295_1_1x_488_008na_1hfds_z10um_350msec_40povlp_ch00_C00_Z0683.tif
k295_1_1x_488_008na_1hfds_z10um_350msec_40povlp_ch00_C00_Z0684.tif
k295_1_1x_488_008na_1hfds_z10um_350msec_40povlp_ch00_C00_Z0685.tif
k295_1_1x_488_008na_1hfds_z10um_350msec_40povlp_ch00_C00_Z0686.tif
k295_1_1x_488_008na_1hfds_z10um_350msec_40povlp_ch00_C00_Z0687.tif
k295_1_1x_488_008na_1hfds_z10um_350msec_40povlp_ch00_C00_Z0688.tif
k295_1_1x_488_008na_1hfds_z10um_350msec_40povlp_ch00_C00_Z0689.tif
k295_1_1x_488_008na_1hfds_z10um_350msec_40povlp_ch00_C00_Z0690.tif
k295_1_1x_488_008na_1hfds_z10um_350msec_40povlp_ch00_C00_Z0861.tif
k295_1_1x_488_008na_1hfds_z10um_350msec_40povlp_ch00_C00_Z0862.tif
k295_1_1x_488_008na_1hfds_z10um_350msec_40povlp_ch00_C00_Z0863.tif
k295_1_1x_488_008na_1hfds_z10um_350msec_40povlp_ch00_C00_Z0864.tif
k295_1_1x_488_008na_1hfds_z10um_350msec_40povlp_ch00_C00_Z0865.tif
k295_1_1x_488_008na_1hfds_z10um_350msec_40povlp_ch00_C00_Z0866.tif
k295_1_1x_488_008na_1hfds_z10um_350msec_40povlp_ch00_C00_Z0867.tif
k295_1_1x_488_008na_1hfds_z10um_350msec_40povlp_ch00_C00_Z0868.tif
k295_1_1x_488_008na_1hfds_z10um_350msec_40povlp_ch00_C00_Z0869.tif
k295_1_1x_488_008na_1hfds_z10um_350msec_40povlp_ch00_C00_Z0870.tif
k295_1_1x_488_008na_1hfds_z10um_350msec_40povlp_ch00_C00_Z0871.tif
k295_1_1x_488_008na_1hfds_z10um_350msec_40povlp_ch00_C00_Z0872.tif
k295_1_1x_488_008na_1hfds_z10um_350msec_40povlp_ch00_C00_Z0873.tif
k295_1_1x_488_008na_1hfds_z10um_350msec_40povlp_ch00_C00_Z0874.tif
k295_1_1x_488_008na_1hfds_z10um_350msec_40povlp_ch00_C00_Z0875.tif
k295_1_1x_488_008na_1hfds_z10um_350msec_40povlp_ch00_C00_Z0876.tif
k295_1_1x_488_008na_1hfds_z10um_350msec_40povlp_ch00_C00_Z0877.tif
k295_1_1x_488_008na_1hfds_z10um_350msec_40povlp_ch00_C00_Z0317.tif
k295_1_1x_488_008na_1hfds_z10um_350msec_40povlp_ch00_C00_Z0318.tif
k295_1_1x_488_008na_1hfds_z10um_350msec_40povlp_ch00_C00_Z0319.tif
k295_1_1x_488_008na_1hfds_z10um_350msec_40povlp_ch00_C00_Z0320.tif
k295_1_1x_488_008na_1hfds_z10um_350msec_40povlp_ch00_C00_Z0321.tif
k295_1_1x_488_008na_1hfds_z10um_350msec_40povlp_ch00_C00_Z0322.tif
k295_1_1x_488_008na_1hfds_z10um_350msec_40povlp_ch00_C00_Z0323.tif
k295_1_1x_488_008na_1hfds_z10um_350msec_40povlp_ch00_C00_Z0324.tif
k295_1_1x_488_008na_1hfds_z10um_350msec_40povlp_ch00_C00_Z0325.tif
k295_1_1x_488_008na_1hfds_z10um_350msec_40povlp_ch00_C00_Z0326.tif
k295_1_1x_488_008na_1hfds_z10um_350msec_40povlp_ch00_C00_Z0327.tif
k295_1_1x_488_008na_1hfds_z10um_350msec_40povlp_ch00_C00_Z0328.tif
k295_1_1x_488_008na_1hfds_z10um_350msec_40povlp_ch00_C00_Z0329.tif
k295_1_1x_488_008na_1hfds_z10um_350msec_40povlp_ch00_C00_Z0330.tif
k295_1_1x_488_008na_1hfds_z10um_350msec_40povlp_ch00_C00_Z0331.tif
k295_1_1x_488_008na_1hfds_z10um_350msec_40povlp_ch00_C00_Z0332.tif
k295_1_1x_488_008na_1hfds_z10um_350msec_40povlp_ch00_C00_Z0333.tif
k295_1_1x_488_008na_1hfds_z10um_350msec_40povlp_ch00_C00_Z0351.tif
k295_1_1x_488_008na_1hfds_z10um_350msec_40povlp_ch00_C00_Z0352.tif
k295_1_1x_488_008na_1hfds_z10um_350msec_40povlp_ch00_C00_Z0353.tif
k295_1_1x_488_008na_1hfds_z10um_350msec_40povlp_ch00_C00_Z0354.tif
k295_1_1x_488_008na_1hfds_z10um_350msec_40povlp_ch00_C00_Z0355.tif
k295_1_1x_488_008na_1hfds_z10um_350msec_40povlp_ch00_C00_Z0356.tif
k295_1_1x_488_008na_1hfds_z10um_350msec_40povlp_ch00_C00_Z0357.tif
k295_1_1x_488_008na_1hfds_z10um_350msec_40povlp_ch00_C00_Z0358.tif
k295_1_1x_488_008na_1hfds_z10um_350msec_40povlp_ch00_C00_Z0359.tif
k295_1_1x_488_008na_1hfds_z10um_350msec_40povlp_ch00_C00_Z0360.tif
k295_1_1x_488_008na_1hfds_z10um_350msec_40povlp_ch00_C00_Z0361.tif
k295_1_1x_488_008na_1hfds_z10um_350msec_40povlp_ch00_C00_Z0362.tif
k295_1_1x_488_008na_1hfds_z10um_350msec_40povlp_ch00_C00_Z0363.tif
k295_1_1x_488_008na_1hfds_z10um_350msec_40povlp_ch00_C00_Z0364.tif
k295_1_1x_488_008na_1hfds_z10um_350msec_40povlp_ch00_C00_Z0365.tif
k295_1_1x_488_008na_1hfds_z10um_350msec_40povlp_ch00_C00_Z0366.tif
k295_1_1x_488_008na_1hfds_z10um_350msec_40povlp_ch00_C00_Z0367.tif
k295_1_1x_488_008na_1hfds_z10um_350msec_40povlp_ch00_C00_Z0538.tif
k295_1_1x_488_008na_1hfds_z10um_350msec_40povlp_ch00_C00_Z0539.tif
k295_1_1x_488_008na_1hfds_z10um_350msec_40povlp_ch00_C00_Z0540.tif
k295_1_1x_488_008na_1hfds_z10um_350msec_40povlp_ch00_C00_Z0541.tif
k295_1_1x_488_008na_1hfds_z10um_350msec_40povlp_ch00_C00_Z0542.tif
k295_1_1x_488_008na_1hfds_z10um_350msec_40povlp_ch00_C00_Z0543.tif
k295_1_1x_488_008na_1hfds_z10um_350msec_40povlp_ch00_C00_Z0544.tif
k295_1_1x_488_008na_1hfds_z10um_350msec_40povlp_ch00_C00_Z0545.tif
k295_1_1x_488_008na_1hfds_z10um_350msec_40povlp_ch00_C00_Z0546.tif
k295_1_1x_488_008na_1hfds_z10um_350msec_40povlp_ch00_C00_Z0547.tif
k295_1_1x_488_008na_1hfds_z10um_350msec_40povlp_ch00_C00_Z0548.tif
k295_1_1x_488_008na_1hfds_z10um_350msec_40povlp_ch00_C00_Z0549.tif
k295_1_1x_488_008na_1hfds_z10um_350msec_40povlp_ch00_C00_Z0550.tif
k295_1_1x_488_008na_1hfds_z10um_350msec_40povlp_ch00_C00_Z0551.tif
k295_1_1x_488_008na_1hfds_z10um_350msec_40povlp_ch00_C00_Z0552.tif
k295_1_1x_488_008na_1hfds_z10um_350msec_40povlp_ch00_C00_Z0553.tif
k295_1_1x_488_008na_1hfds_z10um_350msec_40povlp_ch00_C00_Z0554.tif
k295_1_1x_488_008na_1hfds_z10um_350msec_40povlp_ch00_C00_Z0776.tif
k295_1_1x_488_008na_1hfds_z10um_350msec_40povlp_ch00_C00_Z0777.tif
k295_1_1x_488_008na_1hfds_z10um_350msec_40povlp_ch00_C00_Z0778.tif
k295_1_1x_488_008na_1hfds_z10um_350msec_40povlp_ch00_C00_Z0779.tif
k295_1_1x_488_008na_1hfds_z10um_350msec_40povlp_ch00_C00_Z0780.tif
k295_1_1x_488_008na_1hfds_z10um_350msec_40povlp_ch00_C00_Z0781.tif
k295_1_1x_488_008na_1hfds_z10um_350msec_40povlp_ch00_C00_Z0782.tif
k295_1_1x_488_008na_1hfds_z10um_350msec_40povlp_ch00_C00_Z0783.tif
k295_1_1x_488_008na_1hfds_z10um_350msec_40povlp_ch00_C00_Z0784.tif
k295_1_1x_488_008na_1hfds_z10um_350msec_40povlp_ch00_C00_Z0785.tif
k295_1_1x_488_008na_1hfds_z10um_350msec_40povlp_ch00_C00_Z0786.tif
k295_1_1x_488_008na_1hfds_z10um_350msec_40povlp_ch00_C00_Z0787.tif
k295_1_1x_488_008na_1hfds_z10um_350msec_40povlp_ch00_C00_Z0788.tif
k295_1_1x_488_008na_1hfds_z10um_350msec_40povlp_ch00_C00_Z0789.tif
k295_1_1x_488_008na_1hfds_z10um_350msec_40povlp_ch00_C00_Z0790.tif
k295_1_1x_488_008na_1hfds_z10um_350msec_40povlp_ch00_C00_Z0791.tif
k295_1_1x_488_008na_1hfds_z10um_350msec_40povlp_ch00_C00_Z0792.tif
k295_1_1x_488_008na_1hfds_z10um_350msec_40povlp_ch00_C00_Z0089.tif
k295_1_1x_488_008na_1hfds_z10um_350msec_40povlp_ch00_C00_Z0090.tif
k295_1_1x_488_008na_1hfds_z10um_350msec_40povlp_ch00_C00_Z0091.tif
k295_1_1x_488_008na_1hfds_z10um_350msec_40povlp_ch00_C00_Z0092.tif
k295_1_1x_488_008na_1hfds_z10um_350msec_40povlp_ch00_C00_Z0093.tif
k295_1_1x_488_008na_1hfds_z10um_350msec_40povlp_ch00_C00_Z0094.tif
k295_1_1x_488_008na_1hfds_z10um_350msec_40povlp_ch00_C00_Z0095.tif
k295_1_1x_488_008na_1hfds_z10um_350msec_40povlp_ch00_C00_Z0096.tif
k295_1_1x_488_008na_1hfds_z10um_350msec_40povlp_ch00_C00_Z0097.tif
k295_1_1x_488_008na_1hfds_z10um_350msec_40povlp_ch00_C00_Z0098.tif
k295_1_1x_488_008na_1hfds_z10um_350msec_40povlp_ch00_C00_Z0099.tif
k295_1_1x_488_008na_1hfds_z10um_350msec_40povlp_ch00_C00_Z0100.tif
k295_1_1x_488_008na_1hfds_z10um_350msec_40povlp_ch00_C00_Z0101.tif
k295_1_1x_488_008na_1hfds_z10um_350msec_40povlp_ch00_C00_Z0102.tif
k295_1_1x_488_008na_1hfds_z10um_350msec_40povlp_ch00_C00_Z0103.tif
k295_1_1x_488_008na_1hfds_z10um_350msec_40povlp_ch00_C00_Z0104.tif
k295_1_1x_488_008na_1hfds_z10um_350msec_40povlp_ch00_C00_Z0105.tif
k295_1_1x_488_008na_1hfds_z10um_350msec_40povlp_ch00_C00_Z0402.tif
k295_1_1x_488_008na_1hfds_z10um_350msec_40povlp_ch00_C00_Z0403.tif
k295_1_1x_488_008na_1hfds_z10um_350msec_40povlp_ch00_C00_Z0404.tif
k295_1_1x_488_008na_1hfds_z10um_350msec_40povlp_ch00_C00_Z0405.tif
k295_1_1x_488_008na_1hfds_z10um_350msec_40povlp_ch00_C00_Z0406.tif
k295_1_1x_488_008na_1hfds_z10um_350msec_40povlp_ch00_C00_Z0407.tif
k295_1_1x_488_008na_1hfds_z10um_350msec_40povlp_ch00_C00_Z0408.tif
k295_1_1x_488_008na_1hfds_z10um_350msec_40povlp_ch00_C00_Z0409.tif
k295_1_1x_488_008na_1hfds_z10um_350msec_40povlp_ch00_C00_Z0410.tif
k295_1_1x_488_008na_1hfds_z10um_350msec_40povlp_ch00_C00_Z0411.tif
k295_1_1x_488_008na_1hfds_z10um_350msec_40povlp_ch00_C00_Z0412.tif
k295_1_1x_488_008na_1hfds_z10um_350msec_40povlp_ch00_C00_Z0413.tif
k295_1_1x_488_008na_1hfds_z10um_350msec_40povlp_ch00_C00_Z0414.tif
k295_1_1x_488_008na_1hfds_z10um_350msec_40povlp_ch00_C00_Z0415.tif
k295_1_1x_488_008na_1hfds_z10um_350msec_40povlp_ch00_C00_Z0416.tif
k295_1_1x_488_008na_1hfds_z10um_350msec_40povlp_ch00_C00_Z0417.tif
k295_1_1x_488_008na_1hfds_z10um_350msec_40povlp_ch00_C00_Z0418.tif
k295_1_1x_488_008na_1hfds_z10um_350msec_40povlp_ch00_C00_Z0589.tif
k295_1_1x_488_008na_1hfds_z10um_350msec_40povlp_ch00_C00_Z0590.tif
k295_1_1x_488_008na_1hfds_z10um_350msec_40povlp_ch00_C00_Z0591.tif
k295_1_1x_488_008na_1hfds_z10um_350msec_40povlp_ch00_C00_Z0592.tif
k295_1_1x_488_008na_1hfds_z10um_350msec_40povlp_ch00_C00_Z0593.tif
k295_1_1x_488_008na_1hfds_z10um_350msec_40povlp_ch00_C00_Z0594.tif
k295_1_1x_488_008na_1hfds_z10um_350msec_40povlp_ch00_C00_Z0595.tif
k295_1_1x_488_008na_1hfds_z10um_350msec_40povlp_ch00_C00_Z0596.tif
k295_1_1x_488_008na_1hfds_z10um_350msec_40povlp_ch00_C00_Z0597.tif
k295_1_1x_488_008na_1hfds_z10um_350msec_40povlp_ch00_C00_Z0598.tif
k295_1_1x_488_008na_1hfds_z10um_350msec_40povlp_ch00_C00_Z0599.tif
k295_1_1x_488_008na_1hfds_z10um_350msec_40povlp_ch00_C00_Z0600.tif
k295_1_1x_488_008na_1hfds_z10um_350msec_40povlp_ch00_C00_Z0601.tif
k295_1_1x_488_008na_1hfds_z10um_350msec_40povlp_ch00_C00_Z0602.tif
k295_1_1x_488_008na_1hfds_z10um_350msec_40povlp_ch00_C00_Z0603.tif
k295_1_1x_488_008na_1hfds_z10um_350msec_40povlp_ch00_C00_Z0604.tif
k295_1_1x_488_008na_1hfds_z10um_350msec_40povlp_ch00_C00_Z0605.tif
k295_1_1x_488_008na_1hfds_z10um_350msec_40povlp_ch00_C00_Z0827.tif
k295_1_1x_488_008na_1hfds_z10um_350msec_40povlp_ch00_C00_Z0828.tif
k295_1_1x_488_008na_1hfds_z10um_350msec_40povlp_ch00_C00_Z0829.tif
k295_1_1x_488_008na_1hfds_z10um_350msec_40povlp_ch00_C00_Z0830.tif
k295_1_1x_488_008na_1hfds_z10um_350msec_40povlp_ch00_C00_Z0831.tif
k295_1_1x_488_008na_1hfds_z10um_350msec_40povlp_ch00_C00_Z0832.tif
k295_1_1x_488_008na_1hfds_z10um_350msec_40povlp_ch00_C00_Z0833.tif
k295_1_1x_488_008na_1hfds_z10um_350msec_40povlp_ch00_C00_Z0834.tif
k295_1_1x_488_008na_1hfds_z10um_350msec_40povlp_ch00_C00_Z0835.tif
k295_1_1x_488_008na_1hfds_z10um_350msec_40povlp_ch00_C00_Z0836.tif
k295_1_1x_488_008na_1hfds_z10um_350msec_40povlp_ch00_C00_Z0837.tif
k295_1_1x_488_008na_1hfds_z10um_350msec_40povlp_ch00_C00_Z0838.tif
k295_1_1x_488_008na_1hfds_z10um_350msec_40povlp_ch00_C00_Z0839.tif
k295_1_1x_488_008na_1hfds_z10um_350msec_40povlp_ch00_C00_Z0840.tif
k295_1_1x_488_008na_1hfds_z10um_350msec_40povlp_ch00_C00_Z0841.tif
k295_1_1x_488_008na_1hfds_z10um_350msec_40povlp_ch00_C00_Z0842.tif
k295_1_1x_488_008na_1hfds_z10um_350msec_40povlp_ch00_C00_Z0843.tif
k295_1_1x_488_008na_1hfds_z10um_350msec_40povlp_ch00_C00_Z0283.tif
k295_1_1x_488_008na_1hfds_z10um_350msec_40povlp_ch00_C00_Z0284.tif
k295_1_1x_488_008na_1hfds_z10um_350msec_40povlp_ch00_C00_Z0285.tif
k295_1_1x_488_008na_1hfds_z10um_350msec_40povlp_ch00_C00_Z0286.tif
k295_1_1x_488_008na_1hfds_z10um_350msec_40povlp_ch00_C00_Z0287.tif
k295_1_1x_488_008na_1hfds_z10um_350msec_40povlp_ch00_C00_Z0288.tif
k295_1_1x_488_008na_1hfds_z10um_350msec_40povlp_ch00_C00_Z0289.tif
k295_1_1x_488_008na_1hfds_z10um_350msec_40povlp_ch00_C00_Z0290.tif
k295_1_1x_488_008na_1hfds_z10um_350msec_40povlp_ch00_C00_Z0291.tif
k295_1_1x_488_008na_1hfds_z10um_350msec_40povlp_ch00_C00_Z0292.tif
k295_1_1x_488_008na_1hfds_z10um_350msec_40povlp_ch00_C00_Z0293.tif
k295_1_1x_488_008na_1hfds_z10um_350msec_40povlp_ch00_C00_Z0294.tif
k295_1_1x_488_008na_1hfds_z10um_350msec_40povlp_ch00_C00_Z0295.tif
k295_1_1x_488_008na_1hfds_z10um_350msec_40povlp_ch00_C00_Z0296.tif
k295_1_1x_488_008na_1hfds_z10um_350msec_40povlp_ch00_C00_Z0297.tif
k295_1_1x_488_008na_1hfds_z10um_350msec_40povlp_ch00_C00_Z0298.tif
k295_1_1x_488_008na_1hfds_z10um_350msec_40povlp_ch00_C00_Z0299.tif
k295_1_1x_488_008na_1hfds_z10um_350msec_40povlp_ch00_C00_Z0504.tif
k295_1_1x_488_008na_1hfds_z10um_350msec_40povlp_ch00_C00_Z0505.tif
k295_1_1x_488_008na_1hfds_z10um_350msec_40povlp_ch00_C00_Z0506.tif
k295_1_1x_488_008na_1hfds_z10um_350msec_40povlp_ch00_C00_Z0507.tif
k295_1_1x_488_008na_1hfds_z10um_350msec_40povlp_ch00_C00_Z0508.tif
k295_1_1x_488_008na_1hfds_z10um_350msec_40povlp_ch00_C00_Z0509.tif
k295_1_1x_488_008na_1hfds_z10um_350msec_40povlp_ch00_C00_Z0510.tif
k295_1_1x_488_008na_1hfds_z10um_350msec_40povlp_ch00_C00_Z0511.tif
k295_1_1x_488_008na_1hfds_z10um_350msec_40povlp_ch00_C00_Z0512.tif
k295_1_1x_488_008na_1hfds_z10um_350msec_40povlp_ch00_C00_Z0513.tif
k295_1_1x_488_008na_1hfds_z10um_350msec_40povlp_ch00_C00_Z0514.tif
k295_1_1x_488_008na_1hfds_z10um_350msec_40povlp_ch00_C00_Z0515.tif
k295_1_1x_488_008na_1hfds_z10um_350msec_40povlp_ch00_C00_Z0516.tif
k295_1_1x_488_008na_1hfds_z10um_350msec_40povlp_ch00_C00_Z0517.tif
k295_1_1x_488_008na_1hfds_z10um_350msec_40povlp_ch00_C00_Z0518.tif
k295_1_1x_488_008na_1hfds_z10um_350msec_40povlp_ch00_C00_Z0519.tif
k295_1_1x_488_008na_1hfds_z10um_350msec_40povlp_ch00_C00_Z0520.tif
k295_1_1x_488_008na_1hfds_z10um_350msec_40povlp_ch00_C00_Z0691.tif
k295_1_1x_488_008na_1hfds_z10um_350msec_40povlp_ch00_C00_Z0692.tif
k295_1_1x_488_008na_1hfds_z10um_350msec_40povlp_ch00_C00_Z0693.tif
k295_1_1x_488_008na_1hfds_z10um_350msec_40povlp_ch00_C00_Z0694.tif
k295_1_1x_488_008na_1hfds_z10um_350msec_40povlp_ch00_C00_Z0695.tif
k295_1_1x_488_008na_1hfds_z10um_350msec_40povlp_ch00_C00_Z0696.tif
k295_1_1x_488_008na_1hfds_z10um_350msec_40povlp_ch00_C00_Z0697.tif
k295_1_1x_488_008na_1hfds_z10um_350msec_40povlp_ch00_C00_Z0698.tif
k295_1_1x_488_008na_1hfds_z10um_350msec_40povlp_ch00_C00_Z0699.tif
k295_1_1x_488_008na_1hfds_z10um_350msec_40povlp_ch00_C00_Z0700.tif
k295_1_1x_488_008na_1hfds_z10um_350msec_40povlp_ch00_C00_Z0701.tif
k295_1_1x_488_008na_1hfds_z10um_350msec_40povlp_ch00_C00_Z0702.tif
k295_1_1x_488_008na_1hfds_z10um_350msec_40povlp_ch00_C00_Z0703.tif
k295_1_1x_488_008na_1hfds_z10um_350msec_40povlp_ch00_C00_Z0704.tif
k295_1_1x_488_008na_1hfds_z10um_350msec_40povlp_ch00_C00_Z0705.tif
k295_1_1x_488_008na_1hfds_z10um_350msec_40povlp_ch00_C00_Z0706.tif
k295_1_1x_488_008na_1hfds_z10um_350msec_40povlp_ch00_C00_Z0707.tif
k295_1_1x_488_008na_1hfds_z10um_350msec_40povlp_ch00_C00_Z0912.tif
k295_1_1x_488_008na_1hfds_z10um_350msec_40povlp_ch00_C00_Z0913.tif
k295_1_1x_488_008na_1hfds_z10um_350msec_40povlp_ch00_C00_Z0914.tif
k295_1_1x_488_008na_1hfds_z10um_350msec_40povlp_ch00_C00_Z0915.tif
k295_1_1x_488_008na_1hfds_z10um_350msec_40povlp_ch00_C00_Z0916.tif
k295_1_1x_488_008na_1hfds_z10um_350msec_40povlp_ch00_C00_Z0917.tif
k295_1_1x_488_008na_1hfds_z10um_350msec_40povlp_ch00_C00_Z0918.tif
k295_1_1x_488_008na_1hfds_z10um_350msec_40povlp_ch00_C00_Z0919.tif
k295_1_1x_488_008na_1hfds_z10um_350msec_40povlp_ch00_C00_Z0920.tif
k295_1_1x_488_008na_1hfds_z10um_350msec_40povlp_ch00_C00_Z0921.tif
k295_1_1x_488_008na_1hfds_z10um_350msec_40povlp_ch00_C00_Z0922.tif
k295_1_1x_488_008na_1hfds_z10um_350msec_40povlp_ch00_C00_Z0923.tif
k295_1_1x_488_008na_1hfds_z10um_350msec_40povlp_ch00_C00_Z0924.tif
k295_1_1x_488_008na_1hfds_z10um_350msec_40povlp_ch00_C00_Z0925.tif
k295_1_1x_488_008na_1hfds_z10um_350msec_40povlp_ch00_C00_Z0926.tif
k295_1_1x_488_008na_1hfds_z10um_350msec_40povlp_ch00_C00_Z0927.tif
k295_1_1x_488_008na_1hfds_z10um_350msec_40povlp_ch00_C00_Z0928.tif
k295_1_1x_488_008na_1hfds_z10um_350msec_40povlp_ch00_C00_Z0106.tif
k295_1_1x_488_008na_1hfds_z10um_350msec_40povlp_ch00_C00_Z0107.tif
k295_1_1x_488_008na_1hfds_z10um_350msec_40povlp_ch00_C00_Z0108.tif
k295_1_1x_488_008na_1hfds_z10um_350msec_40povlp_ch00_C00_Z0109.tif
k295_1_1x_488_008na_1hfds_z10um_350msec_40povlp_ch00_C00_Z0110.tif
k295_1_1x_488_008na_1hfds_z10um_350msec_40povlp_ch00_C00_Z0111.tif
k295_1_1x_488_008na_1hfds_z10um_350msec_40povlp_ch00_C00_Z0112.tif
k295_1_1x_488_008na_1hfds_z10um_350msec_40povlp_ch00_C00_Z0113.tif
k295_1_1x_488_008na_1hfds_z10um_350msec_40povlp_ch00_C00_Z0114.tif
k295_1_1x_488_008na_1hfds_z10um_350msec_40povlp_ch00_C00_Z0115.tif
k295_1_1x_488_008na_1hfds_z10um_350msec_40povlp_ch00_C00_Z0116.tif
k295_1_1x_488_008na_1hfds_z10um_350msec_40povlp_ch00_C00_Z0117.tif
k295_1_1x_488_008na_1hfds_z10um_350msec_40povlp_ch00_C00_Z0118.tif
k295_1_1x_488_008na_1hfds_z10um_350msec_40povlp_ch00_C00_Z0119.tif
k295_1_1x_488_008na_1hfds_z10um_350msec_40povlp_ch00_C00_Z0120.tif
k295_1_1x_488_008na_1hfds_z10um_350msec_40povlp_ch00_C00_Z0121.tif
k295_1_1x_488_008na_1hfds_z10um_350msec_40povlp_ch00_C00_Z0122.tif
k295_1_1x_488_008na_1hfds_z10um_350msec_40povlp_ch00_C00_Z0436.tif
k295_1_1x_488_008na_1hfds_z10um_350msec_40povlp_ch00_C00_Z0437.tif
k295_1_1x_488_008na_1hfds_z10um_350msec_40povlp_ch00_C00_Z0438.tif
k295_1_1x_488_008na_1hfds_z10um_350msec_40povlp_ch00_C00_Z0439.tif
k295_1_1x_488_008na_1hfds_z10um_350msec_40povlp_ch00_C00_Z0440.tif
k295_1_1x_488_008na_1hfds_z10um_350msec_40povlp_ch00_C00_Z0441.tif
k295_1_1x_488_008na_1hfds_z10um_350msec_40povlp_ch00_C00_Z0442.tif
k295_1_1x_488_008na_1hfds_z10um_350msec_40povlp_ch00_C00_Z0443.tif
k295_1_1x_488_008na_1hfds_z10um_350msec_40povlp_ch00_C00_Z0444.tif
k295_1_1x_488_008na_1hfds_z10um_350msec_40povlp_ch00_C00_Z0445.tif
k295_1_1x_488_008na_1hfds_z10um_350msec_40povlp_ch00_C00_Z0446.tif
k295_1_1x_488_008na_1hfds_z10um_350msec_40povlp_ch00_C00_Z0447.tif
k295_1_1x_488_008na_1hfds_z10um_350msec_40povlp_ch00_C00_Z0448.tif
k295_1_1x_488_008na_1hfds_z10um_350msec_40povlp_ch00_C00_Z0449.tif
k295_1_1x_488_008na_1hfds_z10um_350msec_40povlp_ch00_C00_Z0450.tif
k295_1_1x_488_008na_1hfds_z10um_350msec_40povlp_ch00_C00_Z0451.tif
k295_1_1x_488_008na_1hfds_z10um_350msec_40povlp_ch00_C00_Z0452.tif
k295_1_1x_488_008na_1hfds_z10um_350msec_40povlp_ch00_C00_Z0640.tif
k295_1_1x_488_008na_1hfds_z10um_350msec_40povlp_ch00_C00_Z0641.tif
k295_1_1x_488_008na_1hfds_z10um_350msec_40povlp_ch00_C00_Z0642.tif
k295_1_1x_488_008na_1hfds_z10um_350msec_40povlp_ch00_C00_Z0643.tif
k295_1_1x_488_008na_1hfds_z10um_350msec_40povlp_ch00_C00_Z0644.tif
k295_1_1x_488_008na_1hfds_z10um_350msec_40povlp_ch00_C00_Z0645.tif
k295_1_1x_488_008na_1hfds_z10um_350msec_40povlp_ch00_C00_Z0646.tif
k295_1_1x_488_008na_1hfds_z10um_350msec_40povlp_ch00_C00_Z0647.tif
k295_1_1x_488_008na_1hfds_z10um_350msec_40povlp_ch00_C00_Z0648.tif
k295_1_1x_488_008na_1hfds_z10um_350msec_40povlp_ch00_C00_Z0649.tif
k295_1_1x_488_008na_1hfds_z10um_350msec_40povlp_ch00_C00_Z0650.tif
k295_1_1x_488_008na_1hfds_z10um_350msec_40povlp_ch00_C00_Z0651.tif
k295_1_1x_488_008na_1hfds_z10um_350msec_40povlp_ch00_C00_Z0652.tif
k295_1_1x_488_008na_1hfds_z10um_350msec_40povlp_ch00_C00_Z0653.tif
k295_1_1x_488_008na_1hfds_z10um_350msec_40povlp_ch00_C00_Z0654.tif
k295_1_1x_488_008na_1hfds_z10um_350msec_40povlp_ch00_C00_Z0655.tif
k295_1_1x_488_008na_1hfds_z10um_350msec_40povlp_ch00_C00_Z0656.tif
k295_1_1x_488_008na_1hfds_z10um_350msec_40povlp_ch00_C00_Z0793.tif
k295_1_1x_488_008na_1hfds_z10um_350msec_40povlp_ch00_C00_Z0794.tif
k295_1_1x_488_008na_1hfds_z10um_350msec_40povlp_ch00_C00_Z0795.tif
k295_1_1x_488_008na_1hfds_z10um_350msec_40povlp_ch00_C00_Z0796.tif
k295_1_1x_488_008na_1hfds_z10um_350msec_40povlp_ch00_C00_Z0797.tif
k295_1_1x_488_008na_1hfds_z10um_350msec_40povlp_ch00_C00_Z0798.tif
k295_1_1x_488_008na_1hfds_z10um_350msec_40povlp_ch00_C00_Z0799.tif
k295_1_1x_488_008na_1hfds_z10um_350msec_40povlp_ch00_C00_Z0800.tif
k295_1_1x_488_008na_1hfds_z10um_350msec_40povlp_ch00_C00_Z0801.tif
k295_1_1x_488_008na_1hfds_z10um_350msec_40povlp_ch00_C00_Z0802.tif
k295_1_1x_488_008na_1hfds_z10um_350msec_40povlp_ch00_C00_Z0803.tif
k295_1_1x_488_008na_1hfds_z10um_350msec_40povlp_ch00_C00_Z0804.tif
k295_1_1x_488_008na_1hfds_z10um_350msec_40povlp_ch00_C00_Z0805.tif
k295_1_1x_488_008na_1hfds_z10um_350msec_40povlp_ch00_C00_Z0806.tif
k295_1_1x_488_008na_1hfds_z10um_350msec_40povlp_ch00_C00_Z0807.tif
k295_1_1x_488_008na_1hfds_z10um_350msec_40povlp_ch00_C00_Z0808.tif
k295_1_1x_488_008na_1hfds_z10um_350msec_40povlp_ch00_C00_Z0809.tif
k295_1_1x_488_008na_1hfds_z10um_350msec_40povlp_ch00_C00_Z0157.tif
k295_1_1x_488_008na_1hfds_z10um_350msec_40povlp_ch00_C00_Z0195.tif
k295_1_1x_488_008na_1hfds_z10um_350msec_40povlp_ch00_C00_Z0196.tif
k295_1_1x_488_008na_1hfds_z10um_350msec_40povlp_ch00_C00_Z0197.tif
k295_1_1x_488_008na_1hfds_z10um_350msec_40povlp_ch00_C00_Z0198.tif
k295_1_1x_488_008na_1hfds_z10um_350msec_40povlp_ch00_C00_Z0199.tif
k295_1_1x_488_008na_1hfds_z10um_350msec_40povlp_ch00_C00_Z0200.tif
k295_1_1x_488_008na_1hfds_z10um_350msec_40povlp_ch00_C00_Z0201.tif
k295_1_1x_488_008na_1hfds_z10um_350msec_40povlp_ch00_C00_Z0202.tif
k295_1_1x_488_008na_1hfds_z10um_350msec_40povlp_ch00_C00_Z0203.tif
k295_1_1x_488_008na_1hfds_z10um_350msec_40povlp_ch00_C00_Z0204.tif
k295_1_1x_488_008na_1hfds_z10um_350msec_40povlp_ch00_C00_Z0205.tif
k295_1_1x_488_008na_1hfds_z10um_350msec_40povlp_ch00_C00_Z0206.tif
k295_1_1x_488_008na_1hfds_z10um_350msec_40povlp_ch00_C00_Z0207.tif
k295_1_1x_488_008na_1hfds_z10um_350msec_40povlp_ch00_C00_Z0208.tif
k295_1_1x_488_008na_1hfds_z10um_350msec_40povlp_ch00_C00_Z0209.tif
k295_1_1x_488_008na_1hfds_z10um_350msec_40povlp_ch00_C00_Z0210.tif
k295_1_1x_488_008na_1hfds_z10um_350msec_40povlp_ch00_C00_Z0419.tif
k295_1_1x_488_008na_1hfds_z10um_350msec_40povlp_ch00_C00_Z0420.tif
k295_1_1x_488_008na_1hfds_z10um_350msec_40povlp_ch00_C00_Z0421.tif
k295_1_1x_488_008na_1hfds_z10um_350msec_40povlp_ch00_C00_Z0422.tif
k295_1_1x_488_008na_1hfds_z10um_350msec_40povlp_ch00_C00_Z0423.tif
k295_1_1x_488_008na_1hfds_z10um_350msec_40povlp_ch00_C00_Z0424.tif
k295_1_1x_488_008na_1hfds_z10um_350msec_40povlp_ch00_C00_Z0425.tif
k295_1_1x_488_008na_1hfds_z10um_350msec_40povlp_ch00_C00_Z0426.tif
k295_1_1x_488_008na_1hfds_z10um_350msec_40povlp_ch00_C00_Z0427.tif
k295_1_1x_488_008na_1hfds_z10um_350msec_40povlp_ch00_C00_Z0428.tif
k295_1_1x_488_008na_1hfds_z10um_350msec_40povlp_ch00_C00_Z0429.tif
k295_1_1x_488_008na_1hfds_z10um_350msec_40povlp_ch00_C00_Z0430.tif
k295_1_1x_488_008na_1hfds_z10um_350msec_40povlp_ch00_C00_Z0431.tif
k295_1_1x_488_008na_1hfds_z10um_350msec_40povlp_ch00_C00_Z0432.tif
k295_1_1x_488_008na_1hfds_z10um_350msec_40povlp_ch00_C00_Z0433.tif
k295_1_1x_488_008na_1hfds_z10um_350msec_40povlp_ch00_C00_Z0434.tif
k295_1_1x_488_008na_1hfds_z10um_350msec_40povlp_ch00_C00_Z0435.tif
k295_1_1x_488_008na_1hfds_z10um_350msec_40povlp_ch00_C00_Z0657.tif
k295_1_1x_488_008na_1hfds_z10um_350msec_40povlp_ch00_C00_Z0658.tif
k295_1_1x_488_008na_1hfds_z10um_350msec_40povlp_ch00_C00_Z0659.tif
k295_1_1x_488_008na_1hfds_z10um_350msec_40povlp_ch00_C00_Z0660.tif
k295_1_1x_488_008na_1hfds_z10um_350msec_40povlp_ch00_C00_Z0661.tif
k295_1_1x_488_008na_1hfds_z10um_350msec_40povlp_ch00_C00_Z0662.tif
k295_1_1x_488_008na_1hfds_z10um_350msec_40povlp_ch00_C00_Z0663.tif
k295_1_1x_488_008na_1hfds_z10um_350msec_40povlp_ch00_C00_Z0664.tif
k295_1_1x_488_008na_1hfds_z10um_350msec_40povlp_ch00_C00_Z0665.tif
k295_1_1x_488_008na_1hfds_z10um_350msec_40povlp_ch00_C00_Z0666.tif
k295_1_1x_488_008na_1hfds_z10um_350msec_40povlp_ch00_C00_Z0667.tif
k295_1_1x_488_008na_1hfds_z10um_350msec_40povlp_ch00_C00_Z0668.tif
k295_1_1x_488_008na_1hfds_z10um_350msec_40povlp_ch00_C00_Z0669.tif
k295_1_1x_488_008na_1hfds_z10um_350msec_40povlp_ch00_C00_Z0670.tif
k295_1_1x_488_008na_1hfds_z10um_350msec_40povlp_ch00_C00_Z0671.tif
k295_1_1x_488_008na_1hfds_z10um_350msec_40povlp_ch00_C00_Z0672.tif
k295_1_1x_488_008na_1hfds_z10um_350msec_40povlp_ch00_C00_Z0673.tif
k295_1_1x_488_008na_1hfds_z10um_350msec_40povlp_ch00_C00_Z0844.tif
k295_1_1x_488_008na_1hfds_z10um_350msec_40povlp_ch00_C00_Z0845.tif
k295_1_1x_488_008na_1hfds_z10um_350msec_40povlp_ch00_C00_Z0846.tif
k295_1_1x_488_008na_1hfds_z10um_350msec_40povlp_ch00_C00_Z0847.tif
k295_1_1x_488_008na_1hfds_z10um_350msec_40povlp_ch00_C00_Z0848.tif
k295_1_1x_488_008na_1hfds_z10um_350msec_40povlp_ch00_C00_Z0849.tif
k295_1_1x_488_008na_1hfds_z10um_350msec_40povlp_ch00_C00_Z0850.tif
k295_1_1x_488_008na_1hfds_z10um_350msec_40povlp_ch00_C00_Z0851.tif
k295_1_1x_488_008na_1hfds_z10um_350msec_40povlp_ch00_C00_Z0852.tif
k295_1_1x_488_008na_1hfds_z10um_350msec_40povlp_ch00_C00_Z0853.tif
k295_1_1x_488_008na_1hfds_z10um_350msec_40povlp_ch00_C00_Z0854.tif
k295_1_1x_488_008na_1hfds_z10um_350msec_40povlp_ch00_C00_Z0855.tif
k295_1_1x_488_008na_1hfds_z10um_350msec_40povlp_ch00_C00_Z0856.tif
k295_1_1x_488_008na_1hfds_z10um_350msec_40povlp_ch00_C00_Z0857.tif
k295_1_1x_488_008na_1hfds_z10um_350msec_40povlp_ch00_C00_Z0858.tif
k295_1_1x_488_008na_1hfds_z10um_350msec_40povlp_ch00_C00_Z0859.tif
k295_1_1x_488_008na_1hfds_z10um_350msec_40povlp_ch00_C00_Z0860.tif
k295_1_1x_488_008na_1hfds_z10um_350msec_40povlp_ch00_C00_Z0300.tif
k295_1_1x_488_008na_1hfds_z10um_350msec_40povlp_ch00_C00_Z0301.tif
k295_1_1x_488_008na_1hfds_z10um_350msec_40povlp_ch00_C00_Z0302.tif
k295_1_1x_488_008na_1hfds_z10um_350msec_40povlp_ch00_C00_Z0303.tif
k295_1_1x_488_008na_1hfds_z10um_350msec_40povlp_ch00_C00_Z0304.tif
k295_1_1x_488_008na_1hfds_z10um_350msec_40povlp_ch00_C00_Z0305.tif
k295_1_1x_488_008na_1hfds_z10um_350msec_40povlp_ch00_C00_Z0306.tif
k295_1_1x_488_008na_1hfds_z10um_350msec_40povlp_ch00_C00_Z0307.tif
k295_1_1x_488_008na_1hfds_z10um_350msec_40povlp_ch00_C00_Z0308.tif
k295_1_1x_488_008na_1hfds_z10um_350msec_40povlp_ch00_C00_Z0309.tif
k295_1_1x_488_008na_1hfds_z10um_350msec_40povlp_ch00_C00_Z0310.tif
k295_1_1x_488_008na_1hfds_z10um_350msec_40povlp_ch00_C00_Z0311.tif
k295_1_1x_488_008na_1hfds_z10um_350msec_40povlp_ch00_C00_Z0312.tif
k295_1_1x_488_008na_1hfds_z10um_350msec_40povlp_ch00_C00_Z0313.tif
k295_1_1x_488_008na_1hfds_z10um_350msec_40povlp_ch00_C00_Z0314.tif
k295_1_1x_488_008na_1hfds_z10um_350msec_40povlp_ch00_C00_Z0315.tif
k295_1_1x_488_008na_1hfds_z10um_350msec_40povlp_ch00_C00_Z0316.tif
k295_1_1x_488_008na_1hfds_z10um_350msec_40povlp_ch00_C00_Z0521.tif
k295_1_1x_488_008na_1hfds_z10um_350msec_40povlp_ch00_C00_Z0522.tif
k295_1_1x_488_008na_1hfds_z10um_350msec_40povlp_ch00_C00_Z0523.tif
k295_1_1x_488_008na_1hfds_z10um_350msec_40povlp_ch00_C00_Z0524.tif
k295_1_1x_488_008na_1hfds_z10um_350msec_40povlp_ch00_C00_Z0525.tif
k295_1_1x_488_008na_1hfds_z10um_350msec_40povlp_ch00_C00_Z0526.tif
k295_1_1x_488_008na_1hfds_z10um_350msec_40povlp_ch00_C00_Z0527.tif
k295_1_1x_488_008na_1hfds_z10um_350msec_40povlp_ch00_C00_Z0528.tif
k295_1_1x_488_008na_1hfds_z10um_350msec_40povlp_ch00_C00_Z0529.tif
k295_1_1x_488_008na_1hfds_z10um_350msec_40povlp_ch00_C00_Z0530.tif
k295_1_1x_488_008na_1hfds_z10um_350msec_40povlp_ch00_C00_Z0531.tif
k295_1_1x_488_008na_1hfds_z10um_350msec_40povlp_ch00_C00_Z0532.tif
k295_1_1x_488_008na_1hfds_z10um_350msec_40povlp_ch00_C00_Z0533.tif
k295_1_1x_488_008na_1hfds_z10um_350msec_40povlp_ch00_C00_Z0534.tif
k295_1_1x_488_008na_1hfds_z10um_350msec_40povlp_ch00_C00_Z0535.tif
k295_1_1x_488_008na_1hfds_z10um_350msec_40povlp_ch00_C00_Z0536.tif
k295_1_1x_488_008na_1hfds_z10um_350msec_40povlp_ch00_C00_Z0537.tif
k295_1_1x_488_008na_1hfds_z10um_350msec_40povlp_ch00_C00_Z0708.tif
k295_1_1x_488_008na_1hfds_z10um_350msec_40povlp_ch00_C00_Z0709.tif
k295_1_1x_488_008na_1hfds_z10um_350msec_40povlp_ch00_C00_Z0710.tif
k295_1_1x_488_008na_1hfds_z10um_350msec_40povlp_ch00_C00_Z0711.tif
k295_1_1x_488_008na_1hfds_z10um_350msec_40povlp_ch00_C00_Z0712.tif
k295_1_1x_488_008na_1hfds_z10um_350msec_40povlp_ch00_C00_Z0713.tif
k295_1_1x_488_008na_1hfds_z10um_350msec_40povlp_ch00_C00_Z0714.tif
k295_1_1x_488_008na_1hfds_z10um_350msec_40povlp_ch00_C00_Z0715.tif
k295_1_1x_488_008na_1hfds_z10um_350msec_40povlp_ch00_C00_Z0716.tif
k295_1_1x_488_008na_1hfds_z10um_350msec_40povlp_ch00_C00_Z0717.tif
k295_1_1x_488_008na_1hfds_z10um_350msec_40povlp_ch00_C00_Z0718.tif
k295_1_1x_488_008na_1hfds_z10um_350msec_40povlp_ch00_C00_Z0719.tif
k295_1_1x_488_008na_1hfds_z10um_350msec_40povlp_ch00_C00_Z0720.tif
k295_1_1x_488_008na_1hfds_z10um_350msec_40povlp_ch00_C00_Z0721.tif
k295_1_1x_488_008na_1hfds_z10um_350msec_40povlp_ch00_C00_Z0722.tif
k295_1_1x_488_008na_1hfds_z10um_350msec_40povlp_ch00_C00_Z0723.tif
k295_1_1x_488_008na_1hfds_z10um_350msec_40povlp_ch00_C00_Z0724.tif
k295_1_1x_488_008na_1hfds_z10um_350msec_40povlp_ch00_C00_Z0878.tif
k295_1_1x_488_008na_1hfds_z10um_350msec_40povlp_ch00_C00_Z0879.tif
k295_1_1x_488_008na_1hfds_z10um_350msec_40povlp_ch00_C00_Z0880.tif
k295_1_1x_488_008na_1hfds_z10um_350msec_40povlp_ch00_C00_Z0881.tif
k295_1_1x_488_008na_1hfds_z10um_350msec_40povlp_ch00_C00_Z0882.tif
k295_1_1x_488_008na_1hfds_z10um_350msec_40povlp_ch00_C00_Z0883.tif
k295_1_1x_488_008na_1hfds_z10um_350msec_40povlp_ch00_C00_Z0884.tif
k295_1_1x_488_008na_1hfds_z10um_350msec_40povlp_ch00_C00_Z0885.tif
k295_1_1x_488_008na_1hfds_z10um_350msec_40povlp_ch00_C00_Z0886.tif
k295_1_1x_488_008na_1hfds_z10um_350msec_40povlp_ch00_C00_Z0887.tif
k295_1_1x_488_008na_1hfds_z10um_350msec_40povlp_ch00_C00_Z0888.tif
k295_1_1x_488_008na_1hfds_z10um_350msec_40povlp_ch00_C00_Z0889.tif
k295_1_1x_488_008na_1hfds_z10um_350msec_40povlp_ch00_C00_Z0890.tif
k295_1_1x_488_008na_1hfds_z10um_350msec_40povlp_ch00_C00_Z0891.tif
k295_1_1x_488_008na_1hfds_z10um_350msec_40povlp_ch00_C00_Z0892.tif
k295_1_1x_488_008na_1hfds_z10um_350msec_40povlp_ch00_C00_Z0893.tif
k295_1_1x_488_008na_1hfds_z10um_350msec_40povlp_ch00_C00_Z0894.tif
k295_1_1x_488_008na_1hfds_z10um_350msec_40povlp_ch00_C00_Z0211.tif
k295_1_1x_488_008na_1hfds_z10um_350msec_40povlp_ch00_C00_Z0212.tif
k295_1_1x_488_008na_1hfds_z10um_350msec_40povlp_ch00_C00_Z0234.tif
k295_1_1x_488_008na_1hfds_z10um_350msec_40povlp_ch00_C00_Z0235.tif
k295_1_1x_488_008na_1hfds_z10um_350msec_40povlp_ch00_C00_Z0236.tif
k295_1_1x_488_008na_1hfds_z10um_350msec_40povlp_ch00_C00_Z0237.tif
k295_1_1x_488_008na_1hfds_z10um_350msec_40povlp_ch00_C00_Z0238.tif
k295_1_1x_488_008na_1hfds_z10um_350msec_40povlp_ch00_C00_Z0239.tif
k295_1_1x_488_008na_1hfds_z10um_350msec_40povlp_ch00_C00_Z0240.tif
k295_1_1x_488_008na_1hfds_z10um_350msec_40povlp_ch00_C00_Z0241.tif
k295_1_1x_488_008na_1hfds_z10um_350msec_40povlp_ch00_C00_Z0242.tif
k295_1_1x_488_008na_1hfds_z10um_350msec_40povlp_ch00_C00_Z0243.tif
k295_1_1x_488_008na_1hfds_z10um_350msec_40povlp_ch00_C00_Z0244.tif
k295_1_1x_488_008na_1hfds_z10um_350msec_40povlp_ch00_C00_Z0245.tif
k295_1_1x_488_008na_1hfds_z10um_350msec_40povlp_ch00_C00_Z0246.tif
k295_1_1x_488_008na_1hfds_z10um_350msec_40povlp_ch00_C00_Z0247.tif
k295_1_1x_488_008na_1hfds_z10um_350msec_40povlp_ch00_C00_Z0248.tif
k295_1_1x_488_008na_1hfds_z10um_350msec_40povlp_ch00_C00_Z0453.tif
k295_1_1x_488_008na_1hfds_z10um_350msec_40povlp_ch00_C00_Z0454.tif
k295_1_1x_488_008na_1hfds_z10um_350msec_40povlp_ch00_C00_Z0455.tif
k295_1_1x_488_008na_1hfds_z10um_350msec_40povlp_ch00_C00_Z0456.tif
k295_1_1x_488_008na_1hfds_z10um_350msec_40povlp_ch00_C00_Z0457.tif
k295_1_1x_488_008na_1hfds_z10um_350msec_40povlp_ch00_C00_Z0458.tif
k295_1_1x_488_008na_1hfds_z10um_350msec_40povlp_ch00_C00_Z0459.tif
k295_1_1x_488_008na_1hfds_z10um_350msec_40povlp_ch00_C00_Z0460.tif
k295_1_1x_488_008na_1hfds_z10um_350msec_40povlp_ch00_C00_Z0461.tif
k295_1_1x_488_008na_1hfds_z10um_350msec_40povlp_ch00_C00_Z0462.tif
k295_1_1x_488_008na_1hfds_z10um_350msec_40povlp_ch00_C00_Z0463.tif
k295_1_1x_488_008na_1hfds_z10um_350msec_40povlp_ch00_C00_Z0464.tif
k295_1_1x_488_008na_1hfds_z10um_350msec_40povlp_ch00_C00_Z0465.tif
k295_1_1x_488_008na_1hfds_z10um_350msec_40povlp_ch00_C00_Z0466.tif
k295_1_1x_488_008na_1hfds_z10um_350msec_40povlp_ch00_C00_Z0467.tif
k295_1_1x_488_008na_1hfds_z10um_350msec_40povlp_ch00_C00_Z0468.tif
k295_1_1x_488_008na_1hfds_z10um_350msec_40povlp_ch00_C00_Z0469.tif
k295_1_1x_488_008na_1hfds_z10um_350msec_40povlp_ch00_C00_Z0606.tif
k295_1_1x_488_008na_1hfds_z10um_350msec_40povlp_ch00_C00_Z0607.tif
k295_1_1x_488_008na_1hfds_z10um_350msec_40povlp_ch00_C00_Z0608.tif
k295_1_1x_488_008na_1hfds_z10um_350msec_40povlp_ch00_C00_Z0609.tif
k295_1_1x_488_008na_1hfds_z10um_350msec_40povlp_ch00_C00_Z0610.tif
k295_1_1x_488_008na_1hfds_z10um_350msec_40povlp_ch00_C00_Z0611.tif
k295_1_1x_488_008na_1hfds_z10um_350msec_40povlp_ch00_C00_Z0612.tif
k295_1_1x_488_008na_1hfds_z10um_350msec_40povlp_ch00_C00_Z0613.tif
k295_1_1x_488_008na_1hfds_z10um_350msec_40povlp_ch00_C00_Z0614.tif
k295_1_1x_488_008na_1hfds_z10um_350msec_40povlp_ch00_C00_Z0615.tif
k295_1_1x_488_008na_1hfds_z10um_350msec_40povlp_ch00_C00_Z0616.tif
k295_1_1x_488_008na_1hfds_z10um_350msec_40povlp_ch00_C00_Z0617.tif
k295_1_1x_488_008na_1hfds_z10um_350msec_40povlp_ch00_C00_Z0618.tif
k295_1_1x_488_008na_1hfds_z10um_350msec_40povlp_ch00_C00_Z0619.tif
k295_1_1x_488_008na_1hfds_z10um_350msec_40povlp_ch00_C00_Z0620.tif
k295_1_1x_488_008na_1hfds_z10um_350msec_40povlp_ch00_C00_Z0621.tif
k295_1_1x_488_008na_1hfds_z10um_350msec_40povlp_ch00_C00_Z0622.tif
k295_1_1x_488_008na_1hfds_z10um_350msec_40povlp_ch00_C00_Z0895.tif
k295_1_1x_488_008na_1hfds_z10um_350msec_40povlp_ch00_C00_Z0896.tif
k295_1_1x_488_008na_1hfds_z10um_350msec_40povlp_ch00_C00_Z0897.tif
k295_1_1x_488_008na_1hfds_z10um_350msec_40povlp_ch00_C00_Z0898.tif
k295_1_1x_488_008na_1hfds_z10um_350msec_40povlp_ch00_C00_Z0899.tif
k295_1_1x_488_008na_1hfds_z10um_350msec_40povlp_ch00_C00_Z0900.tif
k295_1_1x_488_008na_1hfds_z10um_350msec_40povlp_ch00_C00_Z0901.tif
k295_1_1x_488_008na_1hfds_z10um_350msec_40povlp_ch00_C00_Z0902.tif
k295_1_1x_488_008na_1hfds_z10um_350msec_40povlp_ch00_C00_Z0903.tif
k295_1_1x_488_008na_1hfds_z10um_350msec_40povlp_ch00_C00_Z0904.tif
k295_1_1x_488_008na_1hfds_z10um_350msec_40povlp_ch00_C00_Z0905.tif
k295_1_1x_488_008na_1hfds_z10um_350msec_40povlp_ch00_C00_Z0906.tif
k295_1_1x_488_008na_1hfds_z10um_350msec_40povlp_ch00_C00_Z0907.tif
k295_1_1x_488_008na_1hfds_z10um_350msec_40povlp_ch00_C00_Z0908.tif
k295_1_1x_488_008na_1hfds_z10um_350msec_40povlp_ch00_C00_Z0909.tif
k295_1_1x_488_008na_1hfds_z10um_350msec_40povlp_ch00_C00_Z0910.tif
k295_1_1x_488_008na_1hfds_z10um_350msec_40povlp_ch00_C00_Z0911.tif
