In the directory: /scratch/ejdennis/rat_BrainPipe/rat_atlas 
As the user: ejdennis 
on host: spock-brody02-01 
Cpus_allowed_list:	0-11
Array Index: 9
9
/jukebox/LightSheetData/brodyatlas/processed/c515
c515
c515
0
100
200
300
400
500
600
700
800
900
c515_1_1x_488_008na_1hfds_z10um_350msec_40povlp_ch00_C00_Z0200.tif
c515_1_1x_488_008na_1hfds_z10um_350msec_40povlp_ch00_C00_Z0201.tif
c515_1_1x_488_008na_1hfds_z10um_350msec_40povlp_ch00_C00_Z0202.tif
c515_1_1x_488_008na_1hfds_z10um_350msec_40povlp_ch00_C00_Z0203.tif
c515_1_1x_488_008na_1hfds_z10um_350msec_40povlp_ch00_C00_Z0204.tif
c515_1_1x_488_008na_1hfds_z10um_350msec_40povlp_ch00_C00_Z0205.tif
c515_1_1x_488_008na_1hfds_z10um_350msec_40povlp_ch00_C00_Z0206.tif
c515_1_1x_488_008na_1hfds_z10um_350msec_40povlp_ch00_C00_Z0207.tif
c515_1_1x_488_008na_1hfds_z10um_350msec_40povlp_ch00_C00_Z0208.tif
c515_1_1x_488_008na_1hfds_z10um_350msec_40povlp_ch00_C00_Z0209.tif
c515_1_1x_488_008na_1hfds_z10um_350msec_40povlp_ch00_C00_Z0210.tif
c515_1_1x_488_008na_1hfds_z10um_350msec_40povlp_ch00_C00_Z0211.tif
c515_1_1x_488_008na_1hfds_z10um_350msec_40povlp_ch00_C00_Z0212.tif
c515_1_1x_488_008na_1hfds_z10um_350msec_40povlp_ch00_C00_Z0213.tif
c515_1_1x_488_008na_1hfds_z10um_350msec_40povlp_ch00_C00_Z0214.tif
c515_1_1x_488_008na_1hfds_z10um_350msec_40povlp_ch00_C00_Z0215.tif
c515_1_1x_488_008na_1hfds_z10um_350msec_40povlp_ch00_C00_Z0216.tif
c515_1_1x_488_008na_1hfds_z10um_350msec_40povlp_ch00_C00_Z0217.tif
c515_1_1x_488_008na_1hfds_z10um_350msec_40povlp_ch00_C00_Z0218.tif
c515_1_1x_488_008na_1hfds_z10um_350msec_40povlp_ch00_C00_Z0219.tif
c515_1_1x_488_008na_1hfds_z10um_350msec_40povlp_ch00_C00_Z0460.tif
c515_1_1x_488_008na_1hfds_z10um_350msec_40povlp_ch00_C00_Z0461.tif
c515_1_1x_488_008na_1hfds_z10um_350msec_40povlp_ch00_C00_Z0462.tif
c515_1_1x_488_008na_1hfds_z10um_350msec_40povlp_ch00_C00_Z0463.tif
c515_1_1x_488_008na_1hfds_z10um_350msec_40povlp_ch00_C00_Z0464.tif
c515_1_1x_488_008na_1hfds_z10um_350msec_40povlp_ch00_C00_Z0465.tif
c515_1_1x_488_008na_1hfds_z10um_350msec_40povlp_ch00_C00_Z0466.tif
c515_1_1x_488_008na_1hfds_z10um_350msec_40povlp_ch00_C00_Z0467.tif
c515_1_1x_488_008na_1hfds_z10um_350msec_40povlp_ch00_C00_Z0468.tif
c515_1_1x_488_008na_1hfds_z10um_350msec_40povlp_ch00_C00_Z0469.tif
c515_1_1x_488_008na_1hfds_z10um_350msec_40povlp_ch00_C00_Z0470.tif
c515_1_1x_488_008na_1hfds_z10um_350msec_40povlp_ch00_C00_Z0471.tif
c515_1_1x_488_008na_1hfds_z10um_350msec_40povlp_ch00_C00_Z0472.tif
c515_1_1x_488_008na_1hfds_z10um_350msec_40povlp_ch00_C00_Z0473.tif
c515_1_1x_488_008na_1hfds_z10um_350msec_40povlp_ch00_C00_Z0474.tif
c515_1_1x_488_008na_1hfds_z10um_350msec_40povlp_ch00_C00_Z0475.tif
c515_1_1x_488_008na_1hfds_z10um_350msec_40povlp_ch00_C00_Z0476.tif
c515_1_1x_488_008na_1hfds_z10um_350msec_40povlp_ch00_C00_Z0477.tif
c515_1_1x_488_008na_1hfds_z10um_350msec_40povlp_ch00_C00_Z0478.tif
c515_1_1x_488_008na_1hfds_z10um_350msec_40povlp_ch00_C00_Z0479.tif
c515_1_1x_488_008na_1hfds_z10um_350msec_40povlp_ch00_C00_Z0700.tif
c515_1_1x_488_008na_1hfds_z10um_350msec_40povlp_ch00_C00_Z0701.tif
c515_1_1x_488_008na_1hfds_z10um_350msec_40povlp_ch00_C00_Z0702.tif
c515_1_1x_488_008na_1hfds_z10um_350msec_40povlp_ch00_C00_Z0703.tif
c515_1_1x_488_008na_1hfds_z10um_350msec_40povlp_ch00_C00_Z0704.tif
c515_1_1x_488_008na_1hfds_z10um_350msec_40povlp_ch00_C00_Z0705.tif
c515_1_1x_488_008na_1hfds_z10um_350msec_40povlp_ch00_C00_Z0706.tif
c515_1_1x_488_008na_1hfds_z10um_350msec_40povlp_ch00_C00_Z0707.tif
c515_1_1x_488_008na_1hfds_z10um_350msec_40povlp_ch00_C00_Z0708.tif
c515_1_1x_488_008na_1hfds_z10um_350msec_40povlp_ch00_C00_Z0709.tif
c515_1_1x_488_008na_1hfds_z10um_350msec_40povlp_ch00_C00_Z0710.tif
c515_1_1x_488_008na_1hfds_z10um_350msec_40povlp_ch00_C00_Z0711.tif
c515_1_1x_488_008na_1hfds_z10um_350msec_40povlp_ch00_C00_Z0712.tif
c515_1_1x_488_008na_1hfds_z10um_350msec_40povlp_ch00_C00_Z0713.tif
c515_1_1x_488_008na_1hfds_z10um_350msec_40povlp_ch00_C00_Z0714.tif
c515_1_1x_488_008na_1hfds_z10um_350msec_40povlp_ch00_C00_Z0715.tif
c515_1_1x_488_008na_1hfds_z10um_350msec_40povlp_ch00_C00_Z0716.tif
c515_1_1x_488_008na_1hfds_z10um_350msec_40povlp_ch00_C00_Z0717.tif
c515_1_1x_488_008na_1hfds_z10um_350msec_40povlp_ch00_C00_Z0718.tif
c515_1_1x_488_008na_1hfds_z10um_350msec_40povlp_ch00_C00_Z0719.tif
c515_1_1x_488_008na_1hfds_z10um_350msec_40povlp_ch00_C00_Z0220.tif
c515_1_1x_488_008na_1hfds_z10um_350msec_40povlp_ch00_C00_Z0221.tif
c515_1_1x_488_008na_1hfds_z10um_350msec_40povlp_ch00_C00_Z0222.tif
c515_1_1x_488_008na_1hfds_z10um_350msec_40povlp_ch00_C00_Z0223.tif
c515_1_1x_488_008na_1hfds_z10um_350msec_40povlp_ch00_C00_Z0224.tif
c515_1_1x_488_008na_1hfds_z10um_350msec_40povlp_ch00_C00_Z0225.tif
c515_1_1x_488_008na_1hfds_z10um_350msec_40povlp_ch00_C00_Z0226.tif
c515_1_1x_488_008na_1hfds_z10um_350msec_40povlp_ch00_C00_Z0227.tif
c515_1_1x_488_008na_1hfds_z10um_350msec_40povlp_ch00_C00_Z0228.tif
c515_1_1x_488_008na_1hfds_z10um_350msec_40povlp_ch00_C00_Z0229.tif
c515_1_1x_488_008na_1hfds_z10um_350msec_40povlp_ch00_C00_Z0230.tif
c515_1_1x_488_008na_1hfds_z10um_350msec_40povlp_ch00_C00_Z0231.tif
c515_1_1x_488_008na_1hfds_z10um_350msec_40povlp_ch00_C00_Z0232.tif
c515_1_1x_488_008na_1hfds_z10um_350msec_40povlp_ch00_C00_Z0233.tif
c515_1_1x_488_008na_1hfds_z10um_350msec_40povlp_ch00_C00_Z0234.tif
c515_1_1x_488_008na_1hfds_z10um_350msec_40povlp_ch00_C00_Z0235.tif
c515_1_1x_488_008na_1hfds_z10um_350msec_40povlp_ch00_C00_Z0236.tif
c515_1_1x_488_008na_1hfds_z10um_350msec_40povlp_ch00_C00_Z0237.tif
c515_1_1x_488_008na_1hfds_z10um_350msec_40povlp_ch00_C00_Z0238.tif
c515_1_1x_488_008na_1hfds_z10um_350msec_40povlp_ch00_C00_Z0239.tif
c515_1_1x_488_008na_1hfds_z10um_350msec_40povlp_ch00_C00_Z0440.tif
c515_1_1x_488_008na_1hfds_z10um_350msec_40povlp_ch00_C00_Z0441.tif
c515_1_1x_488_008na_1hfds_z10um_350msec_40povlp_ch00_C00_Z0442.tif
c515_1_1x_488_008na_1hfds_z10um_350msec_40povlp_ch00_C00_Z0443.tif
c515_1_1x_488_008na_1hfds_z10um_350msec_40povlp_ch00_C00_Z0444.tif
c515_1_1x_488_008na_1hfds_z10um_350msec_40povlp_ch00_C00_Z0445.tif
c515_1_1x_488_008na_1hfds_z10um_350msec_40povlp_ch00_C00_Z0446.tif
c515_1_1x_488_008na_1hfds_z10um_350msec_40povlp_ch00_C00_Z0447.tif
c515_1_1x_488_008na_1hfds_z10um_350msec_40povlp_ch00_C00_Z0448.tif
c515_1_1x_488_008na_1hfds_z10um_350msec_40povlp_ch00_C00_Z0449.tif
c515_1_1x_488_008na_1hfds_z10um_350msec_40povlp_ch00_C00_Z0450.tif
c515_1_1x_488_008na_1hfds_z10um_350msec_40povlp_ch00_C00_Z0451.tif
c515_1_1x_488_008na_1hfds_z10um_350msec_40povlp_ch00_C00_Z0452.tif
c515_1_1x_488_008na_1hfds_z10um_350msec_40povlp_ch00_C00_Z0453.tif
c515_1_1x_488_008na_1hfds_z10um_350msec_40povlp_ch00_C00_Z0454.tif
c515_1_1x_488_008na_1hfds_z10um_350msec_40povlp_ch00_C00_Z0455.tif
c515_1_1x_488_008na_1hfds_z10um_350msec_40povlp_ch00_C00_Z0456.tif
c515_1_1x_488_008na_1hfds_z10um_350msec_40povlp_ch00_C00_Z0457.tif
c515_1_1x_488_008na_1hfds_z10um_350msec_40povlp_ch00_C00_Z0458.tif
c515_1_1x_488_008na_1hfds_z10um_350msec_40povlp_ch00_C00_Z0459.tif
c515_1_1x_488_008na_1hfds_z10um_350msec_40povlp_ch00_C00_Z0680.tif
c515_1_1x_488_008na_1hfds_z10um_350msec_40povlp_ch00_C00_Z0681.tif
c515_1_1x_488_008na_1hfds_z10um_350msec_40povlp_ch00_C00_Z0682.tif
c515_1_1x_488_008na_1hfds_z10um_350msec_40povlp_ch00_C00_Z0683.tif
c515_1_1x_488_008na_1hfds_z10um_350msec_40povlp_ch00_C00_Z0684.tif
c515_1_1x_488_008na_1hfds_z10um_350msec_40povlp_ch00_C00_Z0685.tif
c515_1_1x_488_008na_1hfds_z10um_350msec_40povlp_ch00_C00_Z0686.tif
c515_1_1x_488_008na_1hfds_z10um_350msec_40povlp_ch00_C00_Z0687.tif
c515_1_1x_488_008na_1hfds_z10um_350msec_40povlp_ch00_C00_Z0688.tif
c515_1_1x_488_008na_1hfds_z10um_350msec_40povlp_ch00_C00_Z0689.tif
c515_1_1x_488_008na_1hfds_z10um_350msec_40povlp_ch00_C00_Z0690.tif
c515_1_1x_488_008na_1hfds_z10um_350msec_40povlp_ch00_C00_Z0691.tif
c515_1_1x_488_008na_1hfds_z10um_350msec_40povlp_ch00_C00_Z0692.tif
c515_1_1x_488_008na_1hfds_z10um_350msec_40povlp_ch00_C00_Z0693.tif
c515_1_1x_488_008na_1hfds_z10um_350msec_40povlp_ch00_C00_Z0694.tif
c515_1_1x_488_008na_1hfds_z10um_350msec_40povlp_ch00_C00_Z0695.tif
c515_1_1x_488_008na_1hfds_z10um_350msec_40povlp_ch00_C00_Z0696.tif
c515_1_1x_488_008na_1hfds_z10um_350msec_40povlp_ch00_C00_Z0697.tif
c515_1_1x_488_008na_1hfds_z10um_350msec_40povlp_ch00_C00_Z0698.tif
c515_1_1x_488_008na_1hfds_z10um_350msec_40povlp_ch00_C00_Z0699.tif
c515_1_1x_488_008na_1hfds_z10um_350msec_40povlp_ch00_C00_Z0920.tif
c515_1_1x_488_008na_1hfds_z10um_350msec_40povlp_ch00_C00_Z0921.tif
c515_1_1x_488_008na_1hfds_z10um_350msec_40povlp_ch00_C00_Z0922.tif
c515_1_1x_488_008na_1hfds_z10um_350msec_40povlp_ch00_C00_Z0923.tif
c515_1_1x_488_008na_1hfds_z10um_350msec_40povlp_ch00_C00_Z0924.tif
c515_1_1x_488_008na_1hfds_z10um_350msec_40povlp_ch00_C00_Z0925.tif
c515_1_1x_488_008na_1hfds_z10um_350msec_40povlp_ch00_C00_Z0926.tif
c515_1_1x_488_008na_1hfds_z10um_350msec_40povlp_ch00_C00_Z0927.tif
c515_1_1x_488_008na_1hfds_z10um_350msec_40povlp_ch00_C00_Z0040.tif
c515_1_1x_488_008na_1hfds_z10um_350msec_40povlp_ch00_C00_Z0041.tif
c515_1_1x_488_008na_1hfds_z10um_350msec_40povlp_ch00_C00_Z0042.tif
c515_1_1x_488_008na_1hfds_z10um_350msec_40povlp_ch00_C00_Z0043.tif
c515_1_1x_488_008na_1hfds_z10um_350msec_40povlp_ch00_C00_Z0044.tif
c515_1_1x_488_008na_1hfds_z10um_350msec_40povlp_ch00_C00_Z0045.tif
c515_1_1x_488_008na_1hfds_z10um_350msec_40povlp_ch00_C00_Z0046.tif
c515_1_1x_488_008na_1hfds_z10um_350msec_40povlp_ch00_C00_Z0047.tif
c515_1_1x_488_008na_1hfds_z10um_350msec_40povlp_ch00_C00_Z0048.tif
c515_1_1x_488_008na_1hfds_z10um_350msec_40povlp_ch00_C00_Z0049.tif
c515_1_1x_488_008na_1hfds_z10um_350msec_40povlp_ch00_C00_Z0050.tif
c515_1_1x_488_008na_1hfds_z10um_350msec_40povlp_ch00_C00_Z0051.tif
c515_1_1x_488_008na_1hfds_z10um_350msec_40povlp_ch00_C00_Z0052.tif
c515_1_1x_488_008na_1hfds_z10um_350msec_40povlp_ch00_C00_Z0053.tif
c515_1_1x_488_008na_1hfds_z10um_350msec_40povlp_ch00_C00_Z0054.tif
c515_1_1x_488_008na_1hfds_z10um_350msec_40povlp_ch00_C00_Z0055.tif
c515_1_1x_488_008na_1hfds_z10um_350msec_40povlp_ch00_C00_Z0056.tif
c515_1_1x_488_008na_1hfds_z10um_350msec_40povlp_ch00_C00_Z0057.tif
c515_1_1x_488_008na_1hfds_z10um_350msec_40povlp_ch00_C00_Z0058.tif
c515_1_1x_488_008na_1hfds_z10um_350msec_40povlp_ch00_C00_Z0059.tif
c515_1_1x_488_008na_1hfds_z10um_350msec_40povlp_ch00_C00_Z0260.tif
c515_1_1x_488_008na_1hfds_z10um_350msec_40povlp_ch00_C00_Z0261.tif
c515_1_1x_488_008na_1hfds_z10um_350msec_40povlp_ch00_C00_Z0262.tif
c515_1_1x_488_008na_1hfds_z10um_350msec_40povlp_ch00_C00_Z0263.tif
c515_1_1x_488_008na_1hfds_z10um_350msec_40povlp_ch00_C00_Z0264.tif
c515_1_1x_488_008na_1hfds_z10um_350msec_40povlp_ch00_C00_Z0265.tif
c515_1_1x_488_008na_1hfds_z10um_350msec_40povlp_ch00_C00_Z0266.tif
c515_1_1x_488_008na_1hfds_z10um_350msec_40povlp_ch00_C00_Z0267.tif
c515_1_1x_488_008na_1hfds_z10um_350msec_40povlp_ch00_C00_Z0268.tif
c515_1_1x_488_008na_1hfds_z10um_350msec_40povlp_ch00_C00_Z0269.tif
c515_1_1x_488_008na_1hfds_z10um_350msec_40povlp_ch00_C00_Z0270.tif
c515_1_1x_488_008na_1hfds_z10um_350msec_40povlp_ch00_C00_Z0271.tif
c515_1_1x_488_008na_1hfds_z10um_350msec_40povlp_ch00_C00_Z0272.tif
c515_1_1x_488_008na_1hfds_z10um_350msec_40povlp_ch00_C00_Z0273.tif
c515_1_1x_488_008na_1hfds_z10um_350msec_40povlp_ch00_C00_Z0274.tif
c515_1_1x_488_008na_1hfds_z10um_350msec_40povlp_ch00_C00_Z0275.tif
c515_1_1x_488_008na_1hfds_z10um_350msec_40povlp_ch00_C00_Z0276.tif
c515_1_1x_488_008na_1hfds_z10um_350msec_40povlp_ch00_C00_Z0277.tif
c515_1_1x_488_008na_1hfds_z10um_350msec_40povlp_ch00_C00_Z0278.tif
c515_1_1x_488_008na_1hfds_z10um_350msec_40povlp_ch00_C00_Z0279.tif
c515_1_1x_488_008na_1hfds_z10um_350msec_40povlp_ch00_C00_Z0500.tif
c515_1_1x_488_008na_1hfds_z10um_350msec_40povlp_ch00_C00_Z0501.tif
c515_1_1x_488_008na_1hfds_z10um_350msec_40povlp_ch00_C00_Z0502.tif
c515_1_1x_488_008na_1hfds_z10um_350msec_40povlp_ch00_C00_Z0503.tif
c515_1_1x_488_008na_1hfds_z10um_350msec_40povlp_ch00_C00_Z0504.tif
c515_1_1x_488_008na_1hfds_z10um_350msec_40povlp_ch00_C00_Z0505.tif
c515_1_1x_488_008na_1hfds_z10um_350msec_40povlp_ch00_C00_Z0506.tif
c515_1_1x_488_008na_1hfds_z10um_350msec_40povlp_ch00_C00_Z0507.tif
c515_1_1x_488_008na_1hfds_z10um_350msec_40povlp_ch00_C00_Z0508.tif
c515_1_1x_488_008na_1hfds_z10um_350msec_40povlp_ch00_C00_Z0509.tif
c515_1_1x_488_008na_1hfds_z10um_350msec_40povlp_ch00_C00_Z0510.tif
c515_1_1x_488_008na_1hfds_z10um_350msec_40povlp_ch00_C00_Z0511.tif
c515_1_1x_488_008na_1hfds_z10um_350msec_40povlp_ch00_C00_Z0512.tif
c515_1_1x_488_008na_1hfds_z10um_350msec_40povlp_ch00_C00_Z0513.tif
c515_1_1x_488_008na_1hfds_z10um_350msec_40povlp_ch00_C00_Z0514.tif
c515_1_1x_488_008na_1hfds_z10um_350msec_40povlp_ch00_C00_Z0515.tif
c515_1_1x_488_008na_1hfds_z10um_350msec_40povlp_ch00_C00_Z0516.tif
c515_1_1x_488_008na_1hfds_z10um_350msec_40povlp_ch00_C00_Z0517.tif
c515_1_1x_488_008na_1hfds_z10um_350msec_40povlp_ch00_C00_Z0518.tif
c515_1_1x_488_008na_1hfds_z10um_350msec_40povlp_ch00_C00_Z0519.tif
c515_1_1x_488_008na_1hfds_z10um_350msec_40povlp_ch00_C00_Z0740.tif
c515_1_1x_488_008na_1hfds_z10um_350msec_40povlp_ch00_C00_Z0741.tif
c515_1_1x_488_008na_1hfds_z10um_350msec_40povlp_ch00_C00_Z0742.tif
c515_1_1x_488_008na_1hfds_z10um_350msec_40povlp_ch00_C00_Z0743.tif
c515_1_1x_488_008na_1hfds_z10um_350msec_40povlp_ch00_C00_Z0744.tif
c515_1_1x_488_008na_1hfds_z10um_350msec_40povlp_ch00_C00_Z0745.tif
c515_1_1x_488_008na_1hfds_z10um_350msec_40povlp_ch00_C00_Z0746.tif
c515_1_1x_488_008na_1hfds_z10um_350msec_40povlp_ch00_C00_Z0747.tif
c515_1_1x_488_008na_1hfds_z10um_350msec_40povlp_ch00_C00_Z0748.tif
c515_1_1x_488_008na_1hfds_z10um_350msec_40povlp_ch00_C00_Z0749.tif
c515_1_1x_488_008na_1hfds_z10um_350msec_40povlp_ch00_C00_Z0750.tif
c515_1_1x_488_008na_1hfds_z10um_350msec_40povlp_ch00_C00_Z0751.tif
c515_1_1x_488_008na_1hfds_z10um_350msec_40povlp_ch00_C00_Z0752.tif
c515_1_1x_488_008na_1hfds_z10um_350msec_40povlp_ch00_C00_Z0753.tif
c515_1_1x_488_008na_1hfds_z10um_350msec_40povlp_ch00_C00_Z0754.tif
c515_1_1x_488_008na_1hfds_z10um_350msec_40povlp_ch00_C00_Z0755.tif
c515_1_1x_488_008na_1hfds_z10um_350msec_40povlp_ch00_C00_Z0756.tif
c515_1_1x_488_008na_1hfds_z10um_350msec_40povlp_ch00_C00_Z0757.tif
c515_1_1x_488_008na_1hfds_z10um_350msec_40povlp_ch00_C00_Z0758.tif
c515_1_1x_488_008na_1hfds_z10um_350msec_40povlp_ch00_C00_Z0759.tif
c515_1_1x_488_008na_1hfds_z10um_350msec_40povlp_ch00_C00_Z0000.tif
c515_1_1x_488_008na_1hfds_z10um_350msec_40povlp_ch00_C00_Z0001.tif
c515_1_1x_488_008na_1hfds_z10um_350msec_40povlp_ch00_C00_Z0002.tif
c515_1_1x_488_008na_1hfds_z10um_350msec_40povlp_ch00_C00_Z0003.tif
c515_1_1x_488_008na_1hfds_z10um_350msec_40povlp_ch00_C00_Z0004.tif
c515_1_1x_488_008na_1hfds_z10um_350msec_40povlp_ch00_C00_Z0005.tif
c515_1_1x_488_008na_1hfds_z10um_350msec_40povlp_ch00_C00_Z0006.tif
c515_1_1x_488_008na_1hfds_z10um_350msec_40povlp_ch00_C00_Z0007.tif
c515_1_1x_488_008na_1hfds_z10um_350msec_40povlp_ch00_C00_Z0008.tif
c515_1_1x_488_008na_1hfds_z10um_350msec_40povlp_ch00_C00_Z0009.tif
c515_1_1x_488_008na_1hfds_z10um_350msec_40povlp_ch00_C00_Z0010.tif
c515_1_1x_488_008na_1hfds_z10um_350msec_40povlp_ch00_C00_Z0011.tif
c515_1_1x_488_008na_1hfds_z10um_350msec_40povlp_ch00_C00_Z0012.tif
c515_1_1x_488_008na_1hfds_z10um_350msec_40povlp_ch00_C00_Z0013.tif
c515_1_1x_488_008na_1hfds_z10um_350msec_40povlp_ch00_C00_Z0014.tif
c515_1_1x_488_008na_1hfds_z10um_350msec_40povlp_ch00_C00_Z0015.tif
c515_1_1x_488_008na_1hfds_z10um_350msec_40povlp_ch00_C00_Z0016.tif
c515_1_1x_488_008na_1hfds_z10um_350msec_40povlp_ch00_C00_Z0017.tif
c515_1_1x_488_008na_1hfds_z10um_350msec_40povlp_ch00_C00_Z0018.tif
c515_1_1x_488_008na_1hfds_z10um_350msec_40povlp_ch00_C00_Z0019.tif
c515_1_1x_488_008na_1hfds_z10um_350msec_40povlp_ch00_C00_Z0240.tif
c515_1_1x_488_008na_1hfds_z10um_350msec_40povlp_ch00_C00_Z0241.tif
c515_1_1x_488_008na_1hfds_z10um_350msec_40povlp_ch00_C00_Z0242.tif
c515_1_1x_488_008na_1hfds_z10um_350msec_40povlp_ch00_C00_Z0243.tif
c515_1_1x_488_008na_1hfds_z10um_350msec_40povlp_ch00_C00_Z0244.tif
c515_1_1x_488_008na_1hfds_z10um_350msec_40povlp_ch00_C00_Z0245.tif
c515_1_1x_488_008na_1hfds_z10um_350msec_40povlp_ch00_C00_Z0246.tif
c515_1_1x_488_008na_1hfds_z10um_350msec_40povlp_ch00_C00_Z0247.tif
c515_1_1x_488_008na_1hfds_z10um_350msec_40povlp_ch00_C00_Z0248.tif
c515_1_1x_488_008na_1hfds_z10um_350msec_40povlp_ch00_C00_Z0249.tif
c515_1_1x_488_008na_1hfds_z10um_350msec_40povlp_ch00_C00_Z0250.tif
c515_1_1x_488_008na_1hfds_z10um_350msec_40povlp_ch00_C00_Z0251.tif
c515_1_1x_488_008na_1hfds_z10um_350msec_40povlp_ch00_C00_Z0252.tif
c515_1_1x_488_008na_1hfds_z10um_350msec_40povlp_ch00_C00_Z0253.tif
c515_1_1x_488_008na_1hfds_z10um_350msec_40povlp_ch00_C00_Z0254.tif
c515_1_1x_488_008na_1hfds_z10um_350msec_40povlp_ch00_C00_Z0255.tif
c515_1_1x_488_008na_1hfds_z10um_350msec_40povlp_ch00_C00_Z0256.tif
c515_1_1x_488_008na_1hfds_z10um_350msec_40povlp_ch00_C00_Z0257.tif
c515_1_1x_488_008na_1hfds_z10um_350msec_40povlp_ch00_C00_Z0258.tif
c515_1_1x_488_008na_1hfds_z10um_350msec_40povlp_ch00_C00_Z0259.tif
c515_1_1x_488_008na_1hfds_z10um_350msec_40povlp_ch00_C00_Z0480.tif
c515_1_1x_488_008na_1hfds_z10um_350msec_40povlp_ch00_C00_Z0481.tif
c515_1_1x_488_008na_1hfds_z10um_350msec_40povlp_ch00_C00_Z0482.tif
c515_1_1x_488_008na_1hfds_z10um_350msec_40povlp_ch00_C00_Z0483.tif
c515_1_1x_488_008na_1hfds_z10um_350msec_40povlp_ch00_C00_Z0484.tif
c515_1_1x_488_008na_1hfds_z10um_350msec_40povlp_ch00_C00_Z0485.tif
c515_1_1x_488_008na_1hfds_z10um_350msec_40povlp_ch00_C00_Z0486.tif
c515_1_1x_488_008na_1hfds_z10um_350msec_40povlp_ch00_C00_Z0487.tif
c515_1_1x_488_008na_1hfds_z10um_350msec_40povlp_ch00_C00_Z0488.tif
c515_1_1x_488_008na_1hfds_z10um_350msec_40povlp_ch00_C00_Z0489.tif
c515_1_1x_488_008na_1hfds_z10um_350msec_40povlp_ch00_C00_Z0490.tif
c515_1_1x_488_008na_1hfds_z10um_350msec_40povlp_ch00_C00_Z0491.tif
c515_1_1x_488_008na_1hfds_z10um_350msec_40povlp_ch00_C00_Z0492.tif
c515_1_1x_488_008na_1hfds_z10um_350msec_40povlp_ch00_C00_Z0493.tif
c515_1_1x_488_008na_1hfds_z10um_350msec_40povlp_ch00_C00_Z0494.tif
c515_1_1x_488_008na_1hfds_z10um_350msec_40povlp_ch00_C00_Z0495.tif
c515_1_1x_488_008na_1hfds_z10um_350msec_40povlp_ch00_C00_Z0496.tif
c515_1_1x_488_008na_1hfds_z10um_350msec_40povlp_ch00_C00_Z0497.tif
c515_1_1x_488_008na_1hfds_z10um_350msec_40povlp_ch00_C00_Z0498.tif
c515_1_1x_488_008na_1hfds_z10um_350msec_40povlp_ch00_C00_Z0499.tif
c515_1_1x_488_008na_1hfds_z10um_350msec_40povlp_ch00_C00_Z0720.tif
c515_1_1x_488_008na_1hfds_z10um_350msec_40povlp_ch00_C00_Z0721.tif
c515_1_1x_488_008na_1hfds_z10um_350msec_40povlp_ch00_C00_Z0722.tif
c515_1_1x_488_008na_1hfds_z10um_350msec_40povlp_ch00_C00_Z0723.tif
c515_1_1x_488_008na_1hfds_z10um_350msec_40povlp_ch00_C00_Z0724.tif
c515_1_1x_488_008na_1hfds_z10um_350msec_40povlp_ch00_C00_Z0725.tif
c515_1_1x_488_008na_1hfds_z10um_350msec_40povlp_ch00_C00_Z0726.tif
c515_1_1x_488_008na_1hfds_z10um_350msec_40povlp_ch00_C00_Z0727.tif
c515_1_1x_488_008na_1hfds_z10um_350msec_40povlp_ch00_C00_Z0728.tif
c515_1_1x_488_008na_1hfds_z10um_350msec_40povlp_ch00_C00_Z0729.tif
c515_1_1x_488_008na_1hfds_z10um_350msec_40povlp_ch00_C00_Z0730.tif
c515_1_1x_488_008na_1hfds_z10um_350msec_40povlp_ch00_C00_Z0731.tif
c515_1_1x_488_008na_1hfds_z10um_350msec_40povlp_ch00_C00_Z0732.tif
c515_1_1x_488_008na_1hfds_z10um_350msec_40povlp_ch00_C00_Z0733.tif
c515_1_1x_488_008na_1hfds_z10um_350msec_40povlp_ch00_C00_Z0734.tif
c515_1_1x_488_008na_1hfds_z10um_350msec_40povlp_ch00_C00_Z0735.tif
c515_1_1x_488_008na_1hfds_z10um_350msec_40povlp_ch00_C00_Z0736.tif
c515_1_1x_488_008na_1hfds_z10um_350msec_40povlp_ch00_C00_Z0737.tif
c515_1_1x_488_008na_1hfds_z10um_350msec_40povlp_ch00_C00_Z0738.tif
c515_1_1x_488_008na_1hfds_z10um_350msec_40povlp_ch00_C00_Z0739.tif
c515_1_1x_488_008na_1hfds_z10um_350msec_40povlp_ch00_C00_Z0060.tif
c515_1_1x_488_008na_1hfds_z10um_350msec_40povlp_ch00_C00_Z0061.tif
c515_1_1x_488_008na_1hfds_z10um_350msec_40povlp_ch00_C00_Z0062.tif
c515_1_1x_488_008na_1hfds_z10um_350msec_40povlp_ch00_C00_Z0063.tif
c515_1_1x_488_008na_1hfds_z10um_350msec_40povlp_ch00_C00_Z0064.tif
c515_1_1x_488_008na_1hfds_z10um_350msec_40povlp_ch00_C00_Z0065.tif
c515_1_1x_488_008na_1hfds_z10um_350msec_40povlp_ch00_C00_Z0066.tif
c515_1_1x_488_008na_1hfds_z10um_350msec_40povlp_ch00_C00_Z0067.tif
c515_1_1x_488_008na_1hfds_z10um_350msec_40povlp_ch00_C00_Z0068.tif
c515_1_1x_488_008na_1hfds_z10um_350msec_40povlp_ch00_C00_Z0069.tif
c515_1_1x_488_008na_1hfds_z10um_350msec_40povlp_ch00_C00_Z0070.tif
c515_1_1x_488_008na_1hfds_z10um_350msec_40povlp_ch00_C00_Z0071.tif
c515_1_1x_488_008na_1hfds_z10um_350msec_40povlp_ch00_C00_Z0072.tif
c515_1_1x_488_008na_1hfds_z10um_350msec_40povlp_ch00_C00_Z0073.tif
c515_1_1x_488_008na_1hfds_z10um_350msec_40povlp_ch00_C00_Z0074.tif
c515_1_1x_488_008na_1hfds_z10um_350msec_40povlp_ch00_C00_Z0075.tif
c515_1_1x_488_008na_1hfds_z10um_350msec_40povlp_ch00_C00_Z0076.tif
c515_1_1x_488_008na_1hfds_z10um_350msec_40povlp_ch00_C00_Z0077.tif
c515_1_1x_488_008na_1hfds_z10um_350msec_40povlp_ch00_C00_Z0078.tif
c515_1_1x_488_008na_1hfds_z10um_350msec_40povlp_ch00_C00_Z0079.tif
c515_1_1x_488_008na_1hfds_z10um_350msec_40povlp_ch00_C00_Z0300.tif
c515_1_1x_488_008na_1hfds_z10um_350msec_40povlp_ch00_C00_Z0301.tif
c515_1_1x_488_008na_1hfds_z10um_350msec_40povlp_ch00_C00_Z0302.tif
c515_1_1x_488_008na_1hfds_z10um_350msec_40povlp_ch00_C00_Z0303.tif
c515_1_1x_488_008na_1hfds_z10um_350msec_40povlp_ch00_C00_Z0304.tif
c515_1_1x_488_008na_1hfds_z10um_350msec_40povlp_ch00_C00_Z0305.tif
c515_1_1x_488_008na_1hfds_z10um_350msec_40povlp_ch00_C00_Z0306.tif
c515_1_1x_488_008na_1hfds_z10um_350msec_40povlp_ch00_C00_Z0307.tif
c515_1_1x_488_008na_1hfds_z10um_350msec_40povlp_ch00_C00_Z0308.tif
c515_1_1x_488_008na_1hfds_z10um_350msec_40povlp_ch00_C00_Z0309.tif
c515_1_1x_488_008na_1hfds_z10um_350msec_40povlp_ch00_C00_Z0310.tif
c515_1_1x_488_008na_1hfds_z10um_350msec_40povlp_ch00_C00_Z0311.tif
c515_1_1x_488_008na_1hfds_z10um_350msec_40povlp_ch00_C00_Z0312.tif
c515_1_1x_488_008na_1hfds_z10um_350msec_40povlp_ch00_C00_Z0313.tif
c515_1_1x_488_008na_1hfds_z10um_350msec_40povlp_ch00_C00_Z0314.tif
c515_1_1x_488_008na_1hfds_z10um_350msec_40povlp_ch00_C00_Z0315.tif
c515_1_1x_488_008na_1hfds_z10um_350msec_40povlp_ch00_C00_Z0316.tif
c515_1_1x_488_008na_1hfds_z10um_350msec_40povlp_ch00_C00_Z0317.tif
c515_1_1x_488_008na_1hfds_z10um_350msec_40povlp_ch00_C00_Z0318.tif
c515_1_1x_488_008na_1hfds_z10um_350msec_40povlp_ch00_C00_Z0319.tif
c515_1_1x_488_008na_1hfds_z10um_350msec_40povlp_ch00_C00_Z0540.tif
c515_1_1x_488_008na_1hfds_z10um_350msec_40povlp_ch00_C00_Z0541.tif
c515_1_1x_488_008na_1hfds_z10um_350msec_40povlp_ch00_C00_Z0542.tif
c515_1_1x_488_008na_1hfds_z10um_350msec_40povlp_ch00_C00_Z0543.tif
c515_1_1x_488_008na_1hfds_z10um_350msec_40povlp_ch00_C00_Z0544.tif
c515_1_1x_488_008na_1hfds_z10um_350msec_40povlp_ch00_C00_Z0545.tif
c515_1_1x_488_008na_1hfds_z10um_350msec_40povlp_ch00_C00_Z0546.tif
c515_1_1x_488_008na_1hfds_z10um_350msec_40povlp_ch00_C00_Z0547.tif
c515_1_1x_488_008na_1hfds_z10um_350msec_40povlp_ch00_C00_Z0548.tif
c515_1_1x_488_008na_1hfds_z10um_350msec_40povlp_ch00_C00_Z0549.tif
c515_1_1x_488_008na_1hfds_z10um_350msec_40povlp_ch00_C00_Z0550.tif
c515_1_1x_488_008na_1hfds_z10um_350msec_40povlp_ch00_C00_Z0551.tif
c515_1_1x_488_008na_1hfds_z10um_350msec_40povlp_ch00_C00_Z0552.tif
c515_1_1x_488_008na_1hfds_z10um_350msec_40povlp_ch00_C00_Z0553.tif
c515_1_1x_488_008na_1hfds_z10um_350msec_40povlp_ch00_C00_Z0554.tif
c515_1_1x_488_008na_1hfds_z10um_350msec_40povlp_ch00_C00_Z0555.tif
c515_1_1x_488_008na_1hfds_z10um_350msec_40povlp_ch00_C00_Z0556.tif
c515_1_1x_488_008na_1hfds_z10um_350msec_40povlp_ch00_C00_Z0557.tif
c515_1_1x_488_008na_1hfds_z10um_350msec_40povlp_ch00_C00_Z0558.tif
c515_1_1x_488_008na_1hfds_z10um_350msec_40povlp_ch00_C00_Z0559.tif
c515_1_1x_488_008na_1hfds_z10um_350msec_40povlp_ch00_C00_Z0780.tif
c515_1_1x_488_008na_1hfds_z10um_350msec_40povlp_ch00_C00_Z0781.tif
c515_1_1x_488_008na_1hfds_z10um_350msec_40povlp_ch00_C00_Z0782.tif
c515_1_1x_488_008na_1hfds_z10um_350msec_40povlp_ch00_C00_Z0783.tif
c515_1_1x_488_008na_1hfds_z10um_350msec_40povlp_ch00_C00_Z0784.tif
c515_1_1x_488_008na_1hfds_z10um_350msec_40povlp_ch00_C00_Z0785.tif
c515_1_1x_488_008na_1hfds_z10um_350msec_40povlp_ch00_C00_Z0786.tif
c515_1_1x_488_008na_1hfds_z10um_350msec_40povlp_ch00_C00_Z0787.tif
c515_1_1x_488_008na_1hfds_z10um_350msec_40povlp_ch00_C00_Z0788.tif
c515_1_1x_488_008na_1hfds_z10um_350msec_40povlp_ch00_C00_Z0789.tif
c515_1_1x_488_008na_1hfds_z10um_350msec_40povlp_ch00_C00_Z0790.tif
c515_1_1x_488_008na_1hfds_z10um_350msec_40povlp_ch00_C00_Z0791.tif
c515_1_1x_488_008na_1hfds_z10um_350msec_40povlp_ch00_C00_Z0792.tif
c515_1_1x_488_008na_1hfds_z10um_350msec_40povlp_ch00_C00_Z0793.tif
c515_1_1x_488_008na_1hfds_z10um_350msec_40povlp_ch00_C00_Z0794.tif
c515_1_1x_488_008na_1hfds_z10um_350msec_40povlp_ch00_C00_Z0795.tif
c515_1_1x_488_008na_1hfds_z10um_350msec_40povlp_ch00_C00_Z0796.tif
c515_1_1x_488_008na_1hfds_z10um_350msec_40povlp_ch00_C00_Z0797.tif
c515_1_1x_488_008na_1hfds_z10um_350msec_40povlp_ch00_C00_Z0798.tif
c515_1_1x_488_008na_1hfds_z10um_350msec_40povlp_ch00_C00_Z0799.tif
c515_1_1x_488_008na_1hfds_z10um_350msec_40povlp_ch00_C00_Z0180.tif
c515_1_1x_488_008na_1hfds_z10um_350msec_40povlp_ch00_C00_Z0181.tif
c515_1_1x_488_008na_1hfds_z10um_350msec_40povlp_ch00_C00_Z0182.tif
c515_1_1x_488_008na_1hfds_z10um_350msec_40povlp_ch00_C00_Z0183.tif
c515_1_1x_488_008na_1hfds_z10um_350msec_40povlp_ch00_C00_Z0184.tif
c515_1_1x_488_008na_1hfds_z10um_350msec_40povlp_ch00_C00_Z0185.tif
c515_1_1x_488_008na_1hfds_z10um_350msec_40povlp_ch00_C00_Z0186.tif
c515_1_1x_488_008na_1hfds_z10um_350msec_40povlp_ch00_C00_Z0187.tif
c515_1_1x_488_008na_1hfds_z10um_350msec_40povlp_ch00_C00_Z0188.tif
c515_1_1x_488_008na_1hfds_z10um_350msec_40povlp_ch00_C00_Z0189.tif
c515_1_1x_488_008na_1hfds_z10um_350msec_40povlp_ch00_C00_Z0190.tif
c515_1_1x_488_008na_1hfds_z10um_350msec_40povlp_ch00_C00_Z0191.tif
c515_1_1x_488_008na_1hfds_z10um_350msec_40povlp_ch00_C00_Z0192.tif
c515_1_1x_488_008na_1hfds_z10um_350msec_40povlp_ch00_C00_Z0193.tif
c515_1_1x_488_008na_1hfds_z10um_350msec_40povlp_ch00_C00_Z0194.tif
c515_1_1x_488_008na_1hfds_z10um_350msec_40povlp_ch00_C00_Z0195.tif
c515_1_1x_488_008na_1hfds_z10um_350msec_40povlp_ch00_C00_Z0196.tif
c515_1_1x_488_008na_1hfds_z10um_350msec_40povlp_ch00_C00_Z0197.tif
c515_1_1x_488_008na_1hfds_z10um_350msec_40povlp_ch00_C00_Z0198.tif
c515_1_1x_488_008na_1hfds_z10um_350msec_40povlp_ch00_C00_Z0199.tif
c515_1_1x_488_008na_1hfds_z10um_350msec_40povlp_ch00_C00_Z0420.tif
c515_1_1x_488_008na_1hfds_z10um_350msec_40povlp_ch00_C00_Z0421.tif
c515_1_1x_488_008na_1hfds_z10um_350msec_40povlp_ch00_C00_Z0422.tif
c515_1_1x_488_008na_1hfds_z10um_350msec_40povlp_ch00_C00_Z0423.tif
c515_1_1x_488_008na_1hfds_z10um_350msec_40povlp_ch00_C00_Z0424.tif
c515_1_1x_488_008na_1hfds_z10um_350msec_40povlp_ch00_C00_Z0425.tif
c515_1_1x_488_008na_1hfds_z10um_350msec_40povlp_ch00_C00_Z0426.tif
c515_1_1x_488_008na_1hfds_z10um_350msec_40povlp_ch00_C00_Z0427.tif
c515_1_1x_488_008na_1hfds_z10um_350msec_40povlp_ch00_C00_Z0428.tif
c515_1_1x_488_008na_1hfds_z10um_350msec_40povlp_ch00_C00_Z0429.tif
c515_1_1x_488_008na_1hfds_z10um_350msec_40povlp_ch00_C00_Z0430.tif
c515_1_1x_488_008na_1hfds_z10um_350msec_40povlp_ch00_C00_Z0431.tif
c515_1_1x_488_008na_1hfds_z10um_350msec_40povlp_ch00_C00_Z0432.tif
c515_1_1x_488_008na_1hfds_z10um_350msec_40povlp_ch00_C00_Z0433.tif
c515_1_1x_488_008na_1hfds_z10um_350msec_40povlp_ch00_C00_Z0434.tif
c515_1_1x_488_008na_1hfds_z10um_350msec_40povlp_ch00_C00_Z0435.tif
c515_1_1x_488_008na_1hfds_z10um_350msec_40povlp_ch00_C00_Z0436.tif
c515_1_1x_488_008na_1hfds_z10um_350msec_40povlp_ch00_C00_Z0437.tif
c515_1_1x_488_008na_1hfds_z10um_350msec_40povlp_ch00_C00_Z0438.tif
c515_1_1x_488_008na_1hfds_z10um_350msec_40povlp_ch00_C00_Z0439.tif
c515_1_1x_488_008na_1hfds_z10um_350msec_40povlp_ch00_C00_Z0660.tif
c515_1_1x_488_008na_1hfds_z10um_350msec_40povlp_ch00_C00_Z0661.tif
c515_1_1x_488_008na_1hfds_z10um_350msec_40povlp_ch00_C00_Z0662.tif
c515_1_1x_488_008na_1hfds_z10um_350msec_40povlp_ch00_C00_Z0663.tif
c515_1_1x_488_008na_1hfds_z10um_350msec_40povlp_ch00_C00_Z0664.tif
c515_1_1x_488_008na_1hfds_z10um_350msec_40povlp_ch00_C00_Z0665.tif
c515_1_1x_488_008na_1hfds_z10um_350msec_40povlp_ch00_C00_Z0666.tif
c515_1_1x_488_008na_1hfds_z10um_350msec_40povlp_ch00_C00_Z0667.tif
c515_1_1x_488_008na_1hfds_z10um_350msec_40povlp_ch00_C00_Z0668.tif
c515_1_1x_488_008na_1hfds_z10um_350msec_40povlp_ch00_C00_Z0669.tif
c515_1_1x_488_008na_1hfds_z10um_350msec_40povlp_ch00_C00_Z0670.tif
c515_1_1x_488_008na_1hfds_z10um_350msec_40povlp_ch00_C00_Z0671.tif
c515_1_1x_488_008na_1hfds_z10um_350msec_40povlp_ch00_C00_Z0672.tif
c515_1_1x_488_008na_1hfds_z10um_350msec_40povlp_ch00_C00_Z0673.tif
c515_1_1x_488_008na_1hfds_z10um_350msec_40povlp_ch00_C00_Z0674.tif
c515_1_1x_488_008na_1hfds_z10um_350msec_40povlp_ch00_C00_Z0675.tif
c515_1_1x_488_008na_1hfds_z10um_350msec_40povlp_ch00_C00_Z0676.tif
c515_1_1x_488_008na_1hfds_z10um_350msec_40povlp_ch00_C00_Z0677.tif
c515_1_1x_488_008na_1hfds_z10um_350msec_40povlp_ch00_C00_Z0678.tif
c515_1_1x_488_008na_1hfds_z10um_350msec_40povlp_ch00_C00_Z0679.tif
c515_1_1x_488_008na_1hfds_z10um_350msec_40povlp_ch00_C00_Z0900.tif
c515_1_1x_488_008na_1hfds_z10um_350msec_40povlp_ch00_C00_Z0901.tif
c515_1_1x_488_008na_1hfds_z10um_350msec_40povlp_ch00_C00_Z0902.tif
c515_1_1x_488_008na_1hfds_z10um_350msec_40povlp_ch00_C00_Z0903.tif
c515_1_1x_488_008na_1hfds_z10um_350msec_40povlp_ch00_C00_Z0904.tif
c515_1_1x_488_008na_1hfds_z10um_350msec_40povlp_ch00_C00_Z0905.tif
c515_1_1x_488_008na_1hfds_z10um_350msec_40povlp_ch00_C00_Z0906.tif
c515_1_1x_488_008na_1hfds_z10um_350msec_40povlp_ch00_C00_Z0907.tif
c515_1_1x_488_008na_1hfds_z10um_350msec_40povlp_ch00_C00_Z0908.tif
c515_1_1x_488_008na_1hfds_z10um_350msec_40povlp_ch00_C00_Z0909.tif
c515_1_1x_488_008na_1hfds_z10um_350msec_40povlp_ch00_C00_Z0910.tif
c515_1_1x_488_008na_1hfds_z10um_350msec_40povlp_ch00_C00_Z0911.tif
c515_1_1x_488_008na_1hfds_z10um_350msec_40povlp_ch00_C00_Z0912.tif
c515_1_1x_488_008na_1hfds_z10um_350msec_40povlp_ch00_C00_Z0913.tif
c515_1_1x_488_008na_1hfds_z10um_350msec_40povlp_ch00_C00_Z0914.tif
c515_1_1x_488_008na_1hfds_z10um_350msec_40povlp_ch00_C00_Z0915.tif
c515_1_1x_488_008na_1hfds_z10um_350msec_40povlp_ch00_C00_Z0916.tif
c515_1_1x_488_008na_1hfds_z10um_350msec_40povlp_ch00_C00_Z0917.tif
c515_1_1x_488_008na_1hfds_z10um_350msec_40povlp_ch00_C00_Z0918.tif
c515_1_1x_488_008na_1hfds_z10um_350msec_40povlp_ch00_C00_Z0919.tif
c515_1_1x_488_008na_1hfds_z10um_350msec_40povlp_ch00_C00_Z0020.tif
c515_1_1x_488_008na_1hfds_z10um_350msec_40povlp_ch00_C00_Z0021.tif
c515_1_1x_488_008na_1hfds_z10um_350msec_40povlp_ch00_C00_Z0022.tif
c515_1_1x_488_008na_1hfds_z10um_350msec_40povlp_ch00_C00_Z0023.tif
c515_1_1x_488_008na_1hfds_z10um_350msec_40povlp_ch00_C00_Z0024.tif
c515_1_1x_488_008na_1hfds_z10um_350msec_40povlp_ch00_C00_Z0025.tif
c515_1_1x_488_008na_1hfds_z10um_350msec_40povlp_ch00_C00_Z0026.tif
c515_1_1x_488_008na_1hfds_z10um_350msec_40povlp_ch00_C00_Z0027.tif
c515_1_1x_488_008na_1hfds_z10um_350msec_40povlp_ch00_C00_Z0028.tif
c515_1_1x_488_008na_1hfds_z10um_350msec_40povlp_ch00_C00_Z0029.tif
c515_1_1x_488_008na_1hfds_z10um_350msec_40povlp_ch00_C00_Z0030.tif
c515_1_1x_488_008na_1hfds_z10um_350msec_40povlp_ch00_C00_Z0031.tif
c515_1_1x_488_008na_1hfds_z10um_350msec_40povlp_ch00_C00_Z0032.tif
c515_1_1x_488_008na_1hfds_z10um_350msec_40povlp_ch00_C00_Z0033.tif
c515_1_1x_488_008na_1hfds_z10um_350msec_40povlp_ch00_C00_Z0034.tif
c515_1_1x_488_008na_1hfds_z10um_350msec_40povlp_ch00_C00_Z0035.tif
c515_1_1x_488_008na_1hfds_z10um_350msec_40povlp_ch00_C00_Z0036.tif
c515_1_1x_488_008na_1hfds_z10um_350msec_40povlp_ch00_C00_Z0037.tif
c515_1_1x_488_008na_1hfds_z10um_350msec_40povlp_ch00_C00_Z0038.tif
c515_1_1x_488_008na_1hfds_z10um_350msec_40povlp_ch00_C00_Z0039.tif
c515_1_1x_488_008na_1hfds_z10um_350msec_40povlp_ch00_C00_Z0280.tif
c515_1_1x_488_008na_1hfds_z10um_350msec_40povlp_ch00_C00_Z0281.tif
c515_1_1x_488_008na_1hfds_z10um_350msec_40povlp_ch00_C00_Z0282.tif
c515_1_1x_488_008na_1hfds_z10um_350msec_40povlp_ch00_C00_Z0283.tif
c515_1_1x_488_008na_1hfds_z10um_350msec_40povlp_ch00_C00_Z0284.tif
c515_1_1x_488_008na_1hfds_z10um_350msec_40povlp_ch00_C00_Z0285.tif
c515_1_1x_488_008na_1hfds_z10um_350msec_40povlp_ch00_C00_Z0286.tif
c515_1_1x_488_008na_1hfds_z10um_350msec_40povlp_ch00_C00_Z0287.tif
c515_1_1x_488_008na_1hfds_z10um_350msec_40povlp_ch00_C00_Z0288.tif
c515_1_1x_488_008na_1hfds_z10um_350msec_40povlp_ch00_C00_Z0289.tif
c515_1_1x_488_008na_1hfds_z10um_350msec_40povlp_ch00_C00_Z0290.tif
c515_1_1x_488_008na_1hfds_z10um_350msec_40povlp_ch00_C00_Z0291.tif
c515_1_1x_488_008na_1hfds_z10um_350msec_40povlp_ch00_C00_Z0292.tif
c515_1_1x_488_008na_1hfds_z10um_350msec_40povlp_ch00_C00_Z0293.tif
c515_1_1x_488_008na_1hfds_z10um_350msec_40povlp_ch00_C00_Z0294.tif
c515_1_1x_488_008na_1hfds_z10um_350msec_40povlp_ch00_C00_Z0295.tif
c515_1_1x_488_008na_1hfds_z10um_350msec_40povlp_ch00_C00_Z0296.tif
c515_1_1x_488_008na_1hfds_z10um_350msec_40povlp_ch00_C00_Z0297.tif
c515_1_1x_488_008na_1hfds_z10um_350msec_40povlp_ch00_C00_Z0298.tif
c515_1_1x_488_008na_1hfds_z10um_350msec_40povlp_ch00_C00_Z0299.tif
c515_1_1x_488_008na_1hfds_z10um_350msec_40povlp_ch00_C00_Z0520.tif
c515_1_1x_488_008na_1hfds_z10um_350msec_40povlp_ch00_C00_Z0521.tif
c515_1_1x_488_008na_1hfds_z10um_350msec_40povlp_ch00_C00_Z0522.tif
c515_1_1x_488_008na_1hfds_z10um_350msec_40povlp_ch00_C00_Z0523.tif
c515_1_1x_488_008na_1hfds_z10um_350msec_40povlp_ch00_C00_Z0524.tif
c515_1_1x_488_008na_1hfds_z10um_350msec_40povlp_ch00_C00_Z0525.tif
c515_1_1x_488_008na_1hfds_z10um_350msec_40povlp_ch00_C00_Z0526.tif
c515_1_1x_488_008na_1hfds_z10um_350msec_40povlp_ch00_C00_Z0527.tif
c515_1_1x_488_008na_1hfds_z10um_350msec_40povlp_ch00_C00_Z0528.tif
c515_1_1x_488_008na_1hfds_z10um_350msec_40povlp_ch00_C00_Z0529.tif
c515_1_1x_488_008na_1hfds_z10um_350msec_40povlp_ch00_C00_Z0530.tif
c515_1_1x_488_008na_1hfds_z10um_350msec_40povlp_ch00_C00_Z0531.tif
c515_1_1x_488_008na_1hfds_z10um_350msec_40povlp_ch00_C00_Z0532.tif
c515_1_1x_488_008na_1hfds_z10um_350msec_40povlp_ch00_C00_Z0533.tif
c515_1_1x_488_008na_1hfds_z10um_350msec_40povlp_ch00_C00_Z0534.tif
c515_1_1x_488_008na_1hfds_z10um_350msec_40povlp_ch00_C00_Z0535.tif
c515_1_1x_488_008na_1hfds_z10um_350msec_40povlp_ch00_C00_Z0536.tif
c515_1_1x_488_008na_1hfds_z10um_350msec_40povlp_ch00_C00_Z0537.tif
c515_1_1x_488_008na_1hfds_z10um_350msec_40povlp_ch00_C00_Z0538.tif
c515_1_1x_488_008na_1hfds_z10um_350msec_40povlp_ch00_C00_Z0539.tif
c515_1_1x_488_008na_1hfds_z10um_350msec_40povlp_ch00_C00_Z0760.tif
c515_1_1x_488_008na_1hfds_z10um_350msec_40povlp_ch00_C00_Z0761.tif
c515_1_1x_488_008na_1hfds_z10um_350msec_40povlp_ch00_C00_Z0762.tif
c515_1_1x_488_008na_1hfds_z10um_350msec_40povlp_ch00_C00_Z0763.tif
c515_1_1x_488_008na_1hfds_z10um_350msec_40povlp_ch00_C00_Z0764.tif
c515_1_1x_488_008na_1hfds_z10um_350msec_40povlp_ch00_C00_Z0765.tif
c515_1_1x_488_008na_1hfds_z10um_350msec_40povlp_ch00_C00_Z0766.tif
c515_1_1x_488_008na_1hfds_z10um_350msec_40povlp_ch00_C00_Z0767.tif
c515_1_1x_488_008na_1hfds_z10um_350msec_40povlp_ch00_C00_Z0768.tif
c515_1_1x_488_008na_1hfds_z10um_350msec_40povlp_ch00_C00_Z0769.tif
c515_1_1x_488_008na_1hfds_z10um_350msec_40povlp_ch00_C00_Z0770.tif
c515_1_1x_488_008na_1hfds_z10um_350msec_40povlp_ch00_C00_Z0771.tif
c515_1_1x_488_008na_1hfds_z10um_350msec_40povlp_ch00_C00_Z0772.tif
c515_1_1x_488_008na_1hfds_z10um_350msec_40povlp_ch00_C00_Z0773.tif
c515_1_1x_488_008na_1hfds_z10um_350msec_40povlp_ch00_C00_Z0774.tif
c515_1_1x_488_008na_1hfds_z10um_350msec_40povlp_ch00_C00_Z0775.tif
c515_1_1x_488_008na_1hfds_z10um_350msec_40povlp_ch00_C00_Z0776.tif
c515_1_1x_488_008na_1hfds_z10um_350msec_40povlp_ch00_C00_Z0777.tif
c515_1_1x_488_008na_1hfds_z10um_350msec_40povlp_ch00_C00_Z0778.tif
c515_1_1x_488_008na_1hfds_z10um_350msec_40povlp_ch00_C00_Z0779.tif
c515_1_1x_488_008na_1hfds_z10um_350msec_40povlp_ch00_C00_Z0160.tif
c515_1_1x_488_008na_1hfds_z10um_350msec_40povlp_ch00_C00_Z0161.tif
c515_1_1x_488_008na_1hfds_z10um_350msec_40povlp_ch00_C00_Z0162.tif
c515_1_1x_488_008na_1hfds_z10um_350msec_40povlp_ch00_C00_Z0163.tif
c515_1_1x_488_008na_1hfds_z10um_350msec_40povlp_ch00_C00_Z0164.tif
c515_1_1x_488_008na_1hfds_z10um_350msec_40povlp_ch00_C00_Z0165.tif
c515_1_1x_488_008na_1hfds_z10um_350msec_40povlp_ch00_C00_Z0166.tif
c515_1_1x_488_008na_1hfds_z10um_350msec_40povlp_ch00_C00_Z0167.tif
c515_1_1x_488_008na_1hfds_z10um_350msec_40povlp_ch00_C00_Z0168.tif
c515_1_1x_488_008na_1hfds_z10um_350msec_40povlp_ch00_C00_Z0169.tif
c515_1_1x_488_008na_1hfds_z10um_350msec_40povlp_ch00_C00_Z0170.tif
c515_1_1x_488_008na_1hfds_z10um_350msec_40povlp_ch00_C00_Z0171.tif
c515_1_1x_488_008na_1hfds_z10um_350msec_40povlp_ch00_C00_Z0172.tif
c515_1_1x_488_008na_1hfds_z10um_350msec_40povlp_ch00_C00_Z0173.tif
c515_1_1x_488_008na_1hfds_z10um_350msec_40povlp_ch00_C00_Z0174.tif
c515_1_1x_488_008na_1hfds_z10um_350msec_40povlp_ch00_C00_Z0175.tif
c515_1_1x_488_008na_1hfds_z10um_350msec_40povlp_ch00_C00_Z0176.tif
c515_1_1x_488_008na_1hfds_z10um_350msec_40povlp_ch00_C00_Z0177.tif
c515_1_1x_488_008na_1hfds_z10um_350msec_40povlp_ch00_C00_Z0178.tif
c515_1_1x_488_008na_1hfds_z10um_350msec_40povlp_ch00_C00_Z0179.tif
c515_1_1x_488_008na_1hfds_z10um_350msec_40povlp_ch00_C00_Z0400.tif
c515_1_1x_488_008na_1hfds_z10um_350msec_40povlp_ch00_C00_Z0401.tif
c515_1_1x_488_008na_1hfds_z10um_350msec_40povlp_ch00_C00_Z0402.tif
c515_1_1x_488_008na_1hfds_z10um_350msec_40povlp_ch00_C00_Z0403.tif
c515_1_1x_488_008na_1hfds_z10um_350msec_40povlp_ch00_C00_Z0404.tif
c515_1_1x_488_008na_1hfds_z10um_350msec_40povlp_ch00_C00_Z0405.tif
c515_1_1x_488_008na_1hfds_z10um_350msec_40povlp_ch00_C00_Z0406.tif
c515_1_1x_488_008na_1hfds_z10um_350msec_40povlp_ch00_C00_Z0407.tif
c515_1_1x_488_008na_1hfds_z10um_350msec_40povlp_ch00_C00_Z0408.tif
c515_1_1x_488_008na_1hfds_z10um_350msec_40povlp_ch00_C00_Z0409.tif
c515_1_1x_488_008na_1hfds_z10um_350msec_40povlp_ch00_C00_Z0410.tif
c515_1_1x_488_008na_1hfds_z10um_350msec_40povlp_ch00_C00_Z0411.tif
c515_1_1x_488_008na_1hfds_z10um_350msec_40povlp_ch00_C00_Z0412.tif
c515_1_1x_488_008na_1hfds_z10um_350msec_40povlp_ch00_C00_Z0413.tif
c515_1_1x_488_008na_1hfds_z10um_350msec_40povlp_ch00_C00_Z0414.tif
c515_1_1x_488_008na_1hfds_z10um_350msec_40povlp_ch00_C00_Z0415.tif
c515_1_1x_488_008na_1hfds_z10um_350msec_40povlp_ch00_C00_Z0416.tif
c515_1_1x_488_008na_1hfds_z10um_350msec_40povlp_ch00_C00_Z0417.tif
c515_1_1x_488_008na_1hfds_z10um_350msec_40povlp_ch00_C00_Z0418.tif
c515_1_1x_488_008na_1hfds_z10um_350msec_40povlp_ch00_C00_Z0419.tif
c515_1_1x_488_008na_1hfds_z10um_350msec_40povlp_ch00_C00_Z0640.tif
c515_1_1x_488_008na_1hfds_z10um_350msec_40povlp_ch00_C00_Z0641.tif
c515_1_1x_488_008na_1hfds_z10um_350msec_40povlp_ch00_C00_Z0642.tif
c515_1_1x_488_008na_1hfds_z10um_350msec_40povlp_ch00_C00_Z0643.tif
c515_1_1x_488_008na_1hfds_z10um_350msec_40povlp_ch00_C00_Z0644.tif
c515_1_1x_488_008na_1hfds_z10um_350msec_40povlp_ch00_C00_Z0645.tif
c515_1_1x_488_008na_1hfds_z10um_350msec_40povlp_ch00_C00_Z0646.tif
c515_1_1x_488_008na_1hfds_z10um_350msec_40povlp_ch00_C00_Z0647.tif
c515_1_1x_488_008na_1hfds_z10um_350msec_40povlp_ch00_C00_Z0648.tif
c515_1_1x_488_008na_1hfds_z10um_350msec_40povlp_ch00_C00_Z0649.tif
c515_1_1x_488_008na_1hfds_z10um_350msec_40povlp_ch00_C00_Z0650.tif
c515_1_1x_488_008na_1hfds_z10um_350msec_40povlp_ch00_C00_Z0651.tif
c515_1_1x_488_008na_1hfds_z10um_350msec_40povlp_ch00_C00_Z0652.tif
c515_1_1x_488_008na_1hfds_z10um_350msec_40povlp_ch00_C00_Z0653.tif
c515_1_1x_488_008na_1hfds_z10um_350msec_40povlp_ch00_C00_Z0654.tif
c515_1_1x_488_008na_1hfds_z10um_350msec_40povlp_ch00_C00_Z0655.tif
c515_1_1x_488_008na_1hfds_z10um_350msec_40povlp_ch00_C00_Z0656.tif
c515_1_1x_488_008na_1hfds_z10um_350msec_40povlp_ch00_C00_Z0657.tif
c515_1_1x_488_008na_1hfds_z10um_350msec_40povlp_ch00_C00_Z0658.tif
c515_1_1x_488_008na_1hfds_z10um_350msec_40povlp_ch00_C00_Z0659.tif
c515_1_1x_488_008na_1hfds_z10um_350msec_40povlp_ch00_C00_Z0880.tif
c515_1_1x_488_008na_1hfds_z10um_350msec_40povlp_ch00_C00_Z0881.tif
c515_1_1x_488_008na_1hfds_z10um_350msec_40povlp_ch00_C00_Z0882.tif
c515_1_1x_488_008na_1hfds_z10um_350msec_40povlp_ch00_C00_Z0883.tif
c515_1_1x_488_008na_1hfds_z10um_350msec_40povlp_ch00_C00_Z0884.tif
c515_1_1x_488_008na_1hfds_z10um_350msec_40povlp_ch00_C00_Z0885.tif
c515_1_1x_488_008na_1hfds_z10um_350msec_40povlp_ch00_C00_Z0886.tif
c515_1_1x_488_008na_1hfds_z10um_350msec_40povlp_ch00_C00_Z0887.tif
c515_1_1x_488_008na_1hfds_z10um_350msec_40povlp_ch00_C00_Z0888.tif
c515_1_1x_488_008na_1hfds_z10um_350msec_40povlp_ch00_C00_Z0889.tif
c515_1_1x_488_008na_1hfds_z10um_350msec_40povlp_ch00_C00_Z0890.tif
c515_1_1x_488_008na_1hfds_z10um_350msec_40povlp_ch00_C00_Z0891.tif
c515_1_1x_488_008na_1hfds_z10um_350msec_40povlp_ch00_C00_Z0892.tif
c515_1_1x_488_008na_1hfds_z10um_350msec_40povlp_ch00_C00_Z0893.tif
c515_1_1x_488_008na_1hfds_z10um_350msec_40povlp_ch00_C00_Z0894.tif
c515_1_1x_488_008na_1hfds_z10um_350msec_40povlp_ch00_C00_Z0895.tif
c515_1_1x_488_008na_1hfds_z10um_350msec_40povlp_ch00_C00_Z0896.tif
c515_1_1x_488_008na_1hfds_z10um_350msec_40povlp_ch00_C00_Z0897.tif
c515_1_1x_488_008na_1hfds_z10um_350msec_40povlp_ch00_C00_Z0898.tif
c515_1_1x_488_008na_1hfds_z10um_350msec_40povlp_ch00_C00_Z0899.tif
c515_1_1x_488_008na_1hfds_z10um_350msec_40povlp_ch00_C00_Z0080.tif
c515_1_1x_488_008na_1hfds_z10um_350msec_40povlp_ch00_C00_Z0081.tif
c515_1_1x_488_008na_1hfds_z10um_350msec_40povlp_ch00_C00_Z0082.tif
c515_1_1x_488_008na_1hfds_z10um_350msec_40povlp_ch00_C00_Z0083.tif
c515_1_1x_488_008na_1hfds_z10um_350msec_40povlp_ch00_C00_Z0084.tif
c515_1_1x_488_008na_1hfds_z10um_350msec_40povlp_ch00_C00_Z0085.tif
c515_1_1x_488_008na_1hfds_z10um_350msec_40povlp_ch00_C00_Z0086.tif
c515_1_1x_488_008na_1hfds_z10um_350msec_40povlp_ch00_C00_Z0087.tif
c515_1_1x_488_008na_1hfds_z10um_350msec_40povlp_ch00_C00_Z0088.tif
c515_1_1x_488_008na_1hfds_z10um_350msec_40povlp_ch00_C00_Z0089.tif
c515_1_1x_488_008na_1hfds_z10um_350msec_40povlp_ch00_C00_Z0090.tif
c515_1_1x_488_008na_1hfds_z10um_350msec_40povlp_ch00_C00_Z0091.tif
c515_1_1x_488_008na_1hfds_z10um_350msec_40povlp_ch00_C00_Z0092.tif
c515_1_1x_488_008na_1hfds_z10um_350msec_40povlp_ch00_C00_Z0093.tif
c515_1_1x_488_008na_1hfds_z10um_350msec_40povlp_ch00_C00_Z0094.tif
c515_1_1x_488_008na_1hfds_z10um_350msec_40povlp_ch00_C00_Z0095.tif
c515_1_1x_488_008na_1hfds_z10um_350msec_40povlp_ch00_C00_Z0096.tif
c515_1_1x_488_008na_1hfds_z10um_350msec_40povlp_ch00_C00_Z0097.tif
c515_1_1x_488_008na_1hfds_z10um_350msec_40povlp_ch00_C00_Z0098.tif
c515_1_1x_488_008na_1hfds_z10um_350msec_40povlp_ch00_C00_Z0099.tif
c515_1_1x_488_008na_1hfds_z10um_350msec_40povlp_ch00_C00_Z0320.tif
c515_1_1x_488_008na_1hfds_z10um_350msec_40povlp_ch00_C00_Z0321.tif
c515_1_1x_488_008na_1hfds_z10um_350msec_40povlp_ch00_C00_Z0322.tif
c515_1_1x_488_008na_1hfds_z10um_350msec_40povlp_ch00_C00_Z0323.tif
c515_1_1x_488_008na_1hfds_z10um_350msec_40povlp_ch00_C00_Z0324.tif
c515_1_1x_488_008na_1hfds_z10um_350msec_40povlp_ch00_C00_Z0325.tif
c515_1_1x_488_008na_1hfds_z10um_350msec_40povlp_ch00_C00_Z0326.tif
c515_1_1x_488_008na_1hfds_z10um_350msec_40povlp_ch00_C00_Z0327.tif
c515_1_1x_488_008na_1hfds_z10um_350msec_40povlp_ch00_C00_Z0328.tif
c515_1_1x_488_008na_1hfds_z10um_350msec_40povlp_ch00_C00_Z0329.tif
c515_1_1x_488_008na_1hfds_z10um_350msec_40povlp_ch00_C00_Z0330.tif
c515_1_1x_488_008na_1hfds_z10um_350msec_40povlp_ch00_C00_Z0331.tif
c515_1_1x_488_008na_1hfds_z10um_350msec_40povlp_ch00_C00_Z0332.tif
c515_1_1x_488_008na_1hfds_z10um_350msec_40povlp_ch00_C00_Z0333.tif
c515_1_1x_488_008na_1hfds_z10um_350msec_40povlp_ch00_C00_Z0334.tif
c515_1_1x_488_008na_1hfds_z10um_350msec_40povlp_ch00_C00_Z0335.tif
c515_1_1x_488_008na_1hfds_z10um_350msec_40povlp_ch00_C00_Z0336.tif
c515_1_1x_488_008na_1hfds_z10um_350msec_40povlp_ch00_C00_Z0337.tif
c515_1_1x_488_008na_1hfds_z10um_350msec_40povlp_ch00_C00_Z0338.tif
c515_1_1x_488_008na_1hfds_z10um_350msec_40povlp_ch00_C00_Z0339.tif
c515_1_1x_488_008na_1hfds_z10um_350msec_40povlp_ch00_C00_Z0560.tif
c515_1_1x_488_008na_1hfds_z10um_350msec_40povlp_ch00_C00_Z0561.tif
c515_1_1x_488_008na_1hfds_z10um_350msec_40povlp_ch00_C00_Z0562.tif
c515_1_1x_488_008na_1hfds_z10um_350msec_40povlp_ch00_C00_Z0563.tif
c515_1_1x_488_008na_1hfds_z10um_350msec_40povlp_ch00_C00_Z0564.tif
c515_1_1x_488_008na_1hfds_z10um_350msec_40povlp_ch00_C00_Z0565.tif
c515_1_1x_488_008na_1hfds_z10um_350msec_40povlp_ch00_C00_Z0566.tif
c515_1_1x_488_008na_1hfds_z10um_350msec_40povlp_ch00_C00_Z0567.tif
c515_1_1x_488_008na_1hfds_z10um_350msec_40povlp_ch00_C00_Z0568.tif
c515_1_1x_488_008na_1hfds_z10um_350msec_40povlp_ch00_C00_Z0569.tif
c515_1_1x_488_008na_1hfds_z10um_350msec_40povlp_ch00_C00_Z0570.tif
c515_1_1x_488_008na_1hfds_z10um_350msec_40povlp_ch00_C00_Z0571.tif
c515_1_1x_488_008na_1hfds_z10um_350msec_40povlp_ch00_C00_Z0572.tif
c515_1_1x_488_008na_1hfds_z10um_350msec_40povlp_ch00_C00_Z0573.tif
c515_1_1x_488_008na_1hfds_z10um_350msec_40povlp_ch00_C00_Z0574.tif
c515_1_1x_488_008na_1hfds_z10um_350msec_40povlp_ch00_C00_Z0575.tif
c515_1_1x_488_008na_1hfds_z10um_350msec_40povlp_ch00_C00_Z0576.tif
c515_1_1x_488_008na_1hfds_z10um_350msec_40povlp_ch00_C00_Z0577.tif
c515_1_1x_488_008na_1hfds_z10um_350msec_40povlp_ch00_C00_Z0578.tif
c515_1_1x_488_008na_1hfds_z10um_350msec_40povlp_ch00_C00_Z0579.tif
c515_1_1x_488_008na_1hfds_z10um_350msec_40povlp_ch00_C00_Z0800.tif
c515_1_1x_488_008na_1hfds_z10um_350msec_40povlp_ch00_C00_Z0801.tif
c515_1_1x_488_008na_1hfds_z10um_350msec_40povlp_ch00_C00_Z0802.tif
c515_1_1x_488_008na_1hfds_z10um_350msec_40povlp_ch00_C00_Z0803.tif
c515_1_1x_488_008na_1hfds_z10um_350msec_40povlp_ch00_C00_Z0804.tif
c515_1_1x_488_008na_1hfds_z10um_350msec_40povlp_ch00_C00_Z0805.tif
c515_1_1x_488_008na_1hfds_z10um_350msec_40povlp_ch00_C00_Z0806.tif
c515_1_1x_488_008na_1hfds_z10um_350msec_40povlp_ch00_C00_Z0807.tif
c515_1_1x_488_008na_1hfds_z10um_350msec_40povlp_ch00_C00_Z0808.tif
c515_1_1x_488_008na_1hfds_z10um_350msec_40povlp_ch00_C00_Z0809.tif
c515_1_1x_488_008na_1hfds_z10um_350msec_40povlp_ch00_C00_Z0810.tif
c515_1_1x_488_008na_1hfds_z10um_350msec_40povlp_ch00_C00_Z0811.tif
c515_1_1x_488_008na_1hfds_z10um_350msec_40povlp_ch00_C00_Z0812.tif
c515_1_1x_488_008na_1hfds_z10um_350msec_40povlp_ch00_C00_Z0813.tif
c515_1_1x_488_008na_1hfds_z10um_350msec_40povlp_ch00_C00_Z0814.tif
c515_1_1x_488_008na_1hfds_z10um_350msec_40povlp_ch00_C00_Z0815.tif
c515_1_1x_488_008na_1hfds_z10um_350msec_40povlp_ch00_C00_Z0816.tif
c515_1_1x_488_008na_1hfds_z10um_350msec_40povlp_ch00_C00_Z0817.tif
c515_1_1x_488_008na_1hfds_z10um_350msec_40povlp_ch00_C00_Z0818.tif
c515_1_1x_488_008na_1hfds_z10um_350msec_40povlp_ch00_C00_Z0819.tif
c515_1_1x_488_008na_1hfds_z10um_350msec_40povlp_ch00_C00_Z0100.tif
c515_1_1x_488_008na_1hfds_z10um_350msec_40povlp_ch00_C00_Z0101.tif
c515_1_1x_488_008na_1hfds_z10um_350msec_40povlp_ch00_C00_Z0102.tif
c515_1_1x_488_008na_1hfds_z10um_350msec_40povlp_ch00_C00_Z0103.tif
c515_1_1x_488_008na_1hfds_z10um_350msec_40povlp_ch00_C00_Z0104.tif
c515_1_1x_488_008na_1hfds_z10um_350msec_40povlp_ch00_C00_Z0105.tif
c515_1_1x_488_008na_1hfds_z10um_350msec_40povlp_ch00_C00_Z0106.tif
c515_1_1x_488_008na_1hfds_z10um_350msec_40povlp_ch00_C00_Z0107.tif
c515_1_1x_488_008na_1hfds_z10um_350msec_40povlp_ch00_C00_Z0108.tif
c515_1_1x_488_008na_1hfds_z10um_350msec_40povlp_ch00_C00_Z0109.tif
c515_1_1x_488_008na_1hfds_z10um_350msec_40povlp_ch00_C00_Z0110.tif
c515_1_1x_488_008na_1hfds_z10um_350msec_40povlp_ch00_C00_Z0111.tif
c515_1_1x_488_008na_1hfds_z10um_350msec_40povlp_ch00_C00_Z0112.tif
c515_1_1x_488_008na_1hfds_z10um_350msec_40povlp_ch00_C00_Z0113.tif
c515_1_1x_488_008na_1hfds_z10um_350msec_40povlp_ch00_C00_Z0114.tif
c515_1_1x_488_008na_1hfds_z10um_350msec_40povlp_ch00_C00_Z0115.tif
c515_1_1x_488_008na_1hfds_z10um_350msec_40povlp_ch00_C00_Z0116.tif
c515_1_1x_488_008na_1hfds_z10um_350msec_40povlp_ch00_C00_Z0117.tif
c515_1_1x_488_008na_1hfds_z10um_350msec_40povlp_ch00_C00_Z0118.tif
c515_1_1x_488_008na_1hfds_z10um_350msec_40povlp_ch00_C00_Z0119.tif
c515_1_1x_488_008na_1hfds_z10um_350msec_40povlp_ch00_C00_Z0340.tif
c515_1_1x_488_008na_1hfds_z10um_350msec_40povlp_ch00_C00_Z0341.tif
c515_1_1x_488_008na_1hfds_z10um_350msec_40povlp_ch00_C00_Z0342.tif
c515_1_1x_488_008na_1hfds_z10um_350msec_40povlp_ch00_C00_Z0343.tif
c515_1_1x_488_008na_1hfds_z10um_350msec_40povlp_ch00_C00_Z0344.tif
c515_1_1x_488_008na_1hfds_z10um_350msec_40povlp_ch00_C00_Z0345.tif
c515_1_1x_488_008na_1hfds_z10um_350msec_40povlp_ch00_C00_Z0346.tif
c515_1_1x_488_008na_1hfds_z10um_350msec_40povlp_ch00_C00_Z0347.tif
c515_1_1x_488_008na_1hfds_z10um_350msec_40povlp_ch00_C00_Z0348.tif
c515_1_1x_488_008na_1hfds_z10um_350msec_40povlp_ch00_C00_Z0349.tif
c515_1_1x_488_008na_1hfds_z10um_350msec_40povlp_ch00_C00_Z0350.tif
c515_1_1x_488_008na_1hfds_z10um_350msec_40povlp_ch00_C00_Z0351.tif
c515_1_1x_488_008na_1hfds_z10um_350msec_40povlp_ch00_C00_Z0352.tif
c515_1_1x_488_008na_1hfds_z10um_350msec_40povlp_ch00_C00_Z0353.tif
c515_1_1x_488_008na_1hfds_z10um_350msec_40povlp_ch00_C00_Z0354.tif
c515_1_1x_488_008na_1hfds_z10um_350msec_40povlp_ch00_C00_Z0355.tif
c515_1_1x_488_008na_1hfds_z10um_350msec_40povlp_ch00_C00_Z0356.tif
c515_1_1x_488_008na_1hfds_z10um_350msec_40povlp_ch00_C00_Z0357.tif
c515_1_1x_488_008na_1hfds_z10um_350msec_40povlp_ch00_C00_Z0358.tif
c515_1_1x_488_008na_1hfds_z10um_350msec_40povlp_ch00_C00_Z0359.tif
c515_1_1x_488_008na_1hfds_z10um_350msec_40povlp_ch00_C00_Z0580.tif
c515_1_1x_488_008na_1hfds_z10um_350msec_40povlp_ch00_C00_Z0581.tif
c515_1_1x_488_008na_1hfds_z10um_350msec_40povlp_ch00_C00_Z0582.tif
c515_1_1x_488_008na_1hfds_z10um_350msec_40povlp_ch00_C00_Z0583.tif
c515_1_1x_488_008na_1hfds_z10um_350msec_40povlp_ch00_C00_Z0584.tif
c515_1_1x_488_008na_1hfds_z10um_350msec_40povlp_ch00_C00_Z0585.tif
c515_1_1x_488_008na_1hfds_z10um_350msec_40povlp_ch00_C00_Z0586.tif
c515_1_1x_488_008na_1hfds_z10um_350msec_40povlp_ch00_C00_Z0587.tif
c515_1_1x_488_008na_1hfds_z10um_350msec_40povlp_ch00_C00_Z0588.tif
c515_1_1x_488_008na_1hfds_z10um_350msec_40povlp_ch00_C00_Z0589.tif
c515_1_1x_488_008na_1hfds_z10um_350msec_40povlp_ch00_C00_Z0590.tif
c515_1_1x_488_008na_1hfds_z10um_350msec_40povlp_ch00_C00_Z0591.tif
c515_1_1x_488_008na_1hfds_z10um_350msec_40povlp_ch00_C00_Z0592.tif
c515_1_1x_488_008na_1hfds_z10um_350msec_40povlp_ch00_C00_Z0593.tif
c515_1_1x_488_008na_1hfds_z10um_350msec_40povlp_ch00_C00_Z0594.tif
c515_1_1x_488_008na_1hfds_z10um_350msec_40povlp_ch00_C00_Z0595.tif
c515_1_1x_488_008na_1hfds_z10um_350msec_40povlp_ch00_C00_Z0596.tif
c515_1_1x_488_008na_1hfds_z10um_350msec_40povlp_ch00_C00_Z0597.tif
c515_1_1x_488_008na_1hfds_z10um_350msec_40povlp_ch00_C00_Z0598.tif
c515_1_1x_488_008na_1hfds_z10um_350msec_40povlp_ch00_C00_Z0599.tif
c515_1_1x_488_008na_1hfds_z10um_350msec_40povlp_ch00_C00_Z0820.tif
c515_1_1x_488_008na_1hfds_z10um_350msec_40povlp_ch00_C00_Z0821.tif
c515_1_1x_488_008na_1hfds_z10um_350msec_40povlp_ch00_C00_Z0822.tif
c515_1_1x_488_008na_1hfds_z10um_350msec_40povlp_ch00_C00_Z0823.tif
c515_1_1x_488_008na_1hfds_z10um_350msec_40povlp_ch00_C00_Z0824.tif
c515_1_1x_488_008na_1hfds_z10um_350msec_40povlp_ch00_C00_Z0825.tif
c515_1_1x_488_008na_1hfds_z10um_350msec_40povlp_ch00_C00_Z0826.tif
c515_1_1x_488_008na_1hfds_z10um_350msec_40povlp_ch00_C00_Z0827.tif
c515_1_1x_488_008na_1hfds_z10um_350msec_40povlp_ch00_C00_Z0828.tif
c515_1_1x_488_008na_1hfds_z10um_350msec_40povlp_ch00_C00_Z0829.tif
c515_1_1x_488_008na_1hfds_z10um_350msec_40povlp_ch00_C00_Z0830.tif
c515_1_1x_488_008na_1hfds_z10um_350msec_40povlp_ch00_C00_Z0831.tif
c515_1_1x_488_008na_1hfds_z10um_350msec_40povlp_ch00_C00_Z0832.tif
c515_1_1x_488_008na_1hfds_z10um_350msec_40povlp_ch00_C00_Z0833.tif
c515_1_1x_488_008na_1hfds_z10um_350msec_40povlp_ch00_C00_Z0834.tif
c515_1_1x_488_008na_1hfds_z10um_350msec_40povlp_ch00_C00_Z0835.tif
c515_1_1x_488_008na_1hfds_z10um_350msec_40povlp_ch00_C00_Z0836.tif
c515_1_1x_488_008na_1hfds_z10um_350msec_40povlp_ch00_C00_Z0837.tif
c515_1_1x_488_008na_1hfds_z10um_350msec_40povlp_ch00_C00_Z0838.tif
c515_1_1x_488_008na_1hfds_z10um_350msec_40povlp_ch00_C00_Z0839.tif
c515_1_1x_488_008na_1hfds_z10um_350msec_40povlp_ch00_C00_Z0120.tif
c515_1_1x_488_008na_1hfds_z10um_350msec_40povlp_ch00_C00_Z0121.tif
c515_1_1x_488_008na_1hfds_z10um_350msec_40povlp_ch00_C00_Z0122.tif
c515_1_1x_488_008na_1hfds_z10um_350msec_40povlp_ch00_C00_Z0123.tif
c515_1_1x_488_008na_1hfds_z10um_350msec_40povlp_ch00_C00_Z0124.tif
c515_1_1x_488_008na_1hfds_z10um_350msec_40povlp_ch00_C00_Z0125.tif
c515_1_1x_488_008na_1hfds_z10um_350msec_40povlp_ch00_C00_Z0126.tif
c515_1_1x_488_008na_1hfds_z10um_350msec_40povlp_ch00_C00_Z0127.tif
c515_1_1x_488_008na_1hfds_z10um_350msec_40povlp_ch00_C00_Z0128.tif
c515_1_1x_488_008na_1hfds_z10um_350msec_40povlp_ch00_C00_Z0129.tif
c515_1_1x_488_008na_1hfds_z10um_350msec_40povlp_ch00_C00_Z0130.tif
c515_1_1x_488_008na_1hfds_z10um_350msec_40povlp_ch00_C00_Z0131.tif
c515_1_1x_488_008na_1hfds_z10um_350msec_40povlp_ch00_C00_Z0132.tif
c515_1_1x_488_008na_1hfds_z10um_350msec_40povlp_ch00_C00_Z0133.tif
c515_1_1x_488_008na_1hfds_z10um_350msec_40povlp_ch00_C00_Z0134.tif
c515_1_1x_488_008na_1hfds_z10um_350msec_40povlp_ch00_C00_Z0135.tif
c515_1_1x_488_008na_1hfds_z10um_350msec_40povlp_ch00_C00_Z0136.tif
c515_1_1x_488_008na_1hfds_z10um_350msec_40povlp_ch00_C00_Z0137.tif
c515_1_1x_488_008na_1hfds_z10um_350msec_40povlp_ch00_C00_Z0138.tif
c515_1_1x_488_008na_1hfds_z10um_350msec_40povlp_ch00_C00_Z0139.tif
c515_1_1x_488_008na_1hfds_z10um_350msec_40povlp_ch00_C00_Z0360.tif
c515_1_1x_488_008na_1hfds_z10um_350msec_40povlp_ch00_C00_Z0361.tif
c515_1_1x_488_008na_1hfds_z10um_350msec_40povlp_ch00_C00_Z0362.tif
c515_1_1x_488_008na_1hfds_z10um_350msec_40povlp_ch00_C00_Z0363.tif
c515_1_1x_488_008na_1hfds_z10um_350msec_40povlp_ch00_C00_Z0364.tif
c515_1_1x_488_008na_1hfds_z10um_350msec_40povlp_ch00_C00_Z0365.tif
c515_1_1x_488_008na_1hfds_z10um_350msec_40povlp_ch00_C00_Z0366.tif
c515_1_1x_488_008na_1hfds_z10um_350msec_40povlp_ch00_C00_Z0367.tif
c515_1_1x_488_008na_1hfds_z10um_350msec_40povlp_ch00_C00_Z0368.tif
c515_1_1x_488_008na_1hfds_z10um_350msec_40povlp_ch00_C00_Z0369.tif
c515_1_1x_488_008na_1hfds_z10um_350msec_40povlp_ch00_C00_Z0370.tif
c515_1_1x_488_008na_1hfds_z10um_350msec_40povlp_ch00_C00_Z0371.tif
c515_1_1x_488_008na_1hfds_z10um_350msec_40povlp_ch00_C00_Z0372.tif
c515_1_1x_488_008na_1hfds_z10um_350msec_40povlp_ch00_C00_Z0373.tif
c515_1_1x_488_008na_1hfds_z10um_350msec_40povlp_ch00_C00_Z0374.tif
c515_1_1x_488_008na_1hfds_z10um_350msec_40povlp_ch00_C00_Z0375.tif
c515_1_1x_488_008na_1hfds_z10um_350msec_40povlp_ch00_C00_Z0376.tif
c515_1_1x_488_008na_1hfds_z10um_350msec_40povlp_ch00_C00_Z0377.tif
c515_1_1x_488_008na_1hfds_z10um_350msec_40povlp_ch00_C00_Z0378.tif
c515_1_1x_488_008na_1hfds_z10um_350msec_40povlp_ch00_C00_Z0379.tif
c515_1_1x_488_008na_1hfds_z10um_350msec_40povlp_ch00_C00_Z0600.tif
c515_1_1x_488_008na_1hfds_z10um_350msec_40povlp_ch00_C00_Z0601.tif
c515_1_1x_488_008na_1hfds_z10um_350msec_40povlp_ch00_C00_Z0602.tif
c515_1_1x_488_008na_1hfds_z10um_350msec_40povlp_ch00_C00_Z0603.tif
c515_1_1x_488_008na_1hfds_z10um_350msec_40povlp_ch00_C00_Z0604.tif
c515_1_1x_488_008na_1hfds_z10um_350msec_40povlp_ch00_C00_Z0605.tif
c515_1_1x_488_008na_1hfds_z10um_350msec_40povlp_ch00_C00_Z0606.tif
c515_1_1x_488_008na_1hfds_z10um_350msec_40povlp_ch00_C00_Z0607.tif
c515_1_1x_488_008na_1hfds_z10um_350msec_40povlp_ch00_C00_Z0608.tif
c515_1_1x_488_008na_1hfds_z10um_350msec_40povlp_ch00_C00_Z0609.tif
c515_1_1x_488_008na_1hfds_z10um_350msec_40povlp_ch00_C00_Z0610.tif
c515_1_1x_488_008na_1hfds_z10um_350msec_40povlp_ch00_C00_Z0611.tif
c515_1_1x_488_008na_1hfds_z10um_350msec_40povlp_ch00_C00_Z0612.tif
c515_1_1x_488_008na_1hfds_z10um_350msec_40povlp_ch00_C00_Z0613.tif
c515_1_1x_488_008na_1hfds_z10um_350msec_40povlp_ch00_C00_Z0614.tif
c515_1_1x_488_008na_1hfds_z10um_350msec_40povlp_ch00_C00_Z0615.tif
c515_1_1x_488_008na_1hfds_z10um_350msec_40povlp_ch00_C00_Z0616.tif
c515_1_1x_488_008na_1hfds_z10um_350msec_40povlp_ch00_C00_Z0617.tif
c515_1_1x_488_008na_1hfds_z10um_350msec_40povlp_ch00_C00_Z0618.tif
c515_1_1x_488_008na_1hfds_z10um_350msec_40povlp_ch00_C00_Z0619.tif
c515_1_1x_488_008na_1hfds_z10um_350msec_40povlp_ch00_C00_Z0840.tif
c515_1_1x_488_008na_1hfds_z10um_350msec_40povlp_ch00_C00_Z0841.tif
c515_1_1x_488_008na_1hfds_z10um_350msec_40povlp_ch00_C00_Z0842.tif
c515_1_1x_488_008na_1hfds_z10um_350msec_40povlp_ch00_C00_Z0843.tif
c515_1_1x_488_008na_1hfds_z10um_350msec_40povlp_ch00_C00_Z0844.tif
c515_1_1x_488_008na_1hfds_z10um_350msec_40povlp_ch00_C00_Z0845.tif
c515_1_1x_488_008na_1hfds_z10um_350msec_40povlp_ch00_C00_Z0846.tif
c515_1_1x_488_008na_1hfds_z10um_350msec_40povlp_ch00_C00_Z0847.tif
c515_1_1x_488_008na_1hfds_z10um_350msec_40povlp_ch00_C00_Z0848.tif
c515_1_1x_488_008na_1hfds_z10um_350msec_40povlp_ch00_C00_Z0849.tif
c515_1_1x_488_008na_1hfds_z10um_350msec_40povlp_ch00_C00_Z0850.tif
c515_1_1x_488_008na_1hfds_z10um_350msec_40povlp_ch00_C00_Z0851.tif
c515_1_1x_488_008na_1hfds_z10um_350msec_40povlp_ch00_C00_Z0852.tif
c515_1_1x_488_008na_1hfds_z10um_350msec_40povlp_ch00_C00_Z0853.tif
c515_1_1x_488_008na_1hfds_z10um_350msec_40povlp_ch00_C00_Z0854.tif
c515_1_1x_488_008na_1hfds_z10um_350msec_40povlp_ch00_C00_Z0855.tif
c515_1_1x_488_008na_1hfds_z10um_350msec_40povlp_ch00_C00_Z0856.tif
c515_1_1x_488_008na_1hfds_z10um_350msec_40povlp_ch00_C00_Z0857.tif
c515_1_1x_488_008na_1hfds_z10um_350msec_40povlp_ch00_C00_Z0858.tif
c515_1_1x_488_008na_1hfds_z10um_350msec_40povlp_ch00_C00_Z0859.tif
c515_1_1x_488_008na_1hfds_z10um_350msec_40povlp_ch00_C00_Z0140.tif
c515_1_1x_488_008na_1hfds_z10um_350msec_40povlp_ch00_C00_Z0141.tif
c515_1_1x_488_008na_1hfds_z10um_350msec_40povlp_ch00_C00_Z0142.tif
c515_1_1x_488_008na_1hfds_z10um_350msec_40povlp_ch00_C00_Z0143.tif
c515_1_1x_488_008na_1hfds_z10um_350msec_40povlp_ch00_C00_Z0144.tif
c515_1_1x_488_008na_1hfds_z10um_350msec_40povlp_ch00_C00_Z0145.tif
c515_1_1x_488_008na_1hfds_z10um_350msec_40povlp_ch00_C00_Z0146.tif
c515_1_1x_488_008na_1hfds_z10um_350msec_40povlp_ch00_C00_Z0147.tif
c515_1_1x_488_008na_1hfds_z10um_350msec_40povlp_ch00_C00_Z0148.tif
c515_1_1x_488_008na_1hfds_z10um_350msec_40povlp_ch00_C00_Z0149.tif
c515_1_1x_488_008na_1hfds_z10um_350msec_40povlp_ch00_C00_Z0150.tif
c515_1_1x_488_008na_1hfds_z10um_350msec_40povlp_ch00_C00_Z0151.tif
c515_1_1x_488_008na_1hfds_z10um_350msec_40povlp_ch00_C00_Z0152.tif
c515_1_1x_488_008na_1hfds_z10um_350msec_40povlp_ch00_C00_Z0153.tif
c515_1_1x_488_008na_1hfds_z10um_350msec_40povlp_ch00_C00_Z0154.tif
c515_1_1x_488_008na_1hfds_z10um_350msec_40povlp_ch00_C00_Z0155.tif
c515_1_1x_488_008na_1hfds_z10um_350msec_40povlp_ch00_C00_Z0156.tif
c515_1_1x_488_008na_1hfds_z10um_350msec_40povlp_ch00_C00_Z0157.tif
c515_1_1x_488_008na_1hfds_z10um_350msec_40povlp_ch00_C00_Z0158.tif
c515_1_1x_488_008na_1hfds_z10um_350msec_40povlp_ch00_C00_Z0159.tif
c515_1_1x_488_008na_1hfds_z10um_350msec_40povlp_ch00_C00_Z0380.tif
c515_1_1x_488_008na_1hfds_z10um_350msec_40povlp_ch00_C00_Z0381.tif
c515_1_1x_488_008na_1hfds_z10um_350msec_40povlp_ch00_C00_Z0382.tif
c515_1_1x_488_008na_1hfds_z10um_350msec_40povlp_ch00_C00_Z0383.tif
c515_1_1x_488_008na_1hfds_z10um_350msec_40povlp_ch00_C00_Z0384.tif
c515_1_1x_488_008na_1hfds_z10um_350msec_40povlp_ch00_C00_Z0385.tif
c515_1_1x_488_008na_1hfds_z10um_350msec_40povlp_ch00_C00_Z0386.tif
c515_1_1x_488_008na_1hfds_z10um_350msec_40povlp_ch00_C00_Z0387.tif
c515_1_1x_488_008na_1hfds_z10um_350msec_40povlp_ch00_C00_Z0388.tif
c515_1_1x_488_008na_1hfds_z10um_350msec_40povlp_ch00_C00_Z0389.tif
c515_1_1x_488_008na_1hfds_z10um_350msec_40povlp_ch00_C00_Z0390.tif
c515_1_1x_488_008na_1hfds_z10um_350msec_40povlp_ch00_C00_Z0391.tif
c515_1_1x_488_008na_1hfds_z10um_350msec_40povlp_ch00_C00_Z0392.tif
c515_1_1x_488_008na_1hfds_z10um_350msec_40povlp_ch00_C00_Z0393.tif
c515_1_1x_488_008na_1hfds_z10um_350msec_40povlp_ch00_C00_Z0394.tif
c515_1_1x_488_008na_1hfds_z10um_350msec_40povlp_ch00_C00_Z0395.tif
c515_1_1x_488_008na_1hfds_z10um_350msec_40povlp_ch00_C00_Z0396.tif
c515_1_1x_488_008na_1hfds_z10um_350msec_40povlp_ch00_C00_Z0397.tif
c515_1_1x_488_008na_1hfds_z10um_350msec_40povlp_ch00_C00_Z0398.tif
c515_1_1x_488_008na_1hfds_z10um_350msec_40povlp_ch00_C00_Z0399.tif
c515_1_1x_488_008na_1hfds_z10um_350msec_40povlp_ch00_C00_Z0620.tif
c515_1_1x_488_008na_1hfds_z10um_350msec_40povlp_ch00_C00_Z0621.tif
c515_1_1x_488_008na_1hfds_z10um_350msec_40povlp_ch00_C00_Z0622.tif
c515_1_1x_488_008na_1hfds_z10um_350msec_40povlp_ch00_C00_Z0623.tif
c515_1_1x_488_008na_1hfds_z10um_350msec_40povlp_ch00_C00_Z0624.tif
c515_1_1x_488_008na_1hfds_z10um_350msec_40povlp_ch00_C00_Z0625.tif
c515_1_1x_488_008na_1hfds_z10um_350msec_40povlp_ch00_C00_Z0626.tif
c515_1_1x_488_008na_1hfds_z10um_350msec_40povlp_ch00_C00_Z0627.tif
c515_1_1x_488_008na_1hfds_z10um_350msec_40povlp_ch00_C00_Z0628.tif
c515_1_1x_488_008na_1hfds_z10um_350msec_40povlp_ch00_C00_Z0629.tif
c515_1_1x_488_008na_1hfds_z10um_350msec_40povlp_ch00_C00_Z0630.tif
c515_1_1x_488_008na_1hfds_z10um_350msec_40povlp_ch00_C00_Z0631.tif
c515_1_1x_488_008na_1hfds_z10um_350msec_40povlp_ch00_C00_Z0632.tif
c515_1_1x_488_008na_1hfds_z10um_350msec_40povlp_ch00_C00_Z0633.tif
c515_1_1x_488_008na_1hfds_z10um_350msec_40povlp_ch00_C00_Z0634.tif
c515_1_1x_488_008na_1hfds_z10um_350msec_40povlp_ch00_C00_Z0635.tif
c515_1_1x_488_008na_1hfds_z10um_350msec_40povlp_ch00_C00_Z0636.tif
c515_1_1x_488_008na_1hfds_z10um_350msec_40povlp_ch00_C00_Z0637.tif
c515_1_1x_488_008na_1hfds_z10um_350msec_40povlp_ch00_C00_Z0638.tif
c515_1_1x_488_008na_1hfds_z10um_350msec_40povlp_ch00_C00_Z0639.tif
c515_1_1x_488_008na_1hfds_z10um_350msec_40povlp_ch00_C00_Z0860.tif
c515_1_1x_488_008na_1hfds_z10um_350msec_40povlp_ch00_C00_Z0861.tif
c515_1_1x_488_008na_1hfds_z10um_350msec_40povlp_ch00_C00_Z0862.tif
c515_1_1x_488_008na_1hfds_z10um_350msec_40povlp_ch00_C00_Z0863.tif
c515_1_1x_488_008na_1hfds_z10um_350msec_40povlp_ch00_C00_Z0864.tif
c515_1_1x_488_008na_1hfds_z10um_350msec_40povlp_ch00_C00_Z0865.tif
c515_1_1x_488_008na_1hfds_z10um_350msec_40povlp_ch00_C00_Z0866.tif
c515_1_1x_488_008na_1hfds_z10um_350msec_40povlp_ch00_C00_Z0867.tif
c515_1_1x_488_008na_1hfds_z10um_350msec_40povlp_ch00_C00_Z0868.tif
c515_1_1x_488_008na_1hfds_z10um_350msec_40povlp_ch00_C00_Z0869.tif
c515_1_1x_488_008na_1hfds_z10um_350msec_40povlp_ch00_C00_Z0870.tif
c515_1_1x_488_008na_1hfds_z10um_350msec_40povlp_ch00_C00_Z0871.tif
c515_1_1x_488_008na_1hfds_z10um_350msec_40povlp_ch00_C00_Z0872.tif
c515_1_1x_488_008na_1hfds_z10um_350msec_40povlp_ch00_C00_Z0873.tif
c515_1_1x_488_008na_1hfds_z10um_350msec_40povlp_ch00_C00_Z0874.tif
c515_1_1x_488_008na_1hfds_z10um_350msec_40povlp_ch00_C00_Z0875.tif
c515_1_1x_488_008na_1hfds_z10um_350msec_40povlp_ch00_C00_Z0876.tif
c515_1_1x_488_008na_1hfds_z10um_350msec_40povlp_ch00_C00_Z0877.tif
c515_1_1x_488_008na_1hfds_z10um_350msec_40povlp_ch00_C00_Z0878.tif
c515_1_1x_488_008na_1hfds_z10um_350msec_40povlp_ch00_C00_Z0879.tif
