In the directory: /scratch/ejdennis/rat_BrainPipe/rat_atlas 
As the user: ejdennis 
on host: spock-brody02-02 
Cpus_allowed_list:	12-21,34-35
Array Index: 13
13
/jukebox/LightSheetData/brodyatlas/processed/a237
a237
a237
0
100
200
300
400
500
600
700
800
900
a237_1_1x_488_016na_1hfds_z10um_150msec_40povlp_ch00_C00_Z0209.tif
a237_1_1x_488_016na_1hfds_z10um_150msec_40povlp_ch00_C00_Z0210.tif
a237_1_1x_488_016na_1hfds_z10um_150msec_40povlp_ch00_C00_Z0211.tif
a237_1_1x_488_016na_1hfds_z10um_150msec_40povlp_ch00_C00_Z0212.tif
a237_1_1x_488_016na_1hfds_z10um_150msec_40povlp_ch00_C00_Z0213.tif
a237_1_1x_488_016na_1hfds_z10um_150msec_40povlp_ch00_C00_Z0214.tif
a237_1_1x_488_016na_1hfds_z10um_150msec_40povlp_ch00_C00_Z0215.tif
a237_1_1x_488_016na_1hfds_z10um_150msec_40povlp_ch00_C00_Z0216.tif
a237_1_1x_488_016na_1hfds_z10um_150msec_40povlp_ch00_C00_Z0217.tif
a237_1_1x_488_016na_1hfds_z10um_150msec_40povlp_ch00_C00_Z0218.tif
a237_1_1x_488_016na_1hfds_z10um_150msec_40povlp_ch00_C00_Z0219.tif
a237_1_1x_488_016na_1hfds_z10um_150msec_40povlp_ch00_C00_Z0220.tif
a237_1_1x_488_016na_1hfds_z10um_150msec_40povlp_ch00_C00_Z0221.tif
a237_1_1x_488_016na_1hfds_z10um_150msec_40povlp_ch00_C00_Z0222.tif
a237_1_1x_488_016na_1hfds_z10um_150msec_40povlp_ch00_C00_Z0223.tif
a237_1_1x_488_016na_1hfds_z10um_150msec_40povlp_ch00_C00_Z0224.tif
a237_1_1x_488_016na_1hfds_z10um_150msec_40povlp_ch00_C00_Z0225.tif
a237_1_1x_488_016na_1hfds_z10um_150msec_40povlp_ch00_C00_Z0226.tif
a237_1_1x_488_016na_1hfds_z10um_150msec_40povlp_ch00_C00_Z0227.tif
a237_1_1x_488_016na_1hfds_z10um_150msec_40povlp_ch00_C00_Z0437.tif
a237_1_1x_488_016na_1hfds_z10um_150msec_40povlp_ch00_C00_Z0438.tif
a237_1_1x_488_016na_1hfds_z10um_150msec_40povlp_ch00_C00_Z0439.tif
a237_1_1x_488_016na_1hfds_z10um_150msec_40povlp_ch00_C00_Z0440.tif
a237_1_1x_488_016na_1hfds_z10um_150msec_40povlp_ch00_C00_Z0441.tif
a237_1_1x_488_016na_1hfds_z10um_150msec_40povlp_ch00_C00_Z0442.tif
a237_1_1x_488_016na_1hfds_z10um_150msec_40povlp_ch00_C00_Z0443.tif
a237_1_1x_488_016na_1hfds_z10um_150msec_40povlp_ch00_C00_Z0444.tif
a237_1_1x_488_016na_1hfds_z10um_150msec_40povlp_ch00_C00_Z0445.tif
a237_1_1x_488_016na_1hfds_z10um_150msec_40povlp_ch00_C00_Z0446.tif
a237_1_1x_488_016na_1hfds_z10um_150msec_40povlp_ch00_C00_Z0447.tif
a237_1_1x_488_016na_1hfds_z10um_150msec_40povlp_ch00_C00_Z0448.tif
a237_1_1x_488_016na_1hfds_z10um_150msec_40povlp_ch00_C00_Z0449.tif
a237_1_1x_488_016na_1hfds_z10um_150msec_40povlp_ch00_C00_Z0450.tif
a237_1_1x_488_016na_1hfds_z10um_150msec_40povlp_ch00_C00_Z0451.tif
a237_1_1x_488_016na_1hfds_z10um_150msec_40povlp_ch00_C00_Z0452.tif
a237_1_1x_488_016na_1hfds_z10um_150msec_40povlp_ch00_C00_Z0453.tif
a237_1_1x_488_016na_1hfds_z10um_150msec_40povlp_ch00_C00_Z0454.tif
a237_1_1x_488_016na_1hfds_z10um_150msec_40povlp_ch00_C00_Z0455.tif
a237_1_1x_488_016na_1hfds_z10um_150msec_40povlp_ch00_C00_Z0646.tif
a237_1_1x_488_016na_1hfds_z10um_150msec_40povlp_ch00_C00_Z0647.tif
a237_1_1x_488_016na_1hfds_z10um_150msec_40povlp_ch00_C00_Z0648.tif
a237_1_1x_488_016na_1hfds_z10um_150msec_40povlp_ch00_C00_Z0649.tif
a237_1_1x_488_016na_1hfds_z10um_150msec_40povlp_ch00_C00_Z0650.tif
a237_1_1x_488_016na_1hfds_z10um_150msec_40povlp_ch00_C00_Z0651.tif
a237_1_1x_488_016na_1hfds_z10um_150msec_40povlp_ch00_C00_Z0652.tif
a237_1_1x_488_016na_1hfds_z10um_150msec_40povlp_ch00_C00_Z0653.tif
a237_1_1x_488_016na_1hfds_z10um_150msec_40povlp_ch00_C00_Z0654.tif
a237_1_1x_488_016na_1hfds_z10um_150msec_40povlp_ch00_C00_Z0655.tif
a237_1_1x_488_016na_1hfds_z10um_150msec_40povlp_ch00_C00_Z0656.tif
a237_1_1x_488_016na_1hfds_z10um_150msec_40povlp_ch00_C00_Z0657.tif
a237_1_1x_488_016na_1hfds_z10um_150msec_40povlp_ch00_C00_Z0658.tif
a237_1_1x_488_016na_1hfds_z10um_150msec_40povlp_ch00_C00_Z0659.tif
a237_1_1x_488_016na_1hfds_z10um_150msec_40povlp_ch00_C00_Z0660.tif
a237_1_1x_488_016na_1hfds_z10um_150msec_40povlp_ch00_C00_Z0661.tif
a237_1_1x_488_016na_1hfds_z10um_150msec_40povlp_ch00_C00_Z0662.tif
a237_1_1x_488_016na_1hfds_z10um_150msec_40povlp_ch00_C00_Z0663.tif
a237_1_1x_488_016na_1hfds_z10um_150msec_40povlp_ch00_C00_Z0664.tif
a237_1_1x_488_016na_1hfds_z10um_150msec_40povlp_ch00_C00_Z0893.tif
a237_1_1x_488_016na_1hfds_z10um_150msec_40povlp_ch00_C00_Z0894.tif
a237_1_1x_488_016na_1hfds_z10um_150msec_40povlp_ch00_C00_Z0895.tif
a237_1_1x_488_016na_1hfds_z10um_150msec_40povlp_ch00_C00_Z0896.tif
a237_1_1x_488_016na_1hfds_z10um_150msec_40povlp_ch00_C00_Z0897.tif
a237_1_1x_488_016na_1hfds_z10um_150msec_40povlp_ch00_C00_Z0898.tif
a237_1_1x_488_016na_1hfds_z10um_150msec_40povlp_ch00_C00_Z0899.tif
a237_1_1x_488_016na_1hfds_z10um_150msec_40povlp_ch00_C00_Z0900.tif
a237_1_1x_488_016na_1hfds_z10um_150msec_40povlp_ch00_C00_Z0901.tif
a237_1_1x_488_016na_1hfds_z10um_150msec_40povlp_ch00_C00_Z0902.tif
a237_1_1x_488_016na_1hfds_z10um_150msec_40povlp_ch00_C00_Z0903.tif
a237_1_1x_488_016na_1hfds_z10um_150msec_40povlp_ch00_C00_Z0904.tif
a237_1_1x_488_016na_1hfds_z10um_150msec_40povlp_ch00_C00_Z0905.tif
a237_1_1x_488_016na_1hfds_z10um_150msec_40povlp_ch00_C00_Z0906.tif
a237_1_1x_488_016na_1hfds_z10um_150msec_40povlp_ch00_C00_Z0907.tif
a237_1_1x_488_016na_1hfds_z10um_150msec_40povlp_ch00_C00_Z0908.tif
a237_1_1x_488_016na_1hfds_z10um_150msec_40povlp_ch00_C00_Z0057.tif
a237_1_1x_488_016na_1hfds_z10um_150msec_40povlp_ch00_C00_Z0058.tif
a237_1_1x_488_016na_1hfds_z10um_150msec_40povlp_ch00_C00_Z0059.tif
a237_1_1x_488_016na_1hfds_z10um_150msec_40povlp_ch00_C00_Z0060.tif
a237_1_1x_488_016na_1hfds_z10um_150msec_40povlp_ch00_C00_Z0061.tif
a237_1_1x_488_016na_1hfds_z10um_150msec_40povlp_ch00_C00_Z0062.tif
a237_1_1x_488_016na_1hfds_z10um_150msec_40povlp_ch00_C00_Z0063.tif
a237_1_1x_488_016na_1hfds_z10um_150msec_40povlp_ch00_C00_Z0064.tif
a237_1_1x_488_016na_1hfds_z10um_150msec_40povlp_ch00_C00_Z0065.tif
a237_1_1x_488_016na_1hfds_z10um_150msec_40povlp_ch00_C00_Z0066.tif
a237_1_1x_488_016na_1hfds_z10um_150msec_40povlp_ch00_C00_Z0067.tif
a237_1_1x_488_016na_1hfds_z10um_150msec_40povlp_ch00_C00_Z0068.tif
a237_1_1x_488_016na_1hfds_z10um_150msec_40povlp_ch00_C00_Z0069.tif
a237_1_1x_488_016na_1hfds_z10um_150msec_40povlp_ch00_C00_Z0070.tif
a237_1_1x_488_016na_1hfds_z10um_150msec_40povlp_ch00_C00_Z0071.tif
a237_1_1x_488_016na_1hfds_z10um_150msec_40povlp_ch00_C00_Z0072.tif
a237_1_1x_488_016na_1hfds_z10um_150msec_40povlp_ch00_C00_Z0073.tif
a237_1_1x_488_016na_1hfds_z10um_150msec_40povlp_ch00_C00_Z0074.tif
a237_1_1x_488_016na_1hfds_z10um_150msec_40povlp_ch00_C00_Z0075.tif
a237_1_1x_488_016na_1hfds_z10um_150msec_40povlp_ch00_C00_Z0266.tif
a237_1_1x_488_016na_1hfds_z10um_150msec_40povlp_ch00_C00_Z0267.tif
a237_1_1x_488_016na_1hfds_z10um_150msec_40povlp_ch00_C00_Z0268.tif
a237_1_1x_488_016na_1hfds_z10um_150msec_40povlp_ch00_C00_Z0269.tif
a237_1_1x_488_016na_1hfds_z10um_150msec_40povlp_ch00_C00_Z0270.tif
a237_1_1x_488_016na_1hfds_z10um_150msec_40povlp_ch00_C00_Z0271.tif
a237_1_1x_488_016na_1hfds_z10um_150msec_40povlp_ch00_C00_Z0272.tif
a237_1_1x_488_016na_1hfds_z10um_150msec_40povlp_ch00_C00_Z0273.tif
a237_1_1x_488_016na_1hfds_z10um_150msec_40povlp_ch00_C00_Z0274.tif
a237_1_1x_488_016na_1hfds_z10um_150msec_40povlp_ch00_C00_Z0275.tif
a237_1_1x_488_016na_1hfds_z10um_150msec_40povlp_ch00_C00_Z0276.tif
a237_1_1x_488_016na_1hfds_z10um_150msec_40povlp_ch00_C00_Z0277.tif
a237_1_1x_488_016na_1hfds_z10um_150msec_40povlp_ch00_C00_Z0278.tif
a237_1_1x_488_016na_1hfds_z10um_150msec_40povlp_ch00_C00_Z0279.tif
a237_1_1x_488_016na_1hfds_z10um_150msec_40povlp_ch00_C00_Z0280.tif
a237_1_1x_488_016na_1hfds_z10um_150msec_40povlp_ch00_C00_Z0281.tif
a237_1_1x_488_016na_1hfds_z10um_150msec_40povlp_ch00_C00_Z0282.tif
a237_1_1x_488_016na_1hfds_z10um_150msec_40povlp_ch00_C00_Z0283.tif
a237_1_1x_488_016na_1hfds_z10um_150msec_40povlp_ch00_C00_Z0284.tif
a237_1_1x_488_016na_1hfds_z10um_150msec_40povlp_ch00_C00_Z0475.tif
a237_1_1x_488_016na_1hfds_z10um_150msec_40povlp_ch00_C00_Z0476.tif
a237_1_1x_488_016na_1hfds_z10um_150msec_40povlp_ch00_C00_Z0477.tif
a237_1_1x_488_016na_1hfds_z10um_150msec_40povlp_ch00_C00_Z0478.tif
a237_1_1x_488_016na_1hfds_z10um_150msec_40povlp_ch00_C00_Z0479.tif
a237_1_1x_488_016na_1hfds_z10um_150msec_40povlp_ch00_C00_Z0480.tif
a237_1_1x_488_016na_1hfds_z10um_150msec_40povlp_ch00_C00_Z0481.tif
a237_1_1x_488_016na_1hfds_z10um_150msec_40povlp_ch00_C00_Z0482.tif
a237_1_1x_488_016na_1hfds_z10um_150msec_40povlp_ch00_C00_Z0483.tif
a237_1_1x_488_016na_1hfds_z10um_150msec_40povlp_ch00_C00_Z0484.tif
a237_1_1x_488_016na_1hfds_z10um_150msec_40povlp_ch00_C00_Z0485.tif
a237_1_1x_488_016na_1hfds_z10um_150msec_40povlp_ch00_C00_Z0486.tif
a237_1_1x_488_016na_1hfds_z10um_150msec_40povlp_ch00_C00_Z0487.tif
a237_1_1x_488_016na_1hfds_z10um_150msec_40povlp_ch00_C00_Z0488.tif
a237_1_1x_488_016na_1hfds_z10um_150msec_40povlp_ch00_C00_Z0489.tif
a237_1_1x_488_016na_1hfds_z10um_150msec_40povlp_ch00_C00_Z0490.tif
a237_1_1x_488_016na_1hfds_z10um_150msec_40povlp_ch00_C00_Z0491.tif
a237_1_1x_488_016na_1hfds_z10um_150msec_40povlp_ch00_C00_Z0492.tif
a237_1_1x_488_016na_1hfds_z10um_150msec_40povlp_ch00_C00_Z0493.tif
a237_1_1x_488_016na_1hfds_z10um_150msec_40povlp_ch00_C00_Z0703.tif
a237_1_1x_488_016na_1hfds_z10um_150msec_40povlp_ch00_C00_Z0704.tif
a237_1_1x_488_016na_1hfds_z10um_150msec_40povlp_ch00_C00_Z0705.tif
a237_1_1x_488_016na_1hfds_z10um_150msec_40povlp_ch00_C00_Z0706.tif
a237_1_1x_488_016na_1hfds_z10um_150msec_40povlp_ch00_C00_Z0707.tif
a237_1_1x_488_016na_1hfds_z10um_150msec_40povlp_ch00_C00_Z0708.tif
a237_1_1x_488_016na_1hfds_z10um_150msec_40povlp_ch00_C00_Z0709.tif
a237_1_1x_488_016na_1hfds_z10um_150msec_40povlp_ch00_C00_Z0710.tif
a237_1_1x_488_016na_1hfds_z10um_150msec_40povlp_ch00_C00_Z0711.tif
a237_1_1x_488_016na_1hfds_z10um_150msec_40povlp_ch00_C00_Z0712.tif
a237_1_1x_488_016na_1hfds_z10um_150msec_40povlp_ch00_C00_Z0713.tif
a237_1_1x_488_016na_1hfds_z10um_150msec_40povlp_ch00_C00_Z0714.tif
a237_1_1x_488_016na_1hfds_z10um_150msec_40povlp_ch00_C00_Z0715.tif
a237_1_1x_488_016na_1hfds_z10um_150msec_40povlp_ch00_C00_Z0716.tif
a237_1_1x_488_016na_1hfds_z10um_150msec_40povlp_ch00_C00_Z0717.tif
a237_1_1x_488_016na_1hfds_z10um_150msec_40povlp_ch00_C00_Z0718.tif
a237_1_1x_488_016na_1hfds_z10um_150msec_40povlp_ch00_C00_Z0719.tif
a237_1_1x_488_016na_1hfds_z10um_150msec_40povlp_ch00_C00_Z0720.tif
a237_1_1x_488_016na_1hfds_z10um_150msec_40povlp_ch00_C00_Z0721.tif
a237_1_1x_488_016na_1hfds_z10um_150msec_40povlp_ch00_C00_Z0152.tif
a237_1_1x_488_016na_1hfds_z10um_150msec_40povlp_ch00_C00_Z0153.tif
a237_1_1x_488_016na_1hfds_z10um_150msec_40povlp_ch00_C00_Z0154.tif
a237_1_1x_488_016na_1hfds_z10um_150msec_40povlp_ch00_C00_Z0155.tif
a237_1_1x_488_016na_1hfds_z10um_150msec_40povlp_ch00_C00_Z0156.tif
a237_1_1x_488_016na_1hfds_z10um_150msec_40povlp_ch00_C00_Z0157.tif
a237_1_1x_488_016na_1hfds_z10um_150msec_40povlp_ch00_C00_Z0158.tif
a237_1_1x_488_016na_1hfds_z10um_150msec_40povlp_ch00_C00_Z0159.tif
a237_1_1x_488_016na_1hfds_z10um_150msec_40povlp_ch00_C00_Z0160.tif
a237_1_1x_488_016na_1hfds_z10um_150msec_40povlp_ch00_C00_Z0161.tif
a237_1_1x_488_016na_1hfds_z10um_150msec_40povlp_ch00_C00_Z0162.tif
a237_1_1x_488_016na_1hfds_z10um_150msec_40povlp_ch00_C00_Z0163.tif
a237_1_1x_488_016na_1hfds_z10um_150msec_40povlp_ch00_C00_Z0164.tif
a237_1_1x_488_016na_1hfds_z10um_150msec_40povlp_ch00_C00_Z0165.tif
a237_1_1x_488_016na_1hfds_z10um_150msec_40povlp_ch00_C00_Z0166.tif
a237_1_1x_488_016na_1hfds_z10um_150msec_40povlp_ch00_C00_Z0167.tif
a237_1_1x_488_016na_1hfds_z10um_150msec_40povlp_ch00_C00_Z0168.tif
a237_1_1x_488_016na_1hfds_z10um_150msec_40povlp_ch00_C00_Z0169.tif
a237_1_1x_488_016na_1hfds_z10um_150msec_40povlp_ch00_C00_Z0170.tif
a237_1_1x_488_016na_1hfds_z10um_150msec_40povlp_ch00_C00_Z0247.tif
a237_1_1x_488_016na_1hfds_z10um_150msec_40povlp_ch00_C00_Z0248.tif
a237_1_1x_488_016na_1hfds_z10um_150msec_40povlp_ch00_C00_Z0249.tif
a237_1_1x_488_016na_1hfds_z10um_150msec_40povlp_ch00_C00_Z0250.tif
a237_1_1x_488_016na_1hfds_z10um_150msec_40povlp_ch00_C00_Z0251.tif
a237_1_1x_488_016na_1hfds_z10um_150msec_40povlp_ch00_C00_Z0252.tif
a237_1_1x_488_016na_1hfds_z10um_150msec_40povlp_ch00_C00_Z0253.tif
a237_1_1x_488_016na_1hfds_z10um_150msec_40povlp_ch00_C00_Z0254.tif
a237_1_1x_488_016na_1hfds_z10um_150msec_40povlp_ch00_C00_Z0255.tif
a237_1_1x_488_016na_1hfds_z10um_150msec_40povlp_ch00_C00_Z0256.tif
a237_1_1x_488_016na_1hfds_z10um_150msec_40povlp_ch00_C00_Z0257.tif
a237_1_1x_488_016na_1hfds_z10um_150msec_40povlp_ch00_C00_Z0258.tif
a237_1_1x_488_016na_1hfds_z10um_150msec_40povlp_ch00_C00_Z0259.tif
a237_1_1x_488_016na_1hfds_z10um_150msec_40povlp_ch00_C00_Z0260.tif
a237_1_1x_488_016na_1hfds_z10um_150msec_40povlp_ch00_C00_Z0261.tif
a237_1_1x_488_016na_1hfds_z10um_150msec_40povlp_ch00_C00_Z0262.tif
a237_1_1x_488_016na_1hfds_z10um_150msec_40povlp_ch00_C00_Z0263.tif
a237_1_1x_488_016na_1hfds_z10um_150msec_40povlp_ch00_C00_Z0264.tif
a237_1_1x_488_016na_1hfds_z10um_150msec_40povlp_ch00_C00_Z0265.tif
a237_1_1x_488_016na_1hfds_z10um_150msec_40povlp_ch00_C00_Z0456.tif
a237_1_1x_488_016na_1hfds_z10um_150msec_40povlp_ch00_C00_Z0457.tif
a237_1_1x_488_016na_1hfds_z10um_150msec_40povlp_ch00_C00_Z0458.tif
a237_1_1x_488_016na_1hfds_z10um_150msec_40povlp_ch00_C00_Z0459.tif
a237_1_1x_488_016na_1hfds_z10um_150msec_40povlp_ch00_C00_Z0460.tif
a237_1_1x_488_016na_1hfds_z10um_150msec_40povlp_ch00_C00_Z0461.tif
a237_1_1x_488_016na_1hfds_z10um_150msec_40povlp_ch00_C00_Z0462.tif
a237_1_1x_488_016na_1hfds_z10um_150msec_40povlp_ch00_C00_Z0463.tif
a237_1_1x_488_016na_1hfds_z10um_150msec_40povlp_ch00_C00_Z0464.tif
a237_1_1x_488_016na_1hfds_z10um_150msec_40povlp_ch00_C00_Z0465.tif
a237_1_1x_488_016na_1hfds_z10um_150msec_40povlp_ch00_C00_Z0466.tif
a237_1_1x_488_016na_1hfds_z10um_150msec_40povlp_ch00_C00_Z0467.tif
a237_1_1x_488_016na_1hfds_z10um_150msec_40povlp_ch00_C00_Z0468.tif
a237_1_1x_488_016na_1hfds_z10um_150msec_40povlp_ch00_C00_Z0469.tif
a237_1_1x_488_016na_1hfds_z10um_150msec_40povlp_ch00_C00_Z0470.tif
a237_1_1x_488_016na_1hfds_z10um_150msec_40povlp_ch00_C00_Z0471.tif
a237_1_1x_488_016na_1hfds_z10um_150msec_40povlp_ch00_C00_Z0472.tif
a237_1_1x_488_016na_1hfds_z10um_150msec_40povlp_ch00_C00_Z0473.tif
a237_1_1x_488_016na_1hfds_z10um_150msec_40povlp_ch00_C00_Z0474.tif
a237_1_1x_488_016na_1hfds_z10um_150msec_40povlp_ch00_C00_Z0684.tif
a237_1_1x_488_016na_1hfds_z10um_150msec_40povlp_ch00_C00_Z0685.tif
a237_1_1x_488_016na_1hfds_z10um_150msec_40povlp_ch00_C00_Z0686.tif
a237_1_1x_488_016na_1hfds_z10um_150msec_40povlp_ch00_C00_Z0687.tif
a237_1_1x_488_016na_1hfds_z10um_150msec_40povlp_ch00_C00_Z0688.tif
a237_1_1x_488_016na_1hfds_z10um_150msec_40povlp_ch00_C00_Z0689.tif
a237_1_1x_488_016na_1hfds_z10um_150msec_40povlp_ch00_C00_Z0690.tif
a237_1_1x_488_016na_1hfds_z10um_150msec_40povlp_ch00_C00_Z0691.tif
a237_1_1x_488_016na_1hfds_z10um_150msec_40povlp_ch00_C00_Z0692.tif
a237_1_1x_488_016na_1hfds_z10um_150msec_40povlp_ch00_C00_Z0693.tif
a237_1_1x_488_016na_1hfds_z10um_150msec_40povlp_ch00_C00_Z0694.tif
a237_1_1x_488_016na_1hfds_z10um_150msec_40povlp_ch00_C00_Z0695.tif
a237_1_1x_488_016na_1hfds_z10um_150msec_40povlp_ch00_C00_Z0696.tif
a237_1_1x_488_016na_1hfds_z10um_150msec_40povlp_ch00_C00_Z0697.tif
a237_1_1x_488_016na_1hfds_z10um_150msec_40povlp_ch00_C00_Z0698.tif
a237_1_1x_488_016na_1hfds_z10um_150msec_40povlp_ch00_C00_Z0699.tif
a237_1_1x_488_016na_1hfds_z10um_150msec_40povlp_ch00_C00_Z0700.tif
a237_1_1x_488_016na_1hfds_z10um_150msec_40povlp_ch00_C00_Z0701.tif
a237_1_1x_488_016na_1hfds_z10um_150msec_40povlp_ch00_C00_Z0702.tif
a237_1_1x_488_016na_1hfds_z10um_150msec_40povlp_ch00_C00_Z0095.tif
a237_1_1x_488_016na_1hfds_z10um_150msec_40povlp_ch00_C00_Z0096.tif
a237_1_1x_488_016na_1hfds_z10um_150msec_40povlp_ch00_C00_Z0097.tif
a237_1_1x_488_016na_1hfds_z10um_150msec_40povlp_ch00_C00_Z0098.tif
a237_1_1x_488_016na_1hfds_z10um_150msec_40povlp_ch00_C00_Z0099.tif
a237_1_1x_488_016na_1hfds_z10um_150msec_40povlp_ch00_C00_Z0100.tif
a237_1_1x_488_016na_1hfds_z10um_150msec_40povlp_ch00_C00_Z0101.tif
a237_1_1x_488_016na_1hfds_z10um_150msec_40povlp_ch00_C00_Z0102.tif
a237_1_1x_488_016na_1hfds_z10um_150msec_40povlp_ch00_C00_Z0103.tif
a237_1_1x_488_016na_1hfds_z10um_150msec_40povlp_ch00_C00_Z0104.tif
a237_1_1x_488_016na_1hfds_z10um_150msec_40povlp_ch00_C00_Z0105.tif
a237_1_1x_488_016na_1hfds_z10um_150msec_40povlp_ch00_C00_Z0106.tif
a237_1_1x_488_016na_1hfds_z10um_150msec_40povlp_ch00_C00_Z0107.tif
a237_1_1x_488_016na_1hfds_z10um_150msec_40povlp_ch00_C00_Z0108.tif
a237_1_1x_488_016na_1hfds_z10um_150msec_40povlp_ch00_C00_Z0109.tif
a237_1_1x_488_016na_1hfds_z10um_150msec_40povlp_ch00_C00_Z0110.tif
a237_1_1x_488_016na_1hfds_z10um_150msec_40povlp_ch00_C00_Z0111.tif
a237_1_1x_488_016na_1hfds_z10um_150msec_40povlp_ch00_C00_Z0112.tif
a237_1_1x_488_016na_1hfds_z10um_150msec_40povlp_ch00_C00_Z0113.tif
a237_1_1x_488_016na_1hfds_z10um_150msec_40povlp_ch00_C00_Z0228.tif
a237_1_1x_488_016na_1hfds_z10um_150msec_40povlp_ch00_C00_Z0229.tif
a237_1_1x_488_016na_1hfds_z10um_150msec_40povlp_ch00_C00_Z0230.tif
a237_1_1x_488_016na_1hfds_z10um_150msec_40povlp_ch00_C00_Z0231.tif
a237_1_1x_488_016na_1hfds_z10um_150msec_40povlp_ch00_C00_Z0232.tif
a237_1_1x_488_016na_1hfds_z10um_150msec_40povlp_ch00_C00_Z0233.tif
a237_1_1x_488_016na_1hfds_z10um_150msec_40povlp_ch00_C00_Z0234.tif
a237_1_1x_488_016na_1hfds_z10um_150msec_40povlp_ch00_C00_Z0235.tif
a237_1_1x_488_016na_1hfds_z10um_150msec_40povlp_ch00_C00_Z0236.tif
a237_1_1x_488_016na_1hfds_z10um_150msec_40povlp_ch00_C00_Z0237.tif
a237_1_1x_488_016na_1hfds_z10um_150msec_40povlp_ch00_C00_Z0238.tif
a237_1_1x_488_016na_1hfds_z10um_150msec_40povlp_ch00_C00_Z0239.tif
a237_1_1x_488_016na_1hfds_z10um_150msec_40povlp_ch00_C00_Z0240.tif
a237_1_1x_488_016na_1hfds_z10um_150msec_40povlp_ch00_C00_Z0241.tif
a237_1_1x_488_016na_1hfds_z10um_150msec_40povlp_ch00_C00_Z0242.tif
a237_1_1x_488_016na_1hfds_z10um_150msec_40povlp_ch00_C00_Z0243.tif
a237_1_1x_488_016na_1hfds_z10um_150msec_40povlp_ch00_C00_Z0244.tif
a237_1_1x_488_016na_1hfds_z10um_150msec_40povlp_ch00_C00_Z0245.tif
a237_1_1x_488_016na_1hfds_z10um_150msec_40povlp_ch00_C00_Z0246.tif
a237_1_1x_488_016na_1hfds_z10um_150msec_40povlp_ch00_C00_Z0513.tif
a237_1_1x_488_016na_1hfds_z10um_150msec_40povlp_ch00_C00_Z0514.tif
a237_1_1x_488_016na_1hfds_z10um_150msec_40povlp_ch00_C00_Z0515.tif
a237_1_1x_488_016na_1hfds_z10um_150msec_40povlp_ch00_C00_Z0516.tif
a237_1_1x_488_016na_1hfds_z10um_150msec_40povlp_ch00_C00_Z0517.tif
a237_1_1x_488_016na_1hfds_z10um_150msec_40povlp_ch00_C00_Z0518.tif
a237_1_1x_488_016na_1hfds_z10um_150msec_40povlp_ch00_C00_Z0519.tif
a237_1_1x_488_016na_1hfds_z10um_150msec_40povlp_ch00_C00_Z0520.tif
a237_1_1x_488_016na_1hfds_z10um_150msec_40povlp_ch00_C00_Z0521.tif
a237_1_1x_488_016na_1hfds_z10um_150msec_40povlp_ch00_C00_Z0522.tif
a237_1_1x_488_016na_1hfds_z10um_150msec_40povlp_ch00_C00_Z0523.tif
a237_1_1x_488_016na_1hfds_z10um_150msec_40povlp_ch00_C00_Z0524.tif
a237_1_1x_488_016na_1hfds_z10um_150msec_40povlp_ch00_C00_Z0525.tif
a237_1_1x_488_016na_1hfds_z10um_150msec_40povlp_ch00_C00_Z0526.tif
a237_1_1x_488_016na_1hfds_z10um_150msec_40povlp_ch00_C00_Z0527.tif
a237_1_1x_488_016na_1hfds_z10um_150msec_40povlp_ch00_C00_Z0528.tif
a237_1_1x_488_016na_1hfds_z10um_150msec_40povlp_ch00_C00_Z0529.tif
a237_1_1x_488_016na_1hfds_z10um_150msec_40povlp_ch00_C00_Z0530.tif
a237_1_1x_488_016na_1hfds_z10um_150msec_40povlp_ch00_C00_Z0531.tif
a237_1_1x_488_016na_1hfds_z10um_150msec_40povlp_ch00_C00_Z0779.tif
a237_1_1x_488_016na_1hfds_z10um_150msec_40povlp_ch00_C00_Z0780.tif
a237_1_1x_488_016na_1hfds_z10um_150msec_40povlp_ch00_C00_Z0781.tif
a237_1_1x_488_016na_1hfds_z10um_150msec_40povlp_ch00_C00_Z0782.tif
a237_1_1x_488_016na_1hfds_z10um_150msec_40povlp_ch00_C00_Z0783.tif
a237_1_1x_488_016na_1hfds_z10um_150msec_40povlp_ch00_C00_Z0784.tif
a237_1_1x_488_016na_1hfds_z10um_150msec_40povlp_ch00_C00_Z0785.tif
a237_1_1x_488_016na_1hfds_z10um_150msec_40povlp_ch00_C00_Z0786.tif
a237_1_1x_488_016na_1hfds_z10um_150msec_40povlp_ch00_C00_Z0787.tif
a237_1_1x_488_016na_1hfds_z10um_150msec_40povlp_ch00_C00_Z0788.tif
a237_1_1x_488_016na_1hfds_z10um_150msec_40povlp_ch00_C00_Z0789.tif
a237_1_1x_488_016na_1hfds_z10um_150msec_40povlp_ch00_C00_Z0790.tif
a237_1_1x_488_016na_1hfds_z10um_150msec_40povlp_ch00_C00_Z0791.tif
a237_1_1x_488_016na_1hfds_z10um_150msec_40povlp_ch00_C00_Z0792.tif
a237_1_1x_488_016na_1hfds_z10um_150msec_40povlp_ch00_C00_Z0793.tif
a237_1_1x_488_016na_1hfds_z10um_150msec_40povlp_ch00_C00_Z0794.tif
a237_1_1x_488_016na_1hfds_z10um_150msec_40povlp_ch00_C00_Z0795.tif
a237_1_1x_488_016na_1hfds_z10um_150msec_40povlp_ch00_C00_Z0796.tif
a237_1_1x_488_016na_1hfds_z10um_150msec_40povlp_ch00_C00_Z0797.tif
a237_1_1x_488_016na_1hfds_z10um_150msec_40povlp_ch00_C00_Z0038.tif
a237_1_1x_488_016na_1hfds_z10um_150msec_40povlp_ch00_C00_Z0039.tif
a237_1_1x_488_016na_1hfds_z10um_150msec_40povlp_ch00_C00_Z0040.tif
a237_1_1x_488_016na_1hfds_z10um_150msec_40povlp_ch00_C00_Z0041.tif
a237_1_1x_488_016na_1hfds_z10um_150msec_40povlp_ch00_C00_Z0042.tif
a237_1_1x_488_016na_1hfds_z10um_150msec_40povlp_ch00_C00_Z0043.tif
a237_1_1x_488_016na_1hfds_z10um_150msec_40povlp_ch00_C00_Z0044.tif
a237_1_1x_488_016na_1hfds_z10um_150msec_40povlp_ch00_C00_Z0045.tif
a237_1_1x_488_016na_1hfds_z10um_150msec_40povlp_ch00_C00_Z0046.tif
a237_1_1x_488_016na_1hfds_z10um_150msec_40povlp_ch00_C00_Z0047.tif
a237_1_1x_488_016na_1hfds_z10um_150msec_40povlp_ch00_C00_Z0048.tif
a237_1_1x_488_016na_1hfds_z10um_150msec_40povlp_ch00_C00_Z0049.tif
a237_1_1x_488_016na_1hfds_z10um_150msec_40povlp_ch00_C00_Z0050.tif
a237_1_1x_488_016na_1hfds_z10um_150msec_40povlp_ch00_C00_Z0051.tif
a237_1_1x_488_016na_1hfds_z10um_150msec_40povlp_ch00_C00_Z0052.tif
a237_1_1x_488_016na_1hfds_z10um_150msec_40povlp_ch00_C00_Z0053.tif
a237_1_1x_488_016na_1hfds_z10um_150msec_40povlp_ch00_C00_Z0054.tif
a237_1_1x_488_016na_1hfds_z10um_150msec_40povlp_ch00_C00_Z0055.tif
a237_1_1x_488_016na_1hfds_z10um_150msec_40povlp_ch00_C00_Z0056.tif
a237_1_1x_488_016na_1hfds_z10um_150msec_40povlp_ch00_C00_Z0323.tif
a237_1_1x_488_016na_1hfds_z10um_150msec_40povlp_ch00_C00_Z0324.tif
a237_1_1x_488_016na_1hfds_z10um_150msec_40povlp_ch00_C00_Z0325.tif
a237_1_1x_488_016na_1hfds_z10um_150msec_40povlp_ch00_C00_Z0326.tif
a237_1_1x_488_016na_1hfds_z10um_150msec_40povlp_ch00_C00_Z0327.tif
a237_1_1x_488_016na_1hfds_z10um_150msec_40povlp_ch00_C00_Z0328.tif
a237_1_1x_488_016na_1hfds_z10um_150msec_40povlp_ch00_C00_Z0329.tif
a237_1_1x_488_016na_1hfds_z10um_150msec_40povlp_ch00_C00_Z0330.tif
a237_1_1x_488_016na_1hfds_z10um_150msec_40povlp_ch00_C00_Z0331.tif
a237_1_1x_488_016na_1hfds_z10um_150msec_40povlp_ch00_C00_Z0332.tif
a237_1_1x_488_016na_1hfds_z10um_150msec_40povlp_ch00_C00_Z0333.tif
a237_1_1x_488_016na_1hfds_z10um_150msec_40povlp_ch00_C00_Z0334.tif
a237_1_1x_488_016na_1hfds_z10um_150msec_40povlp_ch00_C00_Z0335.tif
a237_1_1x_488_016na_1hfds_z10um_150msec_40povlp_ch00_C00_Z0336.tif
a237_1_1x_488_016na_1hfds_z10um_150msec_40povlp_ch00_C00_Z0337.tif
a237_1_1x_488_016na_1hfds_z10um_150msec_40povlp_ch00_C00_Z0338.tif
a237_1_1x_488_016na_1hfds_z10um_150msec_40povlp_ch00_C00_Z0339.tif
a237_1_1x_488_016na_1hfds_z10um_150msec_40povlp_ch00_C00_Z0340.tif
a237_1_1x_488_016na_1hfds_z10um_150msec_40povlp_ch00_C00_Z0341.tif
a237_1_1x_488_016na_1hfds_z10um_150msec_40povlp_ch00_C00_Z0570.tif
a237_1_1x_488_016na_1hfds_z10um_150msec_40povlp_ch00_C00_Z0571.tif
a237_1_1x_488_016na_1hfds_z10um_150msec_40povlp_ch00_C00_Z0572.tif
a237_1_1x_488_016na_1hfds_z10um_150msec_40povlp_ch00_C00_Z0573.tif
a237_1_1x_488_016na_1hfds_z10um_150msec_40povlp_ch00_C00_Z0574.tif
a237_1_1x_488_016na_1hfds_z10um_150msec_40povlp_ch00_C00_Z0575.tif
a237_1_1x_488_016na_1hfds_z10um_150msec_40povlp_ch00_C00_Z0576.tif
a237_1_1x_488_016na_1hfds_z10um_150msec_40povlp_ch00_C00_Z0577.tif
a237_1_1x_488_016na_1hfds_z10um_150msec_40povlp_ch00_C00_Z0578.tif
a237_1_1x_488_016na_1hfds_z10um_150msec_40povlp_ch00_C00_Z0579.tif
a237_1_1x_488_016na_1hfds_z10um_150msec_40povlp_ch00_C00_Z0580.tif
a237_1_1x_488_016na_1hfds_z10um_150msec_40povlp_ch00_C00_Z0581.tif
a237_1_1x_488_016na_1hfds_z10um_150msec_40povlp_ch00_C00_Z0582.tif
a237_1_1x_488_016na_1hfds_z10um_150msec_40povlp_ch00_C00_Z0583.tif
a237_1_1x_488_016na_1hfds_z10um_150msec_40povlp_ch00_C00_Z0584.tif
a237_1_1x_488_016na_1hfds_z10um_150msec_40povlp_ch00_C00_Z0585.tif
a237_1_1x_488_016na_1hfds_z10um_150msec_40povlp_ch00_C00_Z0586.tif
a237_1_1x_488_016na_1hfds_z10um_150msec_40povlp_ch00_C00_Z0587.tif
a237_1_1x_488_016na_1hfds_z10um_150msec_40povlp_ch00_C00_Z0588.tif
a237_1_1x_488_016na_1hfds_z10um_150msec_40povlp_ch00_C00_Z0760.tif
a237_1_1x_488_016na_1hfds_z10um_150msec_40povlp_ch00_C00_Z0761.tif
a237_1_1x_488_016na_1hfds_z10um_150msec_40povlp_ch00_C00_Z0762.tif
a237_1_1x_488_016na_1hfds_z10um_150msec_40povlp_ch00_C00_Z0763.tif
a237_1_1x_488_016na_1hfds_z10um_150msec_40povlp_ch00_C00_Z0764.tif
a237_1_1x_488_016na_1hfds_z10um_150msec_40povlp_ch00_C00_Z0765.tif
a237_1_1x_488_016na_1hfds_z10um_150msec_40povlp_ch00_C00_Z0766.tif
a237_1_1x_488_016na_1hfds_z10um_150msec_40povlp_ch00_C00_Z0767.tif
a237_1_1x_488_016na_1hfds_z10um_150msec_40povlp_ch00_C00_Z0768.tif
a237_1_1x_488_016na_1hfds_z10um_150msec_40povlp_ch00_C00_Z0769.tif
a237_1_1x_488_016na_1hfds_z10um_150msec_40povlp_ch00_C00_Z0770.tif
a237_1_1x_488_016na_1hfds_z10um_150msec_40povlp_ch00_C00_Z0771.tif
a237_1_1x_488_016na_1hfds_z10um_150msec_40povlp_ch00_C00_Z0772.tif
a237_1_1x_488_016na_1hfds_z10um_150msec_40povlp_ch00_C00_Z0773.tif
a237_1_1x_488_016na_1hfds_z10um_150msec_40povlp_ch00_C00_Z0774.tif
a237_1_1x_488_016na_1hfds_z10um_150msec_40povlp_ch00_C00_Z0775.tif
a237_1_1x_488_016na_1hfds_z10um_150msec_40povlp_ch00_C00_Z0776.tif
a237_1_1x_488_016na_1hfds_z10um_150msec_40povlp_ch00_C00_Z0777.tif
a237_1_1x_488_016na_1hfds_z10um_150msec_40povlp_ch00_C00_Z0778.tif
a237_1_1x_488_016na_1hfds_z10um_150msec_40povlp_ch00_C00_Z0133.tif
a237_1_1x_488_016na_1hfds_z10um_150msec_40povlp_ch00_C00_Z0134.tif
a237_1_1x_488_016na_1hfds_z10um_150msec_40povlp_ch00_C00_Z0135.tif
a237_1_1x_488_016na_1hfds_z10um_150msec_40povlp_ch00_C00_Z0136.tif
a237_1_1x_488_016na_1hfds_z10um_150msec_40povlp_ch00_C00_Z0137.tif
a237_1_1x_488_016na_1hfds_z10um_150msec_40povlp_ch00_C00_Z0138.tif
a237_1_1x_488_016na_1hfds_z10um_150msec_40povlp_ch00_C00_Z0139.tif
a237_1_1x_488_016na_1hfds_z10um_150msec_40povlp_ch00_C00_Z0140.tif
a237_1_1x_488_016na_1hfds_z10um_150msec_40povlp_ch00_C00_Z0141.tif
a237_1_1x_488_016na_1hfds_z10um_150msec_40povlp_ch00_C00_Z0142.tif
a237_1_1x_488_016na_1hfds_z10um_150msec_40povlp_ch00_C00_Z0143.tif
a237_1_1x_488_016na_1hfds_z10um_150msec_40povlp_ch00_C00_Z0144.tif
a237_1_1x_488_016na_1hfds_z10um_150msec_40povlp_ch00_C00_Z0145.tif
a237_1_1x_488_016na_1hfds_z10um_150msec_40povlp_ch00_C00_Z0146.tif
a237_1_1x_488_016na_1hfds_z10um_150msec_40povlp_ch00_C00_Z0147.tif
a237_1_1x_488_016na_1hfds_z10um_150msec_40povlp_ch00_C00_Z0148.tif
a237_1_1x_488_016na_1hfds_z10um_150msec_40povlp_ch00_C00_Z0149.tif
a237_1_1x_488_016na_1hfds_z10um_150msec_40povlp_ch00_C00_Z0150.tif
a237_1_1x_488_016na_1hfds_z10um_150msec_40povlp_ch00_C00_Z0151.tif
a237_1_1x_488_016na_1hfds_z10um_150msec_40povlp_ch00_C00_Z0418.tif
a237_1_1x_488_016na_1hfds_z10um_150msec_40povlp_ch00_C00_Z0419.tif
a237_1_1x_488_016na_1hfds_z10um_150msec_40povlp_ch00_C00_Z0420.tif
a237_1_1x_488_016na_1hfds_z10um_150msec_40povlp_ch00_C00_Z0421.tif
a237_1_1x_488_016na_1hfds_z10um_150msec_40povlp_ch00_C00_Z0422.tif
a237_1_1x_488_016na_1hfds_z10um_150msec_40povlp_ch00_C00_Z0423.tif
a237_1_1x_488_016na_1hfds_z10um_150msec_40povlp_ch00_C00_Z0424.tif
a237_1_1x_488_016na_1hfds_z10um_150msec_40povlp_ch00_C00_Z0425.tif
a237_1_1x_488_016na_1hfds_z10um_150msec_40povlp_ch00_C00_Z0426.tif
a237_1_1x_488_016na_1hfds_z10um_150msec_40povlp_ch00_C00_Z0427.tif
a237_1_1x_488_016na_1hfds_z10um_150msec_40povlp_ch00_C00_Z0428.tif
a237_1_1x_488_016na_1hfds_z10um_150msec_40povlp_ch00_C00_Z0429.tif
a237_1_1x_488_016na_1hfds_z10um_150msec_40povlp_ch00_C00_Z0430.tif
a237_1_1x_488_016na_1hfds_z10um_150msec_40povlp_ch00_C00_Z0431.tif
a237_1_1x_488_016na_1hfds_z10um_150msec_40povlp_ch00_C00_Z0432.tif
a237_1_1x_488_016na_1hfds_z10um_150msec_40povlp_ch00_C00_Z0433.tif
a237_1_1x_488_016na_1hfds_z10um_150msec_40povlp_ch00_C00_Z0434.tif
a237_1_1x_488_016na_1hfds_z10um_150msec_40povlp_ch00_C00_Z0435.tif
a237_1_1x_488_016na_1hfds_z10um_150msec_40povlp_ch00_C00_Z0436.tif
a237_1_1x_488_016na_1hfds_z10um_150msec_40povlp_ch00_C00_Z0665.tif
a237_1_1x_488_016na_1hfds_z10um_150msec_40povlp_ch00_C00_Z0666.tif
a237_1_1x_488_016na_1hfds_z10um_150msec_40povlp_ch00_C00_Z0667.tif
a237_1_1x_488_016na_1hfds_z10um_150msec_40povlp_ch00_C00_Z0668.tif
a237_1_1x_488_016na_1hfds_z10um_150msec_40povlp_ch00_C00_Z0669.tif
a237_1_1x_488_016na_1hfds_z10um_150msec_40povlp_ch00_C00_Z0670.tif
a237_1_1x_488_016na_1hfds_z10um_150msec_40povlp_ch00_C00_Z0671.tif
a237_1_1x_488_016na_1hfds_z10um_150msec_40povlp_ch00_C00_Z0672.tif
a237_1_1x_488_016na_1hfds_z10um_150msec_40povlp_ch00_C00_Z0673.tif
a237_1_1x_488_016na_1hfds_z10um_150msec_40povlp_ch00_C00_Z0674.tif
a237_1_1x_488_016na_1hfds_z10um_150msec_40povlp_ch00_C00_Z0675.tif
a237_1_1x_488_016na_1hfds_z10um_150msec_40povlp_ch00_C00_Z0676.tif
a237_1_1x_488_016na_1hfds_z10um_150msec_40povlp_ch00_C00_Z0677.tif
a237_1_1x_488_016na_1hfds_z10um_150msec_40povlp_ch00_C00_Z0678.tif
a237_1_1x_488_016na_1hfds_z10um_150msec_40povlp_ch00_C00_Z0679.tif
a237_1_1x_488_016na_1hfds_z10um_150msec_40povlp_ch00_C00_Z0680.tif
a237_1_1x_488_016na_1hfds_z10um_150msec_40povlp_ch00_C00_Z0681.tif
a237_1_1x_488_016na_1hfds_z10um_150msec_40povlp_ch00_C00_Z0682.tif
a237_1_1x_488_016na_1hfds_z10um_150msec_40povlp_ch00_C00_Z0683.tif
a237_1_1x_488_016na_1hfds_z10um_150msec_40povlp_ch00_C00_Z0874.tif
a237_1_1x_488_016na_1hfds_z10um_150msec_40povlp_ch00_C00_Z0875.tif
a237_1_1x_488_016na_1hfds_z10um_150msec_40povlp_ch00_C00_Z0876.tif
a237_1_1x_488_016na_1hfds_z10um_150msec_40povlp_ch00_C00_Z0877.tif
a237_1_1x_488_016na_1hfds_z10um_150msec_40povlp_ch00_C00_Z0878.tif
a237_1_1x_488_016na_1hfds_z10um_150msec_40povlp_ch00_C00_Z0879.tif
a237_1_1x_488_016na_1hfds_z10um_150msec_40povlp_ch00_C00_Z0880.tif
a237_1_1x_488_016na_1hfds_z10um_150msec_40povlp_ch00_C00_Z0881.tif
a237_1_1x_488_016na_1hfds_z10um_150msec_40povlp_ch00_C00_Z0882.tif
a237_1_1x_488_016na_1hfds_z10um_150msec_40povlp_ch00_C00_Z0883.tif
a237_1_1x_488_016na_1hfds_z10um_150msec_40povlp_ch00_C00_Z0884.tif
a237_1_1x_488_016na_1hfds_z10um_150msec_40povlp_ch00_C00_Z0885.tif
a237_1_1x_488_016na_1hfds_z10um_150msec_40povlp_ch00_C00_Z0886.tif
a237_1_1x_488_016na_1hfds_z10um_150msec_40povlp_ch00_C00_Z0887.tif
a237_1_1x_488_016na_1hfds_z10um_150msec_40povlp_ch00_C00_Z0888.tif
a237_1_1x_488_016na_1hfds_z10um_150msec_40povlp_ch00_C00_Z0889.tif
a237_1_1x_488_016na_1hfds_z10um_150msec_40povlp_ch00_C00_Z0890.tif
a237_1_1x_488_016na_1hfds_z10um_150msec_40povlp_ch00_C00_Z0891.tif
a237_1_1x_488_016na_1hfds_z10um_150msec_40povlp_ch00_C00_Z0892.tif
a237_1_1x_488_016na_1hfds_z10um_150msec_40povlp_ch00_C00_Z0076.tif
a237_1_1x_488_016na_1hfds_z10um_150msec_40povlp_ch00_C00_Z0077.tif
a237_1_1x_488_016na_1hfds_z10um_150msec_40povlp_ch00_C00_Z0078.tif
a237_1_1x_488_016na_1hfds_z10um_150msec_40povlp_ch00_C00_Z0079.tif
a237_1_1x_488_016na_1hfds_z10um_150msec_40povlp_ch00_C00_Z0080.tif
a237_1_1x_488_016na_1hfds_z10um_150msec_40povlp_ch00_C00_Z0081.tif
a237_1_1x_488_016na_1hfds_z10um_150msec_40povlp_ch00_C00_Z0082.tif
a237_1_1x_488_016na_1hfds_z10um_150msec_40povlp_ch00_C00_Z0083.tif
a237_1_1x_488_016na_1hfds_z10um_150msec_40povlp_ch00_C00_Z0084.tif
a237_1_1x_488_016na_1hfds_z10um_150msec_40povlp_ch00_C00_Z0085.tif
a237_1_1x_488_016na_1hfds_z10um_150msec_40povlp_ch00_C00_Z0086.tif
a237_1_1x_488_016na_1hfds_z10um_150msec_40povlp_ch00_C00_Z0087.tif
a237_1_1x_488_016na_1hfds_z10um_150msec_40povlp_ch00_C00_Z0088.tif
a237_1_1x_488_016na_1hfds_z10um_150msec_40povlp_ch00_C00_Z0089.tif
a237_1_1x_488_016na_1hfds_z10um_150msec_40povlp_ch00_C00_Z0090.tif
a237_1_1x_488_016na_1hfds_z10um_150msec_40povlp_ch00_C00_Z0091.tif
a237_1_1x_488_016na_1hfds_z10um_150msec_40povlp_ch00_C00_Z0092.tif
a237_1_1x_488_016na_1hfds_z10um_150msec_40povlp_ch00_C00_Z0093.tif
a237_1_1x_488_016na_1hfds_z10um_150msec_40povlp_ch00_C00_Z0094.tif
a237_1_1x_488_016na_1hfds_z10um_150msec_40povlp_ch00_C00_Z0285.tif
a237_1_1x_488_016na_1hfds_z10um_150msec_40povlp_ch00_C00_Z0286.tif
a237_1_1x_488_016na_1hfds_z10um_150msec_40povlp_ch00_C00_Z0287.tif
a237_1_1x_488_016na_1hfds_z10um_150msec_40povlp_ch00_C00_Z0288.tif
a237_1_1x_488_016na_1hfds_z10um_150msec_40povlp_ch00_C00_Z0289.tif
a237_1_1x_488_016na_1hfds_z10um_150msec_40povlp_ch00_C00_Z0290.tif
a237_1_1x_488_016na_1hfds_z10um_150msec_40povlp_ch00_C00_Z0291.tif
a237_1_1x_488_016na_1hfds_z10um_150msec_40povlp_ch00_C00_Z0292.tif
a237_1_1x_488_016na_1hfds_z10um_150msec_40povlp_ch00_C00_Z0293.tif
a237_1_1x_488_016na_1hfds_z10um_150msec_40povlp_ch00_C00_Z0294.tif
a237_1_1x_488_016na_1hfds_z10um_150msec_40povlp_ch00_C00_Z0295.tif
a237_1_1x_488_016na_1hfds_z10um_150msec_40povlp_ch00_C00_Z0296.tif
a237_1_1x_488_016na_1hfds_z10um_150msec_40povlp_ch00_C00_Z0297.tif
a237_1_1x_488_016na_1hfds_z10um_150msec_40povlp_ch00_C00_Z0298.tif
a237_1_1x_488_016na_1hfds_z10um_150msec_40povlp_ch00_C00_Z0299.tif
a237_1_1x_488_016na_1hfds_z10um_150msec_40povlp_ch00_C00_Z0300.tif
a237_1_1x_488_016na_1hfds_z10um_150msec_40povlp_ch00_C00_Z0301.tif
a237_1_1x_488_016na_1hfds_z10um_150msec_40povlp_ch00_C00_Z0302.tif
a237_1_1x_488_016na_1hfds_z10um_150msec_40povlp_ch00_C00_Z0303.tif
a237_1_1x_488_016na_1hfds_z10um_150msec_40povlp_ch00_C00_Z0494.tif
a237_1_1x_488_016na_1hfds_z10um_150msec_40povlp_ch00_C00_Z0495.tif
a237_1_1x_488_016na_1hfds_z10um_150msec_40povlp_ch00_C00_Z0496.tif
a237_1_1x_488_016na_1hfds_z10um_150msec_40povlp_ch00_C00_Z0497.tif
a237_1_1x_488_016na_1hfds_z10um_150msec_40povlp_ch00_C00_Z0498.tif
a237_1_1x_488_016na_1hfds_z10um_150msec_40povlp_ch00_C00_Z0499.tif
a237_1_1x_488_016na_1hfds_z10um_150msec_40povlp_ch00_C00_Z0500.tif
a237_1_1x_488_016na_1hfds_z10um_150msec_40povlp_ch00_C00_Z0501.tif
a237_1_1x_488_016na_1hfds_z10um_150msec_40povlp_ch00_C00_Z0502.tif
a237_1_1x_488_016na_1hfds_z10um_150msec_40povlp_ch00_C00_Z0503.tif
a237_1_1x_488_016na_1hfds_z10um_150msec_40povlp_ch00_C00_Z0504.tif
a237_1_1x_488_016na_1hfds_z10um_150msec_40povlp_ch00_C00_Z0505.tif
a237_1_1x_488_016na_1hfds_z10um_150msec_40povlp_ch00_C00_Z0506.tif
a237_1_1x_488_016na_1hfds_z10um_150msec_40povlp_ch00_C00_Z0507.tif
a237_1_1x_488_016na_1hfds_z10um_150msec_40povlp_ch00_C00_Z0508.tif
a237_1_1x_488_016na_1hfds_z10um_150msec_40povlp_ch00_C00_Z0509.tif
a237_1_1x_488_016na_1hfds_z10um_150msec_40povlp_ch00_C00_Z0510.tif
a237_1_1x_488_016na_1hfds_z10um_150msec_40povlp_ch00_C00_Z0511.tif
a237_1_1x_488_016na_1hfds_z10um_150msec_40povlp_ch00_C00_Z0512.tif
a237_1_1x_488_016na_1hfds_z10um_150msec_40povlp_ch00_C00_Z0741.tif
a237_1_1x_488_016na_1hfds_z10um_150msec_40povlp_ch00_C00_Z0742.tif
a237_1_1x_488_016na_1hfds_z10um_150msec_40povlp_ch00_C00_Z0743.tif
a237_1_1x_488_016na_1hfds_z10um_150msec_40povlp_ch00_C00_Z0744.tif
a237_1_1x_488_016na_1hfds_z10um_150msec_40povlp_ch00_C00_Z0745.tif
a237_1_1x_488_016na_1hfds_z10um_150msec_40povlp_ch00_C00_Z0746.tif
a237_1_1x_488_016na_1hfds_z10um_150msec_40povlp_ch00_C00_Z0747.tif
a237_1_1x_488_016na_1hfds_z10um_150msec_40povlp_ch00_C00_Z0748.tif
a237_1_1x_488_016na_1hfds_z10um_150msec_40povlp_ch00_C00_Z0749.tif
a237_1_1x_488_016na_1hfds_z10um_150msec_40povlp_ch00_C00_Z0750.tif
a237_1_1x_488_016na_1hfds_z10um_150msec_40povlp_ch00_C00_Z0751.tif
a237_1_1x_488_016na_1hfds_z10um_150msec_40povlp_ch00_C00_Z0752.tif
a237_1_1x_488_016na_1hfds_z10um_150msec_40povlp_ch00_C00_Z0753.tif
a237_1_1x_488_016na_1hfds_z10um_150msec_40povlp_ch00_C00_Z0754.tif
a237_1_1x_488_016na_1hfds_z10um_150msec_40povlp_ch00_C00_Z0755.tif
a237_1_1x_488_016na_1hfds_z10um_150msec_40povlp_ch00_C00_Z0756.tif
a237_1_1x_488_016na_1hfds_z10um_150msec_40povlp_ch00_C00_Z0757.tif
a237_1_1x_488_016na_1hfds_z10um_150msec_40povlp_ch00_C00_Z0758.tif
a237_1_1x_488_016na_1hfds_z10um_150msec_40povlp_ch00_C00_Z0759.tif
a237_1_1x_488_016na_1hfds_z10um_150msec_40povlp_ch00_C00_Z0114.tif
a237_1_1x_488_016na_1hfds_z10um_150msec_40povlp_ch00_C00_Z0115.tif
a237_1_1x_488_016na_1hfds_z10um_150msec_40povlp_ch00_C00_Z0116.tif
a237_1_1x_488_016na_1hfds_z10um_150msec_40povlp_ch00_C00_Z0117.tif
a237_1_1x_488_016na_1hfds_z10um_150msec_40povlp_ch00_C00_Z0118.tif
a237_1_1x_488_016na_1hfds_z10um_150msec_40povlp_ch00_C00_Z0119.tif
a237_1_1x_488_016na_1hfds_z10um_150msec_40povlp_ch00_C00_Z0120.tif
a237_1_1x_488_016na_1hfds_z10um_150msec_40povlp_ch00_C00_Z0121.tif
a237_1_1x_488_016na_1hfds_z10um_150msec_40povlp_ch00_C00_Z0122.tif
a237_1_1x_488_016na_1hfds_z10um_150msec_40povlp_ch00_C00_Z0123.tif
a237_1_1x_488_016na_1hfds_z10um_150msec_40povlp_ch00_C00_Z0124.tif
a237_1_1x_488_016na_1hfds_z10um_150msec_40povlp_ch00_C00_Z0125.tif
a237_1_1x_488_016na_1hfds_z10um_150msec_40povlp_ch00_C00_Z0126.tif
a237_1_1x_488_016na_1hfds_z10um_150msec_40povlp_ch00_C00_Z0127.tif
a237_1_1x_488_016na_1hfds_z10um_150msec_40povlp_ch00_C00_Z0128.tif
a237_1_1x_488_016na_1hfds_z10um_150msec_40povlp_ch00_C00_Z0129.tif
a237_1_1x_488_016na_1hfds_z10um_150msec_40povlp_ch00_C00_Z0130.tif
a237_1_1x_488_016na_1hfds_z10um_150msec_40povlp_ch00_C00_Z0131.tif
a237_1_1x_488_016na_1hfds_z10um_150msec_40povlp_ch00_C00_Z0132.tif
a237_1_1x_488_016na_1hfds_z10um_150msec_40povlp_ch00_C00_Z0361.tif
a237_1_1x_488_016na_1hfds_z10um_150msec_40povlp_ch00_C00_Z0362.tif
a237_1_1x_488_016na_1hfds_z10um_150msec_40povlp_ch00_C00_Z0363.tif
a237_1_1x_488_016na_1hfds_z10um_150msec_40povlp_ch00_C00_Z0364.tif
a237_1_1x_488_016na_1hfds_z10um_150msec_40povlp_ch00_C00_Z0365.tif
a237_1_1x_488_016na_1hfds_z10um_150msec_40povlp_ch00_C00_Z0366.tif
a237_1_1x_488_016na_1hfds_z10um_150msec_40povlp_ch00_C00_Z0367.tif
a237_1_1x_488_016na_1hfds_z10um_150msec_40povlp_ch00_C00_Z0368.tif
a237_1_1x_488_016na_1hfds_z10um_150msec_40povlp_ch00_C00_Z0369.tif
a237_1_1x_488_016na_1hfds_z10um_150msec_40povlp_ch00_C00_Z0370.tif
a237_1_1x_488_016na_1hfds_z10um_150msec_40povlp_ch00_C00_Z0371.tif
a237_1_1x_488_016na_1hfds_z10um_150msec_40povlp_ch00_C00_Z0372.tif
a237_1_1x_488_016na_1hfds_z10um_150msec_40povlp_ch00_C00_Z0373.tif
a237_1_1x_488_016na_1hfds_z10um_150msec_40povlp_ch00_C00_Z0374.tif
a237_1_1x_488_016na_1hfds_z10um_150msec_40povlp_ch00_C00_Z0375.tif
a237_1_1x_488_016na_1hfds_z10um_150msec_40povlp_ch00_C00_Z0376.tif
a237_1_1x_488_016na_1hfds_z10um_150msec_40povlp_ch00_C00_Z0377.tif
a237_1_1x_488_016na_1hfds_z10um_150msec_40povlp_ch00_C00_Z0378.tif
a237_1_1x_488_016na_1hfds_z10um_150msec_40povlp_ch00_C00_Z0379.tif
a237_1_1x_488_016na_1hfds_z10um_150msec_40povlp_ch00_C00_Z0608.tif
a237_1_1x_488_016na_1hfds_z10um_150msec_40povlp_ch00_C00_Z0609.tif
a237_1_1x_488_016na_1hfds_z10um_150msec_40povlp_ch00_C00_Z0610.tif
a237_1_1x_488_016na_1hfds_z10um_150msec_40povlp_ch00_C00_Z0611.tif
a237_1_1x_488_016na_1hfds_z10um_150msec_40povlp_ch00_C00_Z0612.tif
a237_1_1x_488_016na_1hfds_z10um_150msec_40povlp_ch00_C00_Z0613.tif
a237_1_1x_488_016na_1hfds_z10um_150msec_40povlp_ch00_C00_Z0614.tif
a237_1_1x_488_016na_1hfds_z10um_150msec_40povlp_ch00_C00_Z0615.tif
a237_1_1x_488_016na_1hfds_z10um_150msec_40povlp_ch00_C00_Z0616.tif
a237_1_1x_488_016na_1hfds_z10um_150msec_40povlp_ch00_C00_Z0617.tif
a237_1_1x_488_016na_1hfds_z10um_150msec_40povlp_ch00_C00_Z0618.tif
a237_1_1x_488_016na_1hfds_z10um_150msec_40povlp_ch00_C00_Z0619.tif
a237_1_1x_488_016na_1hfds_z10um_150msec_40povlp_ch00_C00_Z0620.tif
a237_1_1x_488_016na_1hfds_z10um_150msec_40povlp_ch00_C00_Z0621.tif
a237_1_1x_488_016na_1hfds_z10um_150msec_40povlp_ch00_C00_Z0622.tif
a237_1_1x_488_016na_1hfds_z10um_150msec_40povlp_ch00_C00_Z0623.tif
a237_1_1x_488_016na_1hfds_z10um_150msec_40povlp_ch00_C00_Z0624.tif
a237_1_1x_488_016na_1hfds_z10um_150msec_40povlp_ch00_C00_Z0625.tif
a237_1_1x_488_016na_1hfds_z10um_150msec_40povlp_ch00_C00_Z0626.tif
a237_1_1x_488_016na_1hfds_z10um_150msec_40povlp_ch00_C00_Z0855.tif
a237_1_1x_488_016na_1hfds_z10um_150msec_40povlp_ch00_C00_Z0856.tif
a237_1_1x_488_016na_1hfds_z10um_150msec_40povlp_ch00_C00_Z0857.tif
a237_1_1x_488_016na_1hfds_z10um_150msec_40povlp_ch00_C00_Z0858.tif
a237_1_1x_488_016na_1hfds_z10um_150msec_40povlp_ch00_C00_Z0859.tif
a237_1_1x_488_016na_1hfds_z10um_150msec_40povlp_ch00_C00_Z0860.tif
a237_1_1x_488_016na_1hfds_z10um_150msec_40povlp_ch00_C00_Z0861.tif
a237_1_1x_488_016na_1hfds_z10um_150msec_40povlp_ch00_C00_Z0862.tif
a237_1_1x_488_016na_1hfds_z10um_150msec_40povlp_ch00_C00_Z0863.tif
a237_1_1x_488_016na_1hfds_z10um_150msec_40povlp_ch00_C00_Z0864.tif
a237_1_1x_488_016na_1hfds_z10um_150msec_40povlp_ch00_C00_Z0865.tif
a237_1_1x_488_016na_1hfds_z10um_150msec_40povlp_ch00_C00_Z0866.tif
a237_1_1x_488_016na_1hfds_z10um_150msec_40povlp_ch00_C00_Z0867.tif
a237_1_1x_488_016na_1hfds_z10um_150msec_40povlp_ch00_C00_Z0868.tif
a237_1_1x_488_016na_1hfds_z10um_150msec_40povlp_ch00_C00_Z0869.tif
a237_1_1x_488_016na_1hfds_z10um_150msec_40povlp_ch00_C00_Z0870.tif
a237_1_1x_488_016na_1hfds_z10um_150msec_40povlp_ch00_C00_Z0871.tif
a237_1_1x_488_016na_1hfds_z10um_150msec_40povlp_ch00_C00_Z0872.tif
a237_1_1x_488_016na_1hfds_z10um_150msec_40povlp_ch00_C00_Z0873.tif
a237_1_1x_488_016na_1hfds_z10um_150msec_40povlp_ch00_C00_Z0171.tif
a237_1_1x_488_016na_1hfds_z10um_150msec_40povlp_ch00_C00_Z0172.tif
a237_1_1x_488_016na_1hfds_z10um_150msec_40povlp_ch00_C00_Z0173.tif
a237_1_1x_488_016na_1hfds_z10um_150msec_40povlp_ch00_C00_Z0174.tif
a237_1_1x_488_016na_1hfds_z10um_150msec_40povlp_ch00_C00_Z0175.tif
a237_1_1x_488_016na_1hfds_z10um_150msec_40povlp_ch00_C00_Z0176.tif
a237_1_1x_488_016na_1hfds_z10um_150msec_40povlp_ch00_C00_Z0177.tif
a237_1_1x_488_016na_1hfds_z10um_150msec_40povlp_ch00_C00_Z0178.tif
a237_1_1x_488_016na_1hfds_z10um_150msec_40povlp_ch00_C00_Z0179.tif
a237_1_1x_488_016na_1hfds_z10um_150msec_40povlp_ch00_C00_Z0180.tif
a237_1_1x_488_016na_1hfds_z10um_150msec_40povlp_ch00_C00_Z0181.tif
a237_1_1x_488_016na_1hfds_z10um_150msec_40povlp_ch00_C00_Z0182.tif
a237_1_1x_488_016na_1hfds_z10um_150msec_40povlp_ch00_C00_Z0183.tif
a237_1_1x_488_016na_1hfds_z10um_150msec_40povlp_ch00_C00_Z0184.tif
a237_1_1x_488_016na_1hfds_z10um_150msec_40povlp_ch00_C00_Z0185.tif
a237_1_1x_488_016na_1hfds_z10um_150msec_40povlp_ch00_C00_Z0186.tif
a237_1_1x_488_016na_1hfds_z10um_150msec_40povlp_ch00_C00_Z0187.tif
a237_1_1x_488_016na_1hfds_z10um_150msec_40povlp_ch00_C00_Z0188.tif
a237_1_1x_488_016na_1hfds_z10um_150msec_40povlp_ch00_C00_Z0189.tif
a237_1_1x_488_016na_1hfds_z10um_150msec_40povlp_ch00_C00_Z0399.tif
a237_1_1x_488_016na_1hfds_z10um_150msec_40povlp_ch00_C00_Z0400.tif
a237_1_1x_488_016na_1hfds_z10um_150msec_40povlp_ch00_C00_Z0401.tif
a237_1_1x_488_016na_1hfds_z10um_150msec_40povlp_ch00_C00_Z0402.tif
a237_1_1x_488_016na_1hfds_z10um_150msec_40povlp_ch00_C00_Z0403.tif
a237_1_1x_488_016na_1hfds_z10um_150msec_40povlp_ch00_C00_Z0404.tif
a237_1_1x_488_016na_1hfds_z10um_150msec_40povlp_ch00_C00_Z0405.tif
a237_1_1x_488_016na_1hfds_z10um_150msec_40povlp_ch00_C00_Z0406.tif
a237_1_1x_488_016na_1hfds_z10um_150msec_40povlp_ch00_C00_Z0407.tif
a237_1_1x_488_016na_1hfds_z10um_150msec_40povlp_ch00_C00_Z0408.tif
a237_1_1x_488_016na_1hfds_z10um_150msec_40povlp_ch00_C00_Z0409.tif
a237_1_1x_488_016na_1hfds_z10um_150msec_40povlp_ch00_C00_Z0410.tif
a237_1_1x_488_016na_1hfds_z10um_150msec_40povlp_ch00_C00_Z0411.tif
a237_1_1x_488_016na_1hfds_z10um_150msec_40povlp_ch00_C00_Z0412.tif
a237_1_1x_488_016na_1hfds_z10um_150msec_40povlp_ch00_C00_Z0413.tif
a237_1_1x_488_016na_1hfds_z10um_150msec_40povlp_ch00_C00_Z0414.tif
a237_1_1x_488_016na_1hfds_z10um_150msec_40povlp_ch00_C00_Z0415.tif
a237_1_1x_488_016na_1hfds_z10um_150msec_40povlp_ch00_C00_Z0416.tif
a237_1_1x_488_016na_1hfds_z10um_150msec_40povlp_ch00_C00_Z0417.tif
a237_1_1x_488_016na_1hfds_z10um_150msec_40povlp_ch00_C00_Z0589.tif
a237_1_1x_488_016na_1hfds_z10um_150msec_40povlp_ch00_C00_Z0590.tif
a237_1_1x_488_016na_1hfds_z10um_150msec_40povlp_ch00_C00_Z0591.tif
a237_1_1x_488_016na_1hfds_z10um_150msec_40povlp_ch00_C00_Z0592.tif
a237_1_1x_488_016na_1hfds_z10um_150msec_40povlp_ch00_C00_Z0593.tif
a237_1_1x_488_016na_1hfds_z10um_150msec_40povlp_ch00_C00_Z0594.tif
a237_1_1x_488_016na_1hfds_z10um_150msec_40povlp_ch00_C00_Z0595.tif
a237_1_1x_488_016na_1hfds_z10um_150msec_40povlp_ch00_C00_Z0596.tif
a237_1_1x_488_016na_1hfds_z10um_150msec_40povlp_ch00_C00_Z0597.tif
a237_1_1x_488_016na_1hfds_z10um_150msec_40povlp_ch00_C00_Z0598.tif
a237_1_1x_488_016na_1hfds_z10um_150msec_40povlp_ch00_C00_Z0599.tif
a237_1_1x_488_016na_1hfds_z10um_150msec_40povlp_ch00_C00_Z0600.tif
a237_1_1x_488_016na_1hfds_z10um_150msec_40povlp_ch00_C00_Z0601.tif
a237_1_1x_488_016na_1hfds_z10um_150msec_40povlp_ch00_C00_Z0602.tif
a237_1_1x_488_016na_1hfds_z10um_150msec_40povlp_ch00_C00_Z0603.tif
a237_1_1x_488_016na_1hfds_z10um_150msec_40povlp_ch00_C00_Z0604.tif
a237_1_1x_488_016na_1hfds_z10um_150msec_40povlp_ch00_C00_Z0605.tif
a237_1_1x_488_016na_1hfds_z10um_150msec_40povlp_ch00_C00_Z0606.tif
a237_1_1x_488_016na_1hfds_z10um_150msec_40povlp_ch00_C00_Z0607.tif
a237_1_1x_488_016na_1hfds_z10um_150msec_40povlp_ch00_C00_Z0722.tif
a237_1_1x_488_016na_1hfds_z10um_150msec_40povlp_ch00_C00_Z0723.tif
a237_1_1x_488_016na_1hfds_z10um_150msec_40povlp_ch00_C00_Z0724.tif
a237_1_1x_488_016na_1hfds_z10um_150msec_40povlp_ch00_C00_Z0725.tif
a237_1_1x_488_016na_1hfds_z10um_150msec_40povlp_ch00_C00_Z0726.tif
a237_1_1x_488_016na_1hfds_z10um_150msec_40povlp_ch00_C00_Z0727.tif
a237_1_1x_488_016na_1hfds_z10um_150msec_40povlp_ch00_C00_Z0728.tif
a237_1_1x_488_016na_1hfds_z10um_150msec_40povlp_ch00_C00_Z0729.tif
a237_1_1x_488_016na_1hfds_z10um_150msec_40povlp_ch00_C00_Z0730.tif
a237_1_1x_488_016na_1hfds_z10um_150msec_40povlp_ch00_C00_Z0731.tif
a237_1_1x_488_016na_1hfds_z10um_150msec_40povlp_ch00_C00_Z0732.tif
a237_1_1x_488_016na_1hfds_z10um_150msec_40povlp_ch00_C00_Z0733.tif
a237_1_1x_488_016na_1hfds_z10um_150msec_40povlp_ch00_C00_Z0734.tif
a237_1_1x_488_016na_1hfds_z10um_150msec_40povlp_ch00_C00_Z0735.tif
a237_1_1x_488_016na_1hfds_z10um_150msec_40povlp_ch00_C00_Z0736.tif
a237_1_1x_488_016na_1hfds_z10um_150msec_40povlp_ch00_C00_Z0737.tif
a237_1_1x_488_016na_1hfds_z10um_150msec_40povlp_ch00_C00_Z0738.tif
a237_1_1x_488_016na_1hfds_z10um_150msec_40povlp_ch00_C00_Z0739.tif
a237_1_1x_488_016na_1hfds_z10um_150msec_40povlp_ch00_C00_Z0740.tif
a237_1_1x_488_016na_1hfds_z10um_150msec_40povlp_ch00_C00_Z0190.tif
a237_1_1x_488_016na_1hfds_z10um_150msec_40povlp_ch00_C00_Z0191.tif
a237_1_1x_488_016na_1hfds_z10um_150msec_40povlp_ch00_C00_Z0192.tif
a237_1_1x_488_016na_1hfds_z10um_150msec_40povlp_ch00_C00_Z0193.tif
a237_1_1x_488_016na_1hfds_z10um_150msec_40povlp_ch00_C00_Z0194.tif
a237_1_1x_488_016na_1hfds_z10um_150msec_40povlp_ch00_C00_Z0195.tif
a237_1_1x_488_016na_1hfds_z10um_150msec_40povlp_ch00_C00_Z0196.tif
a237_1_1x_488_016na_1hfds_z10um_150msec_40povlp_ch00_C00_Z0197.tif
a237_1_1x_488_016na_1hfds_z10um_150msec_40povlp_ch00_C00_Z0198.tif
a237_1_1x_488_016na_1hfds_z10um_150msec_40povlp_ch00_C00_Z0199.tif
a237_1_1x_488_016na_1hfds_z10um_150msec_40povlp_ch00_C00_Z0200.tif
a237_1_1x_488_016na_1hfds_z10um_150msec_40povlp_ch00_C00_Z0201.tif
a237_1_1x_488_016na_1hfds_z10um_150msec_40povlp_ch00_C00_Z0202.tif
a237_1_1x_488_016na_1hfds_z10um_150msec_40povlp_ch00_C00_Z0203.tif
a237_1_1x_488_016na_1hfds_z10um_150msec_40povlp_ch00_C00_Z0204.tif
a237_1_1x_488_016na_1hfds_z10um_150msec_40povlp_ch00_C00_Z0205.tif
a237_1_1x_488_016na_1hfds_z10um_150msec_40povlp_ch00_C00_Z0206.tif
a237_1_1x_488_016na_1hfds_z10um_150msec_40povlp_ch00_C00_Z0207.tif
a237_1_1x_488_016na_1hfds_z10um_150msec_40povlp_ch00_C00_Z0208.tif
a237_1_1x_488_016na_1hfds_z10um_150msec_40povlp_ch00_C00_Z0304.tif
a237_1_1x_488_016na_1hfds_z10um_150msec_40povlp_ch00_C00_Z0305.tif
a237_1_1x_488_016na_1hfds_z10um_150msec_40povlp_ch00_C00_Z0306.tif
a237_1_1x_488_016na_1hfds_z10um_150msec_40povlp_ch00_C00_Z0307.tif
a237_1_1x_488_016na_1hfds_z10um_150msec_40povlp_ch00_C00_Z0308.tif
a237_1_1x_488_016na_1hfds_z10um_150msec_40povlp_ch00_C00_Z0309.tif
a237_1_1x_488_016na_1hfds_z10um_150msec_40povlp_ch00_C00_Z0310.tif
a237_1_1x_488_016na_1hfds_z10um_150msec_40povlp_ch00_C00_Z0311.tif
a237_1_1x_488_016na_1hfds_z10um_150msec_40povlp_ch00_C00_Z0312.tif
a237_1_1x_488_016na_1hfds_z10um_150msec_40povlp_ch00_C00_Z0313.tif
a237_1_1x_488_016na_1hfds_z10um_150msec_40povlp_ch00_C00_Z0314.tif
a237_1_1x_488_016na_1hfds_z10um_150msec_40povlp_ch00_C00_Z0315.tif
a237_1_1x_488_016na_1hfds_z10um_150msec_40povlp_ch00_C00_Z0316.tif
a237_1_1x_488_016na_1hfds_z10um_150msec_40povlp_ch00_C00_Z0317.tif
a237_1_1x_488_016na_1hfds_z10um_150msec_40povlp_ch00_C00_Z0318.tif
a237_1_1x_488_016na_1hfds_z10um_150msec_40povlp_ch00_C00_Z0319.tif
a237_1_1x_488_016na_1hfds_z10um_150msec_40povlp_ch00_C00_Z0320.tif
a237_1_1x_488_016na_1hfds_z10um_150msec_40povlp_ch00_C00_Z0321.tif
a237_1_1x_488_016na_1hfds_z10um_150msec_40povlp_ch00_C00_Z0322.tif
a237_1_1x_488_016na_1hfds_z10um_150msec_40povlp_ch00_C00_Z0532.tif
a237_1_1x_488_016na_1hfds_z10um_150msec_40povlp_ch00_C00_Z0533.tif
a237_1_1x_488_016na_1hfds_z10um_150msec_40povlp_ch00_C00_Z0534.tif
a237_1_1x_488_016na_1hfds_z10um_150msec_40povlp_ch00_C00_Z0535.tif
a237_1_1x_488_016na_1hfds_z10um_150msec_40povlp_ch00_C00_Z0536.tif
a237_1_1x_488_016na_1hfds_z10um_150msec_40povlp_ch00_C00_Z0537.tif
a237_1_1x_488_016na_1hfds_z10um_150msec_40povlp_ch00_C00_Z0538.tif
a237_1_1x_488_016na_1hfds_z10um_150msec_40povlp_ch00_C00_Z0539.tif
a237_1_1x_488_016na_1hfds_z10um_150msec_40povlp_ch00_C00_Z0540.tif
a237_1_1x_488_016na_1hfds_z10um_150msec_40povlp_ch00_C00_Z0541.tif
a237_1_1x_488_016na_1hfds_z10um_150msec_40povlp_ch00_C00_Z0542.tif
a237_1_1x_488_016na_1hfds_z10um_150msec_40povlp_ch00_C00_Z0543.tif
a237_1_1x_488_016na_1hfds_z10um_150msec_40povlp_ch00_C00_Z0544.tif
a237_1_1x_488_016na_1hfds_z10um_150msec_40povlp_ch00_C00_Z0545.tif
a237_1_1x_488_016na_1hfds_z10um_150msec_40povlp_ch00_C00_Z0546.tif
a237_1_1x_488_016na_1hfds_z10um_150msec_40povlp_ch00_C00_Z0547.tif
a237_1_1x_488_016na_1hfds_z10um_150msec_40povlp_ch00_C00_Z0548.tif
a237_1_1x_488_016na_1hfds_z10um_150msec_40povlp_ch00_C00_Z0549.tif
a237_1_1x_488_016na_1hfds_z10um_150msec_40povlp_ch00_C00_Z0550.tif
a237_1_1x_488_016na_1hfds_z10um_150msec_40povlp_ch00_C00_Z0817.tif
a237_1_1x_488_016na_1hfds_z10um_150msec_40povlp_ch00_C00_Z0818.tif
a237_1_1x_488_016na_1hfds_z10um_150msec_40povlp_ch00_C00_Z0819.tif
a237_1_1x_488_016na_1hfds_z10um_150msec_40povlp_ch00_C00_Z0820.tif
a237_1_1x_488_016na_1hfds_z10um_150msec_40povlp_ch00_C00_Z0821.tif
a237_1_1x_488_016na_1hfds_z10um_150msec_40povlp_ch00_C00_Z0822.tif
a237_1_1x_488_016na_1hfds_z10um_150msec_40povlp_ch00_C00_Z0823.tif
a237_1_1x_488_016na_1hfds_z10um_150msec_40povlp_ch00_C00_Z0824.tif
a237_1_1x_488_016na_1hfds_z10um_150msec_40povlp_ch00_C00_Z0825.tif
a237_1_1x_488_016na_1hfds_z10um_150msec_40povlp_ch00_C00_Z0826.tif
a237_1_1x_488_016na_1hfds_z10um_150msec_40povlp_ch00_C00_Z0827.tif
a237_1_1x_488_016na_1hfds_z10um_150msec_40povlp_ch00_C00_Z0828.tif
a237_1_1x_488_016na_1hfds_z10um_150msec_40povlp_ch00_C00_Z0829.tif
a237_1_1x_488_016na_1hfds_z10um_150msec_40povlp_ch00_C00_Z0830.tif
a237_1_1x_488_016na_1hfds_z10um_150msec_40povlp_ch00_C00_Z0831.tif
a237_1_1x_488_016na_1hfds_z10um_150msec_40povlp_ch00_C00_Z0832.tif
a237_1_1x_488_016na_1hfds_z10um_150msec_40povlp_ch00_C00_Z0833.tif
a237_1_1x_488_016na_1hfds_z10um_150msec_40povlp_ch00_C00_Z0834.tif
a237_1_1x_488_016na_1hfds_z10um_150msec_40povlp_ch00_C00_Z0835.tif
a237_1_1x_488_016na_1hfds_z10um_150msec_40povlp_ch00_C00_Z0000.tif
a237_1_1x_488_016na_1hfds_z10um_150msec_40povlp_ch00_C00_Z0001.tif
a237_1_1x_488_016na_1hfds_z10um_150msec_40povlp_ch00_C00_Z0002.tif
a237_1_1x_488_016na_1hfds_z10um_150msec_40povlp_ch00_C00_Z0003.tif
a237_1_1x_488_016na_1hfds_z10um_150msec_40povlp_ch00_C00_Z0004.tif
a237_1_1x_488_016na_1hfds_z10um_150msec_40povlp_ch00_C00_Z0005.tif
a237_1_1x_488_016na_1hfds_z10um_150msec_40povlp_ch00_C00_Z0006.tif
a237_1_1x_488_016na_1hfds_z10um_150msec_40povlp_ch00_C00_Z0007.tif
a237_1_1x_488_016na_1hfds_z10um_150msec_40povlp_ch00_C00_Z0008.tif
a237_1_1x_488_016na_1hfds_z10um_150msec_40povlp_ch00_C00_Z0009.tif
a237_1_1x_488_016na_1hfds_z10um_150msec_40povlp_ch00_C00_Z0010.tif
a237_1_1x_488_016na_1hfds_z10um_150msec_40povlp_ch00_C00_Z0011.tif
a237_1_1x_488_016na_1hfds_z10um_150msec_40povlp_ch00_C00_Z0012.tif
a237_1_1x_488_016na_1hfds_z10um_150msec_40povlp_ch00_C00_Z0013.tif
a237_1_1x_488_016na_1hfds_z10um_150msec_40povlp_ch00_C00_Z0014.tif
a237_1_1x_488_016na_1hfds_z10um_150msec_40povlp_ch00_C00_Z0015.tif
a237_1_1x_488_016na_1hfds_z10um_150msec_40povlp_ch00_C00_Z0016.tif
a237_1_1x_488_016na_1hfds_z10um_150msec_40povlp_ch00_C00_Z0017.tif
a237_1_1x_488_016na_1hfds_z10um_150msec_40povlp_ch00_C00_Z0018.tif
a237_1_1x_488_016na_1hfds_z10um_150msec_40povlp_ch00_C00_Z0342.tif
a237_1_1x_488_016na_1hfds_z10um_150msec_40povlp_ch00_C00_Z0343.tif
a237_1_1x_488_016na_1hfds_z10um_150msec_40povlp_ch00_C00_Z0344.tif
a237_1_1x_488_016na_1hfds_z10um_150msec_40povlp_ch00_C00_Z0345.tif
a237_1_1x_488_016na_1hfds_z10um_150msec_40povlp_ch00_C00_Z0346.tif
a237_1_1x_488_016na_1hfds_z10um_150msec_40povlp_ch00_C00_Z0347.tif
a237_1_1x_488_016na_1hfds_z10um_150msec_40povlp_ch00_C00_Z0348.tif
a237_1_1x_488_016na_1hfds_z10um_150msec_40povlp_ch00_C00_Z0349.tif
a237_1_1x_488_016na_1hfds_z10um_150msec_40povlp_ch00_C00_Z0350.tif
a237_1_1x_488_016na_1hfds_z10um_150msec_40povlp_ch00_C00_Z0351.tif
a237_1_1x_488_016na_1hfds_z10um_150msec_40povlp_ch00_C00_Z0352.tif
a237_1_1x_488_016na_1hfds_z10um_150msec_40povlp_ch00_C00_Z0353.tif
a237_1_1x_488_016na_1hfds_z10um_150msec_40povlp_ch00_C00_Z0354.tif
a237_1_1x_488_016na_1hfds_z10um_150msec_40povlp_ch00_C00_Z0355.tif
a237_1_1x_488_016na_1hfds_z10um_150msec_40povlp_ch00_C00_Z0356.tif
a237_1_1x_488_016na_1hfds_z10um_150msec_40povlp_ch00_C00_Z0357.tif
a237_1_1x_488_016na_1hfds_z10um_150msec_40povlp_ch00_C00_Z0358.tif
a237_1_1x_488_016na_1hfds_z10um_150msec_40povlp_ch00_C00_Z0359.tif
a237_1_1x_488_016na_1hfds_z10um_150msec_40povlp_ch00_C00_Z0360.tif
a237_1_1x_488_016na_1hfds_z10um_150msec_40povlp_ch00_C00_Z0551.tif
a237_1_1x_488_016na_1hfds_z10um_150msec_40povlp_ch00_C00_Z0552.tif
a237_1_1x_488_016na_1hfds_z10um_150msec_40povlp_ch00_C00_Z0553.tif
a237_1_1x_488_016na_1hfds_z10um_150msec_40povlp_ch00_C00_Z0554.tif
a237_1_1x_488_016na_1hfds_z10um_150msec_40povlp_ch00_C00_Z0555.tif
a237_1_1x_488_016na_1hfds_z10um_150msec_40povlp_ch00_C00_Z0556.tif
a237_1_1x_488_016na_1hfds_z10um_150msec_40povlp_ch00_C00_Z0557.tif
a237_1_1x_488_016na_1hfds_z10um_150msec_40povlp_ch00_C00_Z0558.tif
a237_1_1x_488_016na_1hfds_z10um_150msec_40povlp_ch00_C00_Z0559.tif
a237_1_1x_488_016na_1hfds_z10um_150msec_40povlp_ch00_C00_Z0560.tif
a237_1_1x_488_016na_1hfds_z10um_150msec_40povlp_ch00_C00_Z0561.tif
a237_1_1x_488_016na_1hfds_z10um_150msec_40povlp_ch00_C00_Z0562.tif
a237_1_1x_488_016na_1hfds_z10um_150msec_40povlp_ch00_C00_Z0563.tif
a237_1_1x_488_016na_1hfds_z10um_150msec_40povlp_ch00_C00_Z0564.tif
a237_1_1x_488_016na_1hfds_z10um_150msec_40povlp_ch00_C00_Z0565.tif
a237_1_1x_488_016na_1hfds_z10um_150msec_40povlp_ch00_C00_Z0566.tif
a237_1_1x_488_016na_1hfds_z10um_150msec_40povlp_ch00_C00_Z0567.tif
a237_1_1x_488_016na_1hfds_z10um_150msec_40povlp_ch00_C00_Z0568.tif
a237_1_1x_488_016na_1hfds_z10um_150msec_40povlp_ch00_C00_Z0569.tif
a237_1_1x_488_016na_1hfds_z10um_150msec_40povlp_ch00_C00_Z0836.tif
a237_1_1x_488_016na_1hfds_z10um_150msec_40povlp_ch00_C00_Z0837.tif
a237_1_1x_488_016na_1hfds_z10um_150msec_40povlp_ch00_C00_Z0838.tif
a237_1_1x_488_016na_1hfds_z10um_150msec_40povlp_ch00_C00_Z0839.tif
a237_1_1x_488_016na_1hfds_z10um_150msec_40povlp_ch00_C00_Z0840.tif
a237_1_1x_488_016na_1hfds_z10um_150msec_40povlp_ch00_C00_Z0841.tif
a237_1_1x_488_016na_1hfds_z10um_150msec_40povlp_ch00_C00_Z0842.tif
a237_1_1x_488_016na_1hfds_z10um_150msec_40povlp_ch00_C00_Z0843.tif
a237_1_1x_488_016na_1hfds_z10um_150msec_40povlp_ch00_C00_Z0844.tif
a237_1_1x_488_016na_1hfds_z10um_150msec_40povlp_ch00_C00_Z0845.tif
a237_1_1x_488_016na_1hfds_z10um_150msec_40povlp_ch00_C00_Z0846.tif
a237_1_1x_488_016na_1hfds_z10um_150msec_40povlp_ch00_C00_Z0847.tif
a237_1_1x_488_016na_1hfds_z10um_150msec_40povlp_ch00_C00_Z0848.tif
a237_1_1x_488_016na_1hfds_z10um_150msec_40povlp_ch00_C00_Z0849.tif
a237_1_1x_488_016na_1hfds_z10um_150msec_40povlp_ch00_C00_Z0850.tif
a237_1_1x_488_016na_1hfds_z10um_150msec_40povlp_ch00_C00_Z0851.tif
a237_1_1x_488_016na_1hfds_z10um_150msec_40povlp_ch00_C00_Z0852.tif
a237_1_1x_488_016na_1hfds_z10um_150msec_40povlp_ch00_C00_Z0853.tif
a237_1_1x_488_016na_1hfds_z10um_150msec_40povlp_ch00_C00_Z0854.tif
a237_1_1x_488_016na_1hfds_z10um_150msec_40povlp_ch00_C00_Z0019.tif
a237_1_1x_488_016na_1hfds_z10um_150msec_40povlp_ch00_C00_Z0020.tif
a237_1_1x_488_016na_1hfds_z10um_150msec_40povlp_ch00_C00_Z0021.tif
a237_1_1x_488_016na_1hfds_z10um_150msec_40povlp_ch00_C00_Z0022.tif
a237_1_1x_488_016na_1hfds_z10um_150msec_40povlp_ch00_C00_Z0023.tif
a237_1_1x_488_016na_1hfds_z10um_150msec_40povlp_ch00_C00_Z0024.tif
a237_1_1x_488_016na_1hfds_z10um_150msec_40povlp_ch00_C00_Z0025.tif
a237_1_1x_488_016na_1hfds_z10um_150msec_40povlp_ch00_C00_Z0026.tif
a237_1_1x_488_016na_1hfds_z10um_150msec_40povlp_ch00_C00_Z0027.tif
a237_1_1x_488_016na_1hfds_z10um_150msec_40povlp_ch00_C00_Z0028.tif
a237_1_1x_488_016na_1hfds_z10um_150msec_40povlp_ch00_C00_Z0029.tif
a237_1_1x_488_016na_1hfds_z10um_150msec_40povlp_ch00_C00_Z0030.tif
a237_1_1x_488_016na_1hfds_z10um_150msec_40povlp_ch00_C00_Z0031.tif
a237_1_1x_488_016na_1hfds_z10um_150msec_40povlp_ch00_C00_Z0032.tif
a237_1_1x_488_016na_1hfds_z10um_150msec_40povlp_ch00_C00_Z0033.tif
a237_1_1x_488_016na_1hfds_z10um_150msec_40povlp_ch00_C00_Z0034.tif
a237_1_1x_488_016na_1hfds_z10um_150msec_40povlp_ch00_C00_Z0035.tif
a237_1_1x_488_016na_1hfds_z10um_150msec_40povlp_ch00_C00_Z0036.tif
a237_1_1x_488_016na_1hfds_z10um_150msec_40povlp_ch00_C00_Z0037.tif
a237_1_1x_488_016na_1hfds_z10um_150msec_40povlp_ch00_C00_Z0380.tif
a237_1_1x_488_016na_1hfds_z10um_150msec_40povlp_ch00_C00_Z0381.tif
a237_1_1x_488_016na_1hfds_z10um_150msec_40povlp_ch00_C00_Z0382.tif
a237_1_1x_488_016na_1hfds_z10um_150msec_40povlp_ch00_C00_Z0383.tif
a237_1_1x_488_016na_1hfds_z10um_150msec_40povlp_ch00_C00_Z0384.tif
a237_1_1x_488_016na_1hfds_z10um_150msec_40povlp_ch00_C00_Z0385.tif
a237_1_1x_488_016na_1hfds_z10um_150msec_40povlp_ch00_C00_Z0386.tif
a237_1_1x_488_016na_1hfds_z10um_150msec_40povlp_ch00_C00_Z0387.tif
a237_1_1x_488_016na_1hfds_z10um_150msec_40povlp_ch00_C00_Z0388.tif
a237_1_1x_488_016na_1hfds_z10um_150msec_40povlp_ch00_C00_Z0389.tif
a237_1_1x_488_016na_1hfds_z10um_150msec_40povlp_ch00_C00_Z0390.tif
a237_1_1x_488_016na_1hfds_z10um_150msec_40povlp_ch00_C00_Z0391.tif
a237_1_1x_488_016na_1hfds_z10um_150msec_40povlp_ch00_C00_Z0392.tif
a237_1_1x_488_016na_1hfds_z10um_150msec_40povlp_ch00_C00_Z0393.tif
a237_1_1x_488_016na_1hfds_z10um_150msec_40povlp_ch00_C00_Z0394.tif
a237_1_1x_488_016na_1hfds_z10um_150msec_40povlp_ch00_C00_Z0395.tif
a237_1_1x_488_016na_1hfds_z10um_150msec_40povlp_ch00_C00_Z0396.tif
a237_1_1x_488_016na_1hfds_z10um_150msec_40povlp_ch00_C00_Z0397.tif
a237_1_1x_488_016na_1hfds_z10um_150msec_40povlp_ch00_C00_Z0398.tif
a237_1_1x_488_016na_1hfds_z10um_150msec_40povlp_ch00_C00_Z0627.tif
a237_1_1x_488_016na_1hfds_z10um_150msec_40povlp_ch00_C00_Z0628.tif
a237_1_1x_488_016na_1hfds_z10um_150msec_40povlp_ch00_C00_Z0629.tif
a237_1_1x_488_016na_1hfds_z10um_150msec_40povlp_ch00_C00_Z0630.tif
a237_1_1x_488_016na_1hfds_z10um_150msec_40povlp_ch00_C00_Z0631.tif
a237_1_1x_488_016na_1hfds_z10um_150msec_40povlp_ch00_C00_Z0632.tif
a237_1_1x_488_016na_1hfds_z10um_150msec_40povlp_ch00_C00_Z0633.tif
a237_1_1x_488_016na_1hfds_z10um_150msec_40povlp_ch00_C00_Z0634.tif
a237_1_1x_488_016na_1hfds_z10um_150msec_40povlp_ch00_C00_Z0635.tif
a237_1_1x_488_016na_1hfds_z10um_150msec_40povlp_ch00_C00_Z0636.tif
a237_1_1x_488_016na_1hfds_z10um_150msec_40povlp_ch00_C00_Z0637.tif
a237_1_1x_488_016na_1hfds_z10um_150msec_40povlp_ch00_C00_Z0638.tif
a237_1_1x_488_016na_1hfds_z10um_150msec_40povlp_ch00_C00_Z0639.tif
a237_1_1x_488_016na_1hfds_z10um_150msec_40povlp_ch00_C00_Z0640.tif
a237_1_1x_488_016na_1hfds_z10um_150msec_40povlp_ch00_C00_Z0641.tif
a237_1_1x_488_016na_1hfds_z10um_150msec_40povlp_ch00_C00_Z0642.tif
a237_1_1x_488_016na_1hfds_z10um_150msec_40povlp_ch00_C00_Z0643.tif
a237_1_1x_488_016na_1hfds_z10um_150msec_40povlp_ch00_C00_Z0644.tif
a237_1_1x_488_016na_1hfds_z10um_150msec_40povlp_ch00_C00_Z0645.tif
a237_1_1x_488_016na_1hfds_z10um_150msec_40povlp_ch00_C00_Z0798.tif
a237_1_1x_488_016na_1hfds_z10um_150msec_40povlp_ch00_C00_Z0799.tif
a237_1_1x_488_016na_1hfds_z10um_150msec_40povlp_ch00_C00_Z0800.tif
a237_1_1x_488_016na_1hfds_z10um_150msec_40povlp_ch00_C00_Z0801.tif
a237_1_1x_488_016na_1hfds_z10um_150msec_40povlp_ch00_C00_Z0802.tif
a237_1_1x_488_016na_1hfds_z10um_150msec_40povlp_ch00_C00_Z0803.tif
a237_1_1x_488_016na_1hfds_z10um_150msec_40povlp_ch00_C00_Z0804.tif
a237_1_1x_488_016na_1hfds_z10um_150msec_40povlp_ch00_C00_Z0805.tif
a237_1_1x_488_016na_1hfds_z10um_150msec_40povlp_ch00_C00_Z0806.tif
a237_1_1x_488_016na_1hfds_z10um_150msec_40povlp_ch00_C00_Z0807.tif
a237_1_1x_488_016na_1hfds_z10um_150msec_40povlp_ch00_C00_Z0808.tif
a237_1_1x_488_016na_1hfds_z10um_150msec_40povlp_ch00_C00_Z0809.tif
a237_1_1x_488_016na_1hfds_z10um_150msec_40povlp_ch00_C00_Z0810.tif
a237_1_1x_488_016na_1hfds_z10um_150msec_40povlp_ch00_C00_Z0811.tif
a237_1_1x_488_016na_1hfds_z10um_150msec_40povlp_ch00_C00_Z0812.tif
a237_1_1x_488_016na_1hfds_z10um_150msec_40povlp_ch00_C00_Z0813.tif
a237_1_1x_488_016na_1hfds_z10um_150msec_40povlp_ch00_C00_Z0814.tif
a237_1_1x_488_016na_1hfds_z10um_150msec_40povlp_ch00_C00_Z0815.tif
a237_1_1x_488_016na_1hfds_z10um_150msec_40povlp_ch00_C00_Z0816.tif
