step 1 launching with inputs scope and file as follows:
/scratch/ejdennis/cm2_brains/E154/488
smartspim
QStandardPaths: XDG_RUNTIME_DIR points to non-existing path '/run/user/2333', please create it with 0700 permissions.
libEGL warning: DRI2: failed to create any config
libEGL warning: DRI2: failed to create any config
libEGL warning: DRI2: failed to create any config
libEGL warning: DRI2: failed to create any config
about to import workspace
starting
sysarg v output is ['cell_detect.py', '1', '/scratch/ejdennis/cm2_brains/E154/488', 'smartspim']
/n params are k5, 130
Workspace[CellMap]{/scratch/ejdennis/cm2_brains/E154/488}
              raw: Z<Z,4>.tif {3459 files, ('Z',): (0,) -> (3458,)}
 autofluorescence: no file
         stitched: stitched.npy
           layout: no file
       background: no file
        resampled: no file
resampled_to_auto: no file
auto_to_reference: no file
            cells: no file
          density: no file

None
splitting into blocks
Estimated block size 19 in 193 blocks!
Optimizing block size to fit number of processes!
Optimized block size 19 unchanged in 193 blocks!
Final blocks : 193
Final blocks : [(0, 19), (17, 37), (35, 55), (53, 73), (71, 91), (89, 109), (107, 127), (125, 145), (143, 163), (161, 181)]...
Final borders: [(0, 18), (18, 36), (36, 54), (54, 72), (72, 90), (90, 108), (108, 126), (126, 144), (144, 162), (162, 180)]...
Final sizes  : [19 20]
Done splitting into blocks
Workspace[CellMap]{/scratch/ejdennis/cm2_brains/E154/488}
              raw: Z<Z,4>.tif {3459 files, ('Z',): (0,) -> (3458,)}
 autofluorescence: no file
         stitched: stitched.npy
           layout: no file
       background: no file
        resampled: no file
resampled_to_auto: no file
auto_to_reference: no file
            cells: no file
          density: no file

None
Running cell detection on single block: blocks[90]
