step 1 launching with inputs scope and file as follows:
/scratch/ejdennis/cm2_brains/h234/488
smartspim
QStandardPaths: XDG_RUNTIME_DIR points to non-existing path '/run/user/2333', please create it with 0700 permissions.
libEGL warning: DRI2: failed to create any config
libEGL warning: DRI2: failed to create any config
libEGL warning: DRI2: failed to create any config
libEGL warning: DRI2: failed to create any config
/usr/people/ejdennis/.conda/envs/cm2/lib/python3.6/site-packages/vispy/visuals/line/line.py:395: FutureWarning: Passing (type, 1) or '1type' as a synonym of type is deprecated; in a future version of numpy, it will be understood as (type, (1,)) / '(1,)type'.
  ('color', np.float32, 4)])
/usr/people/ejdennis/.conda/envs/cm2/lib/python3.6/site-packages/vispy/visuals/line/arrow.py:57: FutureWarning: Passing (type, 1) or '1type' as a synonym of type is deprecated; in a future version of numpy, it will be understood as (type, (1,)) / '(1,)type'.
  ('linewidth', np.float32, 1)
/usr/people/ejdennis/.conda/envs/cm2/lib/python3.6/site-packages/vispy/visuals/isocurve.py:22: UserWarning: VisPy is not yet compatible with matplotlib 2.2+
  warnings.warn("VisPy is not yet compatible with matplotlib 2.2+")
about to import workspace
starting
sysarg v output is ['cell_detect.py', '1', '/scratch/ejdennis/cm2_brains/h234/488', 'smartspim']
/n params are k5, 130
Workspace[CellMap]{/scratch/ejdennis/cm2_brains/h234/488}
              raw: Z<Z,4>.tif {3822 files, ('Z',): (0,) -> (3821,)}
 autofluorescence: no file
         stitched: no file
           layout: no file
       background: no file
        resampled: no file
resampled_to_auto: no file
auto_to_reference: no file
            cells: no file
          density: no file

None
splitting into blocks
Traceback (most recent call last):
  File "cell_detect.py", line 96, in <module>
    blocks = bp.split_into_blocks(ws.source('stitched'), 
  File "/scratch/ejdennis/rat_BrainPipe/ClearMap2/ClearMap/IO/Workspace.py", line 317, in source
    return io.as_source(self.filename(*args, **kwargs));
  File "/scratch/ejdennis/rat_BrainPipe/ClearMap2/ClearMap/IO/IO.py", line 206, in as_source
    source =  mod.Source(source, *args, **kwargs);
  File "/scratch/ejdennis/rat_BrainPipe/ClearMap2/ClearMap/IO/MMP.py", line 42, in __init__
    memmap = _memmap(location=location, shape=shape, dtype=dtype, order=order, mode=mode, array=array);
  File "/scratch/ejdennis/rat_BrainPipe/ClearMap2/ClearMap/IO/MMP.py", line 347, in _memmap
    raise ValueError('Cannot create memmap without shape at location %r!' % location);
ValueError: Cannot create memmap without shape at location '/scratch/ejdennis/cm2_brains/h234/488/stitched.npy'!
