step 1 launching with inputs scope and file as follows:
/scratch/ejdennis/cm2_brains/X077/488
smartspim
QStandardPaths: XDG_RUNTIME_DIR points to non-existing path '/run/user/2333', please create it with 0700 permissions.
libEGL warning: DRI2: failed to create any config
libEGL warning: DRI2: failed to create any config
libEGL warning: DRI2: failed to create any config
libEGL warning: DRI2: failed to create any config
about to import workspace
starting
sysarg v output is ['cell_detect.py', '1', '/scratch/ejdennis/cm2_brains/X077/488', 'smartspim']
/n params are k5, 130
Workspace[CellMap]{/scratch/ejdennis/cm2_brains/X077/488}
              raw: Z<Z,4>.tif {3159 files, ('Z',): (0,) -> (3158,)}
 autofluorescence: no file
         stitched: stitched.npy
           layout: no file
       background: no file
        resampled: no file
resampled_to_auto: no file
auto_to_reference: no file
            cells: no file
          density: no file

None
splitting into blocks
Estimated block size 19 in 176 blocks!
Optimizing block size to fit number of processes!
Optimized block size decreased to 19 in 180 blocks!
Final blocks : 180
Final blocks : [(0, 19), (17, 37), (35, 54), (52, 72), (70, 89), (87, 107), (105, 124), (122, 142), (140, 159), (157, 177)]...
Final borders: [(0, 18), (18, 36), (36, 53), (53, 71), (71, 88), (88, 106), (106, 123), (123, 141), (141, 158), (158, 176)]...
Final sizes  : [19 20]
Done splitting into blocks
Workspace[CellMap]{/scratch/ejdennis/cm2_brains/X077/488}
              raw: Z<Z,4>.tif {3159 files, ('Z',): (0,) -> (3158,)}
 autofluorescence: no file
         stitched: stitched.npy
           layout: no file
       background: no file
        resampled: no file
resampled_to_auto: no file
auto_to_reference: no file
            cells: no file
          density: no file

None
Running cell detection on single block: blocks[168]
/usr/people/ejdennis/.conda/envs/cm2/lib/python3.6/site-packages/vispy/visuals/line/line.py:395: FutureWarning: Passing (type, 1) or '1type' as a synonym of type is deprecated; in a future version of numpy, it will be understood as (type, (1,)) / '(1,)type'.
  ('color', np.float32, 4)])
/usr/people/ejdennis/.conda/envs/cm2/lib/python3.6/site-packages/vispy/visuals/line/arrow.py:57: FutureWarning: Passing (type, 1) or '1type' as a synonym of type is deprecated; in a future version of numpy, it will be understood as (type, (1,)) / '(1,)type'.
  ('linewidth', np.float32, 1)
/usr/people/ejdennis/.conda/envs/cm2/lib/python3.6/site-packages/vispy/visuals/isocurve.py:22: UserWarning: VisPy is not yet compatible with matplotlib 2.2+
  warnings.warn("VisPy is not yet compatible with matplotlib 2.2+")
Saved /scratch/ejdennis/cm2_brains/X077/488/final_blocks/cells_block168.p
Done running cell detection
