echo input 1 then 2
/scratch/ejdennis/cm2_brains/X077/642
smartspim
QStandardPaths: XDG_RUNTIME_DIR points to non-existing path '/run/user/2333', please create it with 0700 permissions.
libEGL warning: DRI2: failed to create any config
libEGL warning: DRI2: failed to create any config
libEGL warning: DRI2: failed to create any config
libEGL warning: DRI2: failed to create any config
/usr/people/ejdennis/.conda/envs/cm2/lib/python3.6/site-packages/vispy/visuals/line/line.py:395: FutureWarning: Passing (type, 1) or '1type' as a synonym of type is deprecated; in a future version of numpy, it will be understood as (type, (1,)) / '(1,)type'.
  ('color', np.float32, 4)])
/usr/people/ejdennis/.conda/envs/cm2/lib/python3.6/site-packages/vispy/visuals/line/arrow.py:57: FutureWarning: Passing (type, 1) or '1type' as a synonym of type is deprecated; in a future version of numpy, it will be understood as (type, (1,)) / '(1,)type'.
  ('linewidth', np.float32, 1)
/usr/people/ejdennis/.conda/envs/cm2/lib/python3.6/site-packages/vispy/visuals/isocurve.py:22: UserWarning: VisPy is not yet compatible with matplotlib 2.2+
  warnings.warn("VisPy is not yet compatible with matplotlib 2.2+")
about to import workspace
starting
sysarg v output is ['cell_detect.py', '3', '/scratch/ejdennis/cm2_brains/X077/642', 'smartspim']
/n params are k5, 130
Workspace[CellMap]{/scratch/ejdennis/cm2_brains/X077/642}
              raw: Z<Z,4>.tif {4132 files, ('Z',): (0,) -> (4131,)}
 autofluorescence: no file
         stitched: stitched.npy
           layout: no file
       background: no file
        resampled: no file
resampled_to_auto: no file
auto_to_reference: no file
            cells: cells_raw.npy
          density: no file

None
