step 1 launching with inputs scope and file as follows:
/scratch/ejdennis/cm2_brains/X078/642
smartspim
QStandardPaths: XDG_RUNTIME_DIR points to non-existing path '/run/user/2333', please create it with 0700 permissions.
libEGL warning: DRI2: failed to create any config
libEGL warning: DRI2: failed to create any config
libEGL warning: DRI2: failed to create any config
libEGL warning: DRI2: failed to create any config
about to import workspace
starting
sysarg v output is ['cell_detect.py', '1', '/scratch/ejdennis/cm2_brains/X078/642', 'smartspim']
/n params are k5, 130
Workspace[CellMap]{/scratch/ejdennis/cm2_brains/X078/642}
              raw: Z<Z,4>.tif {3832 files, ('Z',): (0,) -> (3831,)}
 autofluorescence: no file
         stitched: stitched.npy
           layout: no file
       background: no file
        resampled: no file
resampled_to_auto: no file
auto_to_reference: no file
            cells: no file
          density: no file

None
splitting into blocks
Estimated block size 19 in 213 blocks!
Optimizing block size to fit number of processes!
Optimized block size decreased to 19 in 216 blocks!
Final blocks : 216
Final blocks : [(0, 19), (17, 37), (35, 55), (53, 72), (70, 90), (88, 108), (106, 126), (124, 143), (141, 161), (159, 179)]...
Final borders: [(0, 18), (18, 36), (36, 54), (54, 71), (71, 89), (89, 107), (107, 125), (125, 142), (142, 160), (160, 178)]...
Final sizes  : [19 20]
Done splitting into blocks
Workspace[CellMap]{/scratch/ejdennis/cm2_brains/X078/642}
              raw: Z<Z,4>.tif {3832 files, ('Z',): (0,) -> (3831,)}
 autofluorescence: no file
         stitched: stitched.npy
           layout: no file
       background: no file
        resampled: no file
resampled_to_auto: no file
auto_to_reference: no file
            cells: no file
          density: no file

None
Running cell detection on single block: blocks[39]
